{"/home/ben/Downloads/pets-fresh/apps/mobile/src/hooks/useCounter.ts": {"path":"/home/ben/Downloads/pets-fresh/apps/mobile/src/hooks/useCounter.ts","statementMap":{"0":{"start":{"line":8,"column":28},"end":{"line":8,"column":50}},"1":{"start":{"line":10,"column":20},"end":{"line":10,"column":52}},"2":{"start":{"line":10,"column":26},"end":{"line":10,"column":52}},"3":{"start":{"line":10,"column":43},"end":{"line":10,"column":51}},"4":{"start":{"line":11,"column":20},"end":{"line":11,"column":52}},"5":{"start":{"line":11,"column":26},"end":{"line":11,"column":52}},"6":{"start":{"line":11,"column":43},"end":{"line":11,"column":51}},"7":{"start":{"line":12,"column":16},"end":{"line":12,"column":44}},"8":{"start":{"line":12,"column":22},"end":{"line":12,"column":44}},"9":{"start":{"line":14,"column":2},"end":{"line":14,"column":48}}},"fnMap":{"0":{"name":"useCounter","decl":{"start":{"line":7,"column":16},"end":{"line":7,"column":26}},"loc":{"start":{"line":7,"column":45},"end":{"line":15,"column":1}},"line":7},"1":{"name":"(anonymous_1)","decl":{"start":{"line":10,"column":20},"end":{"line":10,"column":21}},"loc":{"start":{"line":10,"column":26},"end":{"line":10,"column":52}},"line":10},"2":{"name":"(anonymous_2)","decl":{"start":{"line":10,"column":35},"end":{"line":10,"column":36}},"loc":{"start":{"line":10,"column":43},"end":{"line":10,"column":51}},"line":10},"3":{"name":"(anonymous_3)","decl":{"start":{"line":11,"column":20},"end":{"line":11,"column":21}},"loc":{"start":{"line":11,"column":26},"end":{"line":11,"column":52}},"line":11},"4":{"name":"(anonymous_4)","decl":{"start":{"line":11,"column":35},"end":{"line":11,"column":36}},"loc":{"start":{"line":11,"column":43},"end":{"line":11,"column":51}},"line":11},"5":{"name":"(anonymous_5)","decl":{"start":{"line":12,"column":16},"end":{"line":12,"column":17}},"loc":{"start":{"line":12,"column":22},"end":{"line":12,"column":44}},"line":12}},"branchMap":{"0":{"loc":{"start":{"line":7,"column":27},"end":{"line":7,"column":43}},"type":"default-arg","locations":[{"start":{"line":7,"column":42},"end":{"line":7,"column":43}}],"line":7}},"s":{"0":9,"1":9,"2":3,"3":3,"4":9,"5":1,"6":1,"7":9,"8":1,"9":9},"f":{"0":9,"1":3,"2":3,"3":1,"4":1,"5":1},"b":{"0":[3]},"_coverageSchema":"1a1c01bbd47fc00a2c39e90264f33305004495a9","hash":"2416746943445f0a49b4cb0b714184d1909db88a"}
,"/home/ben/Downloads/pets-fresh/apps/mobile/src/hooks/utils/useToggleState.ts": {"path":"/home/ben/Downloads/pets-fresh/apps/mobile/src/hooks/utils/useToggleState.ts","statementMap":{"0":{"start":{"line":17,"column":26},"end":{"line":17,"column":48}},"1":{"start":{"line":19,"column":17},"end":{"line":21,"column":8}},"2":{"start":{"line":20,"column":4},"end":{"line":20,"column":29}},"3":{"start":{"line":20,"column":22},"end":{"line":20,"column":27}},"4":{"start":{"line":23,"column":16},"end":{"line":25,"column":8}},"5":{"start":{"line":24,"column":4},"end":{"line":24,"column":18}},"6":{"start":{"line":27,"column":17},"end":{"line":29,"column":8}},"7":{"start":{"line":28,"column":4},"end":{"line":28,"column":19}},"8":{"start":{"line":31,"column":2},"end":{"line":36,"column":4}}},"fnMap":{"0":{"name":"useToggleState","decl":{"start":{"line":16,"column":16},"end":{"line":16,"column":30}},"loc":{"start":{"line":16,"column":84},"end":{"line":37,"column":1}},"line":16},"1":{"name":"(anonymous_1)","decl":{"start":{"line":19,"column":29},"end":{"line":19,"column":30}},"loc":{"start":{"line":19,"column":35},"end":{"line":21,"column":3}},"line":19},"2":{"name":"(anonymous_2)","decl":{"start":{"line":20,"column":12},"end":{"line":20,"column":13}},"loc":{"start":{"line":20,"column":22},"end":{"line":20,"column":27}},"line":20},"3":{"name":"(anonymous_3)","decl":{"start":{"line":23,"column":28},"end":{"line":23,"column":29}},"loc":{"start":{"line":23,"column":34},"end":{"line":25,"column":3}},"line":23},"4":{"name":"(anonymous_4)","decl":{"start":{"line":27,"column":29},"end":{"line":27,"column":30}},"loc":{"start":{"line":27,"column":35},"end":{"line":29,"column":3}},"line":27}},"branchMap":{"0":{"loc":{"start":{"line":16,"column":31},"end":{"line":16,"column":60}},"type":"default-arg","locations":[{"start":{"line":16,"column":55},"end":{"line":16,"column":60}}],"line":16}},"s":{"0":11,"1":11,"2":3,"3":3,"4":11,"5":1,"6":11,"7":1,"8":11},"f":{"0":11,"1":3,"2":3,"3":1,"4":1},"b":{"0":[1]},"_coverageSchema":"1a1c01bbd47fc00a2c39e90264f33305004495a9","hash":"aae9fca3ac9358ccbace3c0810cefed42c742dcd"}
}
