TN:
SF:src/hooks/useCounter.ts
FN:7,useCounter
FN:10,(anonymous_1)
FN:10,(anonymous_2)
FN:11,(anonymous_3)
FN:11,(anonymous_4)
FN:12,(anonymous_5)
FNF:6
FNH:6
FNDA:9,useCounter
FNDA:3,(anonymous_1)
FNDA:3,(anonymous_2)
FNDA:1,(anonymous_3)
FNDA:1,(anonymous_4)
FNDA:1,(anonymous_5)
DA:8,9
DA:10,9
DA:11,9
DA:12,9
DA:14,9
LF:5
LH:5
BRDA:7,0,0,3
BRF:1
BRH:1
end_of_record
TN:
SF:src/hooks/utils/useToggleState.ts
FN:16,useToggleState
FN:19,(anonymous_1)
FN:20,(anonymous_2)
FN:23,(anonymous_3)
FN:27,(anonymous_4)
FNF:5
FNH:5
FNDA:11,useToggleState
FNDA:3,(anonymous_1)
FNDA:3,(anonymous_2)
FNDA:1,(anonymous_3)
FNDA:1,(anonymous_4)
DA:17,11
DA:19,11
DA:20,3
DA:23,11
DA:24,1
DA:27,11
DA:28,1
DA:31,11
LF:8
LH:8
BRDA:16,0,0,1
BRF:1
BRH:1
end_of_record
