
> @pawfectmatch/mobile@1.0.0 mobile:tsc /Users/elvira/Desktop/pets2/apps/mobile
> tsc -p tsconfig.json --noEmit

src/components/Advanced/AdvancedCard.tsx(572,17): error TS2375: Type '{ key: number; leftIcon: string | undefined; title: string | undefined; variant: "primary" | "secondary" | "glass" | "holographic" | "neon"; size: "sm"; interactions: ("hover" | "press")[]; ... 4 more ...; style: { ...; }; }' is not assignable to type 'IntrinsicAttributes & AdvancedButtonProps' with 'exactOptionalPropertyTypes: true'. Consider adding 'undefined' to the types of the target's properties.
  Property 'leftIcon' does not exist on type 'IntrinsicAttributes & AdvancedButtonProps'.
src/components/Advanced/AdvancedCard.tsx(591,13): error TS7030: Not all code paths return a value.
src/components/Advanced/AdvancedHeader.tsx(158,17): error TS2722: Cannot invoke an object which is possibly 'undefined'.
src/components/Advanced/AdvancedHeader.tsx(246,9): error TS2559: Type '({ minWidth: number; minHeight: number; } | { marginRight: number; } | { marginLeft: number; })[]' has no properties in common with type 'ViewStyle'.
src/components/Advanced/AdvancedHeader.tsx(346,15): error TS2322: Type '{ leftIcon: string; variant: "minimal"; size: "sm"; interactions: ("glow" | "hover" | "press")[]; haptic: "light"; onPress: () => Promise<void>; style: { marginRight: number; }; glowColor: string; }' is not assignable to type 'IntrinsicAttributes & AdvancedButtonProps'.
  Property 'leftIcon' does not exist on type 'IntrinsicAttributes & AdvancedButtonProps'.
src/components/Advanced/AdvancedInteractionSystem.tsx(590,13): error TS7030: Not all code paths return a value.
src/components/Advanced/AdvancedInteractionSystem.tsx(642,6): error TS2375: Type '{ children: Element; variant: ButtonVariant; interactions: InteractionType[]; haptic: "medium" | "light" | "selection" | "heavy" | "notification"; ... 5 more ...; blurIntensity: number; }' is not assignable to type 'AdvancedButtonProps' with 'exactOptionalPropertyTypes: true'. Consider adding 'undefined' to the types of the target's properties.
  Types of property 'onPress' are incompatible.
    Type '(() => void | Promise<void>) | undefined' is not assignable to type '() => void | Promise<void>'.
      Type 'undefined' is not assignable to type '() => void | Promise<void>'.
src/components/Advanced/AdvancedInteractionTest.tsx(375,11): error TS2322: Type '{ title: string; leftIcon: string; variant: "gradient"; size: "lg"; interactions: ("bounce" | "glow" | "hover" | "press")[]; haptic: "heavy"; onPress: () => Promise<void>; disabled: boolean; loading: boolean; style: { ...; }; gradientColors: string[]; }' is not assignable to type 'IntrinsicAttributes & AdvancedButtonProps'.
  Property 'leftIcon' does not exist on type 'IntrinsicAttributes & AdvancedButtonProps'.
src/components/AnimatedSplash.tsx(142,15): error TS2322: Type '{ textShadowColor: string; textShadowOffset: { width: number; height: number; }; textShadowRadius: number; }' is not assignable to type 'StyleProp<ViewStyle>'.
src/components/Animations/EnhancedAnimations.tsx(376,30): error TS7030: Not all code paths return a value.
src/components/Animations/LottieAnimations.tsx(82,9): error TS2322: Type '{ ref: RefObject<LottieView>; source: any; style: { width: number; height: number; }; autoPlay: boolean; loop: boolean; speed: number; onAnimationFinish: () => void; colorFilters: { ...; }[] | undefined; onLoad: () => void; resizeMode: "contain"; }' is not assignable to type 'IntrinsicAttributes & IntrinsicClassAttributes<LottieView> & Pick<Readonly<Props>, never> & InexactPartial<...> & InexactPartial<...>'.
  Property 'onLoad' does not exist on type 'IntrinsicAttributes & IntrinsicClassAttributes<LottieView> & Pick<Readonly<Props>, never> & InexactPartial<...> & InexactPartial<...>'.
src/components/Animations/LottieAnimations.tsx(189,6): error TS2375: Type '{ source: { v: string; fr: number; ip: number; op: number; w: number; h: number; nm: string; ddd: number; assets: never[]; layers: { ddd: number; ind: number; ty: number; nm: string; sr: number; ks: { o: { a: number; k: number; }; r: { ...; }; p: { ...; }; a: { ...; }; s: { ...; }; }; ... 5 more ...; bm: number; }[]...' is not assignable to type 'LottieAnimationProps' with 'exactOptionalPropertyTypes: true'. Consider adding 'undefined' to the types of the target's properties.
  Types of property 'onAnimationFinish' are incompatible.
    Type '(() => void) | undefined' is not assignable to type '() => void'.
      Type 'undefined' is not assignable to type '() => void'.
src/components/Animations/LottieAnimations.tsx(550,6): error TS2375: Type '{ source: { v: string; fr: number; ip: number; op: number; w: number; h: number; nm: string; ddd: number; assets: never[]; layers: { ddd: number; ind: number; ty: number; nm: string; sr: number; ks: { o: { a: number; k: number; }; r: { ...; }; p: { ...; }; a: { ...; }; s: { ...; }; }; ... 5 more ...; bm: number; }[]...' is not assignable to type 'LottieAnimationProps' with 'exactOptionalPropertyTypes: true'. Consider adding 'undefined' to the types of the target's properties.
  Types of property 'onAnimationFinish' are incompatible.
    Type '(() => void) | undefined' is not assignable to type '() => void'.
      Type 'undefined' is not assignable to type '() => void'.
src/components/Animations/LottieAnimations.tsx(679,6): error TS2375: Type '{ source: { v: string; fr: number; ip: number; op: number; w: number; h: number; nm: string; ddd: number; assets: never[]; layers: { ddd: number; ind: number; ty: number; nm: string; sr: number; ks: { o: { a: number; k: ({ i: { ...; }; o: { ...; }; t: number; s: number[]; } | { ...; })[]; }; r: { ...; }; p: { ...; }...' is not assignable to type 'LottieAnimationProps' with 'exactOptionalPropertyTypes: true'. Consider adding 'undefined' to the types of the target's properties.
  Types of property 'onAnimationFinish' are incompatible.
    Type '(() => void) | undefined' is not assignable to type '() => void'.
      Type 'undefined' is not assignable to type '() => void'.
src/components/Button.tsx(187,13): error TS2339: Property 'isAvailableAsync' does not exist on type 'typeof import("/Users/elvira/Desktop/pets2/node_modules/.pnpm/expo-haptics@12.4.0_expo@52.0.47_@babel+core@7.28.5_@babel+preset-env@7.28.5_@babel+core@7.28_lrtwyl7dzyirtt2doth73yoxgy/node_modules/expo-haptics/build/Haptics")'.
src/components/Button.tsx(466,13): error TS7030: Not all code paths return a value.
src/components/Button.tsx(483,13): error TS7030: Not all code paths return a value.
src/components/Button.tsx(587,11): error TS2322: Type '{ pointerEvents: string; intensity: number; style: RegisteredStyle<AbsoluteFillStyle>; }' is not assignable to type 'IntrinsicAttributes & BlurViewProps'.
  Property 'pointerEvents' does not exist on type 'IntrinsicAttributes & BlurViewProps'.
src/components/Button.tsx(702,7): error TS2322: Type 'string | ((instance: View | null) => void) | RefObject<View> | null | undefined' is not assignable to type 'Ref<View | LegacyRef<View>>'.
  Type 'undefined' is not assignable to type 'Ref<View | LegacyRef<View>>'.
src/components/Button.tsx(730,6): error TS2322: Type '{ glowEffect: true; rippleEffect: true; pressEffect: true; title?: string; children?: ReactNode; variant?: ButtonVariant; size?: ButtonSize; interactions?: InteractionType[]; ... 119 more ...; unstable_pressDelay?: number | undefined; }' is not assignable to type '{ ref?: ((instance: View | null) => void) | RefObject<View> | null | undefined; }'.
  Types of property 'ref' are incompatible.
    Type 'LegacyRef<View> | undefined' is not assignable to type '((instance: View | null) => void) | RefObject<View> | null | undefined'.
      Type 'string' is not assignable to type '((instance: View | null) => void) | RefObject<View> | null | undefined'.
src/components/Button.tsx(733,6): error TS2322: Type '{ variant: "holographic"; gradientEffect: true; shimmerEffect: true; glowEffect: true; rippleEffect: true; pressEffect: true; title?: string; children?: ReactNode; size?: ButtonSize; ... 118 more ...; unstable_pressDelay?: number | undefined; }' is not assignable to type '{ ref?: ((instance: View | null) => void) | RefObject<View> | null | undefined; }'.
  Types of property 'ref' are incompatible.
    Type 'LegacyRef<View> | undefined' is not assignable to type '((instance: View | null) => void) | RefObject<View> | null | undefined'.
      Type 'string' is not assignable to type '((instance: View | null) => void) | RefObject<View> | null | undefined'.
src/components/Button.tsx(744,6): error TS2322: Type '{ magneticEffect: true; rippleEffect: true; pressEffect: true; glowEffect: true; title?: string; children?: ReactNode; variant?: ButtonVariant; size?: ButtonSize; ... 119 more ...; unstable_pressDelay?: number | undefined; }' is not assignable to type '{ ref?: ((instance: View | null) => void) | RefObject<View> | null | undefined; }'.
  Types of property 'ref' are incompatible.
    Type 'LegacyRef<View> | undefined' is not assignable to type '((instance: View | null) => void) | RefObject<View> | null | undefined'.
      Type 'string' is not assignable to type '((instance: View | null) => void) | RefObject<View> | null | undefined'.
src/components/Button.tsx(747,6): error TS2322: Type '{ variant: "glass"; glowEffect: true; rippleEffect: true; pressEffect: true; title?: string; children?: ReactNode; size?: ButtonSize; interactions?: InteractionType[]; ... 119 more ...; unstable_pressDelay?: number | undefined; }' is not assignable to type '{ ref?: ((instance: View | null) => void) | RefObject<View> | null | undefined; }'.
  Types of property 'ref' are incompatible.
    Type 'LegacyRef<View> | undefined' is not assignable to type '((instance: View | null) => void) | RefObject<View> | null | undefined'.
      Type 'string' is not assignable to type '((instance: View | null) => void) | RefObject<View> | null | undefined'.
src/components/Button.tsx(750,6): error TS2322: Type '{ variant: "neon"; glowEffect: true; glowIntensity: number; rippleEffect: true; pressEffect: true; shimmerEffect: true; shimmerDuration: number; title?: string; children?: ReactNode; ... 118 more ...; unstable_pressDelay?: number | undefined; }' is not assignable to type '{ ref?: ((instance: View | null) => void) | RefObject<View> | null | undefined; }'.
  Types of property 'ref' are incompatible.
    Type 'LegacyRef<View> | undefined' is not assignable to type '((instance: View | null) => void) | RefObject<View> | null | undefined'.
      Type 'string' is not assignable to type '((instance: View | null) => void) | RefObject<View> | null | undefined'.
src/components/Button.tsx(762,6): error TS2322: Type '{ variant: "gradient"; gradientEffect: true; rippleEffect: true; pressEffect: true; title?: string; children?: ReactNode; size?: ButtonSize; interactions?: InteractionType[]; ... 119 more ...; unstable_pressDelay?: number | undefined; }' is not assignable to type '{ ref?: ((instance: View | null) => void) | RefObject<View> | null | undefined; }'.
  Types of property 'ref' are incompatible.
    Type 'LegacyRef<View> | undefined' is not assignable to type '((instance: View | null) => void) | RefObject<View> | null | undefined'.
      Type 'string' is not assignable to type '((instance: View | null) => void) | RefObject<View> | null | undefined'.
src/components/buttons/BaseButton.tsx(284,8): error TS2769: No overload matches this call.
  Overload 1 of 2, '(props: TouchableOpacityProps): TouchableOpacity', gave the following error.
    Type '{ children: Element; activeOpacity: number | undefined; tvParallaxProperties?: TVParallaxProperties | undefined; delayLongPress?: number | undefined; ... 55 more ...; disabled: boolean; }' is not assignable to type 'Readonly<TouchableOpacityProps>'.
      Types of property 'accessibilityRole' are incompatible.
        Type 'string | undefined' is not assignable to type 'AccessibilityRole | undefined'.
          Type 'string' is not assignable to type 'AccessibilityRole | undefined'.
  Overload 2 of 2, '(props: TouchableOpacityProps, context: any): TouchableOpacity', gave the following error.
    Type '{ children: Element; activeOpacity: number | undefined; tvParallaxProperties?: TVParallaxProperties | undefined; delayLongPress?: number | undefined; ... 55 more ...; disabled: boolean; }' is not assignable to type 'Readonly<TouchableOpacityProps>'.
      Types of property 'accessibilityRole' are incompatible.
        Type 'string | undefined' is not assignable to type 'AccessibilityRole | undefined'.
          Type 'string' is not assignable to type 'AccessibilityRole | undefined'.
src/components/buttons/EliteButton.tsx(104,10): error TS2375: Type '{ children: Element; gradient: "primary" | "secondary" | "success" | "warning" | "error" | "glow" | "glass" | "holographic" | undefined; colors: string[] | undefined; style: StyleProp<...>; }' is not assignable to type 'WithGradientFXProps' with 'exactOptionalPropertyTypes: true'. Consider adding 'undefined' to the types of the target's properties.
  Types of property 'gradient' are incompatible.
    Type '"primary" | "secondary" | "success" | "warning" | "error" | "glow" | "glass" | "holographic" | undefined' is not assignable to type '"primary" | "secondary" | "success" | "warning" | "error" | "glow" | "glass" | "holographic"'.
      Type 'undefined' is not assignable to type '"primary" | "secondary" | "success" | "warning" | "error" | "glow" | "glass" | "holographic"'.
src/components/buttons/EliteButton.tsx(136,10): error TS2375: Type '{ children: Element; color: string | undefined; intensity: number; style: StyleProp<ViewStyle>; }' is not assignable to type 'WithGlowFXProps' with 'exactOptionalPropertyTypes: true'. Consider adding 'undefined' to the types of the target's properties.
  Types of property 'color' are incompatible.
    Type 'string | undefined' is not assignable to type 'string'.
      Type 'undefined' is not assignable to type 'string'.
src/components/Card.tsx(217,13): error TS2339: Property 'isAvailableAsync' does not exist on type 'typeof import("/Users/elvira/Desktop/pets2/node_modules/.pnpm/expo-haptics@12.4.0_expo@52.0.47_@babel+core@7.28.5_@babel+preset-env@7.28.5_@babel+core@7.28_lrtwyl7dzyirtt2doth73yoxgy/node_modules/expo-haptics/build/Haptics")'.
src/components/Card.tsx(654,11): error TS2322: Type '{ pointerEvents: string; intensity: number; style: RegisteredStyle<AbsoluteFillStyle>; }' is not assignable to type 'IntrinsicAttributes & BlurViewProps'.
  Property 'pointerEvents' does not exist on type 'IntrinsicAttributes & BlurViewProps'.
src/components/Card.tsx(756,31): error TS2322: Type '{ variant: "default"; children: ReactNode; size?: CardSize; interactions?: InteractionType[]; glowEffect?: boolean; shimmerEffect?: boolean; pressEffect?: boolean; ... 121 more ...; unstable_pressDelay?: number | undefined; }' is not assignable to type '{ ref?: ((instance: View | null) => void) | RefObject<View> | null | undefined; }'.
  Types of property 'ref' are incompatible.
    Type 'LegacyRef<View> | undefined' is not assignable to type '((instance: View | null) => void) | RefObject<View> | null | undefined'.
      Type 'string' is not assignable to type '((instance: View | null) => void) | RefObject<View> | null | undefined'.
src/components/Card.tsx(757,29): error TS2322: Type '{ variant: "glass"; glowEffect: true; children: ReactNode; size?: CardSize; interactions?: InteractionType[]; shimmerEffect?: boolean; pressEffect?: boolean; ... 121 more ...; unstable_pressDelay?: number | undefined; }' is not assignable to type '{ ref?: ((instance: View | null) => void) | RefObject<View> | null | undefined; }'.
  Types of property 'ref' are incompatible.
    Type 'LegacyRef<View> | undefined' is not assignable to type '((instance: View | null) => void) | RefObject<View> | null | undefined'.
      Type 'string' is not assignable to type '((instance: View | null) => void) | RefObject<View> | null | undefined'.
src/components/Card.tsx(759,6): error TS2322: Type '{ variant: "holographic"; shimmerEffect: true; glowEffect: true; tiltEffect: true; children: ReactNode; size?: CardSize; interactions?: InteractionType[]; ... 121 more ...; unstable_pressDelay?: number | undefined; }' is not assignable to type '{ ref?: ((instance: View | null) => void) | RefObject<View> | null | undefined; }'.
  Types of property 'ref' are incompatible.
    Type 'LegacyRef<View> | undefined' is not assignable to type '((instance: View | null) => void) | RefObject<View> | null | undefined'.
      Type 'string' is not assignable to type '((instance: View | null) => void) | RefObject<View> | null | undefined'.
src/components/Card.tsx(762,6): error TS2322: Type '{ variant: "gradient"; gradientName: "primary"; children: ReactNode; size?: CardSize; interactions?: InteractionType[]; glowEffect?: boolean; shimmerEffect?: boolean; ... 121 more ...; unstable_pressDelay?: number | undefined; }' is not assignable to type '{ ref?: ((instance: View | null) => void) | RefObject<View> | null | undefined; }'.
  Types of property 'ref' are incompatible.
    Type 'LegacyRef<View> | undefined' is not assignable to type '((instance: View | null) => void) | RefObject<View> | null | undefined'.
      Type 'string' is not assignable to type '((instance: View | null) => void) | RefObject<View> | null | undefined'.
src/components/Card.tsx(765,6): error TS2322: Type '{ variant: "neon"; glowEffect: true; shimmerEffect: true; glowIntensity: number; children: ReactNode; size?: CardSize; interactions?: InteractionType[]; ... 121 more ...; unstable_pressDelay?: number | undefined; }' is not assignable to type '{ ref?: ((instance: View | null) => void) | RefObject<View> | null | undefined; }'.
  Types of property 'ref' are incompatible.
    Type 'LegacyRef<View> | undefined' is not assignable to type '((instance: View | null) => void) | RefObject<View> | null | undefined'.
      Type 'string' is not assignable to type '((instance: View | null) => void) | RefObject<View> | null | undefined'.
src/components/Card.tsx(768,6): error TS2322: Type '{ variant: "premium"; glowEffect: true; shimmerEffect: true; tiltEffect: true; pressEffect: true; children: ReactNode; size?: CardSize; interactions?: InteractionType[]; ... 120 more ...; unstable_pressDelay?: number | undefined; }' is not assignable to type '{ ref?: ((instance: View | null) => void) | RefObject<View> | null | undefined; }'.
  Types of property 'ref' are incompatible.
    Type 'LegacyRef<View> | undefined' is not assignable to type '((instance: View | null) => void) | RefObject<View> | null | undefined'.
      Type 'string' is not assignable to type '((instance: View | null) => void) | RefObject<View> | null | undefined'.
src/components/Card.tsx(777,32): error TS2322: Type '{ variant: "floating"; pressEffect: true; children: ReactNode; size?: CardSize; interactions?: InteractionType[]; glowEffect?: boolean; shimmerEffect?: boolean; ... 121 more ...; unstable_pressDelay?: number | undefined; }' is not assignable to type '{ ref?: ((instance: View | null) => void) | RefObject<View> | null | undefined; }'.
  Types of property 'ref' are incompatible.
    Type 'LegacyRef<View> | undefined' is not assignable to type '((instance: View | null) => void) | RefObject<View> | null | undefined'.
      Type 'string' is not assignable to type '((instance: View | null) => void) | RefObject<View> | null | undefined'.
src/components/Card.tsx(778,31): error TS2322: Type '{ variant: "minimal"; children: ReactNode; size?: CardSize; interactions?: InteractionType[]; glowEffect?: boolean; shimmerEffect?: boolean; pressEffect?: boolean; ... 121 more ...; unstable_pressDelay?: number | undefined; }' is not assignable to type '{ ref?: ((instance: View | null) => void) | RefObject<View> | null | undefined; }'.
  Types of property 'ref' are incompatible.
    Type 'LegacyRef<View> | undefined' is not assignable to type '((instance: View | null) => void) | RefObject<View> | null | undefined'.
      Type 'string' is not assignable to type '((instance: View | null) => void) | RefObject<View> | null | undefined'.
src/components/chat/MessageBubble.tsx(48,28): error TS2551: Property 'readBy' does not exist on type 'Message'. Did you mean 'read'?
src/components/chat/MessageBubble.tsx(49,8): error TS7006: Parameter 'receipt' implicitly has an 'any' type.
src/components/chat/MessageBubble.tsx(143,54): error TS2345: Argument of type 'string | undefined' is not assignable to parameter of type 'string'.
  Type 'undefined' is not assignable to type 'string'.
src/components/chat/MessageBubble.tsx(164,54): error TS2345: Argument of type 'string | undefined' is not assignable to parameter of type 'string'.
  Type 'undefined' is not assignable to type 'string'.
src/components/chat/MessageBubble.tsx(185,54): error TS2345: Argument of type 'string | undefined' is not assignable to parameter of type 'string'.
  Type 'undefined' is not assignable to type 'string'.
src/components/chat/MessageBubble.tsx(194,7): error TS2367: This comparison appears to be unintentional because the types '"text" | undefined' and '"gif"' have no overlap.
src/components/chat/MessageBubble.tsx(194,40): error TS2367: This comparison appears to be unintentional because the types '"text" | undefined' and '"sticker"' have no overlap.
src/components/chat/MessageBubble.tsx(208,54): error TS2345: Argument of type 'string | undefined' is not assignable to parameter of type 'string'.
  Type 'undefined' is not assignable to type 'string'.
src/components/chat/MessageBubble.tsx(292,23): error TS2345: Argument of type 'string | undefined' is not assignable to parameter of type 'string'.
  Type 'undefined' is not assignable to type 'string'.
src/components/chat/TypingIndicator.tsx(18,33): error TS2322: Type 'null' is not assignable to type 'Element'.
src/components/chat/TypingIndicator.tsx(104,33): error TS2339: Property 'caption' does not exist on type '{ fontSizes: Record<string, string>; fontWeights: Record<string, string>; lineHeights: Record<string, string | number>; letterSpacing: Record<string, string>; body: { ...; }; }'.
src/components/community/CommunityFeed.tsx(27,8): error TS2307: Cannot find module 'react-native-heroicons/outline' or its corresponding type declarations.
src/components/community/CommunityFeed.tsx(28,45): error TS2307: Cannot find module 'react-native-heroicons/solid' or its corresponding type declarations.
src/components/community/CommunityFeed.tsx(29,34): error TS2307: Cannot find module '../hooks/useCommunityFeed' or its corresponding type declarations.
src/components/community/CommunityFeed.tsx(30,31): error TS2307: Cannot find module '../services/communityAPI' or its corresponding type declarations.
src/components/containers/FXContainer.tsx(88,28): error TS7053: Element implicitly has an 'any' type because expression of type 'FXContainerVariant' can't be used to index type '{ backgroundColor: string; backdropFilter: string; }'.
  Property 'medium' does not exist on type '{ backgroundColor: string; backdropFilter: string; }'.
src/components/containers/FXContainer.tsx(98,25): error TS2339: Property 'primary' does not exist on type '{ sm: { shadowColor: string; shadowOffset: { width: number; height: number; }; shadowOpacity: number; shadowRadius: number; elevation: number; }; md: { shadowColor: string; shadowOffset: { width: number; height: number; }; shadowOpacity: number; shadowRadius: number; elevation: number; }; lg: { ...; }; }'.
src/components/containers/FXContainer.tsx(164,29): error TS18046: 'entranceStyle' is of type 'unknown'.
src/components/containers/FXContainer.tsx(197,19): error TS2339: Property 'colors' does not exist on type 'string[]'.
src/components/containers/FXContainer.tsx(218,6): error TS2604: JSX element type 'Container' does not have any construct or call signatures.
src/components/create-pet/PetBasicInfoSection.tsx(10,10): error TS1484: 'PetFormData' is a type and must be imported using a type-only import when 'verbatimModuleSyntax' is enabled.
src/components/create-pet/PetBasicInfoSection.tsx(46,33): error TS2769: No overload matches this call.
  Overload 1 of 2, '(props: TextInputProps): TextInput', gave the following error.
    Type '"" | { borderColor: string; } | undefined' is not assignable to type 'TextStyle | Falsy | RegisteredStyle<TextStyle> | RecursiveArray<TextStyle | Falsy | RegisteredStyle<TextStyle>> | readonly (TextStyle | ... 1 more ... | RegisteredStyle<...>)[]'.
      Type '""' is not assignable to type 'TextStyle | Falsy | RegisteredStyle<TextStyle> | RecursiveArray<TextStyle | Falsy | RegisteredStyle<TextStyle>> | readonly (TextStyle | ... 1 more ... | RegisteredStyle<...>)[]'.
  Overload 2 of 2, '(props: TextInputProps, context: any): TextInput', gave the following error.
    Type '"" | { borderColor: string; } | undefined' is not assignable to type 'TextStyle | Falsy | RegisteredStyle<TextStyle> | RecursiveArray<TextStyle | Falsy | RegisteredStyle<TextStyle>> | readonly (TextStyle | ... 1 more ... | RegisteredStyle<...>)[]'.
      Type '""' is not assignable to type 'TextStyle | Falsy | RegisteredStyle<TextStyle> | RecursiveArray<TextStyle | Falsy | RegisteredStyle<TextStyle>> | readonly (TextStyle | ... 1 more ... | RegisteredStyle<...>)[]'.
src/components/create-pet/PetBasicInfoSection.tsx(93,33): error TS2769: No overload matches this call.
  Overload 1 of 2, '(props: TextInputProps): TextInput', gave the following error.
    Type '"" | { borderColor: string; } | undefined' is not assignable to type 'TextStyle | Falsy | RegisteredStyle<TextStyle> | RecursiveArray<TextStyle | Falsy | RegisteredStyle<TextStyle>> | readonly (TextStyle | ... 1 more ... | RegisteredStyle<...>)[]'.
      Type '""' is not assignable to type 'TextStyle | Falsy | RegisteredStyle<TextStyle> | RecursiveArray<TextStyle | Falsy | RegisteredStyle<TextStyle>> | readonly (TextStyle | ... 1 more ... | RegisteredStyle<...>)[]'.
  Overload 2 of 2, '(props: TextInputProps, context: any): TextInput', gave the following error.
    Type '"" | { borderColor: string; } | undefined' is not assignable to type 'TextStyle | Falsy | RegisteredStyle<TextStyle> | RecursiveArray<TextStyle | Falsy | RegisteredStyle<TextStyle>> | readonly (TextStyle | ... 1 more ... | RegisteredStyle<...>)[]'.
      Type '""' is not assignable to type 'TextStyle | Falsy | RegisteredStyle<TextStyle> | RecursiveArray<TextStyle | Falsy | RegisteredStyle<TextStyle>> | readonly (TextStyle | ... 1 more ... | RegisteredStyle<...>)[]'.
src/components/create-pet/PetBasicInfoSection.tsx(108,35): error TS2769: No overload matches this call.
  Overload 1 of 2, '(props: TextInputProps): TextInput', gave the following error.
    Type '"" | { borderColor: string; } | undefined' is not assignable to type 'TextStyle | Falsy | RegisteredStyle<TextStyle> | RecursiveArray<TextStyle | Falsy | RegisteredStyle<TextStyle>> | readonly (TextStyle | ... 1 more ... | RegisteredStyle<...>)[]'.
      Type '""' is not assignable to type 'TextStyle | Falsy | RegisteredStyle<TextStyle> | RecursiveArray<TextStyle | Falsy | RegisteredStyle<TextStyle>> | readonly (TextStyle | ... 1 more ... | RegisteredStyle<...>)[]'.
  Overload 2 of 2, '(props: TextInputProps, context: any): TextInput', gave the following error.
    Type '"" | { borderColor: string; } | undefined' is not assignable to type 'TextStyle | Falsy | RegisteredStyle<TextStyle> | RecursiveArray<TextStyle | Falsy | RegisteredStyle<TextStyle>> | readonly (TextStyle | ... 1 more ... | RegisteredStyle<...>)[]'.
      Type '""' is not assignable to type 'TextStyle | Falsy | RegisteredStyle<TextStyle> | RecursiveArray<TextStyle | Falsy | RegisteredStyle<TextStyle>> | readonly (TextStyle | ... 1 more ... | RegisteredStyle<...>)[]'.
src/components/create-pet/PetIntentHealthSection.tsx(5,10): error TS1484: 'PetFormData' is a type and must be imported using a type-only import when 'verbatimModuleSyntax' is enabled.
src/components/create-pet/PetPersonalitySection.tsx(4,10): error TS1484: 'PetFormData' is a type and must be imported using a type-only import when 'verbatimModuleSyntax' is enabled.
src/components/create-pet/PetPhotosSection.tsx(12,10): error TS1484: 'PhotoData' is a type and must be imported using a type-only import when 'verbatimModuleSyntax' is enabled.
src/components/ErrorBoundary.tsx(35,19): error TS2345: Argument of type '{ hasError: false; error: undefined; errorInfo: undefined; }' is not assignable to parameter of type 'State | ((prevState: Readonly<State>, props: Readonly<Props>) => State | Pick<State, "error" | "hasError" | "errorInfo"> | null) | Pick<...> | null'.
  Type '{ hasError: false; error: undefined; errorInfo: undefined; }' is not assignable to type 'Pick<State, "error" | "hasError" | "errorInfo">' with 'exactOptionalPropertyTypes: true'. Consider adding 'undefined' to the types of the target's properties.
    Types of property 'error' are incompatible.
      Type 'undefined' is not assignable to type 'Error'.
src/components/ErrorBoundary.tsx(38,3): error TS4114: This member must have an 'override' modifier because it overrides a member in the base class 'Component<Props, State, any>'.
src/components/feedback/Toast.tsx(72,17): error TS2322: Type 'null' is not assignable to type 'Element'.
src/components/Gestures/DoubleTapLike.tsx(302,13): error TS2769: No overload matches this call.
  Overload 1 of 2, '(fn: (...args: unknown[]) => void): (...args: unknown[]) => void', gave the following error.
    Argument of type '(() => void) | undefined' is not assignable to parameter of type '(...args: unknown[]) => void'.
      Type 'undefined' is not assignable to type '(...args: unknown[]) => void'.
  Overload 2 of 2, '(fn: () => void): () => void', gave the following error.
    Argument of type '(() => void) | undefined' is not assignable to parameter of type '() => void'.
      Type 'undefined' is not assignable to type '() => void'.
src/components/Gestures/DoubleTapLike.tsx(306,13): error TS2769: No overload matches this call.
  Overload 1 of 2, '(fn: (...args: unknown[]) => void): (...args: unknown[]) => void', gave the following error.
    Argument of type '(() => void) | undefined' is not assignable to parameter of type '(...args: unknown[]) => void'.
      Type 'undefined' is not assignable to type '(...args: unknown[]) => void'.
  Overload 2 of 2, '(fn: () => void): () => void', gave the following error.
    Argument of type '(() => void) | undefined' is not assignable to parameter of type '() => void'.
      Type 'undefined' is not assignable to type '() => void'.
src/components/Gestures/PinchZoom.tsx(158,15): error TS2769: No overload matches this call.
  Overload 1 of 2, '(fn: (...args: unknown[]) => void): (...args: unknown[]) => void', gave the following error.
    Argument of type '(() => void) | undefined' is not assignable to parameter of type '(...args: unknown[]) => void'.
      Type 'undefined' is not assignable to type '(...args: unknown[]) => void'.
  Overload 2 of 2, '(fn: () => void): () => void', gave the following error.
    Argument of type '(() => void) | undefined' is not assignable to parameter of type '() => void'.
      Type 'undefined' is not assignable to type '() => void'.
src/components/Gestures/PinchZoom.tsx(249,15): error TS2769: No overload matches this call.
  Overload 1 of 2, '(fn: (...args: unknown[]) => void): (...args: unknown[]) => void', gave the following error.
    Argument of type '(() => void) | undefined' is not assignable to parameter of type '(...args: unknown[]) => void'.
      Type 'undefined' is not assignable to type '(...args: unknown[]) => void'.
  Overload 2 of 2, '(fn: () => void): () => void', gave the following error.
    Argument of type '(() => void) | undefined' is not assignable to parameter of type '() => void'.
      Type 'undefined' is not assignable to type '() => void'.
src/components/GlassMorphism.tsx(243,7): error TS2559: Type '(ViewStyle | { padding: number; } | undefined)[]' has no properties in common with type 'ViewStyle'.
src/components/GlassMorphism.tsx(360,9): error TS2559: Type '({ paddingHorizontal: number; paddingVertical: number; minHeight: number; } | { justifyContent: string; alignItems: string; opacity: number; })[]' has no properties in common with type 'ViewStyle'.
src/components/GlassMorphism.tsx(396,7): error TS2559: Type '(ViewStyle | undefined)[]' has no properties in common with type 'ViewStyle'.
src/components/GlassMorphism.tsx(469,9): error TS2559: Type '(ViewStyle | undefined)[]' has no properties in common with type 'ViewStyle'.
src/components/GlassMorphism.tsx(502,7): error TS2559: Type '(ViewStyle | undefined)[]' has no properties in common with type 'ViewStyle'.
src/components/help/HelpContactCard.tsx(5,28): error TS2307: Cannot find module '../components/AnimatedButton' or its corresponding type declarations.
src/components/HolographicEffects.tsx(283,7): error TS2559: Type '(ViewStyle | { padding: number; } | undefined)[]' has no properties in common with type 'ViewStyle'.
src/components/HolographicEffects.tsx(366,9): error TS2559: Type '({ paddingHorizontal: number; paddingVertical: number; minHeight: number; } | { justifyContent: string; alignItems: string; opacity: number; })[]' has no properties in common with type 'ViewStyle'.
src/components/HolographicEffects.tsx(451,13): error TS2769: No overload matches this call.
  Overload 1 of 2, '(props: ViewProps): View', gave the following error.
    Object literal may only specify known properties, and 'fontSize' does not exist in type 'ViewStyle | RecursiveArray<ViewStyle | Falsy | RegisteredStyle<ViewStyle>>'.
  Overload 2 of 2, '(props: ViewProps, context: any): View', gave the following error.
    Object literal may only specify known properties, and 'fontSize' does not exist in type 'ViewStyle | RecursiveArray<ViewStyle | Falsy | RegisteredStyle<ViewStyle>>'.
src/components/HolographicEffects.tsx(555,44): error TS2769: No overload matches this call.
  Overload 1 of 2, '(props: AnimateProps<ViewProps>): View', gave the following error.
    Type '{ position: string; left: string; top: string; width: number; height: number; borderRadius: number; opacity: number; transform: { scale: number; }[]; }' is not assignable to type 'StyleProp<AnimateStyle<StyleProp<ViewStyle>>>'.
      Type '{ position: string; left: string; top: string; width: number; height: number; borderRadius: number; opacity: number; transform: { scale: number; }[]; }' is not assignable to type 'AnimateStyle<ViewStyle>'.
        Types of property 'left' are incompatible.
          Type 'string' is not assignable to type 'DimensionValue | SharedValue<AnimatableValue> | undefined'.
  Overload 2 of 2, '(props: AnimateProps<ViewProps>, context: any): View', gave the following error.
    Type '{ position: string; left: string; top: string; width: number; height: number; borderRadius: number; opacity: number; transform: { scale: number; }[]; }' is not assignable to type 'StyleProp<AnimateStyle<StyleProp<ViewStyle>>>'.
      Type '{ position: string; left: string; top: string; width: number; height: number; borderRadius: number; opacity: number; transform: { scale: number; }[]; }' is not assignable to type 'AnimateStyle<ViewStyle>'.
        Types of property 'left' are incompatible.
          Type 'string' is not assignable to type 'DimensionValue | SharedValue<AnimatableValue> | undefined'.
src/components/ImmersiveCard.tsx(208,15): error TS2353: Object literal may only specify known properties, and 'animation' does not exist in type 'Value | AnimatedInterpolation<string | number> | WithAnimatedObject<ViewStyle> | WithAnimatedArray<ViewStyle | Falsy | RegisteredStyle<...> | RecursiveArray<...> | readonly (ViewStyle | ... 1 more ... | RegisteredStyle<...>)[]>'.
src/components/ImmersiveCard.tsx(269,11): error TS2322: Type '{ transform: ({ translateY: Animated.AnimatedInterpolation<string | number>; }[] | { scale: Animated.AnimatedInterpolation<string | number>; }[] | { translateX: Animated.AnimatedInterpolation<...>; }[] | { ...; }[] | { ...; } | { ...; })[]; opacity: number | Animated.Value; }' is not assignable to type 'false | RegisteredStyle<ViewStyle> | Value | AnimatedInterpolation<string | number> | WithAnimatedObject<ViewStyle> | WithAnimatedArray<...> | readonly (false | ... 5 more ... | undefined)[] | null | undefined'.
  Types of property 'transform' are incompatible.
    Type '({ translateY: AnimatedInterpolation<string | number>; }[] | { scale: AnimatedInterpolation<string | number>; }[] | { translateX: AnimatedInterpolation<...>; }[] | { ...; }[] | { ...; } | { ...; })[]' is not assignable to type 'string | Value | AnimatedInterpolation<string | number> | WithAnimatedArray<PerpectiveTransform | RotateTransform | ... 10 more ... | MatrixTransform> | undefined'.
      Type '({ translateY: AnimatedInterpolation<string | number>; }[] | { scale: AnimatedInterpolation<string | number>; }[] | { translateX: AnimatedInterpolation<...>; }[] | { ...; }[] | { ...; } | { ...; })[]' is not assignable to type 'WithAnimatedArray<PerpectiveTransform | RotateTransform | RotateXTransform | RotateYTransform | RotateZTransform | ... 7 more ... | MatrixTransform>'.
        The types returned by 'pop()' are incompatible between these types.
          Type '{ translateY: AnimatedInterpolation<string | number>; }[] | { scale: AnimatedInterpolation<string | number>; }[] | { translateX: AnimatedInterpolation<...>; }[] | { ...; }[] | { ...; } | { ...; } | undefined' is not assignable to type 'WithAnimatedObject<PerpectiveTransform> | WithAnimatedObject<RotateTransform> | WithAnimatedObject<RotateXTransform> | ... 10 more ... | undefined'.
            Type '{ translateY: AnimatedInterpolation<string | number>; }[]' is not assignable to type 'WithAnimatedObject<PerpectiveTransform> | WithAnimatedObject<RotateTransform> | WithAnimatedObject<RotateXTransform> | ... 10 more ... | undefined'.
src/components/ImmersiveCard.tsx(302,15): error TS17001: JSX elements cannot have multiple attributes with the same name.
src/components/ImmersiveCard.tsx(318,9): error TS2769: No overload matches this call.
  Overload 1 of 2, '(props: TouchableOpacityProps): TouchableOpacity', gave the following error.
    Type 'ForwardedRef<View>' is not assignable to type 'LegacyRef<TouchableOpacity> | undefined'.
      Type '(instance: View | null) => void' is not assignable to type 'LegacyRef<TouchableOpacity> | undefined'.
        Type '(instance: View | null) => void' is not assignable to type '(instance: TouchableOpacity | null) => void'.
          Types of parameters 'instance' and 'instance' are incompatible.
            Type 'TouchableOpacity | null' is not assignable to type 'View | null'.
              Type 'TouchableOpacity' is not assignable to type 'NativeMethods & ViewComponent' with 'exactOptionalPropertyTypes: true'. Consider adding 'undefined' to the types of the target's properties.
                Type 'TouchableOpacity' is not assignable to type 'ViewComponent' with 'exactOptionalPropertyTypes: true'. Consider adding 'undefined' to the types of the target's properties.
                  The types of 'props.hitSlop' are incompatible between these types.
                    Type 'number | Insets | null | undefined' is not assignable to type 'Insets | undefined'.
                      Type 'null' is not assignable to type 'Insets | undefined'.
  Overload 2 of 2, '(props: TouchableOpacityProps, context: any): TouchableOpacity', gave the following error.
    Type 'ForwardedRef<View>' is not assignable to type 'LegacyRef<TouchableOpacity> | undefined'.
      Type '(instance: View | null) => void' is not assignable to type 'LegacyRef<TouchableOpacity> | undefined'.
        Type '(instance: View | null) => void' is not assignable to type '(instance: TouchableOpacity | null) => void'.
          Types of parameters 'instance' and 'instance' are incompatible.
            Type 'TouchableOpacity | null' is not assignable to type 'View | null'.
              Type 'TouchableOpacity' is not assignable to type 'NativeMethods & ViewComponent' with 'exactOptionalPropertyTypes: true'. Consider adding 'undefined' to the types of the target's properties.
                Type 'TouchableOpacity' is not assignable to type 'ViewComponent' with 'exactOptionalPropertyTypes: true'. Consider adding 'undefined' to the types of the target's properties.
                  The types of 'props.hitSlop' are incompatible between these types.
                    Type 'number | Insets | null | undefined' is not assignable to type 'Insets | undefined'.
                      Type 'null' is not assignable to type 'Insets | undefined'.
src/components/ImmersiveCard.tsx(322,9): error TS17001: JSX elements cannot have multiple attributes with the same name.
src/components/InteractiveButton.tsx(309,10): error TS2769: No overload matches this call.
  Overload 2 of 2, '(props: TouchableOpacityProps, context: any): TouchableOpacity', gave the following error.
    Type 'ViewStyle | { backfaceVisibility?: "visible" | "hidden" | undefined; backgroundColor: any; borderBlockColor?: ColorValue | undefined; borderBlockEndColor?: ColorValue | undefined; ... 92 more ...; translateY?: AnimatableNumericValue | undefined; } | { ...; } | { ...; }' is not assignable to type 'ViewStyle | Falsy | RegisteredStyle<ViewStyle> | RecursiveArray<ViewStyle | Falsy | RegisteredStyle<ViewStyle>> | readonly (ViewStyle | ... 1 more ... | RegisteredStyle<...>)[]'.
      Type '{ backgroundColor: string; position: string; backfaceVisibility?: "visible" | "hidden" | undefined; borderBlockColor?: ColorValue | undefined; borderBlockEndColor?: ColorValue | undefined; ... 91 more ...; translateY?: AnimatableNumericValue | undefined; }' is not assignable to type 'ViewStyle | Falsy | RegisteredStyle<ViewStyle> | RecursiveArray<ViewStyle | Falsy | RegisteredStyle<ViewStyle>> | readonly (ViewStyle | ... 1 more ... | RegisteredStyle<...>)[]'.
        Type '{ backgroundColor: string; position: string; backfaceVisibility?: "visible" | "hidden" | undefined; borderBlockColor?: ColorValue | undefined; borderBlockEndColor?: ColorValue | undefined; ... 91 more ...; translateY?: AnimatableNumericValue | undefined; }' is not assignable to type 'ViewStyle'.
          Types of property 'position' are incompatible.
            Type 'string' is not assignable to type '"relative" | "absolute" | undefined'.
  Overload 2 of 2, '(props: TouchableOpacityProps, context: any): TouchableOpacity', gave the following error.
    Type 'false | { shadowOpacity: AnimatedInterpolation<string | number>; shadowRadius: AnimatedInterpolation<string | number>; }' is not assignable to type 'ViewStyle | Falsy | RegisteredStyle<ViewStyle> | RecursiveArray<ViewStyle | Falsy | RegisteredStyle<ViewStyle>> | readonly (ViewStyle | ... 1 more ... | RegisteredStyle<...>)[]'.
      Type '{ shadowOpacity: Animated.AnimatedInterpolation<string | number>; shadowRadius: Animated.AnimatedInterpolation<string | number>; }' is not assignable to type 'ViewStyle | Falsy | RegisteredStyle<ViewStyle> | RecursiveArray<ViewStyle | Falsy | RegisteredStyle<ViewStyle>> | readonly (ViewStyle | ... 1 more ... | RegisteredStyle<...>)[]'.
        Type '{ shadowOpacity: Animated.AnimatedInterpolation<string | number>; shadowRadius: Animated.AnimatedInterpolation<string | number>; }' is not assignable to type 'ViewStyle'.
          Types of property 'shadowRadius' are incompatible.
            Type 'AnimatedInterpolation<string | number>' is not assignable to type 'number'.
src/components/InteractiveButton.tsx(329,11): error TS17001: JSX elements cannot have multiple attributes with the same name.
src/components/InteractiveButton.tsx(371,15): error TS2769: No overload matches this call.
  Overload 1 of 2, '(props: LinearGradientProps): LinearGradient', gave the following error.
    Type 'readonly [0, 1] | readonly [0, 0.5, 1]' is not assignable to type 'number[]'.
      The type 'readonly [0, 1]' is 'readonly' and cannot be assigned to the mutable type 'number[]'.
  Overload 2 of 2, '(props: LinearGradientProps, context: any): LinearGradient', gave the following error.
    Type 'readonly [0, 1] | readonly [0, 0.5, 1]' is not assignable to type 'number[]'.
      The type 'readonly [0, 1]' is 'readonly' and cannot be assigned to the mutable type 'number[]'.
src/components/LazyScreen.tsx(1,33): error TS1484: 'ComponentType' is a type and must be imported using a type-only import when 'verbatimModuleSyntax' is enabled.
src/components/LazyScreen.tsx(104,3): error TS4114: This member must have an 'override' modifier because it overrides a member in the base class 'Component<{ children: ReactNode; fallback: ComponentType<{ error: Error; retry: () => void; }>; }, { hasError: boolean; error: Error | null; }, any>'.
src/components/LazyScreen.tsx(112,3): error TS4114: This member must have an 'override' modifier because it overrides a member in the base class 'Component<{ children: ReactNode; fallback: ComponentType<{ error: Error; retry: () => void; }>; }, { hasError: boolean; error: Error | null; }, any>'.
src/components/LazyScreen.tsx(137,12): error TS2322: Type 'P' is not assignable to type 'IntrinsicAttributes & ((PropsWithoutRef<P> & RefAttributes<Component<P, any, any>>) | PropsWithRef<P>)'.
  Type 'object' is not assignable to type 'IntrinsicAttributes & ((PropsWithoutRef<P> & RefAttributes<Component<P, any, any>>) | PropsWithRef<P>)'.
    Type 'P' is not assignable to type 'IntrinsicAttributes & PropsWithRef<P>'.
      Type 'object' is not assignable to type 'IntrinsicAttributes & PropsWithRef<P>'.
        Type 'object' is not assignable to type 'PropsWithRef<P>'.
          Type 'P' is not assignable to type 'PropsWithRef<P>'.
            Type 'object' is not assignable to type 'PropsWithRef<P>'.
src/components/LazyScreen.tsx(143,63): error TS2339: Property 'displayName' does not exist on type 'LazyExoticComponent<ComponentType<P>>'.
src/components/LazyScreen.tsx(181,9): error TS1323: Dynamic imports are only supported when the '--module' flag is set to 'es2020', 'es2022', 'esnext', 'commonjs', 'amd', 'system', 'umd', 'node16', 'node18', 'node20', or 'nodenext'.
src/components/LazyScreen.tsx(203,9): error TS1323: Dynamic imports are only supported when the '--module' flag is set to 'es2020', 'es2022', 'esnext', 'commonjs', 'amd', 'system', 'umd', 'node16', 'node18', 'node20', or 'nodenext'.
src/components/LazyScreen.tsx(225,9): error TS1323: Dynamic imports are only supported when the '--module' flag is set to 'es2020', 'es2022', 'esnext', 'commonjs', 'amd', 'system', 'umd', 'node16', 'node18', 'node20', or 'nodenext'.
src/components/moderation/ReportModal.tsx(125,38): error TS2379: Argument of type '{ type: "message" | "user" | "pet"; targetId: string; reason: string; description: string | undefined; }' is not assignable to parameter of type '{ type: "message" | "user" | "pet"; targetId: string; reason: string; description?: string; }' with 'exactOptionalPropertyTypes: true'. Consider adding 'undefined' to the types of the target's properties.
  Types of property 'description' are incompatible.
    Type 'string | undefined' is not assignable to type 'string'.
      Type 'undefined' is not assignable to type 'string'.
src/components/ModernPhotoUpload.tsx(32,30): error TS2307: Cannot find module '../../theme/helpers' or its corresponding type declarations.
src/components/ModernPhotoUpload.tsx(65,11): error TS2339: Property 'start' does not exist on type '{ animatedStyle: { opacity: number; transform: { translateY: number; }[]; }; }'.
src/components/ModernPhotoUpload.tsx(65,43): error TS2339: Property 'getAnimatedStyle' does not exist on type '{ animatedStyle: { opacity: number; transform: { translateY: number; }[]; }; }'.
src/components/ModernPhotoUpload.tsx(69,7): error TS2554: Expected 0-2 arguments, but got 3.
src/components/ModernPhotoUpload.tsx(188,28): error TS2304: Cannot find name 'getPrimaryColor'.
src/components/ModernPhotoUpload.tsx(201,26): error TS2304: Cannot find name 'getStatusColor'.
src/components/ModernPhotoUpload.tsx(369,22): error TS2304: Cannot find name 'getStatusColor'.
src/components/ModernSwipeCard.tsx(40,49): error TS2307: Cannot find module '../../theme/helpers' or its corresponding type declarations.
src/components/ModernSwipeCard.tsx(276,9): error TS2769: No overload matches this call.
  Overload 1 of 2, '(props: AnimateProps<ViewProps>): View', gave the following error.
    Type 'unknown[]' is not assignable to type 'StyleProp<AnimateStyle<StyleProp<ViewStyle>>>'.
      Type 'unknown[]' is not assignable to type 'RecursiveArray<false | AnimateStyle<ViewStyle> | AnimateStyle<RegisteredStyle<ViewStyle>> | AnimateStyle<RecursiveArray<ViewStyle | Falsy | RegisteredStyle<...>>> | RegisteredStyle<...> | null | undefined>'.
        The types returned by 'pop()' are incompatible between these types.
          Type 'unknown' is not assignable to type 'false | AnimateStyle<ViewStyle> | AnimateStyle<RegisteredStyle<ViewStyle>> | AnimateStyle<RecursiveArray<ViewStyle | Falsy | RegisteredStyle<...>>> | ... 4 more ... | undefined'.
  Overload 2 of 2, '(props: AnimateProps<ViewProps>, context: any): View', gave the following error.
    Type 'unknown[]' is not assignable to type 'StyleProp<AnimateStyle<StyleProp<ViewStyle>>>'.
      Type 'unknown[]' is not assignable to type 'RecursiveArray<false | AnimateStyle<ViewStyle> | AnimateStyle<RegisteredStyle<ViewStyle>> | AnimateStyle<RecursiveArray<ViewStyle | Falsy | RegisteredStyle<...>>> | RegisteredStyle<...> | null | undefined>'.
        The types returned by 'pop()' are incompatible between these types.
          Type 'unknown' is not assignable to type 'false | AnimateStyle<ViewStyle> | AnimateStyle<RegisteredStyle<ViewStyle>> | AnimateStyle<RecursiveArray<ViewStyle | Falsy | RegisteredStyle<...>>> | ... 4 more ... | undefined'.
src/components/MotionPrimitives.tsx(28,12): error TS2304: Cannot find name 'MotionSystem'.
src/components/MotionPrimitives.tsx(50,33): error TS18048: 'animatedValue' is possibly 'undefined'.
src/components/MotionPrimitives.tsx(87,12): error TS2304: Cannot find name 'MotionSystem'.
src/components/MotionPrimitives.tsx(128,14): error TS2304: Cannot find name 'MotionSystem'.
src/components/MotionPrimitives.tsx(137,15): error TS2304: Cannot find name 'MotionSystem'.
src/components/MotionPrimitives.tsx(271,12): error TS2304: Cannot find name 'MotionSystem'.
src/components/MotionPrimitives.tsx(357,14): error TS2304: Cannot find name 'MotionSystem'.
src/components/OptimizedImage.tsx(20,11): error TS2430: Interface 'OptimizedImageProps' incorrectly extends interface 'Omit<FastImageProps, "source">'.
  Types of property 'onError' are incompatible.
    Type '(error: unknown) => void' is not assignable to type '() => void'.
      Target signature provides too few arguments. Expected 1 or more, but got 0.
src/components/OptimizedImage.tsx(49,3): error TS7031: Binding element 'uri' implicitly has an 'any' type.
src/components/OptimizedImage.tsx(50,3): error TS7031: Binding element 'style' implicitly has an 'any' type.
src/components/OptimizedImage.tsx(51,3): error TS7031: Binding element 'containerStyle' implicitly has an 'any' type.
src/components/OptimizedImage.tsx(58,3): error TS7031: Binding element 'onLoadStart' implicitly has an 'any' type.
src/components/OptimizedImage.tsx(59,3): error TS7031: Binding element 'onLoadEnd' implicitly has an 'any' type.
src/components/OptimizedImage.tsx(60,3): error TS7031: Binding element 'onError' implicitly has an 'any' type.
src/components/OptimizedImage.tsx(62,3): error TS7031: Binding element 'accessibilityLabel' implicitly has an 'any' type.
src/components/OptimizedImage.tsx(103,9): error TS2322: Type '{ uri: any; priority: "normal"; cache: string; }' is not assignable to type 'number | Source'.
  Type '{ uri: any; priority: "normal"; cache: string; }' is not assignable to type 'Source'.
    Types of property 'cache' are incompatible.
      Type 'string' is not assignable to type 'Cache'.
src/components/OptimizedImage.tsx(108,9): error TS2322: Type '(error: unknown) => void' is not assignable to type '() => void'.
  Target signature provides too few arguments. Expected 1 or more, but got 0.
src/components/OptimizedImage.tsx(205,37): error TS2322: Type '"high"' is not assignable to type '"normal"'.
src/components/OptimizedImage.tsx(215,37): error TS2322: Type '"low"' is not assignable to type '"normal"'.
src/components/OptimizedImage.tsx(228,6): error TS2322: Type '{ style: StyleProp<ImageStyle>[]; resizeMode: "cover"; cache: string; uri: string; containerStyle?: StyleProp<ViewStyle>; showLoadingIndicator?: boolean; ... 92 more ...; fallback?: boolean; }' is not assignable to type '{ [x: string]: any; uri: any; style: any; containerStyle: any; showLoadingIndicator?: boolean | undefined; showErrorState?: boolean | undefined; fallbackIcon?: string | undefined; priority?: "normal" | undefined; ... 6 more ...; accessibilityLabel: any; }'.
  Property 'containerStyle' is optional in type '{ style: StyleProp<ImageStyle>[]; resizeMode: "cover"; cache: string; uri: string; containerStyle?: StyleProp<ViewStyle>; showLoadingIndicator?: boolean; ... 92 more ...; fallback?: boolean; }' but required in type '{ [x: string]: any; uri: any; style: any; containerStyle: any; showLoadingIndicator?: boolean | undefined; showErrorState?: boolean | undefined; fallbackIcon?: string | undefined; priority?: "normal" | undefined; ... 6 more ...; accessibilityLabel: any; }'.
src/components/PawPullToRefresh.tsx(50,13): error TS7030: Not all code paths return a value.
src/components/PawPullToRefresh.tsx(187,15): error TS2322: Type '{ textShadowColor: string; textShadowOffset: { width: number; height: number; }; textShadowRadius: number; }' is not assignable to type 'StyleProp<ViewStyle>'.
src/components/PerformanceTestSuite.tsx(29,10): error TS2614: Module '"./typography/HyperTextSkia"' has no exported member 'Heading2'. Did you mean to use 'import Heading2 from "./typography/HyperTextSkia"' instead?
src/components/PerformanceTestSuite.tsx(29,20): error TS2614: Module '"./typography/HyperTextSkia"' has no exported member 'Body'. Did you mean to use 'import Body from "./typography/HyperTextSkia"' instead?
src/components/PerformanceTestSuite.tsx(29,26): error TS2614: Module '"./typography/HyperTextSkia"' has no exported member 'BodySmall'. Did you mean to use 'import BodySmall from "./typography/HyperTextSkia"' instead?
src/components/PerformanceTestSuite.tsx(29,37): error TS2614: Module '"./typography/HyperTextSkia"' has no exported member 'Label'. Did you mean to use 'import Label from "./typography/HyperTextSkia"' instead?
src/components/PerformanceTestSuite.tsx(552,46): error TS2339: Property 'light' does not exist on type 'string'.
src/components/PhotoUploadComponent.tsx(172,13): error TS2532: Object is possibly 'undefined'.
src/components/Premium/PremiumButton.tsx(22,3): error TS1484: 'TextStyle' is a type and must be imported using a type-only import when 'verbatimModuleSyntax' is enabled.
src/components/Premium/PremiumButton.tsx(196,5): error TS2322: Type 'VariantStyle | undefined' is not assignable to type 'VariantStyle'.
  Type 'undefined' is not assignable to type 'VariantStyle'.
src/components/Premium/PremiumGate.tsx(9,28): error TS2307: Cannot find module '../hooks/usePremium' or its corresponding type declarations.
src/components/Premium/PremiumGate.tsx(13,25): error TS2307: Cannot find module '../services/PremiumService' or its corresponding type declarations.
src/components/Premium/PremiumGate.tsx(84,54): error TS2307: Cannot find module '../services/PremiumService' or its corresponding type declarations.
src/components/Premium/PremiumGate.tsx(126,25): error TS2307: Cannot find module '../services/PremiumService' or its corresponding type declarations.
src/components/PremiumComponents.ts(18,3): error TS2614: Module '"./EliteComponents"' has no exported member 'EliteLoading'. Did you mean to use 'import EliteLoading from "./EliteComponents"' instead?
src/components/PremiumComponents.ts(19,3): error TS2614: Module '"./EliteComponents"' has no exported member 'EliteEmptyState'. Did you mean to use 'import EliteEmptyState from "./EliteComponents"' instead?
src/components/PremiumComponents.ts(20,3): error TS2614: Module '"./EliteComponents"' has no exported member 'EliteAvatar'. Did you mean to use 'import EliteAvatar from "./EliteComponents"' instead?
src/components/PremiumComponents.ts(22,3): error TS2614: Module '"./EliteComponents"' has no exported member 'FadeInUp'. Did you mean to use 'import FadeInUp from "./EliteComponents"' instead?
src/components/PremiumComponents.ts(23,3): error TS2614: Module '"./EliteComponents"' has no exported member 'ScaleIn'. Did you mean to use 'import ScaleIn from "./EliteComponents"' instead?
src/components/PremiumComponents.ts(24,3): error TS2614: Module '"./EliteComponents"' has no exported member 'StaggeredContainer'. Did you mean to use 'import StaggeredContainer from "./EliteComponents"' instead?
src/components/PremiumComponents.ts(25,3): error TS2614: Module '"./EliteComponents"' has no exported member 'GestureWrapper'. Did you mean to use 'import GestureWrapper from "./EliteComponents"' instead?
src/components/PremiumComponents.ts(27,3): error TS2614: Module '"./EliteComponents"' has no exported member 'PREMIUM_GRADIENTS'. Did you mean to use 'import PREMIUM_GRADIENTS from "./EliteComponents"' instead?
src/components/PremiumComponents.ts(28,3): error TS2614: Module '"./EliteComponents"' has no exported member 'PREMIUM_SHADOWS'. Did you mean to use 'import PREMIUM_SHADOWS from "./EliteComponents"' instead?
src/components/PremiumComponents.ts(38,3): error TS2614: Module '"./PremiumTypography"' has no exported member 'TEXT_GRADIENTS'. Did you mean to use 'import TEXT_GRADIENTS from "./PremiumTypography"' instead?
src/components/PremiumComponents.ts(39,3): error TS2614: Module '"./PremiumTypography"' has no exported member 'TEXT_SHADOWS'. Did you mean to use 'import TEXT_SHADOWS from "./PremiumTypography"' instead?
src/components/PremiumTypography.tsx(196,13): error TS2339: Property 'Platform' does not exist on type 'typeof import("/Users/elvira/Desktop/pets2/node_modules/.pnpm/@types+react@18.2.79/node_modules/@types/react/index.d.ts")'.
src/components/PremiumTypography.tsx(199,10): error TS2552: Cannot find name 'MaskedViewIOS'. Did you mean 'MaskedView'?
src/components/PremiumTypography.tsx(223,11): error TS2552: Cannot find name 'MaskedViewIOS'. Did you mean 'MaskedView'?
src/components/PremiumTypography.tsx(395,7): error TS2559: Type '(TextStyle | undefined)[]' has no properties in common with type 'TextStyle'.
src/components/PremiumTypography.tsx(421,6): error TS2375: Type '{ children: ReactNode; size: "sm" | "lg" | "base"; weight: "medium" | "light" | "regular" | "semibold"; gradient: "primary" | "secondary" | "premium" | "gold" | "sunset" | ... 4 more ... | undefined; animated: boolean; style: TextStyle | undefined; }' is not assignable to type 'GradientTextProps' with 'exactOptionalPropertyTypes: true'. Consider adding 'undefined' to the types of the target's properties.
  Types of property 'gradient' are incompatible.
    Type '"primary" | "secondary" | "premium" | "gold" | "sunset" | "ocean" | "holographic" | "neon" | "rainbow" | undefined' is not assignable to type '"primary" | "secondary" | "premium" | "gold" | "sunset" | "ocean" | "holographic" | "neon" | "rainbow"'.
      Type 'undefined' is not assignable to type '"primary" | "secondary" | "premium" | "gold" | "sunset" | "ocean" | "holographic" | "neon" | "rainbow"'.
src/components/PremiumTypography.tsx(467,7): error TS2559: Type '(TextStyle | undefined)[]' has no properties in common with type 'TextStyle'.
src/components/pro/StellarCard3D.tsx(120,37): error TS2322: Type '{ transform: ({ perspective: number; rotateX?: never; rotateY?: never; scale?: never; } | { rotateX: number; perspective?: never; rotateY?: never; scale?: never; } | { rotateY: number; perspective?: never; rotateX?: never; scale?: never; } | { ...; })[]; }' is not assignable to type 'false | AnimateStyle<ViewStyle> | AnimateStyle<RegisteredStyle<ViewStyle>> | AnimateStyle<RecursiveArray<ViewStyle | Falsy | RegisteredStyle<...>>> | ... 4 more ... | undefined'.
  Type '{ transform: ({ perspective: number; rotateX?: never; rotateY?: never; scale?: never; } | { rotateX: number; perspective?: never; rotateY?: never; scale?: never; } | { rotateY: number; perspective?: never; rotateX?: never; scale?: never; } | { ...; })[]; }' is not assignable to type 'AnimateStyle<ViewStyle>'.
    Types of property 'transform' are incompatible.
      Type '({ perspective: number; rotateX?: never; rotateY?: never; scale?: never; } | { rotateX: number; perspective?: never; rotateY?: never; scale?: never; } | { rotateY: number; perspective?: never; rotateX?: never; scale?: never; } | { ...; })[]' is not assignable to type 'string | AnimatedTransform'.
        Type '({ perspective: number; rotateX?: never; rotateY?: never; scale?: never; } | { rotateX: number; perspective?: never; rotateY?: never; scale?: never; } | { rotateY: number; perspective?: never; rotateX?: never; scale?: never; } | { ...; })[]' is not assignable to type 'AnimatedTransform'.
          Type '{ perspective: number; rotateX?: never; rotateY?: never; scale?: never; } | { rotateX: number; perspective?: never; rotateY?: never; scale?: never; } | { rotateY: number; perspective?: never; rotateX?: never; scale?: never; } | { ...; }' is not assignable to type 'AdaptTransforms<PerpectiveTransform | RotateTransform | RotateXTransform | RotateYTransform | RotateZTransform | ... 7 more ... | MatrixTransform>'.
            Type '{ rotateX: number; perspective?: never; rotateY?: never; scale?: never; }' is not assignable to type 'AdaptTransforms<PerpectiveTransform | RotateTransform | RotateXTransform | RotateYTransform | RotateZTransform | ... 7 more ... | MatrixTransform>'.
              Type '{ rotateX: number; perspective?: never; rotateY?: never; scale?: never; }' is not assignable to type 'AdaptTransforms<ScaleTransform>'.
                Property 'scale' is optional in type '{ rotateX: number; perspective?: never; rotateY?: never; scale?: never; }' but required in type 'AdaptTransforms<ScaleTransform>'.
src/components/providers/I18nProvider.tsx(8,31): error TS2307: Cannot find module 'expo-localization' or its corresponding type declarations.
src/components/swipe/MatchModal.tsx(14,10): error TS1484: 'Pet' is a type and must be imported using a type-only import when 'verbatimModuleSyntax' is enabled.
src/components/swipe/MatchModal.tsx(17,39): error TS2339: Property 'dimensions' does not exist on type '{ colors: { primary: Record<string | number, string>; secondary: Record<string | number, string>; neutral: Record<string | number, string>; success: Record<...>; error: Record<...>; warning: Record<...>; info: Record<...>; }; ... 6 more ...; utils: { ...; }; }'.
src/components/swipe/SwipeActions.tsx(40,53): error TS2339: Property 'Rigid' does not exist on type 'typeof ImpactFeedbackStyle'.
src/components/swipe/SwipeCard.tsx(96,15): error TS2339: Property 'featured' does not exist on type 'Pet'.
src/components/swipe/SwipeCard.tsx(113,22): error TS2339: Property 'featured' does not exist on type 'Pet'.
src/components/swipe/SwipeCard.tsx(200,13): error TS2339: Property 'featured' does not exist on type 'Pet'.
src/components/swipe/SwipeCard.tsx(244,18): error TS2304: Cannot find name 'primaryPhoto'.
src/components/swipe/SwipeCard.tsx(288,32): error TS2339: Property 'city' does not exist on type '{ type: "Point"; coordinates: [number, number]; }'.
src/components/swipe/SwipeFilters.tsx(10,10): error TS1484: 'SwipeFilters' is a type and must be imported using a type-only import when 'verbatimModuleSyntax' is enabled.
src/components/swipe/SwipeFilters.tsx(70,19): error TS2322: Type '{ key: string; title: string; variant: "primary" | "glass"; size: "sm"; magneticEffect: boolean; rippleEffect: boolean; glowEffect: boolean; onPress: () => void; }' is not assignable to type 'IntrinsicAttributes & EliteButtonProps'.
  Property 'magneticEffect' does not exist on type 'IntrinsicAttributes & EliteButtonProps'.
src/components/swipe/SwipeFilters.tsx(93,19): error TS2322: Type '{ key: string; title: string; variant: "secondary" | "glass"; size: "sm"; magneticEffect: boolean; rippleEffect: boolean; glowEffect: boolean; onPress: () => void; }' is not assignable to type 'IntrinsicAttributes & EliteButtonProps'.
  Property 'magneticEffect' does not exist on type 'IntrinsicAttributes & EliteButtonProps'.
src/components/swipe/SwipeFilters.tsx(111,15): error TS2322: Type '{ title: string; variant: "holographic"; size: "md"; leftIcon: string; magneticEffect: boolean; rippleEffect: boolean; glowEffect: boolean; shimmerEffect: boolean; onPress: () => void; }' is not assignable to type 'IntrinsicAttributes & EliteButtonProps'.
  Property 'leftIcon' does not exist on type 'IntrinsicAttributes & EliteButtonProps'.
src/components/Text.tsx(210,5): error TS2322: Type '"semibold"' is not assignable to type '"700" | "normal" | "bold" | "100" | "200" | "300" | "400" | "500" | "600" | "800" | "900" | undefined'.
src/components/Text.tsx(216,5): error TS2322: Type '"semibold"' is not assignable to type '"700" | "normal" | "bold" | "100" | "200" | "300" | "400" | "500" | "600" | "800" | "900" | undefined'.
src/components/Text.tsx(222,5): error TS2322: Type '"semibold"' is not assignable to type '"700" | "normal" | "bold" | "100" | "200" | "300" | "400" | "500" | "600" | "800" | "900" | undefined'.
src/components/Text.tsx(228,5): error TS2322: Type '"black"' is not assignable to type '"700" | "normal" | "bold" | "100" | "200" | "300" | "400" | "500" | "600" | "800" | "900" | undefined'.
src/components/Text.tsx(240,5): error TS2322: Type '"medium"' is not assignable to type '"700" | "normal" | "bold" | "100" | "200" | "300" | "400" | "500" | "600" | "800" | "900" | undefined'.
src/components/Text.tsx(246,5): error TS2322: Type '"regular"' is not assignable to type '"700" | "normal" | "bold" | "100" | "200" | "300" | "400" | "500" | "600" | "800" | "900" | undefined'.
src/components/Text.tsx(252,5): error TS2322: Type '"regular"' is not assignable to type '"700" | "normal" | "bold" | "100" | "200" | "300" | "400" | "500" | "600" | "800" | "900" | undefined'.
src/components/Text.tsx(258,5): error TS2322: Type '"regular"' is not assignable to type '"700" | "normal" | "bold" | "100" | "200" | "300" | "400" | "500" | "600" | "800" | "900" | undefined'.
src/components/Text.tsx(264,5): error TS2322: Type '"regular"' is not assignable to type '"700" | "normal" | "bold" | "100" | "200" | "300" | "400" | "500" | "600" | "800" | "900" | undefined'.
src/components/Text.tsx(270,5): error TS2322: Type '"medium"' is not assignable to type '"700" | "normal" | "bold" | "100" | "200" | "300" | "400" | "500" | "600" | "800" | "900" | undefined'.
src/components/Text.tsx(277,5): error TS2322: Type '"semibold"' is not assignable to type '"700" | "normal" | "bold" | "100" | "200" | "300" | "400" | "500" | "600" | "800" | "900" | undefined'.
src/components/Text.tsx(283,5): error TS2322: Type '"medium"' is not assignable to type '"700" | "normal" | "bold" | "100" | "200" | "300" | "400" | "500" | "600" | "800" | "900" | undefined'.
src/components/Text.tsx(424,11): error TS2322: Type 'number | undefined' is not assignable to type 'number'.
  Type 'undefined' is not assignable to type 'number'.
src/components/Text.tsx(426,13): error TS2322: Type 'number | undefined' is not assignable to type 'number'.
  Type 'undefined' is not assignable to type 'number'.
src/components/Text.tsx(429,13): error TS2322: Type 'number | undefined' is not assignable to type 'number'.
  Type 'undefined' is not assignable to type 'number'.
src/components/Text.tsx(444,15): error TS7030: Not all code paths return a value.
src/components/ThemeToggle.tsx(155,23): error TS7053: Element implicitly has an 'any' type because expression of type 'ThemeMode' can't be used to index type '{ light: string; dark: string; system: string; }'.
src/components/typography/HyperTextSkia.tsx(24,8): error TS2307: Cannot find module '@shopify/react-native-skia' or its corresponding type declarations.
src/components/typography/ProText.tsx(101,8): error TS2375: Type '{ children: string; optimized?: boolean; letterSpacing?: number; split?: boolean; weight?: Weight; variant?: Variant; animated?: boolean; animationType?: AnimationType; ... 10 more ...; color: string | undefined; }' is not assignable to type 'HyperTextSkiaProps' with 'exactOptionalPropertyTypes: true'. Consider adding 'undefined' to the types of the target's properties.
  Types of property 'color' are incompatible.
    Type 'string | undefined' is not assignable to type 'string'.
      Type 'undefined' is not assignable to type 'string'.
src/config/environment.ts(114,3): error TS1323: Dynamic imports are only supported when the '--module' flag is set to 'es2020', 'es2022', 'esnext', 'commonjs', 'amd', 'system', 'umd', 'node16', 'node18', 'node20', or 'nodenext'.
src/contexts/NotificationContext.tsx(3,27): error TS2305: Module '"../stores/useUIStore"' has no exported member 'NotificationCounts'.
src/contexts/NotificationContext.tsx(27,5): error TS2339: Property 'notificationCounts' does not exist on type 'UIState'.
src/contexts/NotificationContext.tsx(28,5): error TS2339: Property 'updateNotificationCount' does not exist on type 'UIState'.
src/contexts/NotificationContext.tsx(29,5): error TS2339: Property 'incrementNotificationCount' does not exist on type 'UIState'.
src/contexts/NotificationContext.tsx(30,5): error TS2339: Property 'decrementNotificationCount' does not exist on type 'UIState'.
src/contexts/NotificationContext.tsx(31,5): error TS2339: Property 'clearNotificationCount' does not exist on type 'UIState'.
src/contexts/NotificationContext.tsx(32,5): error TS2339: Property 'clearAllNotificationCounts' does not exist on type 'UIState'.
src/contexts/NotificationContext.tsx(33,5): error TS2339: Property 'getTotalNotificationCount' does not exist on type 'UIState'.
src/contexts/ThemeContext.tsx(11,27): error TS2305: Module '"../stores/useUIStore"' has no exported member 'ThemeMode'.
src/contexts/ThemeContext.tsx(82,11): error TS2339: Property 'themeMode' does not exist on type 'UIState'.
src/contexts/ThemeContext.tsx(82,22): error TS2339: Property 'isDark' does not exist on type 'UIState'.
src/contexts/ThemeContext.tsx(82,30): error TS2339: Property 'setThemeMode' does not exist on type 'UIState'.
src/contexts/ThemeContext.tsx(82,44): error TS2339: Property 'setSystemColorScheme' does not exist on type 'UIState'.
src/contexts/ThemeContext.tsx(82,66): error TS2339: Property 'toggleTheme' does not exist on type 'UIState'.
src/hooks/useAIBio.ts(118,13): error TS2375: Type '{ petName: string; petBreed: string; petAge: string; petPersonality: string; tone: string; photoUri: string | undefined; }' is not assignable to type 'BioGenerationParams' with 'exactOptionalPropertyTypes: true'. Consider adding 'undefined' to the types of the target's properties.
  Types of property 'photoUri' are incompatible.
    Type 'string | undefined' is not assignable to type 'string'.
      Type 'undefined' is not assignable to type 'string'.
src/hooks/useAIBio.ts(132,34): error TS2339: Property 'generatePetBio' does not exist on type '{ auth: { login: (credentials: { email: string; password: string; }) => Promise<AuthResponse>; register: (data: { email: string; password: string; firstName: string; lastName: string; }) => Promise<...>; ... 5 more ...; logout: () => Promise<...>; }; ... 54 more ...; getAppVersion: () => Promise<...>; }'.
src/hooks/useAIBio.ts(190,21): error TS2532: Object is possibly 'undefined'.
src/hooks/useChatData.ts(139,21): error TS2345: Argument of type 'Message[]' is not assignable to parameter of type 'SetStateAction<Message[]>'.
  Type 'import("/Users/elvira/Desktop/pets2/packages/core/src/types/models").Message[]' is not assignable to type 'import("/Users/elvira/Desktop/pets2/apps/mobile/src/hooks/useChatData").Message[]'.
    Property 'senderId' is missing in type 'import("/Users/elvira/Desktop/pets2/packages/core/src/types/models").Message' but required in type 'import("/Users/elvira/Desktop/pets2/apps/mobile/src/hooks/useChatData").Message'.
src/hooks/useChatData.ts(187,36): error TS2741: Property 'senderId' is missing in type '{ status: "sent"; _id: string; match: string; sender: string; content: string; timestamp: string; read: boolean; type: "text" | "image" | "voice" | "video"; metadata?: { imageUrl?: string; voiceUrl?: string; videoUrl?: string; duration?: number; }; messageType?: "text" | "image" | "voice" | "video"; sentAt?: string; }' but required in type 'Message'.
src/hooks/useCommunityFeed.ts(10,3): error TS1484: 'CommunityPost' is a type and must be imported using a type-only import when 'verbatimModuleSyntax' is enabled.
src/hooks/useCommunityFeed.ts(11,3): error TS1484: 'CommunityComment' is a type and must be imported using a type-only import when 'verbatimModuleSyntax' is enabled.
src/hooks/useCommunityFeed.ts(12,3): error TS1484: 'CreatePostPayload' is a type and must be imported using a type-only import when 'verbatimModuleSyntax' is enabled.
src/hooks/useCommunityFeed.ts(300,42): error TS2379: Argument of type '{ targetType: "post" | "user" | "comment"; targetId: string; reason: string; details: string | undefined; }' is not assignable to parameter of type '{ targetType: "user" | "post" | "comment"; targetId: string; reason: string; details?: string; }' with 'exactOptionalPropertyTypes: true'. Consider adding 'undefined' to the types of the target's properties.
  Types of property 'details' are incompatible.
    Type 'string | undefined' is not assignable to type 'string'.
      Type 'undefined' is not assignable to type 'string'.
src/hooks/useErrorRecovery.ts(41,46): error TS2322: Type 'string' is not assignable to type 'Error'.
src/hooks/useErrorRecovery.ts(54,46): error TS2322: Type 'string' is not assignable to type 'Error'.
src/hooks/useMatchesData.ts(61,16): error TS2352: Conversion of type 'import("/Users/elvira/Desktop/pets2/packages/core/src/types/models").Match[]' to type 'import("/Users/elvira/Desktop/pets2/apps/mobile/src/hooks/useMatchesData").Match[]' may be a mistake because neither type sufficiently overlaps with the other. If this was intentional, convert the expression to 'unknown' first.
  Type 'Match' is missing the following properties from type 'Match': petId, petPhoto, unreadCount
src/hooks/useMatchesData.ts(94,14): error TS2352: Conversion of type 'import("/Users/elvira/Desktop/pets2/packages/core/src/types/models").Match[]' to type 'import("/Users/elvira/Desktop/pets2/apps/mobile/src/hooks/useMatchesData").Match[]' may be a mistake because neither type sufficiently overlaps with the other. If this was intentional, convert the expression to 'unknown' first.
  Type 'Match' is missing the following properties from type 'Match': petId, petPhoto, unreadCount
src/hooks/useMatchesData.ts(153,16): error TS2352: Conversion of type 'import("/Users/elvira/Desktop/pets2/packages/core/src/types/models").Match[]' to type 'import("/Users/elvira/Desktop/pets2/apps/mobile/src/hooks/useMatchesData").Match[]' may be a mistake because neither type sufficiently overlaps with the other. If this was intentional, convert the expression to 'unknown' first.
  Type 'Match' is missing the following properties from type 'Match': petId, petPhoto, unreadCount
src/hooks/useMotionSystem.ts(70,20): error TS2339: Property 'timing' does not exist on type '{ toValue: number; useNativeDriver: boolean; friction: number; tension: number; } | { toValue: number; useNativeDriver: boolean; friction: number; tension: number; } | { toValue: number; useNativeDriver: boolean; friction: number; tension: number; }'.
  Property 'timing' does not exist on type '{ toValue: number; useNativeDriver: boolean; friction: number; tension: number; }'.
src/hooks/useMotionSystem.ts(139,9): error TS2532: Object is possibly 'undefined'.
src/hooks/useNotifications.ts(3,3): error TS2614: Module '"../services/notifications"' has no exported member 'initializeNotificationsService'. Did you mean to use 'import initializeNotificationsService from "../services/notifications"' instead?
src/hooks/usePerformance.ts(67,5): error TS7030: Not all code paths return a value.
src/hooks/usePetForm.ts(75,9): error TS2464: A computed property name must be of type 'string', 'number', 'symbol', or 'any'.
src/hooks/usePetForm.ts(77,11): error TS2464: A computed property name must be of type 'string', 'number', 'symbol', or 'any'.
src/hooks/usePetForm.ts(146,53): error TS2345: Argument of type '{ name: string; species: string; breed: string; age: number; gender: string; size: string; description: string; intent: string; personalityTags: string[]; healthInfo: { vaccinated: boolean; spayedNeutered: boolean; microchipped: boolean; specialNeeds: boolean; }; }' is not assignable to parameter of type 'Partial<Pet>'.
  Types of property 'species' are incompatible.
    Type 'string' is not assignable to type '"other" | "dog" | "cat" | "bird" | "rabbit"'.
src/hooks/usePhotoManager.ts(58,11): error TS2532: Object is possibly 'undefined'.
src/hooks/usePhotoManager.ts(59,9): error TS2532: Object is possibly 'undefined'.
src/hooks/useSocket.ts(7,3): error TS2305: Module '"@pawfectmatch/core"' has no exported member 'UserTypingEvent'.
src/hooks/useSocket.ts(8,3): error TS2305: Module '"@pawfectmatch/core"' has no exported member 'NewMessageEvent'.
src/hooks/useSocket.ts(9,3): error TS2305: Module '"@pawfectmatch/core"' has no exported member 'UserStatusEvent'.
src/hooks/useSocket.ts(10,3): error TS2305: Module '"@pawfectmatch/core"' has no exported member 'OnlineUsersUpdate'.
src/hooks/useSwipeData.ts(58,32): error TS2339: Property 'ageMin' does not exist on type 'PetFilters'.
src/hooks/useSwipeData.ts(59,32): error TS2339: Property 'ageMax' does not exist on type 'PetFilters'.
src/hooks/useSwipeData.ts(60,34): error TS2339: Property 'distance' does not exist on type 'PetFilters'.
src/hooks/useSwipeData.ts(96,45): error TS2322: Type 'string' is not assignable to type 'Error'.
src/hooks/useSwipeData.ts(106,31): error TS2339: Property 'pets' does not exist on type 'User'.
src/hooks/useSwipeData.ts(106,50): error TS2339: Property 'activePetId' does not exist on type 'User'.
src/hooks/useSwipeData.ts(139,47): error TS2322: Type 'string' is not assignable to type 'Error'.
src/hooks/useSwipeData.ts(164,9): error TS2353: Object literal may only specify known properties, and 'ageMin' does not exist in type 'PetFilters'.
src/hooks/useThemeToggle.ts(5,15): error TS2614: Module '"../contexts/ThemeContext"' has no exported member 'ThemeMode'. Did you mean to use 'import ThemeMode from "../contexts/ThemeContext"' instead?
src/hooks/useThemeToggle.ts(11,11): error TS2304: Cannot find name 'ThemeColors'.
src/hooks/useThemeToggle.ts(59,31): error TS7053: Element implicitly has an 'any' type because expression of type 'ThemeMode' can't be used to index type '{ light: string; dark: string; system: string; }'.
src/hooks/useUnifiedAnimations.ts(281,5): error TS2322: Type 'OnGestureEvent<PanGestureHandlerGestureEvent>' is not assignable to type 'OnGestureEvent<GestureHandlerGestureEvent>'.
  Type 'GestureHandlerGestureEvent' is not assignable to type 'PanGestureHandlerGestureEvent'.
    Types of property 'nativeEvent' are incompatible.
      Type 'Readonly<GestureEventPayload & Record<string, unknown>>' is missing the following properties from type 'Readonly<GestureEventPayload & PanGestureHandlerEventPayload>': x, y, absoluteX, absoluteY, and 4 more.
src/i18n/index.ts(6,31): error TS2307: Cannot find module 'expo-localization' or its corresponding type declarations.
src/lib/sentry.ts(174,17): error TS2694: Namespace '"/Users/elvira/Desktop/pets2/node_modules/.pnpm/@sentry+react-native@5.10.0_react-native@0.72.10_@babel+core@7.28.5_@babel+preset-env@7.28.5__qlkolhta5skb22ye2yznt77qlm/node_modules/@sentry/react-native/dist/js/index"' has no exported member 'SeverityLevel'.
src/lib/sentry.ts(185,18): error TS2694: Namespace '"/Users/elvira/Desktop/pets2/node_modules/.pnpm/@sentry+react-native@5.10.0_react-native@0.72.10_@babel+core@7.28.5_@babel+preset-env@7.28.5__qlkolhta5skb22ye2yznt77qlm/node_modules/@sentry/react-native/dist/js/index"' has no exported member 'SeverityLevel'.
src/screens/admin/AdminAnalyticsScreen.tsx(24,10): error TS2305: Module '"../../services/api"' has no exported member '_adminAPI'.
src/screens/admin/AdminBillingScreen.tsx(23,10): error TS2305: Module '"../../services/api"' has no exported member '_adminAPI'.
src/screens/admin/AdminChatsScreen.tsx(21,10): error TS2305: Module '"../../services/api"' has no exported member '_adminAPI'.
src/screens/admin/AdminSecurityScreen.tsx(24,10): error TS2305: Module '"../../services/api"' has no exported member '_adminAPI'.
src/screens/admin/AdminUploadsScreen.tsx(23,10): error TS2305: Module '"../../services/api"' has no exported member '_adminAPI'.
src/screens/admin/AdminUsersScreen.tsx(216,11): error TS2769: No overload matches this call.
  Overload 1 of 2, '(props: FlatListProps<AdminUserListItemViewModel>): FlatList<AdminUserListItemViewModel>', gave the following error.
    Type '(data: AdminUserListItemViewModel[] | null | undefined, index: number) => { length: number; offset: number; index: number; }' is not assignable to type '(data: ArrayLike<AdminUserListItemViewModel> | null | undefined, index: number) => { length: number; offset: number; index: number; }'.
      Types of parameters 'data' and 'data' are incompatible.
        Type 'ArrayLike<AdminUserListItemViewModel> | null | undefined' is not assignable to type 'AdminUserListItemViewModel[] | null | undefined'.
          Type 'ArrayLike<AdminUserListItemViewModel>' is missing the following properties from type 'AdminUserListItemViewModel[]': pop, push, concat, join, and 34 more.
  Overload 2 of 2, '(props: FlatListProps<AdminUserListItemViewModel>, context: any): FlatList<AdminUserListItemViewModel>', gave the following error.
    Type '(data: AdminUserListItemViewModel[] | null | undefined, index: number) => { length: number; offset: number; index: number; }' is not assignable to type '(data: ArrayLike<AdminUserListItemViewModel> | null | undefined, index: number) => { length: number; offset: number; index: number; }'.
      Types of parameters 'data' and 'data' are incompatible.
        Type 'ArrayLike<AdminUserListItemViewModel> | null | undefined' is not assignable to type 'AdminUserListItemViewModel[] | null | undefined'.
          Type 'ArrayLike<AdminUserListItemViewModel>' is missing the following properties from type 'AdminUserListItemViewModel[]': pop, push, concat, join, and 34 more.
src/screens/admin/AdminVerificationsScreen.tsx(21,10): error TS2305: Module '"../../services/api"' has no exported member '_adminAPI'.
src/screens/adoption/AdoptionApplicationScreen.tsx(83,16): error TS2532: Object is possibly 'undefined'.
src/screens/adoption/AdoptionApplicationScreen.tsx(83,47): error TS2532: Object is possibly 'undefined'.
src/screens/adoption/AdoptionManagerScreen.tsx(28,3): error TS2614: Module '"../../components/EliteComponents"' has no exported member 'EliteLoading'. Did you mean to use 'import EliteLoading from "../../components/EliteComponents"' instead?
src/screens/adoption/AdoptionManagerScreen.tsx(29,3): error TS2614: Module '"../../components/EliteComponents"' has no exported member 'EliteEmptyState'. Did you mean to use 'import EliteEmptyState from "../../components/EliteComponents"' instead?
src/screens/adoption/AdoptionManagerScreen.tsx(108,48): error TS2339: Property 'getListings' does not exist on type '{ getLikedYou: () => Promise<Match[]>; getMatches: () => Promise<Match[]>; getMatch: (matchId: string) => Promise<Match>; createMatch: (petId: string, targetPetId: string) => Promise<...>; ... 45 more ...; getAppVersion: () => Promise<...>; }'.
src/screens/adoption/AdoptionManagerScreen.tsx(111,52): error TS2339: Property 'getApplications' does not exist on type '{ getLikedYou: () => Promise<Match[]>; getMatches: () => Promise<Match[]>; getMatch: (matchId: string) => Promise<Match>; createMatch: (petId: string, targetPetId: string) => Promise<...>; ... 45 more ...; getAppVersion: () => Promise<...>; }'.
src/screens/adoption/AdoptionManagerScreen.tsx(356,15): error TS2322: Type '"small"' is not assignable to type '"sm" | "md" | "lg" | "xl"'.
src/screens/adoption/AdoptionManagerScreen.tsx(367,15): error TS2322: Type '"small"' is not assignable to type '"sm" | "md" | "lg" | "xl"'.
src/screens/adoption/AdoptionManagerScreen.tsx(435,17): error TS2322: Type '"small"' is not assignable to type '"sm" | "md" | "lg" | "xl"'.
src/screens/adoption/AdoptionManagerScreen.tsx(446,17): error TS2322: Type '"small"' is not assignable to type '"sm" | "md" | "lg" | "xl"'.
src/screens/adoption/AdoptionManagerScreen.tsx(481,13): error TS2322: Type '"small"' is not assignable to type '"sm" | "md" | "lg" | "xl"'.
src/screens/ai/AICompatibilityScreen.tsx(24,10): error TS2724: '"../../services/api"' has no exported member named '_aiAPI'. Did you mean 'aiAPI'?
src/screens/ai/AICompatibilityScreen.tsx(24,18): error TS2724: '"../../services/api"' has no exported member named '_petAPI'. Did you mean 'petAPI'?
src/screens/ai/AICompatibilityScreen.tsx(137,46): error TS2322: Type 'unknown' is not assignable to type 'Error | undefined'.
src/screens/ai/AICompatibilityScreen.tsx(206,56): error TS2322: Type 'unknown' is not assignable to type 'Error | undefined'.
src/screens/ai/AIPhotoAnalyzerScreen.tsx(110,46): error TS2322: Type 'unknown' is not assignable to type 'Error | undefined'.
src/screens/ai/AIPhotoAnalyzerScreen.tsx(146,45): error TS2322: Type 'unknown' is not assignable to type 'Error | undefined'.
src/screens/ai/AIPhotoAnalyzerScreen.tsx(160,30): error TS2304: Cannot find name 'aiAPI'.
src/screens/ai/AIPhotoAnalyzerScreen.tsx(210,48): error TS2322: Type 'unknown' is not assignable to type 'Error | undefined'.
src/screens/AIBioScreen.refactored.tsx(17,30): error TS2307: Cannot find module '../../theme/helpers' or its corresponding type declarations.
src/screens/AIBioScreen.refactored.tsx(183,24): error TS2304: Cannot find name 'getPrimaryColor'.
src/screens/AIBioScreen.refactored.tsx(197,22): error TS2304: Cannot find name 'getBackgroundColor'.
src/screens/AIBioScreen.refactored.tsx(205,24): error TS2304: Cannot find name 'getBorderColor'.
src/screens/AIBioScreen.refactored.tsx(206,22): error TS2304: Cannot find name 'getBackgroundColor'.
src/screens/AIBioScreen.refactored.tsx(237,18): error TS2304: Cannot find name 'getBorderColor'.
src/screens/AIBioScreen.refactored.tsx(243,22): error TS2304: Cannot find name 'getBackgroundColor'.
src/screens/AIBioScreen.refactored.tsx(257,22): error TS2304: Cannot find name 'getPrimaryColor'.
src/screens/AIBioScreen.refactored.tsx(262,18): error TS2304: Cannot find name 'getPrimaryColor'.
src/screens/AIBioScreen.refactored.tsx(276,12): error TS2304: Cannot find name 'getBackgroundColor'.
src/screens/AIBioScreen.refactored.tsx(280,12): error TS2304: Cannot find name 'getStatusColor'.
src/screens/AIBioScreen.refactored.tsx(303,18): error TS2304: Cannot find name 'getPrimaryColor'.
src/screens/AIBioScreen.refactored.tsx(305,22): error TS2304: Cannot find name 'getBackgroundColor'.
src/screens/AIBioScreen.refactored.tsx(310,12): error TS2304: Cannot find name 'getPrimaryColor'.
src/screens/AIBioScreen.tsx(144,13): error TS2353: Object literal may only specify known properties, and 'description' does not exist in type 'Partial<Pet>'.
src/screens/AICompatibilityScreen.tsx(82,24): error TS2339: Property 'pet1Id' does not exist on type '{}'.
src/screens/AICompatibilityScreen.tsx(82,49): error TS2339: Property 'pet2Id' does not exist on type '{}'.
src/screens/AICompatibilityScreen.tsx(84,37): error TS2339: Property 'pet1Id' does not exist on type '{}'.
src/screens/AICompatibilityScreen.tsx(84,58): error TS2339: Property 'pet2Id' does not exist on type '{}'.
src/screens/AICompatibilityScreen.tsx(93,24): error TS2345: Argument of type 'Pet[]' is not assignable to parameter of type 'SetStateAction<Pet[]>'.
  Type 'import("/Users/elvira/Desktop/pets2/packages/core/src/types/models").Pet[]' is not assignable to type 'Pet[]'.
    Type 'import("/Users/elvira/Desktop/pets2/packages/core/src/types/models").Pet' is not assignable to type 'Pet'.
      Types of property 'photos' are incompatible.
        Type '{ url: string; thumbnail: string; cloudinaryId: string; }[]' is not assignable to type 'string[]'.
          Type '{ url: string; thumbnail: string; cloudinaryId: string; }' is not assignable to type 'string'.
src/screens/AICompatibilityScreen.tsx(137,30): error TS2345: Argument of type 'AICompatibilityResponse' is not assignable to parameter of type 'SetStateAction<CompatibilityResult | null>'.
src/screens/AICompatibilityScreen.tsx(542,23): error TS2769: No overload matches this call.
  Overload 1 of 2, '(props: TouchableOpacityProps): TouchableOpacity', gave the following error.
    Type 'boolean | Pet | null' is not assignable to type 'boolean | undefined'.
      Type 'null' is not assignable to type 'boolean | undefined'.
  Overload 2 of 2, '(props: TouchableOpacityProps, context: any): TouchableOpacity', gave the following error.
    Type 'boolean | Pet | null' is not assignable to type 'boolean | undefined'.
      Type 'null' is not assignable to type 'boolean | undefined'.
src/screens/AIPhotoAnalyzerScreen.tsx(118,26): error TS2532: Object is possibly 'undefined'.
src/screens/AIPhotoAnalyzerScreen.tsx(138,35): error TS2551: Property 'analyzePhotos' does not exist on type '{ generateBio: (data: { petName: string; keywords: string[]; tone?: "playful" | "funny" | "professional" | "casual" | "romantic"; length?: "medium" | "short" | "long"; petType?: string; age?: number; breed?: string; }) => Promise<...>; analyzePhoto: (photoUrl: string) => Promise<...>; analyzeCompatibility: (data: { ...'. Did you mean 'analyzePhoto'?
src/screens/ARScentTrailsScreen.tsx(93,22): error TS2345: Argument of type '{ id: string; petName: string; petBreed: string; distance: string; direction: string | undefined; intensity: string | undefined; lastSeen: string; petPhoto: string | { url: string; thumbnail: string; cloudinaryId: string; }; }[]' is not assignable to parameter of type 'SetStateAction<{ id: string; petName: string; petBreed: string; distance: string; direction: string; intensity: string; lastSeen: string; petPhoto: string; }[]>'.
  Type '{ id: string; petName: string; petBreed: string; distance: string; direction: string | undefined; intensity: string | undefined; lastSeen: string; petPhoto: string | { url: string; thumbnail: string; cloudinaryId: string; }; }[]' is not assignable to type '{ id: string; petName: string; petBreed: string; distance: string; direction: string; intensity: string; lastSeen: string; petPhoto: string; }[]'.
    Type '{ id: string; petName: string; petBreed: string; distance: string; direction: string | undefined; intensity: string | undefined; lastSeen: string; petPhoto: string | { url: string; thumbnail: string; cloudinaryId: string; }; }' is not assignable to type '{ id: string; petName: string; petBreed: string; distance: string; direction: string; intensity: string; lastSeen: string; petPhoto: string; }'.
      Types of property 'direction' are incompatible.
        Type 'string | undefined' is not assignable to type 'string'.
          Type 'undefined' is not assignable to type 'string'.
src/screens/BlockedUsersScreen.tsx(50,23): error TS2345: Argument of type 'User[]' is not assignable to parameter of type 'SetStateAction<BlockedUser[]>'.
  Type 'User[]' is not assignable to type 'BlockedUser[]'.
    Type 'User' is missing the following properties from type 'BlockedUser': id, name, blockedAt
src/screens/calling/ActiveCallScreen.tsx(64,5): error TS2322: Type '{ dx: Value; dy: Value; } | null' is not assignable to type '((e: GestureResponderEvent, gestureState: PanResponderGestureState) => void) | undefined'.
  Type 'null' is not assignable to type '((e: GestureResponderEvent, gestureState: PanResponderGestureState) => void) | undefined'.
src/screens/community/CommunityScreen.tsx(23,8): error TS2307: Cannot find module 'react-native-heroicons/outline' or its corresponding type declarations.
src/screens/community/CommunityScreen.tsx(24,31): error TS2307: Cannot find module '../components/community/CommunityFeed' or its corresponding type declarations.
src/screens/community/CommunityScreen.tsx(25,30): error TS2307: Cannot find module '../services/communityAPI' or its corresponding type declarations.
src/screens/community/CommunityScreen.tsx(26,30): error TS2307: Cannot find module '../../stores/authStore' or its corresponding type declarations.
src/screens/ComponentShowcaseScreen.tsx(22,3): error TS2305: Module '"../components"' has no exported member 'Heading1'.
src/screens/ComponentShowcaseScreen.tsx(23,3): error TS2305: Module '"../components"' has no exported member 'Heading2'.
src/screens/ComponentShowcaseScreen.tsx(24,3): error TS2305: Module '"../components"' has no exported member 'Heading3'.
src/screens/ComponentShowcaseScreen.tsx(25,3): error TS2305: Module '"../components"' has no exported member 'Body'.
src/screens/ComponentShowcaseScreen.tsx(26,3): error TS2305: Module '"../components"' has no exported member 'BodySmall'.
src/screens/ComponentShowcaseScreen.tsx(27,3): error TS2305: Module '"../components"' has no exported member 'Label'.
src/screens/ComponentShowcaseScreen.tsx(34,30): error TS2307: Cannot find module '../../theme/helpers' or its corresponding type declarations.
src/screens/ComponentShowcaseScreen.tsx(92,11): error TS2339: Property 'start' does not exist on type '{ animatedStyle: { opacity: number; transform: { translateY: number; }[]; }; }'.
src/screens/ComponentShowcaseScreen.tsx(92,43): error TS2339: Property 'getAnimatedStyle' does not exist on type '{ animatedStyle: { opacity: number; transform: { translateY: number; }[]; }; }'.
src/screens/ComponentShowcaseScreen.tsx(96,7): error TS2554: Expected 0-2 arguments, but got 3.
src/screens/DeactivateAccountScreen.tsx(58,30): error TS2304: Cannot find name 'matchesAPI'.
src/screens/DeleteAccountScreen.tsx(112,46): error TS2379: Argument of type '{ password: string; reason: string; feedback: string | undefined; }' is not assignable to parameter of type '{ password: string; reason?: string; feedback?: string; }' with 'exactOptionalPropertyTypes: true'. Consider adding 'undefined' to the types of the target's properties.
  Types of property 'feedback' are incompatible.
    Type 'string | undefined' is not assignable to type 'string'.
      Type 'undefined' is not assignable to type 'string'.
src/screens/EditProfileScreen.tsx(48,18): error TS2339: Property 'phone' does not exist on type 'User'.
src/screens/EditProfileScreen.tsx(49,16): error TS2339: Property 'bio' does not exist on type 'User'.
src/screens/EditProfileScreen.tsx(50,31): error TS2339: Property 'address' does not exist on type '{ type: "Point"; coordinates: [number, number]; }'.
src/screens/EditProfileScreen.tsx(62,20): error TS2339: Property 'phone' does not exist on type 'User'.
src/screens/EditProfileScreen.tsx(63,18): error TS2339: Property 'bio' does not exist on type 'User'.
src/screens/EditProfileScreen.tsx(64,33): error TS2339: Property 'address' does not exist on type '{ type: "Point"; coordinates: [number, number]; }'.
src/screens/ForgotPasswordScreen.tsx(60,30): error TS2304: Cannot find name 'authAPI'.
src/screens/ForgotPasswordScreen.tsx(121,39): error TS2769: No overload matches this call.
  Overload 1 of 2, '(props: TextInputProps): TextInput', gave the following error.
    Type '"" | { borderColor: string; } | undefined' is not assignable to type 'TextStyle | Falsy | RegisteredStyle<TextStyle> | RecursiveArray<TextStyle | Falsy | RegisteredStyle<TextStyle>> | readonly (TextStyle | ... 1 more ... | RegisteredStyle<...>)[]'.
      Type '""' is not assignable to type 'TextStyle | Falsy | RegisteredStyle<TextStyle> | RecursiveArray<TextStyle | Falsy | RegisteredStyle<TextStyle>> | readonly (TextStyle | ... 1 more ... | RegisteredStyle<...>)[]'.
  Overload 2 of 2, '(props: TextInputProps, context: any): TextInput', gave the following error.
    Type '"" | { borderColor: string; } | undefined' is not assignable to type 'TextStyle | Falsy | RegisteredStyle<TextStyle> | RecursiveArray<TextStyle | Falsy | RegisteredStyle<TextStyle>> | readonly (TextStyle | ... 1 more ... | RegisteredStyle<...>)[]'.
      Type '""' is not assignable to type 'TextStyle | Falsy | RegisteredStyle<TextStyle> | RecursiveArray<TextStyle | Falsy | RegisteredStyle<TextStyle>> | readonly (TextStyle | ... 1 more ... | RegisteredStyle<...>)[]'.
src/screens/HomeScreen.tsx(12,3): error TS2614: Module '"../components/typography/HyperTextSkia"' has no exported member 'Body'. Did you mean to use 'import Body from "../components/typography/HyperTextSkia"' instead?
src/screens/HomeScreen.tsx(13,3): error TS2614: Module '"../components/typography/HyperTextSkia"' has no exported member 'BodySmall'. Did you mean to use 'import BodySmall from "../components/typography/HyperTextSkia"' instead?
src/screens/HomeScreen.tsx(14,3): error TS2614: Module '"../components/typography/HyperTextSkia"' has no exported member 'Caption'. Did you mean to use 'import Caption from "../components/typography/HyperTextSkia"' instead?
src/screens/HomeScreen.tsx(15,3): error TS2614: Module '"../components/typography/HyperTextSkia"' has no exported member 'GradientText'. Did you mean to use 'import GradientText from "../components/typography/HyperTextSkia"' instead?
src/screens/HomeScreen.tsx(16,3): error TS2614: Module '"../components/typography/HyperTextSkia"' has no exported member 'HolographicText'. Did you mean to use 'import HolographicText from "../components/typography/HyperTextSkia"' instead?
src/screens/HomeScreen.tsx(17,3): error TS2614: Module '"../components/typography/HyperTextSkia"' has no exported member 'Heading2'. Did you mean to use 'import Heading2 from "../components/typography/HyperTextSkia"' instead?
src/screens/LoginScreen.tsx(112,15): error TS2379: Argument of type 'UserProfileResponse' is not assignable to parameter of type 'User' with 'exactOptionalPropertyTypes: true'. Consider adding 'undefined' to the types of the target's properties.
  Property 'role' is missing in type 'UserProfileResponse' but required in type 'User'.
src/screens/LoginScreen.tsx(157,19): error TS2379: Argument of type 'UserProfileResponse' is not assignable to parameter of type 'User' with 'exactOptionalPropertyTypes: true'. Consider adding 'undefined' to the types of the target's properties.
  Property 'role' is missing in type 'UserProfileResponse' but required in type 'User'.
src/screens/ManageSubscriptionScreen.tsx(18,10): error TS2724: '"../services/api"' has no exported member named '_subscriptionAPI'. Did you mean 'subscriptionAPI'?
src/screens/MapScreen.tsx(547,51): error TS2769: No overload matches this call.
  Overload 1 of 2, '(props: ViewProps): View', gave the following error.
    Type '{ left: string; }' is not assignable to type 'ViewStyle | Falsy | RegisteredStyle<ViewStyle> | RecursiveArray<ViewStyle | Falsy | RegisteredStyle<ViewStyle>> | readonly (ViewStyle | ... 1 more ... | RegisteredStyle<...>)[]'.
      Types of property 'left' are incompatible.
        Type 'string' is not assignable to type 'DimensionValue | undefined'.
  Overload 2 of 2, '(props: ViewProps, context: any): View', gave the following error.
    Type '{ left: string; }' is not assignable to type 'ViewStyle | Falsy | RegisteredStyle<ViewStyle> | RecursiveArray<ViewStyle | Falsy | RegisteredStyle<ViewStyle>> | readonly (ViewStyle | ... 1 more ... | RegisteredStyle<...>)[]'.
      Types of property 'left' are incompatible.
        Type 'string' is not assignable to type 'DimensionValue | undefined'.
src/screens/MatchesScreen.tsx(120,26): error TS2345: Argument of type 'Match[]' is not assignable to parameter of type 'SetStateAction<Match[]>'.
  Type 'import("/Users/elvira/Desktop/pets2/apps/mobile/src/hooks/useMatchesData").Match[]' is not assignable to type 'import("/Users/elvira/Desktop/pets2/packages/core/src/types/models").Match[]'.
    Type 'Match' is missing the following properties from type 'Match': pet1, pet2, status
src/screens/MatchesScreen.tsx(150,26): error TS2345: Argument of type 'Match[]' is not assignable to parameter of type 'SetStateAction<Match[]>'.
  Type 'import("/Users/elvira/Desktop/pets2/apps/mobile/src/hooks/useMatchesData").Match[]' is not assignable to type 'import("/Users/elvira/Desktop/pets2/packages/core/src/types/models").Match[]'.
    Type 'Match' is missing the following properties from type 'Match': pet1, pet2, status
src/screens/MatchesScreen.tsx(152,26): error TS2345: Argument of type 'Match[]' is not assignable to parameter of type 'SetStateAction<Match[]>'.
  Type 'import("/Users/elvira/Desktop/pets2/apps/mobile/src/hooks/useMatchesData").Match[]' is not assignable to type 'import("/Users/elvira/Desktop/pets2/packages/core/src/types/models").Match[]'.
    Type 'Match' is missing the following properties from type 'Match': pet1, pet2, status
src/screens/MatchesScreen.tsx(233,13): error TS2375: Type '{ type: "filter"; onPress: () => Promise<void>; variant: "glass"; haptic: "light"; disabled: boolean; badge: number | undefined; }' is not assignable to type 'HeaderButton' with 'exactOptionalPropertyTypes: true'. Consider adding 'undefined' to the types of the target's properties.
  Types of property 'badge' are incompatible.
    Type 'number | undefined' is not assignable to type 'number'.
      Type 'undefined' is not assignable to type 'number'.
src/screens/MatchesScreen.tsx(264,9): error TS2769: No overload matches this call.
  Overload 1 of 2, '(props: FlatListProps<Match>): FlatList<Match>', gave the following error.
    Type 'Match[] | Match[]' is not assignable to type 'ArrayLike<Match> | null | undefined'.
      Type 'Match[]' is not assignable to type 'ArrayLike<Match>'.
        'number' index signatures are incompatible.
          Type 'Match' is missing the following properties from type 'Match': pet1, pet2, status
  Overload 2 of 2, '(props: FlatListProps<Match>, context: any): FlatList<Match>', gave the following error.
    Type 'Match[] | Match[]' is not assignable to type 'ArrayLike<Match> | null | undefined'.
      Type 'Match[]' is not assignable to type 'ArrayLike<Match>'.
        'number' index signatures are incompatible.
          Type 'Match' is missing the following properties from type 'Match': pet1, pet2, status
src/screens/MatchesScreen.tsx(267,13): error TS2739: Type 'Match' is missing the following properties from type '{ _id: string; petId: string; petName: string; petPhoto: string; petAge: number; petBreed: string; lastMessage: { content: string; timestamp: string; senderId: string; }; isOnline: boolean; matchedAt: string; unreadCount: number; }': petId, petPhoto, unreadCount
src/screens/MemoryWeaveScreen.tsx(338,22): error TS18048: 'nextPoint' is possibly 'undefined'.
src/screens/MemoryWeaveScreen.tsx(339,24): error TS18048: 'nextPoint' is possibly 'undefined'.
src/screens/MemoryWeaveScreen.tsx(342,25): error TS18048: 'nextPoint' is possibly 'undefined'.
src/screens/MemoryWeaveScreen.tsx(342,48): error TS18048: 'nextPoint' is possibly 'undefined'.
src/screens/MemoryWeaveScreen.tsx(440,11): error TS2769: No overload matches this call.
  Overload 1 of 2, '(props: ScrollViewProps): ScrollView', gave the following error.
    Type '{ nativeEvent: { contentOffset: { x: Animated.Value; }; }; }' is not assignable to type '(event: NativeSyntheticEvent<NativeScrollEvent>) => void'.
      Type '{ nativeEvent: { contentOffset: { x: Value; }; }; }' provides no match for the signature '(event: NativeSyntheticEvent<NativeScrollEvent>): void'.
  Overload 2 of 2, '(props: ScrollViewProps, context: any): ScrollView', gave the following error.
    Type '{ nativeEvent: { contentOffset: { x: Animated.Value; }; }; }' is not assignable to type '(event: NativeSyntheticEvent<NativeScrollEvent>) => void'.
      Type '{ nativeEvent: { contentOffset: { x: Value; }; }; }' provides no match for the signature '(event: NativeSyntheticEvent<NativeScrollEvent>): void'.
src/screens/ModernCreatePetScreen.tsx(32,3): error TS2305: Module '"../components"' has no exported member 'Heading2'.
src/screens/ModernCreatePetScreen.tsx(33,3): error TS2305: Module '"../components"' has no exported member 'BodySmall'.
src/screens/ModernCreatePetScreen.tsx(34,3): error TS2305: Module '"../components"' has no exported member 'Label'.
src/screens/ModernSwipeScreen.tsx(15,3): error TS2305: Module '"@pawfectmatch/core"' has no exported member 'useSwipeLogic'.
src/screens/ModernSwipeScreen.tsx(31,3): error TS2305: Module '"../components"' has no exported member 'Heading1'.
src/screens/ModernSwipeScreen.tsx(32,3): error TS2305: Module '"../components"' has no exported member 'Heading2'.
src/screens/ModernSwipeScreen.tsx(33,3): error TS2305: Module '"../components"' has no exported member 'Body'.
src/screens/ModernSwipeScreen.tsx(34,3): error TS2305: Module '"../components"' has no exported member 'BodySmall'.
src/screens/ModernSwipeScreen.tsx(43,30): error TS2307: Cannot find module '../../theme/helpers' or its corresponding type declarations.
src/screens/ModernSwipeScreen.tsx(77,15): error TS7006: Parameter 'result' implicitly has an 'any' type.
src/screens/ModernSwipeScreen.tsx(85,11): error TS2339: Property 'start' does not exist on type '{ animatedStyle: { opacity: number; transform: { translateY: number; }[]; }; }'.
src/screens/ModernSwipeScreen.tsx(85,43): error TS2339: Property 'getAnimatedStyle' does not exist on type '{ animatedStyle: { opacity: number; transform: { translateY: number; }[]; }; }'.
src/screens/ModernSwipeScreen.tsx(89,7): error TS2554: Expected 0-2 arguments, but got 3.
src/screens/ModernSwipeScreen.tsx(128,20): error TS2339: Property 'description' does not exist on type 'Pet'.
src/screens/ModernSwipeScreen.tsx(246,24): error TS2304: Cannot find name 'getStatusColor'.
src/screens/ModernSwipeScreen.tsx(252,22): error TS2304: Cannot find name 'getStatusColor'.
src/screens/ModernSwipeScreen.tsx(276,22): error TS2304: Cannot find name 'getPrimaryColor'.
src/screens/ModernSwipeScreen.tsx(399,29): error TS2339: Property 'description' does not exist on type 'Pet'.
src/screens/ModernSwipeScreen.tsx(405,11): error TS2322: Type '(pet: Pet) => Promise<void>' is not assignable to type '(pet: Pet) => void'.
  Types of parameters 'pet' and 'pet' are incompatible.
    Type 'Pet' is missing the following properties from type 'Pet': owner, species, gender, size, and 6 more.
src/screens/ModernSwipeScreen.tsx(406,11): error TS2322: Type '(pet: Pet) => Promise<void>' is not assignable to type '(pet: Pet) => void'.
  Types of parameters 'pet' and 'pet' are incompatible.
    Type 'Pet' is missing the following properties from type 'Pet': owner, species, gender, size, and 6 more.
src/screens/ModernSwipeScreen.tsx(407,11): error TS2322: Type '(pet: Pet) => Promise<void>' is not assignable to type '(pet: Pet) => void'.
  Types of parameters 'pet' and 'pet' are incompatible.
    Type 'Pet' is missing the following properties from type 'Pet': owner, species, gender, size, and 6 more.
src/screens/ModernSwipeScreen.tsx(414,14): error TS2741: Property 'children' is missing in type '{ style: { width: number; height: number; transform: { scale: number; }[]; opacity: number; }; }' but required in type 'Omit<FXContainerProps, "type">'.
src/screens/ModernSwipeScreen.tsx(467,16): error TS2741: Property 'children' is missing in type '{ type: "glow"; hasGlow: true; style: { width: number; height: number; borderRadius: number; }; }' but required in type 'FXContainerProps'.
src/screens/ModernSwipeScreen.tsx(539,12): error TS2304: Cannot find name 'getStatusColor'.
src/screens/MyPetsScreen.tsx(45,24): error TS2339: Property 'data' does not exist on type 'Pet[]'.
src/screens/MyPetsScreen.tsx(137,45): error TS2339: Property 'isPrimary' does not exist on type '{ url: string; thumbnail: string; cloudinaryId: string; }'.
src/screens/MyPetsScreen.tsx(194,51): error TS2339: Property 'analytics' does not exist on type 'Pet'.
src/screens/MyPetsScreen.tsx(198,51): error TS2339: Property 'analytics' does not exist on type 'Pet'.
src/screens/MyPetsScreen.tsx(202,51): error TS2339: Property 'analytics' does not exist on type 'Pet'.
src/screens/NewComponentsTestScreen.tsx(13,30): error TS2307: Cannot find module '../../theme/helpers' or its corresponding type declarations.
src/screens/NewComponentsTestScreen.tsx(23,3): error TS2305: Module '"../components/NewComponents"' has no exported member 'Heading1'.
src/screens/NewComponentsTestScreen.tsx(24,3): error TS2305: Module '"../components/NewComponents"' has no exported member 'Heading2'.
src/screens/NewComponentsTestScreen.tsx(25,3): error TS2305: Module '"../components/NewComponents"' has no exported member 'Heading3'.
src/screens/NewComponentsTestScreen.tsx(26,3): error TS2305: Module '"../components/NewComponents"' has no exported member 'Body'.
src/screens/NewComponentsTestScreen.tsx(27,3): error TS2305: Module '"../components/NewComponents"' has no exported member 'BodySmall'.
src/screens/NewComponentsTestScreen.tsx(28,3): error TS2305: Module '"../components/NewComponents"' has no exported member 'Label'.
src/screens/NewComponentsTestScreen.tsx(29,3): error TS2305: Module '"../components/NewComponents"' has no exported member 'useStaggeredAnimation'.
src/screens/onboarding/WelcomeScreen.tsx(437,13): error TS2322: Type '{ title: string; size: "lg"; leftIcon: string; onPress: () => Promise<void>; gradient: string[]; style: ViewStyle; }' is not assignable to type 'IntrinsicAttributes & EliteButtonProps'.
  Property 'leftIcon' does not exist on type 'IntrinsicAttributes & EliteButtonProps'.
src/screens/premium/PremiumPurchaseScreen.tsx(17,28): error TS2307: Cannot find module '../hooks/usePremium' or its corresponding type declarations.
src/screens/premium/PremiumPurchaseScreen.tsx(18,55): error TS2307: Cannot find module '../services/PremiumService' or its corresponding type declarations.
src/screens/premium/PremiumPurchaseScreen.tsx(20,30): error TS2307: Cannot find module './PremiumGate' or its corresponding type declarations.
src/screens/premium/PremiumPurchaseScreen.tsx(208,41): error TS7006: Parameter 'feature' implicitly has an 'any' type.
src/screens/premium/PremiumPurchaseScreen.tsx(208,50): error TS7006: Parameter 'index' implicitly has an 'any' type.
src/screens/premium/SubscriptionManagerScreen.tsx(18,10): error TS2724: '"../../services/api"' has no exported member named '_subscriptionAPI'. Did you mean 'subscriptionAPI'?
src/screens/premium/SubscriptionSuccessScreen.tsx(100,17): error TS2339: Property 'analyticsAPI' does not exist on type 'typeof import("/Users/elvira/Desktop/pets2/apps/mobile/src/services/api")'.
src/screens/premium/SubscriptionSuccessScreen.tsx(100,40): error TS1323: Dynamic imports are only supported when the '--module' flag is set to 'es2020', 'es2022', 'esnext', 'commonjs', 'amd', 'system', 'umd', 'node16', 'node18', 'node20', or 'nodenext'.
src/screens/PremiumDemoScreen.tsx(84,5): error TS2322: Type '"sunset"' is not assignable to type '"primary" | "secondary" | "premium"'.
src/screens/PremiumDemoScreen.tsx(85,5): error TS2322: Type '"ocean"' is not assignable to type '"primary" | "secondary" | "premium"'.
src/screens/PremiumDemoScreen.tsx(103,43): error TS2339: Property 'gradient' does not exist on type '{ readonly shadow: { readonly glow: TextStyle; readonly subtle: TextStyle; readonly strong: TextStyle; }; }'.
src/screens/PremiumDemoScreen.tsx(116,16): error TS2375: Type '{ title: string; variant: any; size: "lg"; magneticEffect: true; glowEffect: boolean; gradientName: "primary" | "secondary" | "premium" | undefined; hapticFeedback: true; soundEffect: false; onPress: () => void; style: { ...; }; }' is not assignable to type 'InteractiveButtonProps' with 'exactOptionalPropertyTypes: true'. Consider adding 'undefined' to the types of the target's properties.
  Types of property 'gradientName' are incompatible.
    Type '"primary" | "secondary" | "premium" | undefined' is not assignable to type '"primary" | "secondary" | "premium"'.
      Type 'undefined' is not assignable to type '"primary" | "secondary" | "premium"'.
src/screens/PremiumDemoScreen.tsx(195,43): error TS2339: Property 'gradient' does not exist on type '{ readonly shadow: { readonly glow: TextStyle; readonly subtle: TextStyle; readonly strong: TextStyle; }; }'.
src/screens/PremiumDemoScreen.tsx(207,14): error TS2375: Type '{ children: Element; key: "default" | "glass" | "holographic" | "elevated"; variant: any; size: "lg"; tiltEnabled: true; magneticHover: true; shimmerEffect: boolean; entranceAnimation: "scaleIn"; gradientName: "primary" | ... 2 more ... | undefined; glowColor: "primary" | undefined; style: { ...; }; onPress: () => v...' is not assignable to type 'ImmersiveCardProps' with 'exactOptionalPropertyTypes: true'. Consider adding 'undefined' to the types of the target's properties.
  Types of property 'gradientName' are incompatible.
    Type '"primary" | "secondary" | "premium" | undefined' is not assignable to type '"primary" | "secondary" | "premium"'.
      Type 'undefined' is not assignable to type '"primary" | "secondary" | "premium"'.
src/screens/PremiumDemoScreen.tsx(311,59): error TS2339: Property 'backgroundColor' does not exist on type '{ readonly blurIntensity: 20; readonly overlayStyle: ViewStyle; }'.
src/screens/PremiumDemoScreen.tsx(344,11): error TS2769: No overload matches this call.
  Overload 1 of 2, '(props: LinearGradientProps): LinearGradient', gave the following error.
    The type 'readonly [0, 0.5, 1]' is 'readonly' and cannot be assigned to the mutable type 'number[]'.
  Overload 2 of 2, '(props: LinearGradientProps, context: any): LinearGradient', gave the following error.
    The type 'readonly [0, 0.5, 1]' is 'readonly' and cannot be assigned to the mutable type 'number[]'.
src/screens/PremiumDemoScreen.tsx(397,20): error TS7053: Element implicitly has an 'any' type because expression of type '"medium" | "strong" | "subtle"' can't be used to index type '{ readonly light: { readonly blurIntensity: 10; readonly overlayStyle: ViewStyle; }; readonly medium: { readonly blurIntensity: 20; readonly overlayStyle: ViewStyle; }; readonly strong: { ...; }; }'.
  Property 'subtle' does not exist on type '{ readonly light: { readonly blurIntensity: 10; readonly overlayStyle: ViewStyle; }; readonly medium: { readonly blurIntensity: 20; readonly overlayStyle: ViewStyle; }; readonly strong: { ...; }; }'.
src/screens/PremiumDemoScreen.tsx(451,9): error TS2769: No overload matches this call.
  Overload 1 of 2, '(props: LinearGradientProps): LinearGradient', gave the following error.
    The type 'readonly [0, 1]' is 'readonly' and cannot be assigned to the mutable type 'number[]'.
  Overload 2 of 2, '(props: LinearGradientProps, context: any): LinearGradient', gave the following error.
    The type 'readonly [0, 1]' is 'readonly' and cannot be assigned to the mutable type 'number[]'.
src/screens/PremiumDemoScreen.tsx(495,16): error TS2375: Type '{ key: string; title: string; variant: "glass" | "holographic"; size: "md"; magneticEffect: true; glowEffect: boolean; gradientName: "premium" | undefined; onPress: () => void; style: { marginBottom: number; }; }' is not assignable to type 'InteractiveButtonProps' with 'exactOptionalPropertyTypes: true'. Consider adding 'undefined' to the types of the target's properties.
  Types of property 'gradientName' are incompatible.
    Type '"premium" | undefined' is not assignable to type '"primary" | "secondary" | "premium"'.
      Type 'undefined' is not assignable to type '"primary" | "secondary" | "premium"'.
src/screens/PremiumScreen.tsx(27,3): error TS2614: Module '"../components/typography/HyperTextSkia"' has no exported member 'ModernText'. Did you mean to use 'import ModernText from "../components/typography/HyperTextSkia"' instead?
src/screens/PremiumScreen.tsx(28,3): error TS2614: Module '"../components/typography/HyperTextSkia"' has no exported member 'Heading1'. Did you mean to use 'import Heading1 from "../components/typography/HyperTextSkia"' instead?
src/screens/PremiumScreen.tsx(29,3): error TS2614: Module '"../components/typography/HyperTextSkia"' has no exported member 'Heading2'. Did you mean to use 'import Heading2 from "../components/typography/HyperTextSkia"' instead?
src/screens/PremiumScreen.tsx(30,3): error TS2614: Module '"../components/typography/HyperTextSkia"' has no exported member 'Heading3'. Did you mean to use 'import Heading3 from "../components/typography/HyperTextSkia"' instead?
src/screens/PremiumScreen.tsx(31,3): error TS2614: Module '"../components/typography/HyperTextSkia"' has no exported member 'Body'. Did you mean to use 'import Body from "../components/typography/HyperTextSkia"' instead?
src/screens/PremiumScreen.tsx(32,3): error TS2614: Module '"../components/typography/HyperTextSkia"' has no exported member 'BodySmall'. Did you mean to use 'import BodySmall from "../components/typography/HyperTextSkia"' instead?
src/screens/PremiumScreen.tsx(33,3): error TS2614: Module '"../components/typography/HyperTextSkia"' has no exported member 'Caption'. Did you mean to use 'import Caption from "../components/typography/HyperTextSkia"' instead?
src/screens/PremiumScreen.tsx(34,3): error TS2614: Module '"../components/typography/HyperTextSkia"' has no exported member 'Label'. Did you mean to use 'import Label from "../components/typography/HyperTextSkia"' instead?
src/screens/PremiumScreen.tsx(35,3): error TS2614: Module '"../components/typography/HyperTextSkia"' has no exported member 'ButtonText'. Did you mean to use 'import ButtonText from "../components/typography/HyperTextSkia"' instead?
src/screens/PremiumScreen.tsx(36,3): error TS2614: Module '"../components/typography/HyperTextSkia"' has no exported member 'GradientHeading'. Did you mean to use 'import GradientHeading from "../components/typography/HyperTextSkia"' instead?
src/screens/PremiumScreen.tsx(37,3): error TS2614: Module '"../components/typography/HyperTextSkia"' has no exported member 'GradientText'. Did you mean to use 'import GradientText from "../components/typography/HyperTextSkia"' instead?
src/screens/PremiumScreen.tsx(38,3): error TS2614: Module '"../components/typography/HyperTextSkia"' has no exported member 'HolographicText'. Did you mean to use 'import HolographicText from "../components/typography/HyperTextSkia"' instead?
src/screens/ProfileScreen.tsx(5,15): error TS2300: Duplicate identifier 'NativeStackScreenProps'.
src/screens/ProfileScreen.tsx(36,15): error TS2300: Duplicate identifier 'NativeStackScreenProps'.
src/screens/ProTextShowcaseScreen.tsx(278,20): error TS2375: Type '{ children: string; fontSrc: number | undefined; }' is not assignable to type '{ fontSrc?: number; children: string; }' with 'exactOptionalPropertyTypes: true'. Consider adding 'undefined' to the types of the target's properties.
  Types of property 'fontSrc' are incompatible.
    Type 'number | undefined' is not assignable to type 'number'.
      Type 'undefined' is not assignable to type 'number'.
src/screens/RegisterScreen.tsx(20,10): error TS2614: Module '"../components/typography/HyperTextSkia"' has no exported member 'ModernText'. Did you mean to use 'import ModernText from "../components/typography/HyperTextSkia"' instead?
src/screens/RegisterScreen.tsx(181,51): error TS2345: Argument of type '{ email: string; password: string; name: string; firstName: string; lastName: string; dateOfBirth: string; }' is not assignable to parameter of type 'RegisterData'.
  Property 'confirmPassword' is missing in type '{ email: string; password: string; name: string; firstName: string; lastName: string; dateOfBirth: string; }' but required in type 'RegisterData'.
src/screens/RegisterScreen.tsx(184,15): error TS2379: Argument of type 'UserProfileResponse' is not assignable to parameter of type 'User' with 'exactOptionalPropertyTypes: true'. Consider adding 'undefined' to the types of the target's properties.
  Property 'role' is missing in type 'UserProfileResponse' but required in type 'User'.
src/screens/RegisterScreen.tsx(213,70): error TS2339: Property 'id' does not exist on type 'UserProfileResponse'.
src/screens/SettingsScreen.tsx(24,3): error TS2614: Module '"../components/typography/HyperTextSkia"' has no exported member 'ModernText'. Did you mean to use 'import ModernText from "../components/typography/HyperTextSkia"' instead?
src/screens/SettingsScreen.tsx(25,3): error TS2614: Module '"../components/typography/HyperTextSkia"' has no exported member 'Heading1'. Did you mean to use 'import Heading1 from "../components/typography/HyperTextSkia"' instead?
src/screens/SettingsScreen.tsx(26,3): error TS2614: Module '"../components/typography/HyperTextSkia"' has no exported member 'Heading2'. Did you mean to use 'import Heading2 from "../components/typography/HyperTextSkia"' instead?
src/screens/SettingsScreen.tsx(27,3): error TS2614: Module '"../components/typography/HyperTextSkia"' has no exported member 'Heading3'. Did you mean to use 'import Heading3 from "../components/typography/HyperTextSkia"' instead?
src/screens/SettingsScreen.tsx(28,3): error TS2614: Module '"../components/typography/HyperTextSkia"' has no exported member 'Body'. Did you mean to use 'import Body from "../components/typography/HyperTextSkia"' instead?
src/screens/SettingsScreen.tsx(29,3): error TS2614: Module '"../components/typography/HyperTextSkia"' has no exported member 'BodySmall'. Did you mean to use 'import BodySmall from "../components/typography/HyperTextSkia"' instead?
src/screens/SettingsScreen.tsx(30,3): error TS2614: Module '"../components/typography/HyperTextSkia"' has no exported member 'Caption'. Did you mean to use 'import Caption from "../components/typography/HyperTextSkia"' instead?
src/screens/SettingsScreen.tsx(31,3): error TS2614: Module '"../components/typography/HyperTextSkia"' has no exported member 'Label'. Did you mean to use 'import Label from "../components/typography/HyperTextSkia"' instead?
src/screens/SettingsScreen.tsx(32,3): error TS2614: Module '"../components/typography/HyperTextSkia"' has no exported member 'ButtonText'. Did you mean to use 'import ButtonText from "../components/typography/HyperTextSkia"' instead?
src/screens/SettingsScreen.tsx(428,19): error TS2322: Type '"minimal"' is not assignable to type '"primary" | "secondary" | "glass" | "holographic" | "neon"'.
src/screens/StoriesScreen.tsx(115,23): error TS2339: Property 'stories' does not exist on type 'ApiSuccessResponse<StoriesFeedResponse>'.
src/screens/StoriesScreen.tsx(124,5): error TS2322: Type '(storyId: string) => Promise<ApiSuccessResponse<ViewStoryResponse>>' is not assignable to type 'MutationFunction<ViewStoryResponse, string>'.
  Type 'Promise<ApiSuccessResponse<ViewStoryResponse>>' is not assignable to type 'Promise<ViewStoryResponse>'.
    Property 'viewCount' is missing in type 'ApiSuccessResponse<ViewStoryResponse>' but required in type 'ViewStoryResponse'.
src/screens/SwipeScreen.tsx(113,26): error TS2304: Cannot find name 'data'.
src/screens/SwipeScreen.tsx(146,9): error TS2304: Cannot find name 'actions'.
src/screens/SwipeScreen.tsx(155,11): error TS2304: Cannot find name 'actions'.
src/screens/SwipeScreen.tsx(156,11): error TS2304: Cannot find name 'actions'.
src/screens/SwipeScreen.tsx(160,16): error TS2304: Cannot find name 'actions'.
src/screens/SwipeScreen.tsx(160,25): error TS2304: Cannot find name 'data'.
src/screens/SwipeScreen.tsx(178,55): error TS2339: Property 'Rigid' does not exist on type 'typeof ImpactFeedbackStyle'.
src/screens/SwipeScreen.tsx(181,7): error TS2304: Cannot find name 'actions'.
src/screens/SwipeScreen.tsx(190,46): error TS2304: Cannot find name 'actions'.
src/screens/SwipeScreen.tsx(245,5): error TS2304: Cannot find name 'actions'.
src/screens/SwipeScreen.tsx(246,7): error TS2304: Cannot find name 'actions'.
src/screens/SwipeScreen.tsx(249,13): error TS7030: Not all code paths return a value.
src/screens/SwipeScreen.tsx(261,7): error TS2304: Cannot find name 'data'.
src/screens/SwipeScreen.tsx(265,10): error TS2304: Cannot find name 'EliteLoading'.
src/screens/SwipeScreen.tsx(281,10): error TS2739: Type '{}' is missing the following properties from type 'EmptyStateProps': type, title, subtitle, buttonTitle, onButtonPress
src/screens/SwipeScreen.tsx(311,10): error TS2741: Property 'onFiltersChange' is missing in type '{ filters: SwipeFilters; onApplyFilters: () => void; }' but required in type 'SwipeFiltersProps'.
src/screens/SwipeScreen.tsx(336,15): error TS2322: Type 'Pet | undefined' is not assignable to type 'Pet'.
  Type 'undefined' is not assignable to type 'Pet'.
src/screens/SwipeScreen.tsx(371,9): error TS2322: Type '{ isVisible: boolean; pet: Pet | null; onKeepSwiping: () => void; onSendMessage: () => void; }' is not assignable to type 'IntrinsicAttributes & MatchModalProps'.
  Property 'isVisible' does not exist on type 'IntrinsicAttributes & MatchModalProps'.
src/services/adminUsersService.ts(61,3): error TS2375: Type '{ id: string; firstName: string; lastName: string; email: string; role: string; status: AdminUserStatus; verified: boolean; createdAt: string; lastLoginAt: string | undefined; petsCount: number; matchesCount: number; messagesCount: number; }' is not assignable to type 'AdminUserSummary' with 'exactOptionalPropertyTypes: true'. Consider adding 'undefined' to the types of the target's properties.
  Types of property 'lastLoginAt' are incompatible.
    Type 'string | undefined' is not assignable to type 'string'.
      Type 'undefined' is not assignable to type 'string'.
src/services/AnalyticsService.ts(62,11): error TS2416: Property 'config' in type 'AnalyticsService' is not assignable to the same property in base type 'BaseService'.
  Property 'baseUrl' is missing in type 'AnalyticsConfig' but required in type 'ServiceConfig'.
src/services/AnalyticsService.ts(62,11): error TS4114: This member must have an 'override' modifier because it overrides a member in the base class 'BaseService'.
src/services/AuthService.ts(282,9): error TS2322: Type 'AuthResponse | null' is not assignable to type 'boolean'.
  Type 'null' is not assignable to type 'boolean'.
src/services/AuthService.ts(287,9): error TS2322: Type 'AuthResponse | null' is not assignable to type 'boolean'.
  Type 'null' is not assignable to type 'boolean'.
src/services/AuthService.ts(722,62): error TS2339: Property 'id' does not exist on type '{ _id: string; email: string; firstName: string; lastName: string; avatar?: string; location: { type: "Point"; coordinates: [number, number]; }; premium: { isActive: boolean; plan: "basic" | "premium" | "gold"; expiresAt?: string; }; profileComplete: boolean; subscriptionStatus: "premium" | ... 1 more ... | "premium...'.
src/services/AuthService.ts(794,17): error TS2339: Property 'apiClient' does not exist on type 'typeof import("/Users/elvira/Desktop/pets2/apps/mobile/src/services/apiClient")'.
src/services/AuthService.ts(794,37): error TS1323: Dynamic imports are only supported when the '--module' flag is set to 'es2020', 'es2022', 'esnext', 'commonjs', 'amd', 'system', 'umd', 'node16', 'node18', 'node20', or 'nodenext'.
src/services/AuthService.ts(820,17): error TS2339: Property 'apiClient' does not exist on type 'typeof import("/Users/elvira/Desktop/pets2/apps/mobile/src/services/apiClient")'.
src/services/AuthService.ts(820,37): error TS1323: Dynamic imports are only supported when the '--module' flag is set to 'es2020', 'es2022', 'esnext', 'commonjs', 'amd', 'system', 'umd', 'node16', 'node18', 'node20', or 'nodenext'.
src/services/BaseService.ts(334,25): error TS2345: Argument of type 'string | undefined' is not assignable to parameter of type 'string'.
  Type 'undefined' is not assignable to type 'string'.
src/services/communityAPI.ts(98,34): error TS2339: Property 'get' does not exist on type '{ auth: { login: (credentials: { email: string; password: string; }) => Promise<AuthResponse>; register: (data: { email: string; password: string; firstName: string; lastName: string; }) => Promise<...>; ... 5 more ...; logout: () => Promise<...>; }; ... 54 more ...; getAppVersion: () => Promise<...>; }'.
src/services/communityAPI.ts(113,34): error TS2339: Property 'post' does not exist on type '{ auth: { login: (credentials: { email: string; password: string; }) => Promise<AuthResponse>; register: (data: { email: string; password: string; firstName: string; lastName: string; }) => Promise<...>; ... 5 more ...; logout: () => Promise<...>; }; ... 54 more ...; getAppVersion: () => Promise<...>; }'.
src/services/communityAPI.ts(126,34): error TS2339: Property 'post' does not exist on type '{ auth: { login: (credentials: { email: string; password: string; }) => Promise<AuthResponse>; register: (data: { email: string; password: string; firstName: string; lastName: string; }) => Promise<...>; ... 5 more ...; logout: () => Promise<...>; }; ... 54 more ...; getAppVersion: () => Promise<...>; }'.
src/services/communityAPI.ts(139,34): error TS2339: Property 'post' does not exist on type '{ auth: { login: (credentials: { email: string; password: string; }) => Promise<AuthResponse>; register: (data: { email: string; password: string; firstName: string; lastName: string; }) => Promise<...>; ... 5 more ...; logout: () => Promise<...>; }; ... 54 more ...; getAppVersion: () => Promise<...>; }'.
src/services/communityAPI.ts(167,34): error TS2339: Property 'get' does not exist on type '{ auth: { login: (credentials: { email: string; password: string; }) => Promise<AuthResponse>; register: (data: { email: string; password: string; firstName: string; lastName: string; }) => Promise<...>; ... 5 more ...; logout: () => Promise<...>; }; ... 54 more ...; getAppVersion: () => Promise<...>; }'.
src/services/communityAPI.ts(187,34): error TS2339: Property 'post' does not exist on type '{ auth: { login: (credentials: { email: string; password: string; }) => Promise<AuthResponse>; register: (data: { email: string; password: string; firstName: string; lastName: string; }) => Promise<...>; ... 5 more ...; logout: () => Promise<...>; }; ... 54 more ...; getAppVersion: () => Promise<...>; }'.
src/services/communityAPI.ts(202,34): error TS2339: Property 'post' does not exist on type '{ auth: { login: (credentials: { email: string; password: string; }) => Promise<AuthResponse>; register: (data: { email: string; password: string; firstName: string; lastName: string; }) => Promise<...>; ... 5 more ...; logout: () => Promise<...>; }; ... 54 more ...; getAppVersion: () => Promise<...>; }'.
src/services/communityAPI.ts(217,34): error TS2339: Property 'post' does not exist on type '{ auth: { login: (credentials: { email: string; password: string; }) => Promise<AuthResponse>; register: (data: { email: string; password: string; firstName: string; lastName: string; }) => Promise<...>; ... 5 more ...; logout: () => Promise<...>; }; ... 54 more ...; getAppVersion: () => Promise<...>; }'.
src/services/communityAPI.ts(232,34): error TS2339: Property 'post' does not exist on type '{ auth: { login: (credentials: { email: string; password: string; }) => Promise<AuthResponse>; register: (data: { email: string; password: string; firstName: string; lastName: string; }) => Promise<...>; ... 5 more ...; logout: () => Promise<...>; }; ... 54 more ...; getAppVersion: () => Promise<...>; }'.
src/services/communityAPI.ts(254,34): error TS2339: Property 'get' does not exist on type '{ auth: { login: (credentials: { email: string; password: string; }) => Promise<AuthResponse>; register: (data: { email: string; password: string; firstName: string; lastName: string; }) => Promise<...>; ... 5 more ...; logout: () => Promise<...>; }; ... 54 more ...; getAppVersion: () => Promise<...>; }'.
src/services/communityAPI.ts(269,34): error TS2339: Property 'post' does not exist on type '{ auth: { login: (credentials: { email: string; password: string; }) => Promise<AuthResponse>; register: (data: { email: string; password: string; firstName: string; lastName: string; }) => Promise<...>; ... 5 more ...; logout: () => Promise<...>; }; ... 54 more ...; getAppVersion: () => Promise<...>; }'.
src/services/communityAPI.ts(284,34): error TS2339: Property 'post' does not exist on type '{ auth: { login: (credentials: { email: string; password: string; }) => Promise<AuthResponse>; register: (data: { email: string; password: string; firstName: string; lastName: string; }) => Promise<...>; ... 5 more ...; logout: () => Promise<...>; }; ... 54 more ...; getAppVersion: () => Promise<...>; }'.
src/services/ErrorHandlingService.ts(156,5): error TS2375: Type '{ id: string; type: "warning" | "error" | "critical"; message: string; stack: string | undefined; context: { screen?: string; component?: string; action?: string; userId?: string; sessionId?: string; timestamp: number; platform: "mobile"; version: string; deviceInfo?: { model: string; os: string; osVersion: string; ...' is not assignable to type 'ErrorReport' with 'exactOptionalPropertyTypes: true'. Consider adding 'undefined' to the types of the target's properties.
  Types of property 'stack' are incompatible.
    Type 'string | undefined' is not assignable to type 'string'.
      Type 'undefined' is not assignable to type 'string'.
src/services/logger.ts(207,9): error TS2559: Type '"logger_encryption_key"' has no properties in common with type 'GetOptions'.
src/services/logger.ts(210,9): error TS2559: Type '"logger_encryption_salt"' has no properties in common with type 'GetOptions'.
src/services/logger.ts(1234,7): error TS2322: Type 'string' is not assignable to type 'undefined'.
src/services/logger.ts(1235,7): error TS2322: Type 'number' is not assignable to type 'undefined'.
src/services/logger.ts(1248,7): error TS2375: Type '{ exportMetadata: { timestamp: string; exportId: string; filters: { startDate: string | undefined; endDate: string; levels: LogLevel[]; includeMetrics: boolean; contentHash: undefined; totalEntries: undefined; }; }; metrics?: LogBufferMetrics; logs: { ...; }[]; }' is not assignable to type 'AuditLogExport' with 'exactOptionalPropertyTypes: true'. Consider adding 'undefined' to the types of the target's properties.
  The types of 'exportMetadata.filters.startDate' are incompatible between these types.
    Type 'string | undefined' is not assignable to type 'string'.
      Type 'undefined' is not assignable to type 'string'.
src/services/SecureAPIService.ts(216,65): error TS2379: Argument of type '{ url: string; error: Error | undefined; retries: number; }' is not assignable to parameter of type 'LogMetadata' with 'exactOptionalPropertyTypes: true'. Consider adding 'undefined' to the types of the target's properties.
  Types of property 'error' are incompatible.
    Type 'Error | undefined' is not assignable to type 'Error'.
      Type 'undefined' is not assignable to type 'Error'.
src/services/SecurityUtils.ts(234,30): error TS2345: Argument of type 'string | undefined' is not assignable to parameter of type 'string'.
  Type 'undefined' is not assignable to type 'string'.
src/services/SecurityUtils.ts(373,11): error TS2375: Type '{ timestamp: number; type: "error" | "response" | "request"; endpoint: string | undefined; method: string | undefined; details: Record<string, unknown>; }' is not assignable to type 'SecurityAuditEntry' with 'exactOptionalPropertyTypes: true'. Consider adding 'undefined' to the types of the target's properties.
  Types of property 'endpoint' are incompatible.
    Type 'string | undefined' is not assignable to type 'string'.
      Type 'undefined' is not assignable to type 'string'.
src/services/WebRTCService.ts(433,25): error TS2551: Property 'onicecandidate' does not exist on type 'RTCPeerConnection'. Did you mean 'addIceCandidate'?
src/services/WebRTCService.ts(444,25): error TS2339: Property 'ontrack' does not exist on type 'RTCPeerConnection'.
src/services/WebRTCService.ts(446,9): error TS2322: Type 'MediaStream | undefined' is not assignable to type 'MediaStream | null'.
  Type 'undefined' is not assignable to type 'MediaStream | null'.
src/services/WebRTCService.ts(447,9): error TS2322: Type 'MediaStream | null' is not assignable to type 'MediaStream'.
  Type 'null' is not assignable to type 'MediaStream'.
src/services/WebRTCService.ts(452,25): error TS2339: Property 'onconnectionstatechange' does not exist on type 'RTCPeerConnection'.
src/setupTests.ts(7,8): error TS2339: Property '__DEV__' does not exist on type 'typeof globalThis'.
src/setupTests.ts(425,8): error TS7017: Element implicitly has an 'any' type because type 'typeof globalThis' has no index signature.
src/stores/useAuthStore.ts(93,16): error TS2352: Conversion of type 'StateStorage<unknown>' to type 'PersistStorage<{ accessToken: string | null; refreshToken: string | null; user: User | null; isAuthenticated: boolean; }, unknown>' may be a mistake because neither type sufficiently overlaps with the other. If this was intentional, convert the expression to 'unknown' first.
  Types of property 'setItem' are incompatible.
    Type '(name: string, value: string) => unknown' is not comparable to type '(name: string, value: StorageValue<{ accessToken: string | null; refreshToken: string | null; user: User | null; isAuthenticated: boolean; }>) => unknown'.
      Types of parameters 'value' and 'value' are incompatible.
        Type 'StorageValue<{ accessToken: string | null; refreshToken: string | null; user: User | null; isAuthenticated: boolean; }>' is not comparable to type 'string'.
src/stores/useUIStore.ts(2,10): error TS2724: '"@pawfectmatch/design-tokens"' has no exported member named 'Tokens'. Did you mean 'tokens'?
src/styles/EnhancedDesignTokens.tsx(14,3): error TS2305: Module '"@pawfectmatch/design-tokens"' has no exported member 'COLORS'.
src/styles/EnhancedDesignTokens.tsx(15,3): error TS2305: Module '"@pawfectmatch/design-tokens"' has no exported member 'TYPOGRAPHY'.
src/styles/EnhancedDesignTokens.tsx(16,3): error TS2305: Module '"@pawfectmatch/design-tokens"' has no exported member 'SHADOWS'.
src/styles/EnhancedDesignTokens.tsx(17,3): error TS2305: Module '"@pawfectmatch/design-tokens"' has no exported member 'SPACING'.
src/styles/EnhancedDesignTokens.tsx(18,3): error TS2305: Module '"@pawfectmatch/design-tokens"' has no exported member 'RADIUS'.
src/styles/EnhancedDesignTokens.tsx(19,3): error TS2305: Module '"@pawfectmatch/design-tokens"' has no exported member 'TRANSITIONS'.
src/styles/EnhancedDesignTokens.tsx(20,3): error TS2305: Module '"@pawfectmatch/design-tokens"' has no exported member 'Z_INDEX'.
src/styles/EnhancedDesignTokens.tsx(22,3): error TS2305: Module '"@pawfectmatch/design-tokens"' has no exported member 'utils'.
src/styles/GlobalStyles.ts(3,3): error TS2305: Module '"@pawfectmatch/design-tokens"' has no exported member 'COLORS'.
src/styles/GlobalStyles.ts(4,3): error TS2305: Module '"@pawfectmatch/design-tokens"' has no exported member 'SPACING'.
src/styles/GlobalStyles.ts(5,3): error TS2305: Module '"@pawfectmatch/design-tokens"' has no exported member 'TYPOGRAPHY'.
src/styles/GlobalStyles.ts(6,3): error TS2305: Module '"@pawfectmatch/design-tokens"' has no exported member 'RADIUS'.
src/theme/helpers.ts(20,39): error TS2339: Property 'light' does not exist on type 'string'.
src/theme/helpers.ts(22,39): error TS2339: Property 'medium' does not exist on type 'string'.
src/theme/helpers.ts(24,39): error TS2339: Property 'dark' does not exist on type 'string'.
src/theme/helpers.ts(65,43): error TS2339: Property 'primary' does not exist on type 'string'.
src/theme/helpers.ts(66,43): error TS2339: Property 'inverse' does not exist on type 'string'.
src/theme/helpers.ts(78,43): error TS2339: Property 'primary' does not exist on type 'string'.
src/theme/helpers.ts(80,43): error TS2339: Property 'secondary' does not exist on type 'string'.
src/theme/helpers.ts(82,43): error TS2339: Property 'tertiary' does not exist on type 'string'.
src/theme/helpers.ts(84,43): error TS2339: Property 'inverse' does not exist on type 'string'.
src/theme/helpers.ts(135,37): error TS2339: Property 'light' does not exist on type 'string'.
src/theme/helpers.ts(136,38): error TS2339: Property 'medium' does not exist on type 'string'.
src/theme/helpers.ts(137,36): error TS2339: Property 'dark' does not exist on type 'string'.
src/theme/helpers.ts(198,63): error TS2339: Property 'primary' does not exist on type 'string'.
src/theme/helpers.ts(199,53): error TS2339: Property 'light' does not exist on type 'string'.
src/theme/helpers.ts(200,54): error TS2339: Property 'medium' does not exist on type 'string'.
src/theme/helpers.ts(201,52): error TS2339: Property 'dark' does not exist on type 'string'.
src/theme/tokens.ts(9,3): error TS2305: Module '"@pawfectmatch/design-tokens"' has no exported member 'COLORS'.
src/theme/tokens.ts(10,3): error TS2305: Module '"@pawfectmatch/design-tokens"' has no exported member 'SPACING'.
src/theme/tokens.ts(11,3): error TS2305: Module '"@pawfectmatch/design-tokens"' has no exported member 'RADIUS'.
src/theme/tokens.ts(12,3): error TS2305: Module '"@pawfectmatch/design-tokens"' has no exported member 'TYPOGRAPHY'.
src/theme/tokens.ts(13,3): error TS2305: Module '"@pawfectmatch/design-tokens"' has no exported member 'TRANSITIONS'.
src/theme/tokens.ts(14,3): error TS2305: Module '"@pawfectmatch/design-tokens"' has no exported member 'Z_INDEX'.
src/types/common.ts(43,30): error TS2344: Type 'RootStackParamList' does not satisfy the constraint 'Record<string, object | undefined>'.
  Index signature for type 'string' is missing in type 'RootStackParamList'.
src/types/common.ts(44,21): error TS2344: Type 'RootStackParamList' does not satisfy the constraint 'ParamListBase'.
  Index signature for type 'string' is missing in type 'RootStackParamList'.
src/types/common.ts(50,30): error TS2344: Type 'RootStackParamList' does not satisfy the constraint 'Record<string, object | undefined>'.
  Index signature for type 'string' is missing in type 'RootStackParamList'.
src/types/common.ts(51,20): error TS2344: Type 'RootStackParamList' does not satisfy the constraint 'ParamListBase'.
  Index signature for type 'string' is missing in type 'RootStackParamList'.
src/utils/AccessibilityUtils.ts(41,27): error TS2339: Property 'isHighTextContrastEnabled' does not exist on type 'AccessibilityInfoStatic'.
src/utils/AccessibilityUtils.ts(114,9): error TS2375: Type '{ accessible: true; accessibilityRole: string; accessibilityLabel: string; accessibilityHint: string | undefined; accessibilityState: { disabled: boolean; selected: boolean; }; }' is not assignable to type 'AccessibilityProps' with 'exactOptionalPropertyTypes: true'. Consider adding 'undefined' to the types of the target's properties.
  Types of property 'accessibilityHint' are incompatible.
    Type 'string | undefined' is not assignable to type 'string'.
      Type 'undefined' is not assignable to type 'string'.
src/utils/AccessibilityUtils.ts(151,3): error TS2375: Type '{ accessible: boolean; accessibilityRole: string | undefined; accessibilityLabel: string | undefined; accessibilityElementsHidden: boolean; importantForAccessibility: "yes" | "no"; }' is not assignable to type 'AccessibilityProps' with 'exactOptionalPropertyTypes: true'. Consider adding 'undefined' to the types of the target's properties.
  Types of property 'accessibilityRole' are incompatible.
    Type 'string | undefined' is not assignable to type 'string'.
      Type 'undefined' is not assignable to type 'string'.
src/utils/AccessibilityUtils.ts(175,7): error TS2353: Object literal may only specify known properties, and 'invalid' does not exist in type '{ disabled?: boolean; selected?: boolean; checked?: boolean; busy?: boolean; expanded?: boolean; }'.
src/utils/AccessibilityUtils.ts(187,3): error TS2375: Type '{ accessible: true; accessibilityRole: string; accessibilityLabel: string; accessibilityValue: { min: number; max: number; now: number; } | undefined; }' is not assignable to type 'AccessibilityProps' with 'exactOptionalPropertyTypes: true'. Consider adding 'undefined' to the types of the target's properties.
  Types of property 'accessibilityValue' are incompatible.
    Type '{ min: number; max: number; now: number; } | undefined' is not assignable to type '{ min?: number; max?: number; now?: number; text?: string; }'.
      Type 'undefined' is not assignable to type '{ min?: number; max?: number; now?: number; text?: string; }'.
src/utils/AccessibilityUtils.ts(324,25): error TS2345: Argument of type 'string | undefined' is not assignable to parameter of type 'string'.
  Type 'undefined' is not assignable to type 'string'.
src/utils/AccessibilityUtils.ts(334,25): error TS2345: Argument of type 'string | undefined' is not assignable to parameter of type 'string'.
  Type 'undefined' is not assignable to type 'string'.
src/utils/themeHelpers.ts(76,43): error TS2339: Property 'primary' does not exist on type 'string'.
src/utils/themeHelpers.ts(78,43): error TS2339: Property 'secondary' does not exist on type 'string'.
src/utils/themeHelpers.ts(80,43): error TS2339: Property 'tertiary' does not exist on type 'string'.
src/utils/themeHelpers.ts(82,43): error TS2339: Property 'surface' does not exist on type 'string'.
src/utils/themeHelpers.ts(84,43): error TS2339: Property 'primary' does not exist on type 'string'.
src/utils/themeHelpers.ts(96,39): error TS2339: Property 'light' does not exist on type 'string'.
src/utils/themeHelpers.ts(98,39): error TS2339: Property 'medium' does not exist on type 'string'.
src/utils/themeHelpers.ts(100,39): error TS2339: Property 'strong' does not exist on type 'string'.
src/utils/themeHelpers.ts(102,39): error TS2339: Property 'light' does not exist on type 'string'.
src/utils/themeHelpers.ts(112,3): error TS2322: Type 'number' is not assignable to type 'string'.
src/utils/themeHelpers.ts(121,3): error TS2322: Type 'number' is not assignable to type 'string'.
src/utils/themeHelpers.ts(132,3): error TS2322: Type 'number' is not assignable to type 'string'.
src/utils/themeHelpers.ts(150,3): error TS2322: Type 'number' is not assignable to type 'string'.
src/utils/themeHelpers.ts(170,36): error TS2339: Property 'colors' does not exist on type 'string[]'.
src/utils/themeHelpers.ts(178,62): error TS2339: Property 'opacity' does not exist on type '{ colors: { primary: { 50: string; 100: string; 200: string; 300: string; 400: string; 500: string; 600: string; 700: string; 800: string; 900: string; }; secondary: { 50: string; 100: string; 200: string; 300: string; ... 5 more ...; 900: string; }; ... 8 more ...; textColor: string; }; ... 11 more ...; zIndex: { ....'.
src/utils/themeHelpers.ts(179,16): error TS2339: Property 'opacity' does not exist on type '{ colors: { primary: { 50: string; 100: string; 200: string; 300: string; 400: string; 500: string; 600: string; 700: string; 800: string; 900: string; }; secondary: { 50: string; 100: string; 200: string; 300: string; ... 5 more ...; 900: string; }; ... 8 more ...; textColor: string; }; ... 11 more ...; zIndex: { ....'.
src/utils/themeHelpers.ts(186,3): error TS2322: Type 'string | number' is not assignable to type 'string'.
  Type 'number' is not assignable to type 'string'.
src/utils/themeHelpers.ts(197,3): error TS2322: Type 'number' is not assignable to type 'string'.
src/utils/themeHelpers.ts(206,32): error TS2339: Property 'animation' does not exist on type '{ colors: { primary: { 50: string; 100: string; 200: string; 300: string; 400: string; 500: string; 600: string; 700: string; 800: string; 900: string; }; secondary: { 50: string; 100: string; 200: string; 300: string; ... 5 more ...; 900: string; }; ... 8 more ...; textColor: string; }; ... 11 more ...; zIndex: { ....'.
src/utils/themeHelpers.ts(208,16): error TS2339: Property 'animation' does not exist on type '{ colors: { primary: { 50: string; 100: string; 200: string; 300: string; 400: string; 500: string; 600: string; 700: string; 800: string; 900: string; }; secondary: { 50: string; 100: string; 200: string; 300: string; ... 5 more ...; 900: string; }; ... 8 more ...; textColor: string; }; ... 11 more ...; zIndex: { ....'.
src/utils/themeHelpers.ts(215,30): error TS2339: Property 'animation' does not exist on type '{ colors: { primary: { 50: string; 100: string; 200: string; 300: string; 400: string; 500: string; 600: string; 700: string; 800: string; 900: string; }; secondary: { 50: string; 100: string; 200: string; 300: string; ... 5 more ...; 900: string; }; ... 8 more ...; textColor: string; }; ... 11 more ...; zIndex: { ....'.
src/utils/themeHelpers.ts(217,16): error TS2339: Property 'animation' does not exist on type '{ colors: { primary: { 50: string; 100: string; 200: string; 300: string; 400: string; 500: string; 600: string; 700: string; 800: string; 900: string; }; secondary: { 50: string; 100: string; 200: string; 300: string; ... 5 more ...; 900: string; }; ... 8 more ...; textColor: string; }; ... 11 more ...; zIndex: { ....'.
src/utils/themeHelpers.ts(269,51): error TS2339: Property 'surface' does not exist on type 'string'.
src/utils/themeHelpers.ts(281,51): error TS2339: Property 'surface' does not exist on type 'string'.
src/utils/themeHelpers.ts(282,43): error TS2339: Property 'light' does not exist on type 'string'.
../../packages/core/src/api/APIErrorClassifier.ts(70,29): error TS2576: Property 'ERROR_MESSAGES' does not exist on type 'APIErrorClassifier'. Did you mean to access the static member 'APIErrorClassifier.ERROR_MESSAGES' instead?
../../packages/core/src/api/APIErrorClassifier.ts(79,29): error TS2576: Property 'ERROR_MESSAGES' does not exist on type 'APIErrorClassifier'. Did you mean to access the static member 'APIErrorClassifier.ERROR_MESSAGES' instead?
../../packages/core/src/api/APIErrorClassifier.ts(88,29): error TS2576: Property 'ERROR_MESSAGES' does not exist on type 'APIErrorClassifier'. Did you mean to access the static member 'APIErrorClassifier.ERROR_MESSAGES' instead?
../../packages/core/src/api/APIErrorClassifier.ts(106,29): error TS2576: Property 'ERROR_MESSAGES' does not exist on type 'APIErrorClassifier'. Did you mean to access the static member 'APIErrorClassifier.ERROR_MESSAGES' instead?
../../packages/core/src/api/APIErrorClassifier.ts(115,29): error TS2576: Property 'ERROR_MESSAGES' does not exist on type 'APIErrorClassifier'. Did you mean to access the static member 'APIErrorClassifier.ERROR_MESSAGES' instead?
../../packages/core/src/api/APIErrorClassifier.ts(124,29): error TS2576: Property 'ERROR_MESSAGES' does not exist on type 'APIErrorClassifier'. Did you mean to access the static member 'APIErrorClassifier.ERROR_MESSAGES' instead?
../../packages/core/src/api/APIErrorClassifier.ts(133,29): error TS2576: Property 'ERROR_MESSAGES' does not exist on type 'APIErrorClassifier'. Did you mean to access the static member 'APIErrorClassifier.ERROR_MESSAGES' instead?
../../packages/core/src/api/APIErrorClassifier.ts(151,27): error TS2576: Property 'ERROR_MESSAGES' does not exist on type 'APIErrorClassifier'. Did you mean to access the static member 'APIErrorClassifier.ERROR_MESSAGES' instead?
../../packages/core/src/api/APIErrorClassifier.ts(161,27): error TS2576: Property 'ERROR_MESSAGES' does not exist on type 'APIErrorClassifier'. Did you mean to access the static member 'APIErrorClassifier.ERROR_MESSAGES' instead?
../../packages/core/src/api/APIErrorClassifier.ts(171,27): error TS2576: Property 'ERROR_MESSAGES' does not exist on type 'APIErrorClassifier'. Did you mean to access the static member 'APIErrorClassifier.ERROR_MESSAGES' instead?
../../packages/core/src/api/APIErrorClassifier.ts(180,25): error TS2576: Property 'ERROR_MESSAGES' does not exist on type 'APIErrorClassifier'. Did you mean to access the static member 'APIErrorClassifier.ERROR_MESSAGES' instead?
../../packages/core/src/api/CircuitBreaker.ts(97,5): error TS2375: Type '{ failures: number; successes: number; totalRequests: number; lastFailureTime: number | undefined; lastSuccessTime: number | undefined; state: CircuitState; stateChangedAt: number; }' is not assignable to type 'CircuitBreakerMetrics' with 'exactOptionalPropertyTypes: true'. Consider adding 'undefined' to the types of the target's properties.
  Types of property 'lastFailureTime' are incompatible.
    Type 'number | undefined' is not assignable to type 'number'.
      Type 'undefined' is not assignable to type 'number'.
../../packages/core/src/api/hooks.ts(3,15): error TS2305: Module '"../types"' has no exported member 'BlockPayload'.
../../packages/core/src/api/hooks.ts(3,29): error TS2305: Module '"../types"' has no exported member 'MutePayload'.
../../packages/core/src/api/hooks.ts(3,42): error TS2305: Module '"../types"' has no exported member 'ReportPayload'.
../../packages/core/src/api/index.ts(9,8): error TS2614: Module '"./client"' has no exported member 'ApiError'. Did you mean to use 'import ApiError from "./client"' instead?
../../packages/core/src/api/OfflineQueueManager.ts(175,48): error TS2532: Object is possibly 'undefined'.
../../packages/core/src/api/OfflineQueueManager.ts(177,5): error TS2375: Type '{ totalItems: number; pendingItems: number; processingItems: number; failedItems: number; criticalItems: number; oldestItemTimestamp: number | undefined; }' is not assignable to type 'QueueStats' with 'exactOptionalPropertyTypes: true'. Consider adding 'undefined' to the types of the target's properties.
  Types of property 'oldestItemTimestamp' are incompatible.
    Type 'number | undefined' is not assignable to type 'number'.
      Type 'undefined' is not assignable to type 'number'.
../../packages/core/src/api/OfflineQueueManager.ts(252,33): error TS2532: Object is possibly 'undefined'.
../../packages/core/src/api/UnifiedAPIClient.ts(50,14): error TS2415: Class 'UnifiedAPIClient' incorrectly extends base class 'OfflineQueueManager'.
  Property 'processItem' is private in type 'OfflineQueueManager' but not in type 'UnifiedAPIClient'.
../../packages/core/src/api/UnifiedAPIClient.ts(102,32): error TS2341: Property 'isOnline' is private and only accessible within class 'OfflineQueueManager'.
../../packages/core/src/api/UnifiedAPIClient.ts(104,26): error TS2379: Argument of type '{ endpoint: string; method: "POST" | "GET" | "PUT" | "DELETE" | "PATCH"; data: unknown; headers: Record<string, string> | undefined; priority: QueuePriority; maxRetries: number; conflictResolution: "overwrite"; }' is not assignable to parameter of type 'Omit<QueueItem, "id" | "timestamp" | "retryCount">' with 'exactOptionalPropertyTypes: true'. Consider adding 'undefined' to the types of the target's properties.
  Types of property 'headers' are incompatible.
    Type 'Record<string, string> | undefined' is not assignable to type 'Record<string, string>'.
      Type 'undefined' is not assignable to type 'Record<string, string>'.
../../packages/core/src/api/UnifiedAPIClient.ts(218,65): error TS2379: Argument of type '{ endpoint: string; method: "POST" | "GET" | "PUT" | "DELETE" | "PATCH" | undefined; }' is not assignable to parameter of type '{ endpoint?: string; method?: string; statusCode?: number; }' with 'exactOptionalPropertyTypes: true'. Consider adding 'undefined' to the types of the target's properties.
  Types of property 'method' are incompatible.
    Type 'string | undefined' is not assignable to type 'string'.
      Type 'undefined' is not assignable to type 'string'.
../../packages/core/src/api/UnifiedAPIClient.ts(235,11): error TS2379: Argument of type '{ retry: true; refreshToken: (() => Promise<void>) | undefined; useCache: () => Promise<unknown>; queue: (data: unknown) => Promise<void>; }' is not assignable to parameter of type '{ retry?: boolean; refreshToken?: () => Promise<void>; useCache?: () => Promise<unknown>; queue?: (data: unknown) => Promise<void>; promptUser?: (error: unknown) => Promise<boolean>; }' with 'exactOptionalPropertyTypes: true'. Consider adding 'undefined' to the types of the target's properties.
  Types of property 'refreshToken' are incompatible.
    Type '(() => Promise<void>) | undefined' is not assignable to type '() => Promise<void>'.
      Type 'undefined' is not assignable to type '() => Promise<void>'.
../../packages/core/src/api/UnifiedAPIClient.ts(240,34): error TS2379: Argument of type '{ endpoint: string; method: "POST" | "GET" | "PUT" | "DELETE" | "PATCH"; data: unknown; headers: Record<string, string> | undefined; priority: QueuePriority; maxRetries: number; conflictResolution: "overwrite"; }' is not assignable to parameter of type 'Omit<QueueItem, "id" | "timestamp" | "retryCount">' with 'exactOptionalPropertyTypes: true'. Consider adding 'undefined' to the types of the target's properties.
  Types of property 'headers' are incompatible.
    Type 'Record<string, string> | undefined' is not assignable to type 'Record<string, string>'.
      Type 'undefined' is not assignable to type 'Record<string, string>'.
../../packages/core/src/api/UnifiedAPIClient.ts(267,5): error TS2375: Type '{ success: false; error: string; statusCode: number | undefined; }' is not assignable to type 'UnifiedResponse<T>' with 'exactOptionalPropertyTypes: true'. Consider adding 'undefined' to the types of the target's properties.
  Types of property 'statusCode' are incompatible.
    Type 'number | undefined' is not assignable to type 'number'.
      Type 'undefined' is not assignable to type 'number'.
../../packages/core/src/api/UnifiedAPIClient.ts(269,57): error TS2379: Argument of type '{ endpoint: string; method: "POST" | "GET" | "PUT" | "DELETE" | "PATCH" | undefined; }' is not assignable to parameter of type '{ endpoint?: string; method?: string; statusCode?: number; }' with 'exactOptionalPropertyTypes: true'. Consider adding 'undefined' to the types of the target's properties.
  Types of property 'method' are incompatible.
    Type 'string | undefined' is not assignable to type 'string'.
      Type 'undefined' is not assignable to type 'string'.
../../packages/core/src/api/UnifiedAPIClient.ts(278,58): error TS2379: Argument of type '{ method: "POST" | "GET" | "PUT" | "DELETE" | "PATCH"; body: unknown; headers: Record<string, string> | undefined; }' is not assignable to parameter of type 'UnifiedRequestConfig' with 'exactOptionalPropertyTypes: true'. Consider adding 'undefined' to the types of the target's properties.
  Types of property 'headers' are incompatible.
    Type 'Record<string, string> | undefined' is not assignable to type 'Record<string, string>'.
      Type 'undefined' is not assignable to type 'Record<string, string>'.
../../packages/core/src/mappers/message.ts(83,9): error TS2353: Object literal may only specify known properties, and 'features' does not exist in type '{ isActive: boolean; plan: "basic" | "premium" | "gold"; expiresAt?: string; }'.
../../packages/core/src/mappers/message.ts(138,9): error TS2353: Object literal may only specify known properties, and 'features' does not exist in type '{ isActive: boolean; plan: "basic" | "premium" | "gold"; expiresAt?: string; }'.
../../packages/core/src/mappers/message.ts(162,51): error TS2677: A type predicate's type must be assignable to its parameter's type.
  Type 'string | undefined' is not assignable to type 'string'.
    Type 'undefined' is not assignable to type 'string'.
../../packages/core/src/mappers/message.ts(187,5): error TS2322: Type 'User' is not assignable to type 'string'.
../../packages/core/src/mappers/pet.ts(86,5): error TS2322: Type '{ url: string; isPrimary: boolean; caption: string; }[]' is not assignable to type '{ url: string; thumbnail: string; cloudinaryId: string; }[]'.
  Type '{ url: string; isPrimary: boolean; caption: string; }' is missing the following properties from type '{ url: string; thumbnail: string; cloudinaryId: string; }': thumbnail, cloudinaryId
../../packages/core/src/mappers/pet.ts(145,32): error TS2339: Property '_id' does not exist on type 'never'.
../../packages/core/src/mappers/pet.ts(151,11): error TS2339: Property 'weight' does not exist on type 'Pet'.
../../packages/core/src/mappers/pet.ts(151,47): error TS2339: Property 'weight' does not exist on type 'Pet'.
../../packages/core/src/mappers/pet.ts(152,11): error TS2339: Property 'description' does not exist on type 'Pet'.
../../packages/core/src/mappers/pet.ts(152,57): error TS2339: Property 'description' does not exist on type 'Pet'.
../../packages/core/src/mappers/pet.ts(156,69): error TS2339: Property 'isPrimary' does not exist on type '{ url: string; thumbnail: string; cloudinaryId: string; }'.
../../packages/core/src/mappers/user.ts(57,7): error TS2353: Object literal may only specify known properties, and 'features' does not exist in type '{ isActive: boolean; plan: "basic" | "premium" | "gold"; expiresAt?: string; }'.
../../packages/core/src/types/index.ts(17,1): error TS2308: Module './api-responses' has already exported a member named 'StoriesFeedResponse'. Consider explicitly re-exporting to resolve the ambiguity.
../../packages/core/src/types/index.ts(17,1): error TS2308: Module './models' has already exported a member named 'Story'. Consider explicitly re-exporting to resolve the ambiguity.
../../packages/core/src/types/index.ts(17,1): error TS2308: Module './models' has already exported a member named 'StoryGroup'. Consider explicitly re-exporting to resolve the ambiguity.
../../packages/core/src/types/index.ts(43,11): error TS2552: Cannot find name 'Match'. Did you mean 'Math'?
../../packages/core/src/types/index.ts(79,12): error TS2304: Cannot find name 'Message'.
../../packages/core/src/utils/storage.ts(144,44): error TS1323: Dynamic imports are only supported when the '--module' flag is set to 'es2020', 'es2022', 'esnext', 'commonjs', 'amd', 'system', 'umd', 'node16', 'node18', 'node20', or 'nodenext'.
../../packages/core/src/utils/storage.ts(165,44): error TS1323: Dynamic imports are only supported when the '--module' flag is set to 'es2020', 'es2022', 'esnext', 'commonjs', 'amd', 'system', 'umd', 'node16', 'node18', 'node20', or 'nodenext'.
../../packages/core/src/utils/storage.ts(184,44): error TS1323: Dynamic imports are only supported when the '--module' flag is set to 'es2020', 'es2022', 'esnext', 'commonjs', 'amd', 'system', 'umd', 'node16', 'node18', 'node20', or 'nodenext'.
ELIFECYCLE Command failed with exit code 2.
