
> pawfectmatch-premium@1.0.1-rc.0 test /Users/elvira/Downloads/pets-pr-1
> turbo run test

turbo 2.5.8

• Packages in scope: @pawfectmatch/ai, @pawfectmatch/core, @pawfectmatch/design-tokens, @pawfectmatch/mobile, @pawfectmatch/ui, pawfectmatch-web, server
• Running test in 7 packages
• Remote caching disabled
@pawfectmatch/ai:test: cache miss, executing 239eafaaee08331c
@pawfectmatch/ui:build: cache miss, executing 5491347cacc807ea
@pawfectmatch/mobile:test: cache miss, executing 953e757624614a7f
@pawfectmatch/core:build: cache miss, executing f592cc009e73a9cb
@pawfectmatch/ui:test: cache miss, executing da8cf1a4160c480b
@pawfectmatch/core:test: cache miss, executing 8e1b1c1c974e62f3
@pawfectmatch/ui:build: 
@pawfectmatch/ui:build: > @pawfectmatch/ui@0.1.0 build /Users/elvira/Downloads/pets-pr-1/packages/ui
@pawfectmatch/ui:build: > tsc
@pawfectmatch/ui:build: 
@pawfectmatch/mobile:test: 
@pawfectmatch/mobile:test: > @pawfectmatch/mobile@1.0.0 test /Users/elvira/Downloads/pets-pr-1/apps/mobile
@pawfectmatch/mobile:test: > jest
@pawfectmatch/mobile:test: 
@pawfectmatch/core:build: 
@pawfectmatch/core:build: > @pawfectmatch/core@1.0.0 build /Users/elvira/Downloads/pets-pr-1/packages/core
@pawfectmatch/core:build: > tsc && pnpm build:cjs && pnpm build:merge-cjs
@pawfectmatch/core:build: 
@pawfectmatch/core:test: 
@pawfectmatch/core:test: > @pawfectmatch/core@1.0.0 test /Users/elvira/Downloads/pets-pr-1/packages/core
@pawfectmatch/core:test: > jest
@pawfectmatch/core:test: 
@pawfectmatch/ui:test: 
@pawfectmatch/ui:test: > @pawfectmatch/ui@0.1.0 test /Users/elvira/Downloads/pets-pr-1/packages/ui
@pawfectmatch/ui:test: > jest
@pawfectmatch/ui:test: 
@pawfectmatch/ai:test: 
@pawfectmatch/ai:test: > @pawfectmatch/ai@1.0.0 test /Users/elvira/Downloads/pets-pr-1/packages/ai
@pawfectmatch/ai:test: > jest
@pawfectmatch/ai:test: 
@pawfectmatch/ui:build: ../core/src/api/client.ts(43,16): error TS2591: Cannot find name 'process'. Do you need to install type definitions for node? Try `npm i --save-dev @types/node` and then add 'node' to the types field in your tsconfig.
@pawfectmatch/ui:build: ../core/src/api/hooks.ts(4,40): error TS6059: File '/Users/elvira/Downloads/pets-pr-1/packages/core/src/api/client.ts' is not under 'rootDir' '/Users/elvira/Downloads/pets-pr-1/packages/ui/src'. 'rootDir' is expected to contain all source files.
@pawfectmatch/ui:build:   The file is in the program because:
@pawfectmatch/ui:build:     Imported via './client' from file '/Users/elvira/Downloads/pets-pr-1/packages/core/src/api/hooks.ts'
@pawfectmatch/ui:build:     Imported via './client' from file '/Users/elvira/Downloads/pets-pr-1/packages/core/src/api/hooks.ts'
@pawfectmatch/ui:build:     Imported via './client' from file '/Users/elvira/Downloads/pets-pr-1/packages/core/src/api/index.ts'
@pawfectmatch/ui:build: ../core/src/hooks/index.ts(7,15): error TS6059: File '/Users/elvira/Downloads/pets-pr-1/packages/core/src/hooks/useFocusTrap.ts' is not under 'rootDir' '/Users/elvira/Downloads/pets-pr-1/packages/ui/src'. 'rootDir' is expected to contain all source files.
@pawfectmatch/ui:build: ../core/src/hooks/index.ts(8,15): error TS6059: File '/Users/elvira/Downloads/pets-pr-1/packages/core/src/hooks/useGesture.ts' is not under 'rootDir' '/Users/elvira/Downloads/pets-pr-1/packages/ui/src'. 'rootDir' is expected to contain all source files.
@pawfectmatch/ui:build: ../core/src/hooks/index.ts(9,15): error TS6059: File '/Users/elvira/Downloads/pets-pr-1/packages/core/src/hooks/useKeyboardShortcut.ts' is not under 'rootDir' '/Users/elvira/Downloads/pets-pr-1/packages/ui/src'. 'rootDir' is expected to contain all source files.
@pawfectmatch/ui:build: ../core/src/index.ts(8,15): error TS6059: File '/Users/elvira/Downloads/pets-pr-1/packages/core/src/schemas/index.ts' is not under 'rootDir' '/Users/elvira/Downloads/pets-pr-1/packages/ui/src'. 'rootDir' is expected to contain all source files.
@pawfectmatch/ui:build: ../core/src/index.ts(9,15): error TS6059: File '/Users/elvira/Downloads/pets-pr-1/packages/core/src/types/index.ts' is not under 'rootDir' '/Users/elvira/Downloads/pets-pr-1/packages/ui/src'. 'rootDir' is expected to contain all source files.
@pawfectmatch/ui:build:   The file is in the program because:
@pawfectmatch/ui:build:     Imported via './types' from file '/Users/elvira/Downloads/pets-pr-1/packages/core/src/index.ts'
@pawfectmatch/ui:build:     Imported via '../types' from file '/Users/elvira/Downloads/pets-pr-1/packages/core/src/utils/index.ts'
@pawfectmatch/ui:build:     Imported via '../types' from file '/Users/elvira/Downloads/pets-pr-1/packages/core/src/api/hooks.ts'
@pawfectmatch/ui:build:     Imported via '../types' from file '/Users/elvira/Downloads/pets-pr-1/packages/core/src/mappers/user.ts'
@pawfectmatch/ui:build:     Imported via '../types' from file '/Users/elvira/Downloads/pets-pr-1/packages/core/src/mappers/user.ts'
@pawfectmatch/ui:build:     Imported via '../types' from file '/Users/elvira/Downloads/pets-pr-1/packages/core/src/mappers/pet.ts'
@pawfectmatch/ui:build:     Imported via '../types' from file '/Users/elvira/Downloads/pets-pr-1/packages/core/src/mappers/pet.ts'
@pawfectmatch/ui:build:     Imported via '../types' from file '/Users/elvira/Downloads/pets-pr-1/packages/core/src/mappers/message.ts'
@pawfectmatch/ui:build:     Imported via '../types' from file '/Users/elvira/Downloads/pets-pr-1/packages/core/src/mappers/message.ts'
@pawfectmatch/ui:build: ../core/src/index.ts(12,53): error TS6059: File '/Users/elvira/Downloads/pets-pr-1/packages/core/src/services/animationConfig.ts' is not under 'rootDir' '/Users/elvira/Downloads/pets-pr-1/packages/ui/src'. 'rootDir' is expected to contain all source files.
@pawfectmatch/ui:build: ../core/src/index.ts(16,15): error TS6059: File '/Users/elvira/Downloads/pets-pr-1/packages/core/src/utils/index.ts' is not under 'rootDir' '/Users/elvira/Downloads/pets-pr-1/packages/ui/src'. 'rootDir' is expected to contain all source files.
@pawfectmatch/ui:build: ../core/src/index.ts(19,15): error TS6059: File '/Users/elvira/Downloads/pets-pr-1/packages/core/src/stores/index.ts' is not under 'rootDir' '/Users/elvira/Downloads/pets-pr-1/packages/ui/src'. 'rootDir' is expected to contain all source files.
@pawfectmatch/ui:build: ../core/src/index.ts(22,32): error TS6059: File '/Users/elvira/Downloads/pets-pr-1/packages/core/src/services/AccountService.ts' is not under 'rootDir' '/Users/elvira/Downloads/pets-pr-1/packages/ui/src'. 'rootDir' is expected to contain all source files.
@pawfectmatch/ui:build: ../core/src/index.ts(27,15): error TS6059: File '/Users/elvira/Downloads/pets-pr-1/packages/core/src/api/index.ts' is not under 'rootDir' '/Users/elvira/Downloads/pets-pr-1/packages/ui/src'. 'rootDir' is expected to contain all source files.
@pawfectmatch/ui:build: ../core/src/index.ts(28,15): error TS6059: File '/Users/elvira/Downloads/pets-pr-1/packages/core/src/hooks/index.ts' is not under 'rootDir' '/Users/elvira/Downloads/pets-pr-1/packages/ui/src'. 'rootDir' is expected to contain all source files.
@pawfectmatch/ui:build: ../core/src/index.ts(31,15): error TS6059: File '/Users/elvira/Downloads/pets-pr-1/packages/core/src/mappers/index.ts' is not under 'rootDir' '/Users/elvira/Downloads/pets-pr-1/packages/ui/src'. 'rootDir' is expected to contain all source files.
@pawfectmatch/ui:build: ../core/src/mappers/index.ts(1,15): error TS6059: File '/Users/elvira/Downloads/pets-pr-1/packages/core/src/mappers/user.ts' is not under 'rootDir' '/Users/elvira/Downloads/pets-pr-1/packages/ui/src'. 'rootDir' is expected to contain all source files.
@pawfectmatch/ui:build:   The file is in the program because:
@pawfectmatch/ui:build:     Imported via './user' from file '/Users/elvira/Downloads/pets-pr-1/packages/core/src/mappers/index.ts'
@pawfectmatch/ui:build:     Imported via './user' from file '/Users/elvira/Downloads/pets-pr-1/packages/core/src/mappers/index.ts'
@pawfectmatch/ui:build: ../core/src/mappers/index.ts(2,15): error TS6059: File '/Users/elvira/Downloads/pets-pr-1/packages/core/src/mappers/pet.ts' is not under 'rootDir' '/Users/elvira/Downloads/pets-pr-1/packages/ui/src'. 'rootDir' is expected to contain all source files.
@pawfectmatch/ui:build:   The file is in the program because:
@pawfectmatch/ui:build:     Imported via './pet' from file '/Users/elvira/Downloads/pets-pr-1/packages/core/src/mappers/index.ts'
@pawfectmatch/ui:build:     Imported via './pet' from file '/Users/elvira/Downloads/pets-pr-1/packages/core/src/mappers/index.ts'
@pawfectmatch/ui:build: ../core/src/mappers/index.ts(3,15): error TS6059: File '/Users/elvira/Downloads/pets-pr-1/packages/core/src/mappers/message.ts' is not under 'rootDir' '/Users/elvira/Downloads/pets-pr-1/packages/ui/src'. 'rootDir' is expected to contain all source files.
@pawfectmatch/ui:build:   The file is in the program because:
@pawfectmatch/ui:build:     Imported via './message' from file '/Users/elvira/Downloads/pets-pr-1/packages/core/src/mappers/index.ts'
@pawfectmatch/ui:build:     Imported via './message' from file '/Users/elvira/Downloads/pets-pr-1/packages/core/src/mappers/index.ts'
@pawfectmatch/ui:build: ../core/src/schemas/index.ts(121,94): error TS6059: File '/Users/elvira/Downloads/pets-pr-1/packages/core/src/schemas/story.ts' is not under 'rootDir' '/Users/elvira/Downloads/pets-pr-1/packages/ui/src'. 'rootDir' is expected to contain all source files.
@pawfectmatch/ui:build:   The file is in the program because:
@pawfectmatch/ui:build:     Imported via './story' from file '/Users/elvira/Downloads/pets-pr-1/packages/core/src/schemas/index.ts'
@pawfectmatch/ui:build:     Imported via './story' from file '/Users/elvira/Downloads/pets-pr-1/packages/core/src/schemas/index.ts'
@pawfectmatch/ui:build: ../core/src/services/animationConfig.ts(1,38): error TS6059: File '/Users/elvira/Downloads/pets-pr-1/packages/core/src/types/animations.ts' is not under 'rootDir' '/Users/elvira/Downloads/pets-pr-1/packages/ui/src'. 'rootDir' is expected to contain all source files.
@pawfectmatch/ui:build:   The file is in the program because:
@pawfectmatch/ui:build:     Imported via '../types/animations' from file '/Users/elvira/Downloads/pets-pr-1/packages/core/src/services/animationConfig.ts'
@pawfectmatch/ui:build:     Imported via '../types/animations' from file '/Users/elvira/Downloads/pets-pr-1/packages/core/src/services/animationConfig.ts'
@pawfectmatch/ui:build:     Imported via './types/animations' from file '/Users/elvira/Downloads/pets-pr-1/packages/core/src/index.ts'
@pawfectmatch/ui:build: ../core/src/services/animationConfig.ts(146,11): error TS2591: Cannot find name 'require'. Do you need to install type definitions for node? Try `npm i --save-dev @types/node` and then add 'node' to the types field in your tsconfig.
@pawfectmatch/ui:build: ../core/src/stores/index.ts(1,15): error TS6059: File '/Users/elvira/Downloads/pets-pr-1/packages/core/src/stores/useAuthStore.ts' is not under 'rootDir' '/Users/elvira/Downloads/pets-pr-1/packages/ui/src'. 'rootDir' is expected to contain all source files.
@pawfectmatch/ui:build: ../core/src/stores/index.ts(2,15): error TS6059: File '/Users/elvira/Downloads/pets-pr-1/packages/core/src/stores/useUIStore.ts' is not under 'rootDir' '/Users/elvira/Downloads/pets-pr-1/packages/ui/src'. 'rootDir' is expected to contain all source files.
@pawfectmatch/ui:build: ../core/src/stores/index.ts(3,15): error TS6059: File '/Users/elvira/Downloads/pets-pr-1/packages/core/src/stores/useMatchStore.ts' is not under 'rootDir' '/Users/elvira/Downloads/pets-pr-1/packages/ui/src'. 'rootDir' is expected to contain all source files.
@pawfectmatch/ui:build: ../core/src/stores/index.ts(4,15): error TS6059: File '/Users/elvira/Downloads/pets-pr-1/packages/core/src/stores/usePreferencesStore.ts' is not under 'rootDir' '/Users/elvira/Downloads/pets-pr-1/packages/ui/src'. 'rootDir' is expected to contain all source files.
@pawfectmatch/ui:build: ../core/src/stores/index.ts(5,15): error TS6059: File '/Users/elvira/Downloads/pets-pr-1/packages/core/src/stores/useWeatherStore.ts' is not under 'rootDir' '/Users/elvira/Downloads/pets-pr-1/packages/ui/src'. 'rootDir' is expected to contain all source files.
@pawfectmatch/ui:build: ../core/src/stores/index.ts(6,15): error TS6059: File '/Users/elvira/Downloads/pets-pr-1/packages/core/src/stores/useAnalyticsStore.ts' is not under 'rootDir' '/Users/elvira/Downloads/pets-pr-1/packages/ui/src'. 'rootDir' is expected to contain all source files.
@pawfectmatch/ui:build: ../core/src/stores/useAnalyticsStore.ts(2,73): error TS6059: File '/Users/elvira/Downloads/pets-pr-1/packages/core/src/api/hooks.ts' is not under 'rootDir' '/Users/elvira/Downloads/pets-pr-1/packages/ui/src'. 'rootDir' is expected to contain all source files.
@pawfectmatch/ui:build:   The file is in the program because:
@pawfectmatch/ui:build:     Imported via '../api/hooks' from file '/Users/elvira/Downloads/pets-pr-1/packages/core/src/stores/useAnalyticsStore.ts'
@pawfectmatch/ui:build:     Imported via './hooks' from file '/Users/elvira/Downloads/pets-pr-1/packages/core/src/api/index.ts'
@pawfectmatch/ui:build: ../core/src/stores/useAuthStore.ts(4,36): error TS6059: File '/Users/elvira/Downloads/pets-pr-1/packages/core/src/types/advanced.ts' is not under 'rootDir' '/Users/elvira/Downloads/pets-pr-1/packages/ui/src'. 'rootDir' is expected to contain all source files.
@pawfectmatch/ui:build:   The file is in the program because:
@pawfectmatch/ui:build:     Imported via '../types/advanced' from file '/Users/elvira/Downloads/pets-pr-1/packages/core/src/stores/useAuthStore.ts'
@pawfectmatch/ui:build:     Imported via '../types/advanced' from file '/Users/elvira/Downloads/pets-pr-1/packages/core/src/stores/useUIStore.ts'
@pawfectmatch/ui:build:     Imported via '../types/advanced' from file '/Users/elvira/Downloads/pets-pr-1/packages/core/src/stores/usePreferencesStore.ts'
@pawfectmatch/ui:build:     Imported via '../types/advanced' from file '/Users/elvira/Downloads/pets-pr-1/packages/core/src/stores/useWeatherStore.ts'
@pawfectmatch/ui:build: ../core/src/types/index.ts(8,15): error TS6059: File '/Users/elvira/Downloads/pets-pr-1/packages/core/src/types/account.ts' is not under 'rootDir' '/Users/elvira/Downloads/pets-pr-1/packages/ui/src'. 'rootDir' is expected to contain all source files.
@pawfectmatch/ui:build:   The file is in the program because:
@pawfectmatch/ui:build:     Imported via './account' from file '/Users/elvira/Downloads/pets-pr-1/packages/core/src/types/index.ts'
@pawfectmatch/ui:build:     Imported via '../types/account' from file '/Users/elvira/Downloads/pets-pr-1/packages/core/src/services/AccountService.ts'
@pawfectmatch/ui:build: ../core/src/types/index.ts(11,15): error TS6059: File '/Users/elvira/Downloads/pets-pr-1/packages/core/src/types/api-responses.ts' is not under 'rootDir' '/Users/elvira/Downloads/pets-pr-1/packages/ui/src'. 'rootDir' is expected to contain all source files.
@pawfectmatch/ui:build: ../core/src/types/index.ts(14,15): error TS6059: File '/Users/elvira/Downloads/pets-pr-1/packages/core/src/types/story.ts' is not under 'rootDir' '/Users/elvira/Downloads/pets-pr-1/packages/ui/src'. 'rootDir' is expected to contain all source files.
@pawfectmatch/ui:build: ../core/src/types/index.ts(427,15): error TS6059: File '/Users/elvira/Downloads/pets-pr-1/packages/core/src/types/moderation.ts' is not under 'rootDir' '/Users/elvira/Downloads/pets-pr-1/packages/ui/src'. 'rootDir' is expected to contain all source files.
@pawfectmatch/ui:build: ../core/src/types/index.ts(428,15): error TS6059: File '/Users/elvira/Downloads/pets-pr-1/packages/core/src/types/socket.ts' is not under 'rootDir' '/Users/elvira/Downloads/pets-pr-1/packages/ui/src'. 'rootDir' is expected to contain all source files.
@pawfectmatch/ui:build: ../core/src/types/socket.ts(6,37): error TS6059: File '/Users/elvira/Downloads/pets-pr-1/packages/core/src/types/models.ts' is not under 'rootDir' '/Users/elvira/Downloads/pets-pr-1/packages/ui/src'. 'rootDir' is expected to contain all source files.
@pawfectmatch/ui:build:   The file is in the program because:
@pawfectmatch/ui:build:     Imported via './models' from file '/Users/elvira/Downloads/pets-pr-1/packages/core/src/types/socket.ts'
@pawfectmatch/ui:build:     Imported via '../types/models' from file '/Users/elvira/Downloads/pets-pr-1/packages/core/src/stores/useAuthStore.ts'
@pawfectmatch/ui:build:     Imported via '../types/models' from file '/Users/elvira/Downloads/pets-pr-1/packages/core/src/stores/useMatchStore.ts'
@pawfectmatch/ui:build: ../core/src/utils/index.ts(9,15): error TS6059: File '/Users/elvira/Downloads/pets-pr-1/packages/core/src/utils/logger.ts' is not under 'rootDir' '/Users/elvira/Downloads/pets-pr-1/packages/ui/src'. 'rootDir' is expected to contain all source files.
@pawfectmatch/ui:build: ../core/src/utils/index.ts(136,15): error TS6059: File '/Users/elvira/Downloads/pets-pr-1/packages/core/src/utils/contentFilter.ts' is not under 'rootDir' '/Users/elvira/Downloads/pets-pr-1/packages/ui/src'. 'rootDir' is expected to contain all source files.
@pawfectmatch/ui:build: ../core/src/utils/index.ts(137,15): error TS6059: File '/Users/elvira/Downloads/pets-pr-1/packages/core/src/utils/storage.ts' is not under 'rootDir' '/Users/elvira/Downloads/pets-pr-1/packages/ui/src'. 'rootDir' is expected to contain all source files.
@pawfectmatch/ui:build: ../core/src/utils/logger.ts(45,5): error TS2591: Cannot find name 'process'. Do you need to install type definitions for node? Try `npm i --save-dev @types/node` and then add 'node' to the types field in your tsconfig.
@pawfectmatch/ui:build: src/components/AIFeatures/GestureInteraction.tsx(204,20): error TS2345: Argument of type 'Timeout' is not assignable to parameter of type 'number'.
@pawfectmatch/ui:build: src/components/AIFeatures/GestureInteraction.tsx(212,35): error TS2532: Object is possibly 'undefined'.
@pawfectmatch/ui:build: src/components/AIFeatures/GestureInteraction.tsx(212,57): error TS2532: Object is possibly 'undefined'.
@pawfectmatch/ui:build: src/components/AIFeatures/GestureInteraction.tsx(219,35): error TS2345: Argument of type '{ identifier: number; startX: number; startY: number; lastX: number; lastY: number; startTime: number; } | undefined' is not assignable to parameter of type 'TouchData'.
@pawfectmatch/ui:build:   Type 'undefined' is not assignable to type 'TouchData'.
@pawfectmatch/ui:build: src/components/AIFeatures/GestureInteraction.tsx(225,27): error TS2345: Argument of type '{ identifier: number; startX: number; startY: number; lastX: number; lastY: number; startTime: number; } | undefined' is not assignable to parameter of type 'TouchData'.
@pawfectmatch/ui:build:   Type 'undefined' is not assignable to type 'TouchData'.
@pawfectmatch/ui:build: src/components/AIFeatures/GestureInteraction.tsx(257,43): error TS2345: Argument of type 'TouchData | undefined' is not assignable to parameter of type 'TouchData'.
@pawfectmatch/ui:build:   Type 'undefined' is not assignable to type 'TouchData'.
@pawfectmatch/ui:build: src/components/AIFeatures/GestureInteraction.tsx(264,28): error TS2532: Object is possibly 'undefined'.
@pawfectmatch/ui:build: src/components/AIFeatures/GestureInteraction.tsx(264,54): error TS2532: Object is possibly 'undefined'.
@pawfectmatch/ui:build: src/components/AIFeatures/GestureInteraction.tsx(265,28): error TS2532: Object is possibly 'undefined'.
@pawfectmatch/ui:build: src/components/AIFeatures/GestureInteraction.tsx(265,54): error TS2532: Object is possibly 'undefined'.
@pawfectmatch/ui:build: src/components/AIFeatures/GestureInteraction.tsx(269,28): error TS2532: Object is possibly 'undefined'.
@pawfectmatch/ui:build: src/components/AIFeatures/GestureInteraction.tsx(269,54): error TS2532: Object is possibly 'undefined'.
@pawfectmatch/ui:build: src/components/AIFeatures/GestureInteraction.tsx(270,28): error TS2532: Object is possibly 'undefined'.
@pawfectmatch/ui:build: src/components/AIFeatures/GestureInteraction.tsx(270,54): error TS2532: Object is possibly 'undefined'.
@pawfectmatch/ui:build: src/components/AIFeatures/GestureInteraction.tsx(286,40): error TS2345: Argument of type 'TouchData | undefined' is not assignable to parameter of type 'TouchData'.
@pawfectmatch/ui:build:   Type 'undefined' is not assignable to type 'TouchData'.
@pawfectmatch/ui:build: src/components/AIFeatures/GestureInteraction.tsx(296,26): error TS2532: Object is possibly 'undefined'.
@pawfectmatch/ui:build: src/components/AIFeatures/GestureInteraction.tsx(296,52): error TS2532: Object is possibly 'undefined'.
@pawfectmatch/ui:build: src/components/AIFeatures/GestureInteraction.tsx(297,26): error TS2532: Object is possibly 'undefined'.
@pawfectmatch/ui:build: src/components/AIFeatures/GestureInteraction.tsx(297,52): error TS2532: Object is possibly 'undefined'.
@pawfectmatch/ui:build: src/components/AIFeatures/GestureInteraction.tsx(314,18): error TS18048: 'touch' is possibly 'undefined'.
@pawfectmatch/ui:build: src/components/AIFeatures/GestureInteraction.tsx(314,32): error TS18048: 'touch' is possibly 'undefined'.
@pawfectmatch/ui:build: src/components/AIFeatures/GestureInteraction.tsx(315,18): error TS18048: 'touch' is possibly 'undefined'.
@pawfectmatch/ui:build: src/components/AIFeatures/GestureInteraction.tsx(315,32): error TS18048: 'touch' is possibly 'undefined'.
@pawfectmatch/ui:build: src/components/AIFeatures/GestureInteraction.tsx(319,22): error TS2345: Argument of type 'Timeout' is not assignable to parameter of type 'number'.
@pawfectmatch/ui:build: src/components/AIFeatures/GestureInteraction.tsx(341,20): error TS2345: Argument of type 'Timeout' is not assignable to parameter of type 'number'.
@pawfectmatch/ui:build: src/components/AIFeatures/GestureInteraction.tsx(347,46): error TS2532: Object is possibly 'undefined'.
@pawfectmatch/ui:build: src/components/AIFeatures/GestureInteraction.tsx(349,42): error TS18048: 'touch' is possibly 'undefined'.
@pawfectmatch/ui:build: src/components/AIFeatures/GestureInteraction.tsx(350,18): error TS18048: 'touch' is possibly 'undefined'.
@pawfectmatch/ui:build: src/components/AIFeatures/GestureInteraction.tsx(350,32): error TS18048: 'touch' is possibly 'undefined'.
@pawfectmatch/ui:build: src/components/AIFeatures/GestureInteraction.tsx(351,18): error TS18048: 'touch' is possibly 'undefined'.
@pawfectmatch/ui:build: src/components/AIFeatures/GestureInteraction.tsx(351,32): error TS18048: 'touch' is possibly 'undefined'.
@pawfectmatch/ui:build: src/components/AIFeatures/GestureInteraction.tsx(363,40): error TS18048: 'touch' is possibly 'undefined'.
@pawfectmatch/ui:build: src/components/AIFeatures/GestureInteraction.tsx(363,53): error TS18048: 'touch' is possibly 'undefined'.
@pawfectmatch/ui:build: src/components/AIFeatures/GestureInteraction.tsx(366,39): error TS18048: 'touch' is possibly 'undefined'.
@pawfectmatch/ui:build: src/components/AIFeatures/GestureInteraction.tsx(366,52): error TS18048: 'touch' is possibly 'undefined'.
@pawfectmatch/ui:build: src/components/AIFeatures/GestureInteraction.tsx(373,39): error TS18048: 'touch' is possibly 'undefined'.
@pawfectmatch/ui:build: src/components/AIFeatures/GestureInteraction.tsx(373,52): error TS18048: 'touch' is possibly 'undefined'.
@pawfectmatch/ui:build: src/components/AIFeatures/GestureInteraction.tsx(376,37): error TS18048: 'touch' is possibly 'undefined'.
@pawfectmatch/ui:build: src/components/AIFeatures/GestureInteraction.tsx(376,50): error TS18048: 'touch' is possibly 'undefined'.
@pawfectmatch/ui:build: src/components/AIFeatures/GestureInteraction.tsx(387,39): error TS18048: 'touch' is possibly 'undefined'.
@pawfectmatch/ui:build: src/components/AIFeatures/GestureInteraction.tsx(387,52): error TS18048: 'touch' is possibly 'undefined'.
@pawfectmatch/ui:build: src/components/AIFeatures/GestureInteraction.tsx(397,33): error TS18048: 'touch' is possibly 'undefined'.
@pawfectmatch/ui:build: src/components/AIFeatures/GestureInteraction.tsx(397,46): error TS18048: 'touch' is possibly 'undefined'.
@pawfectmatch/ui:build: src/components/AIFeatures/GestureInteraction.tsx(419,22): error TS2345: Argument of type 'Timeout' is not assignable to parameter of type 'number'.
@pawfectmatch/ui:build: src/components/AIFeatures/GestureInteraction.tsx(424,30): error TS2503: Cannot find namespace 'JSX'.
@pawfectmatch/ui:build: src/components/AIFeatures/GestureInteraction.tsx(564,14): error TS2322: Type '{ children: string; jsx: true; global: true; }' is not assignable to type 'DetailedHTMLProps<StyleHTMLAttributes<HTMLStyleElement>, HTMLStyleElement>'.
@pawfectmatch/ui:build:   Property 'jsx' does not exist on type 'DetailedHTMLProps<StyleHTMLAttributes<HTMLStyleElement>, HTMLStyleElement>'.
@pawfectmatch/ui:build: src/components/AIFeatures/PersonalizedRecommendations.tsx(80,26): error TS2304: Cannot find name 'useTheme'.
@pawfectmatch/ui:build: src/components/AIFeatures/PersonalizedRecommendations.tsx(81,23): error TS2304: Cannot find name 'useAnimation'.
@pawfectmatch/ui:build: src/components/AIFeatures/PersonalizedRecommendations.tsx(185,7): error TS2322: Type 'number' is not assignable to type 'Timeout'.
@pawfectmatch/ui:build: src/components/AIFeatures/PersonalizedRecommendations.tsx(192,23): error TS2345: Argument of type 'Timeout' is not assignable to parameter of type 'number'.
@pawfectmatch/ui:build: src/components/AIFeatures/VoiceInteraction.tsx(172,5): error TS18046: 'recognitionRef.current' is of type 'unknown'.
@pawfectmatch/ui:build: src/components/AIFeatures/VoiceInteraction.tsx(173,5): error TS18046: 'recognitionRef.current' is of type 'unknown'.
@pawfectmatch/ui:build: src/components/AIFeatures/VoiceInteraction.tsx(174,5): error TS18046: 'recognitionRef.current' is of type 'unknown'.
@pawfectmatch/ui:build: src/components/AIFeatures/VoiceInteraction.tsx(177,5): error TS18046: 'recognitionRef.current' is of type 'unknown'.
@pawfectmatch/ui:build: src/components/AIFeatures/VoiceInteraction.tsx(182,5): error TS18046: 'recognitionRef.current' is of type 'unknown'.
@pawfectmatch/ui:build: src/components/AIFeatures/VoiceInteraction.tsx(187,5): error TS18046: 'recognitionRef.current' is of type 'unknown'.
@pawfectmatch/ui:build: src/components/AIFeatures/VoiceInteraction.tsx(232,5): error TS18046: 'recognitionRef.current' is of type 'unknown'.
@pawfectmatch/ui:build: src/components/AIFeatures/VoiceInteraction.tsx(240,9): error TS18046: 'recognitionRef.current' is of type 'unknown'.
@pawfectmatch/ui:build: src/components/AIFeatures/VoiceInteraction.tsx(249,34): error TS2339: Property 'stop' does not exist on type '{}'.
@pawfectmatch/ui:build: src/components/AIFeatures/VoiceInteraction.tsx(316,34): error TS2339: Property 'stop' does not exist on type '{}'.
@pawfectmatch/ui:build: src/components/AIFeatures/VoiceInteraction.tsx(326,34): error TS2339: Property 'start' does not exist on type '{}'.
@pawfectmatch/ui:build: src/components/AIFeatures/VoiceInteraction.tsx(365,35): error TS2503: Cannot find namespace 'JSX'.
@pawfectmatch/ui:build: src/components/AIFeatures/VoiceInteraction.tsx(412,15): error TS6133: '_pulseSize' is declared but its value is never read.
@pawfectmatch/ui:build: src/components/AIFeatures/VoiceInteraction.tsx(428,36): error TS2503: Cannot find namespace 'JSX'.
@pawfectmatch/ui:build: src/components/AIFeatures/VoiceInteraction.tsx(481,31): error TS2503: Cannot find namespace 'JSX'.
@pawfectmatch/ui:build: src/components/AIFeatures/VoiceInteraction.tsx(517,37): error TS2503: Cannot find namespace 'JSX'.
@pawfectmatch/ui:build: src/components/AnimationShowcase/AnimationShowcase.tsx(26,7): error TS2322: Type 'unknown' is not assignable to type '"scale" | "slide" | "fade" | "bounce" | "rotate" | "flip" | "glow" | "pulse" | "wave" | "shake" | "morph" | "confetti"'.
@pawfectmatch/ui:build: src/components/AnimationShowcase/AnimationShowcase.tsx(64,14): error TS2322: Type '{ children: string; jsx: true; }' is not assignable to type 'DetailedHTMLProps<StyleHTMLAttributes<HTMLStyleElement>, HTMLStyleElement>'.
@pawfectmatch/ui:build:   Property 'jsx' does not exist on type 'DetailedHTMLProps<StyleHTMLAttributes<HTMLStyleElement>, HTMLStyleElement>'.
@pawfectmatch/ui:build: src/components/Avatar/Avatar.tsx(107,55): error TS2538: Type 'null' cannot be used as an index type.
@pawfectmatch/ui:build: src/components/Badge/Badge.tsx(102,19): error TS2304: Cannot find name 'props'.
@pawfectmatch/ui:build: src/components/Badge/Badge.tsx(103,13): error TS2304: Cannot find name 'props'.
@pawfectmatch/ui:build: src/components/Badge/Badge.tsx(104,17): error TS2304: Cannot find name 'props'.
@pawfectmatch/ui:build: src/components/Button/Button.tsx(3,10): error TS1484: 'AriaButtonProps' is a type and must be imported using a type-only import when 'verbatimModuleSyntax' is enabled.
@pawfectmatch/ui:build: src/components/Card/Card.tsx(52,39): error TS2304: Cannot find name 'useFocusRing'.
@pawfectmatch/ui:build: src/components/Card/Card.tsx(53,39): error TS2304: Cannot find name 'useHover'.
@pawfectmatch/ui:build: src/components/Card/Card.tsx(60,28): error TS2304: Cannot find name 'mergeProps'.
@pawfectmatch/ui:build: src/components/DarkModeToggle/DarkModeToggle.tsx(73,39): error TS2304: Cannot find name 'useTheme'.
@pawfectmatch/ui:build: src/components/DarkModeToggle/DarkModeToggle.tsx(74,23): error TS2304: Cannot find name 'useAnimation'.
@pawfectmatch/ui:build: src/components/DarkModeToggle/DarkModeToggle.tsx(144,28): error TS2503: Cannot find namespace 'JSX'.
@pawfectmatch/ui:build: src/components/DarkModeToggle/DarkModeToggle.tsx(173,26): error TS2503: Cannot find namespace 'JSX'.
@pawfectmatch/ui:build: src/components/DarkModeToggle/DarkModeToggle.tsx(220,29): error TS2503: Cannot find namespace 'JSX'.
@pawfectmatch/ui:build: src/components/DarkModeToggle/DarkModeToggle.tsx(237,30): error TS2503: Cannot find namespace 'JSX'.
@pawfectmatch/ui:build: src/components/DarkModeToggle/DarkModeToggle.tsx(328,29): error TS2503: Cannot find namespace 'JSX'.
@pawfectmatch/ui:build: src/components/DarkModeToggle/DarkModeToggle.tsx(344,27): error TS2503: Cannot find namespace 'JSX'.
@pawfectmatch/ui:build: src/components/DarkModeToggle/DarkModeToggle.tsx(368,14): error TS2322: Type '{ children: string; jsx: true; global: true; }' is not assignable to type 'DetailedHTMLProps<StyleHTMLAttributes<HTMLStyleElement>, HTMLStyleElement>'.
@pawfectmatch/ui:build:   Property 'jsx' does not exist on type 'DetailedHTMLProps<StyleHTMLAttributes<HTMLStyleElement>, HTMLStyleElement>'.
@pawfectmatch/ui:build: src/components/Dialog/A11yDialog.tsx(127,32): error TS18048: 'event' is possibly 'undefined'.
@pawfectmatch/ui:build: src/components/Dialog/A11yDialog.tsx(134,5): error TS2322: Type 'HTMLElement | null' is not assignable to type 'HTMLDivElement | null'.
@pawfectmatch/ui:build:   Property 'align' is missing in type 'HTMLElement' but required in type 'HTMLDivElement'.
@pawfectmatch/ui:build: src/components/Dialog/A11yDialog.tsx(139,13): error TS7030: Not all code paths return a value.
@pawfectmatch/ui:build: src/components/ErrorBoundary/EnhancedErrorBoundary.tsx(6,8): error TS6133: 'React' is declared but its value is never read.
@pawfectmatch/ui:build: src/components/ErrorBoundary/EnhancedErrorBoundary.tsx(6,28): error TS1484: 'ErrorInfo' is a type and must be imported using a type-only import when 'verbatimModuleSyntax' is enabled.
@pawfectmatch/ui:build: src/components/ErrorBoundary/EnhancedErrorBoundary.tsx(6,39): error TS1484: 'ReactNode' is a type and must be imported using a type-only import when 'verbatimModuleSyntax' is enabled.
@pawfectmatch/ui:build: src/components/ErrorBoundary/EnhancedErrorBoundary.tsx(12,3): error TS6133: 'ChatBubbleLeftIcon' is declared but its value is never read.
@pawfectmatch/ui:build: src/components/ErrorBoundary/EnhancedErrorBoundary.tsx(14,8): error TS2307: Cannot find module '@heroicons/react/24/outline' or its corresponding type declarations.
@pawfectmatch/ui:build: src/components/ErrorBoundary/EnhancedErrorBoundary.tsx(15,30): error TS2307: Cannot find module '../../../core/src/services/ErrorHandler' or its corresponding type declarations.
@pawfectmatch/ui:build: src/components/ErrorBoundary/EnhancedErrorBoundary.tsx(16,24): error TS2307: Cannot find module '../../../core/src/services/Logger' or its corresponding type declarations.
@pawfectmatch/ui:build: src/components/ErrorBoundary/EnhancedErrorBoundary.tsx(61,3): error TS4114: This member must have an 'override' modifier because it overrides a member in the base class 'Component<ErrorBoundaryProps, ErrorBoundaryState, any>'.
@pawfectmatch/ui:build: src/components/ErrorBoundary/EnhancedErrorBoundary.tsx(99,3): error TS4114: This member must have an 'override' modifier because it overrides a member in the base class 'Component<ErrorBoundaryProps, ErrorBoundaryState, any>'.
@pawfectmatch/ui:build: src/components/ErrorBoundary/EnhancedErrorBoundary.tsx(101,20): error TS2345: Argument of type 'Timeout' is not assignable to parameter of type 'number'.
@pawfectmatch/ui:build: src/components/ErrorBoundary/EnhancedErrorBoundary.tsx(124,5): error TS2322: Type 'number' is not assignable to type 'Timeout'.
@pawfectmatch/ui:build: src/components/ErrorBoundary/EnhancedErrorBoundary.tsx(168,3): error TS4114: This member must have an 'override' modifier because it overrides a member in the base class 'Component<ErrorBoundaryProps, ErrorBoundaryState, any>'.
@pawfectmatch/ui:build: src/components/ErrorBoundary/EnhancedErrorBoundary.tsx(205,13): error TS2322: Type '{ children: Element; initial: { opacity: number; scale: number; }; animate: { opacity: number; scale: number; }; exit: { opacity: number; scale: number; }; transition: { duration: number; }; className: string; }' is not assignable to type 'IntrinsicAttributes & HTMLAttributesWithoutMotionProps<unknown, unknown> & MotionProps & RefAttributes<unknown>'.
@pawfectmatch/ui:build:   Property 'className' does not exist on type 'IntrinsicAttributes & HTMLAttributesWithoutMotionProps<unknown, unknown> & MotionProps & RefAttributes<unknown>'.
@pawfectmatch/ui:build: src/components/ErrorBoundary/EnhancedErrorBoundary.tsx(220,17): error TS2322: Type '{ children: Element; initial: { scale: number; }; animate: { scale: number; }; transition: { delay: number; type: "spring"; stiffness: number; }; className: string; }' is not assignable to type 'IntrinsicAttributes & HTMLAttributesWithoutMotionProps<unknown, unknown> & MotionProps & RefAttributes<unknown>'.
@pawfectmatch/ui:build:   Property 'className' does not exist on type 'IntrinsicAttributes & HTMLAttributesWithoutMotionProps<unknown, unknown> & MotionProps & RefAttributes<unknown>'.
@pawfectmatch/ui:build: src/components/ErrorBoundary/EnhancedErrorBoundary.tsx(232,17): error TS2322: Type '{ children: string; initial: { opacity: number; y: number; }; animate: { opacity: number; y: number; }; transition: { delay: number; }; className: string; }' is not assignable to type 'IntrinsicAttributes & HTMLAttributesWithoutMotionProps<unknown, unknown> & MotionProps & RefAttributes<unknown>'.
@pawfectmatch/ui:build:   Property 'className' does not exist on type 'IntrinsicAttributes & HTMLAttributesWithoutMotionProps<unknown, unknown> & MotionProps & RefAttributes<unknown>'.
@pawfectmatch/ui:build: src/components/ErrorBoundary/EnhancedErrorBoundary.tsx(244,17): error TS2322: Type '{ children: string; initial: { opacity: number; y: number; }; animate: { opacity: number; y: number; }; transition: { delay: number; }; className: string; }' is not assignable to type 'IntrinsicAttributes & HTMLAttributesWithoutMotionProps<unknown, unknown> & MotionProps & RefAttributes<unknown>'.
@pawfectmatch/ui:build:   Property 'className' does not exist on type 'IntrinsicAttributes & HTMLAttributesWithoutMotionProps<unknown, unknown> & MotionProps & RefAttributes<unknown>'.
@pawfectmatch/ui:build: src/components/ErrorBoundary/EnhancedErrorBoundary.tsx(260,19): error TS2322: Type '{ children: Element; initial: { opacity: number; }; animate: { opacity: number; }; transition: { delay: number; }; className: string; }' is not assignable to type 'IntrinsicAttributes & HTMLAttributesWithoutMotionProps<unknown, unknown> & MotionProps & RefAttributes<unknown>'.
@pawfectmatch/ui:build:   Property 'className' does not exist on type 'IntrinsicAttributes & HTMLAttributesWithoutMotionProps<unknown, unknown> & MotionProps & RefAttributes<unknown>'.
@pawfectmatch/ui:build: src/components/ErrorBoundary/EnhancedErrorBoundary.tsx(273,17): error TS2322: Type '{ children: (false | Element)[]; initial: { opacity: number; y: number; }; animate: { opacity: number; y: number; }; transition: { delay: number; }; className: string; }' is not assignable to type 'IntrinsicAttributes & HTMLAttributesWithoutMotionProps<unknown, unknown> & MotionProps & RefAttributes<unknown>'.
@pawfectmatch/ui:build:   Property 'className' does not exist on type 'IntrinsicAttributes & HTMLAttributesWithoutMotionProps<unknown, unknown> & MotionProps & RefAttributes<unknown>'.
@pawfectmatch/ui:build: src/components/ErrorBoundary/EnhancedErrorBoundary.tsx(324,16): error TS2591: Cannot find name 'process'. Do you need to install type definitions for node? Try `npm i --save-dev @types/node` and then add 'node' to the types field in your tsconfig.
@pawfectmatch/ui:build: src/components/ErrorBoundary/EnhancedErrorBoundary.tsx(329,19): error TS2322: Type '{ children: Element[]; initial: { opacity: number; }; animate: { opacity: number; }; transition: { delay: number; }; className: string; }' is not assignable to type 'IntrinsicAttributes & HTMLAttributesWithoutMotionProps<unknown, unknown> & MotionProps & RefAttributes<unknown>'.
@pawfectmatch/ui:build:   Property 'className' does not exist on type 'IntrinsicAttributes & HTMLAttributesWithoutMotionProps<unknown, unknown> & MotionProps & RefAttributes<unknown>'.
@pawfectmatch/ui:build: src/components/ErrorBoundary/ErrorBoundary.tsx(4,24): error TS2307: Cannot find module '../../../web/src/services/logger' or its corresponding type declarations.
@pawfectmatch/ui:build: src/components/ErrorBoundary/ErrorBoundary.tsx(78,3): error TS4114: This member must have an 'override' modifier because it overrides a member in the base class 'Component<ErrorBoundaryProps, ErrorBoundaryState, any>'.
@pawfectmatch/ui:build: src/components/ErrorBoundary/ErrorBoundary.tsx(93,3): error TS4114: This member must have an 'override' modifier because it overrides a member in the base class 'Component<ErrorBoundaryProps, ErrorBoundaryState, any>'.
@pawfectmatch/ui:build: src/components/ErrorBoundary/ErrorBoundary.tsx(103,23): error TS2345: Argument of type '{ hasError: false; error: undefined; errorInfo: undefined; }' is not assignable to parameter of type 'ErrorBoundaryState | ((prevState: Readonly<ErrorBoundaryState>, props: Readonly<ErrorBoundaryProps>) => ErrorBoundaryState | ... 1 more ... | null) | Pick<...> | null'.
@pawfectmatch/ui:build:   Type '{ hasError: false; error: undefined; errorInfo: undefined; }' is not assignable to type 'Pick<ErrorBoundaryState, "error" | "hasError" | "errorInfo">' with 'exactOptionalPropertyTypes: true'. Consider adding 'undefined' to the types of the target's properties.
@pawfectmatch/ui:build:     Types of property 'error' are incompatible.
@pawfectmatch/ui:build:       Type 'undefined' is not assignable to type 'Error'.
@pawfectmatch/ui:build: src/components/ErrorBoundary/ErrorBoundary.tsx(109,19): error TS2345: Argument of type '{ hasError: false; error: undefined; errorInfo: undefined; }' is not assignable to parameter of type 'ErrorBoundaryState | ((prevState: Readonly<ErrorBoundaryState>, props: Readonly<ErrorBoundaryProps>) => ErrorBoundaryState | ... 1 more ... | null) | Pick<...> | null'.
@pawfectmatch/ui:build:   Type '{ hasError: false; error: undefined; errorInfo: undefined; }' is not assignable to type 'Pick<ErrorBoundaryState, "error" | "hasError" | "errorInfo">' with 'exactOptionalPropertyTypes: true'. Consider adding 'undefined' to the types of the target's properties.
@pawfectmatch/ui:build:     Types of property 'error' are incompatible.
@pawfectmatch/ui:build:       Type 'undefined' is not assignable to type 'Error'.
@pawfectmatch/ui:build: src/components/ErrorBoundary/ErrorBoundary.tsx(121,3): error TS4114: This member must have an 'override' modifier because it overrides a member in the base class 'Component<ErrorBoundaryProps, ErrorBoundaryState, any>'.
@pawfectmatch/ui:build: src/components/ErrorBoundary/ErrorBoundary.tsx(134,11): error TS2322: Type '{ children: Element; className: string; initial: { opacity: number; scale: number; }; animate: { opacity: number; scale: number; }; transition: { duration: number; }; }' is not assignable to type 'IntrinsicAttributes & HTMLAttributesWithoutMotionProps<unknown, unknown> & MotionProps & RefAttributes<unknown>'.
@pawfectmatch/ui:build:   Property 'className' does not exist on type 'IntrinsicAttributes & HTMLAttributesWithoutMotionProps<unknown, unknown> & MotionProps & RefAttributes<unknown>'.
@pawfectmatch/ui:build: src/components/Feedback/UserFeedbackSystem.tsx(6,67): error TS1484: 'ReactNode' is a type and must be imported using a type-only import when 'verbatimModuleSyntax' is enabled.
@pawfectmatch/ui:build: src/components/Feedback/UserFeedbackSystem.tsx(15,8): error TS2307: Cannot find module '@heroicons/react/24/outline' or its corresponding type declarations.
@pawfectmatch/ui:build: src/components/Feedback/UserFeedbackSystem.tsx(16,1): error TS6133: 'errorHandler' is declared but its value is never read.
@pawfectmatch/ui:build: src/components/Feedback/UserFeedbackSystem.tsx(16,30): error TS2307: Cannot find module '../../../core/src/services/ErrorHandler' or its corresponding type declarations.
@pawfectmatch/ui:build: src/components/Feedback/UserFeedbackSystem.tsx(17,24): error TS2307: Cannot find module '../../../core/src/services/Logger' or its corresponding type declarations.
@pawfectmatch/ui:build: src/components/Feedback/UserFeedbackSystem.tsx(175,9): error TS2353: Object literal may only specify known properties, and 'metadata' does not exist in type 'Partial<FeedbackMessage>'.
@pawfectmatch/ui:build: src/components/Feedback/UserFeedbackSystem.tsx(203,9): error TS2353: Object literal may only specify known properties, and 'metadata' does not exist in type 'Partial<FeedbackMessage>'.
@pawfectmatch/ui:build: src/components/Feedback/UserFeedbackSystem.tsx(221,9): error TS2353: Object literal may only specify known properties, and 'metadata' does not exist in type 'Partial<FeedbackMessage>'.
@pawfectmatch/ui:build: src/components/Feedback/UserFeedbackSystem.tsx(235,7): error TS2345: Argument of type 'string | undefined' is not assignable to parameter of type 'string'.
@pawfectmatch/ui:build:   Type 'undefined' is not assignable to type 'string'.
@pawfectmatch/ui:build: src/components/Feedback/UserFeedbackSystem.tsx(348,7): error TS2322: Type '{ children: Element; initial: { opacity: number; x: number; scale: number; }; animate: { opacity: number; x: number; scale: number; }; exit: { opacity: number; x: number; scale: number; }; transition: { ...; }; className: string; }' is not assignable to type 'IntrinsicAttributes & HTMLAttributesWithoutMotionProps<unknown, unknown> & MotionProps & RefAttributes<unknown>'.
@pawfectmatch/ui:build:   Property 'className' does not exist on type 'IntrinsicAttributes & HTMLAttributesWithoutMotionProps<unknown, unknown> & MotionProps & RefAttributes<unknown>'.
@pawfectmatch/ui:build: src/components/Input/Input.tsx(7,37): error TS2304: Cannot find name 'AriaTextFieldProps'.
@pawfectmatch/ui:build: src/components/Input/Input.tsx(67,28): error TS2304: Cannot find name 'useTextField'.
@pawfectmatch/ui:build: src/components/Input/Input.tsx(68,28): error TS2304: Cannot find name 'useFocusRing'.
@pawfectmatch/ui:build: src/components/Input/Input.tsx(101,15): error TS2304: Cannot find name 'mergeProps'.
@pawfectmatch/ui:build: src/components/Payment/PaymentErrorBoundary.tsx(6,8): error TS6133: 'React' is declared but its value is never read.
@pawfectmatch/ui:build: src/components/Payment/PaymentErrorBoundary.tsx(6,28): error TS1484: 'ErrorInfo' is a type and must be imported using a type-only import when 'verbatimModuleSyntax' is enabled.
@pawfectmatch/ui:build: src/components/Payment/PaymentErrorBoundary.tsx(6,39): error TS1484: 'ReactNode' is a type and must be imported using a type-only import when 'verbatimModuleSyntax' is enabled.
@pawfectmatch/ui:build: src/components/Payment/PaymentErrorBoundary.tsx(10,3): error TS6133: 'ExclamationTriangleIcon' is declared but its value is never read.
@pawfectmatch/ui:build: src/components/Payment/PaymentErrorBoundary.tsx(14,8): error TS2307: Cannot find module '@heroicons/react/24/outline' or its corresponding type declarations.
@pawfectmatch/ui:build: src/components/Payment/PaymentErrorBoundary.tsx(15,30): error TS2307: Cannot find module '../../../core/src/services/ErrorHandler' or its corresponding type declarations.
@pawfectmatch/ui:build: src/components/Payment/PaymentErrorBoundary.tsx(16,24): error TS2307: Cannot find module '../../../core/src/services/Logger' or its corresponding type declarations.
@pawfectmatch/ui:build: src/components/Payment/PaymentErrorBoundary.tsx(60,3): error TS4114: This member must have an 'override' modifier because it overrides a member in the base class 'Component<PaymentErrorBoundaryProps, PaymentErrorBoundaryState, any>'.
@pawfectmatch/ui:build: src/components/Payment/PaymentErrorBoundary.tsx(100,3): error TS4114: This member must have an 'override' modifier because it overrides a member in the base class 'Component<PaymentErrorBoundaryProps, PaymentErrorBoundaryState, any>'.
@pawfectmatch/ui:build: src/components/Payment/PaymentErrorBoundary.tsx(102,20): error TS2345: Argument of type 'Timeout' is not assignable to parameter of type 'number'.
@pawfectmatch/ui:build: src/components/Payment/PaymentErrorBoundary.tsx(126,5): error TS2322: Type 'number' is not assignable to type 'Timeout'.
@pawfectmatch/ui:build: src/components/Payment/PaymentErrorBoundary.tsx(238,3): error TS4114: This member must have an 'override' modifier because it overrides a member in the base class 'Component<PaymentErrorBoundaryProps, PaymentErrorBoundaryState, any>'.
@pawfectmatch/ui:build: src/components/Payment/PaymentErrorBoundary.tsx(265,13): error TS2322: Type '{ children: Element; initial: { opacity: number; scale: number; }; animate: { opacity: number; scale: number; }; exit: { opacity: number; scale: number; }; transition: { duration: number; }; className: string; }' is not assignable to type 'IntrinsicAttributes & HTMLAttributesWithoutMotionProps<unknown, unknown> & MotionProps & RefAttributes<unknown>'.
@pawfectmatch/ui:build:   Property 'className' does not exist on type 'IntrinsicAttributes & HTMLAttributesWithoutMotionProps<unknown, unknown> & MotionProps & RefAttributes<unknown>'.
@pawfectmatch/ui:build: src/components/Payment/PaymentErrorBoundary.tsx(274,17): error TS2322: Type '{ children: Element; initial: { scale: number; }; animate: { scale: number; }; transition: { delay: number; type: "spring"; stiffness: number; }; className: string; }' is not assignable to type 'IntrinsicAttributes & HTMLAttributesWithoutMotionProps<unknown, unknown> & MotionProps & RefAttributes<unknown>'.
@pawfectmatch/ui:build:   Property 'className' does not exist on type 'IntrinsicAttributes & HTMLAttributesWithoutMotionProps<unknown, unknown> & MotionProps & RefAttributes<unknown>'.
@pawfectmatch/ui:build: src/components/Payment/PaymentErrorBoundary.tsx(284,17): error TS2322: Type '{ children: string; initial: { opacity: number; y: number; }; animate: { opacity: number; y: number; }; transition: { delay: number; }; className: string; }' is not assignable to type 'IntrinsicAttributes & HTMLAttributesWithoutMotionProps<unknown, unknown> & MotionProps & RefAttributes<unknown>'.
@pawfectmatch/ui:build:   Property 'className' does not exist on type 'IntrinsicAttributes & HTMLAttributesWithoutMotionProps<unknown, unknown> & MotionProps & RefAttributes<unknown>'.
@pawfectmatch/ui:build: src/components/Payment/PaymentErrorBoundary.tsx(294,17): error TS2322: Type '{ children: string; initial: { opacity: number; y: number; }; animate: { opacity: number; y: number; }; transition: { delay: number; }; className: string; }' is not assignable to type 'IntrinsicAttributes & HTMLAttributesWithoutMotionProps<unknown, unknown> & MotionProps & RefAttributes<unknown>'.
@pawfectmatch/ui:build:   Property 'className' does not exist on type 'IntrinsicAttributes & HTMLAttributesWithoutMotionProps<unknown, unknown> & MotionProps & RefAttributes<unknown>'.
@pawfectmatch/ui:build: src/components/Payment/PaymentErrorBoundary.tsx(305,19): error TS2322: Type '{ children: Element; initial: { opacity: number; }; animate: { opacity: number; }; transition: { delay: number; }; className: string; }' is not assignable to type 'IntrinsicAttributes & HTMLAttributesWithoutMotionProps<unknown, unknown> & MotionProps & RefAttributes<unknown>'.
@pawfectmatch/ui:build:   Property 'className' does not exist on type 'IntrinsicAttributes & HTMLAttributesWithoutMotionProps<unknown, unknown> & MotionProps & RefAttributes<unknown>'.
@pawfectmatch/ui:build: src/components/Payment/PaymentErrorBoundary.tsx(323,17): error TS2322: Type '{ children: Element[]; initial: { opacity: number; y: number; }; animate: { opacity: number; y: number; }; transition: { delay: number; }; className: string; }' is not assignable to type 'IntrinsicAttributes & HTMLAttributesWithoutMotionProps<unknown, unknown> & MotionProps & RefAttributes<unknown>'.
@pawfectmatch/ui:build:   Property 'className' does not exist on type 'IntrinsicAttributes & HTMLAttributesWithoutMotionProps<unknown, unknown> & MotionProps & RefAttributes<unknown>'.
@pawfectmatch/ui:build: src/components/Payment/PaymentErrorBoundary.tsx(341,17): error TS2322: Type '{ children: (false | Element)[]; initial: { opacity: number; y: number; }; animate: { opacity: number; y: number; }; transition: { delay: number; }; className: string; }' is not assignable to type 'IntrinsicAttributes & HTMLAttributesWithoutMotionProps<unknown, unknown> & MotionProps & RefAttributes<unknown>'.
@pawfectmatch/ui:build:   Property 'className' does not exist on type 'IntrinsicAttributes & HTMLAttributesWithoutMotionProps<unknown, unknown> & MotionProps & RefAttributes<unknown>'.
@pawfectmatch/ui:build: src/components/Payment/PaymentErrorBoundary.tsx(378,17): error TS2322: Type '{ children: Element; initial: { opacity: number; }; animate: { opacity: number; }; transition: { delay: number; }; className: string; }' is not assignable to type 'IntrinsicAttributes & HTMLAttributesWithoutMotionProps<unknown, unknown> & MotionProps & RefAttributes<unknown>'.
@pawfectmatch/ui:build:   Property 'className' does not exist on type 'IntrinsicAttributes & HTMLAttributesWithoutMotionProps<unknown, unknown> & MotionProps & RefAttributes<unknown>'.
@pawfectmatch/ui:build: src/components/Payment/PaymentErrorBoundary.tsx(392,19): error TS2322: Type '{ children: (string | Element)[]; initial: { opacity: number; }; animate: { opacity: number; }; transition: { delay: number; }; className: string; }' is not assignable to type 'IntrinsicAttributes & HTMLAttributesWithoutMotionProps<unknown, unknown> & MotionProps & RefAttributes<unknown>'.
@pawfectmatch/ui:build:   Property 'className' does not exist on type 'IntrinsicAttributes & HTMLAttributesWithoutMotionProps<unknown, unknown> & MotionProps & RefAttributes<unknown>'.
@pawfectmatch/ui:build: src/components/Payment/PaymentErrorBoundary.tsx(399,16): error TS2591: Cannot find name 'process'. Do you need to install type definitions for node? Try `npm i --save-dev @types/node` and then add 'node' to the types field in your tsconfig.
@pawfectmatch/ui:build: src/components/Payment/PaymentErrorBoundary.tsx(404,19): error TS2322: Type '{ children: Element[]; initial: { opacity: number; }; animate: { opacity: number; }; transition: { delay: number; }; className: string; }' is not assignable to type 'IntrinsicAttributes & HTMLAttributesWithoutMotionProps<unknown, unknown> & MotionProps & RefAttributes<unknown>'.
@pawfectmatch/ui:build:   Property 'className' does not exist on type 'IntrinsicAttributes & HTMLAttributesWithoutMotionProps<unknown, unknown> & MotionProps & RefAttributes<unknown>'.
@pawfectmatch/ui:build: src/components/PetCard/PetCard.tsx(4,10): error TS2305: Module '"@pawfectmatch/core/src/featureFlags"' has no exported member 'featureFlags'.
@pawfectmatch/ui:build: src/components/PetCard/PetCard.tsx(4,30): error TS6059: File '/Users/elvira/Downloads/pets-pr-1/packages/core/src/index.ts' is not under 'rootDir' '/Users/elvira/Downloads/pets-pr-1/packages/ui/src'. 'rootDir' is expected to contain all source files.
@pawfectmatch/ui:build:   The file is in the program because:
@pawfectmatch/ui:build:     Imported via '@pawfectmatch/core/src/featureFlags' from file '/Users/elvira/Downloads/pets-pr-1/packages/ui/src/components/PetCard/PetCard.tsx'
@pawfectmatch/ui:build:     Imported via '@pawfectmatch/core/src/featureFlags' from file '/Users/elvira/Downloads/pets-pr-1/packages/ui/src/components/PetMatching/PetMatching.tsx'
@pawfectmatch/ui:build: src/components/PetCard/PetCard.tsx(5,1): error TS6133: 'UsageTrackingService' is declared but its value is never read.
@pawfectmatch/ui:build: src/components/PetCard/PetCard.tsx(5,38): error TS2307: Cannot find module '@pawfectmatch/web/src/services/usageTracking' or its corresponding type declarations.
@pawfectmatch/ui:build: src/components/PetCard/PetCard.tsx(34,3): error TS6133: 'isFavorite' is declared but its value is never read.
@pawfectmatch/ui:build: src/components/PetCard/PetCard.tsx(43,11): error TS2339: Property 'triggerAnimation' does not exist on type '{ premiumAnimations: Record<string, (elementId: string, config?: Partial<AnimationConfig> | undefined) => Promise<void>>; isAnimating: (elementId: string) => boolean; }'.
@pawfectmatch/ui:build: src/components/PetCard/PetCard.tsx(43,29): error TS2339: Property 'triggerAnimationFrameAnimation' does not exist on type '{ premiumAnimations: Record<string, (elementId: string, config?: Partial<AnimationConfig> | undefined) => Promise<void>>; isAnimating: (elementId: string) => boolean; }'.
@pawfectmatch/ui:build: src/components/PetCard/PetCard.tsx(43,61): error TS2339: Property 'confetti' does not exist on type '{ premiumAnimations: Record<string, (elementId: string, config?: Partial<AnimationConfig> | undefined) => Promise<void>>; isAnimating: (elementId: string) => boolean; }'.
@pawfectmatch/ui:build: src/components/PetCard/PetCard.tsx(43,71): error TS2339: Property 'glow' does not exist on type '{ premiumAnimations: Record<string, (elementId: string, config?: Partial<AnimationConfig> | undefined) => Promise<void>>; isAnimating: (elementId: string) => boolean; }'.
@pawfectmatch/ui:build: src/components/PetCard/PetCard.tsx(43,71): error TS6133: 'glow' is declared but its value is never read.
@pawfectmatch/ui:build: src/components/PetMatching/PetMatching.tsx(1,10): error TS2305: Module '"@pawfectmatch/core/src/featureFlags"' has no exported member 'featureFlags'.
@pawfectmatch/ui:build: src/components/PetMatching/PetMatching.tsx(2,38): error TS2307: Cannot find module '@pawfectmatch/web/src/services/usageTracking' or its corresponding type declarations.
@pawfectmatch/ui:build: src/components/PetMatching/PetMatching.tsx(36,11): error TS2339: Property 'triggerAnimation' does not exist on type '{ premiumAnimations: Record<string, (elementId: string, config?: Partial<AnimationConfig> | undefined) => Promise<void>>; isAnimating: (elementId: string) => boolean; }'.
@pawfectmatch/ui:build: src/components/PetMatching/PetMatching.tsx(36,29): error TS2339: Property 'triggerAnimationFrameAnimation' does not exist on type '{ premiumAnimations: Record<string, (elementId: string, config?: Partial<AnimationConfig> | undefined) => Promise<void>>; isAnimating: (elementId: string) => boolean; }'.
@pawfectmatch/ui:build: src/components/PetMatching/PetMatching.tsx(36,61): error TS2339: Property 'flip' does not exist on type '{ premiumAnimations: Record<string, (elementId: string, config?: Partial<AnimationConfig> | undefined) => Promise<void>>; isAnimating: (elementId: string) => boolean; }'.
@pawfectmatch/ui:build: src/components/PetMatching/PetMatching.tsx(36,61): error TS6133: 'flip' is declared but its value is never read.
@pawfectmatch/ui:build: src/components/PetMatching/PetMatching.tsx(36,67): error TS2339: Property 'confetti' does not exist on type '{ premiumAnimations: Record<string, (elementId: string, config?: Partial<AnimationConfig> | undefined) => Promise<void>>; isAnimating: (elementId: string) => boolean; }'.
@pawfectmatch/ui:build: src/components/PetMatching/PetMatching.tsx(62,13): error TS18046: 'pet' is of type 'unknown'.
@pawfectmatch/ui:build: src/components/PetMatching/PetMatching.tsx(63,15): error TS18046: 'pet' is of type 'unknown'.
@pawfectmatch/ui:build: src/components/PetMatching/PetMatching.tsx(64,17): error TS18046: 'pet' is of type 'unknown'.
@pawfectmatch/ui:build: src/components/PetMatching/PetMatching.tsx(65,14): error TS18046: 'pet' is of type 'unknown'.
@pawfectmatch/ui:build: src/components/PetMatching/PetMatching.tsx(66,16): error TS18046: 'pet' is of type 'unknown'.
@pawfectmatch/ui:build: src/components/PetMatching/PetMatching.tsx(67,19): error TS18046: 'pet' is of type 'unknown'.
@pawfectmatch/ui:build: src/components/PetMatching/PetMatching.tsx(68,21): error TS18046: 'pet' is of type 'unknown'.
@pawfectmatch/ui:build: src/components/PetMatching/PetMatching.tsx(174,10): error TS2375: Type '{ id: string; name: string; photos: string[]; age: number; breed: string; distance: number; matchScore: number | undefined; isFavorite: false; onSwipeLeft: () => Promise<void>; onSwipeRight: () => Promise<...>; onExpand: () => void; }' is not assignable to type 'PetCardProps' with 'exactOptionalPropertyTypes: true'. Consider adding 'undefined' to the types of the target's properties.
@pawfectmatch/ui:build:   Types of property 'matchScore' are incompatible.
@pawfectmatch/ui:build:     Type 'number | undefined' is not assignable to type 'number'.
@pawfectmatch/ui:build:       Type 'undefined' is not assignable to type 'number'.
@pawfectmatch/ui:build: src/components/PetMatching/PetMatching.tsx(175,15): error TS18048: 'currentPet' is possibly 'undefined'.
@pawfectmatch/ui:build: src/components/PetMatching/PetMatching.tsx(176,17): error TS18048: 'currentPet' is possibly 'undefined'.
@pawfectmatch/ui:build: src/components/PetMatching/PetMatching.tsx(177,19): error TS18048: 'currentPet' is possibly 'undefined'.
@pawfectmatch/ui:build: src/components/PetMatching/PetMatching.tsx(178,16): error TS18048: 'currentPet' is possibly 'undefined'.
@pawfectmatch/ui:build: src/components/PetMatching/PetMatching.tsx(179,18): error TS18048: 'currentPet' is possibly 'undefined'.
@pawfectmatch/ui:build: src/components/PetMatching/PetMatching.tsx(180,21): error TS18048: 'currentPet' is possibly 'undefined'.
@pawfectmatch/ui:build: src/components/PetMatching/PetMatching.tsx(181,23): error TS18048: 'currentPet' is possibly 'undefined'.
@pawfectmatch/ui:build: src/components/PetMatching/PetMatching.tsx(183,42): error TS18048: 'currentPet' is possibly 'undefined'.
@pawfectmatch/ui:build: src/components/PetMatching/PetMatching.tsx(184,43): error TS18048: 'currentPet' is possibly 'undefined'.
@pawfectmatch/ui:build: src/components/Premium/PremiumButton.tsx(70,25): error TS2503: Cannot find namespace 'JSX'.
@pawfectmatch/ui:build: src/components/Premium/PremiumButton.tsx(76,13): error TS2304: Cannot find name 'useMotionValue'.
@pawfectmatch/ui:build: src/components/Premium/PremiumButton.tsx(77,13): error TS2304: Cannot find name 'useMotionValue'.
@pawfectmatch/ui:build: src/components/Premium/PremiumButton.tsx(78,19): error TS2304: Cannot find name 'useSpring'.
@pawfectmatch/ui:build: src/components/Premium/PremiumButton.tsx(78,32): error TS2304: Cannot find name 'transitions'.
@pawfectmatch/ui:build: src/components/Premium/PremiumButton.tsx(79,19): error TS2304: Cannot find name 'useSpring'.
@pawfectmatch/ui:build: src/components/Premium/PremiumButton.tsx(79,32): error TS2304: Cannot find name 'transitions'.
@pawfectmatch/ui:build: src/components/Premium/PremiumButton.tsx(168,21): error TS2304: Cannot find name 'GRADIENTS'.
@pawfectmatch/ui:build: src/components/Premium/PremiumButton.tsx(169,16): error TS2304: Cannot find name 'COLORS'.
@pawfectmatch/ui:build: src/components/Premium/PremiumButton.tsx(170,24): error TS2304: Cannot find name 'SHADOWS'.
@pawfectmatch/ui:build: src/components/Premium/PremiumButton.tsx(170,46): error TS2304: Cannot find name 'SHADOWS'.
@pawfectmatch/ui:build: src/components/Premium/PremiumButton.tsx(174,21): error TS2304: Cannot find name 'GRADIENTS'.
@pawfectmatch/ui:build: src/components/Premium/PremiumButton.tsx(175,16): error TS2304: Cannot find name 'COLORS'.
@pawfectmatch/ui:build: src/components/Premium/PremiumButton.tsx(176,24): error TS2304: Cannot find name 'SHADOWS'.
@pawfectmatch/ui:build: src/components/Premium/PremiumButton.tsx(176,48): error TS2304: Cannot find name 'SHADOWS'.
@pawfectmatch/ui:build: src/components/Premium/PremiumButton.tsx(180,21): error TS2304: Cannot find name 'GRADIENTS'.
@pawfectmatch/ui:build: src/components/Premium/PremiumButton.tsx(183,16): error TS2304: Cannot find name 'COLORS'.
@pawfectmatch/ui:build: src/components/Premium/PremiumButton.tsx(184,17): error TS2304: Cannot find name 'SHADOWS'.
@pawfectmatch/ui:build: src/components/Premium/PremiumButton.tsx(187,21): error TS2304: Cannot find name 'GRADIENTS'.
@pawfectmatch/ui:build: src/components/Premium/PremiumButton.tsx(188,16): error TS2304: Cannot find name 'COLORS'.
@pawfectmatch/ui:build: src/components/Premium/PremiumButton.tsx(189,24): error TS2304: Cannot find name 'SHADOWS'.
@pawfectmatch/ui:build: src/components/Premium/PremiumButton.tsx(189,41): error TS2304: Cannot find name 'SHADOWS'.
@pawfectmatch/ui:build: src/components/Premium/PremiumButton.tsx(193,21): error TS2304: Cannot find name 'COLORS'.
@pawfectmatch/ui:build: src/components/Premium/PremiumButton.tsx(194,16): error TS2304: Cannot find name 'COLORS'.
@pawfectmatch/ui:build: src/components/Premium/PremiumButton.tsx(195,30): error TS2304: Cannot find name 'COLORS'.
@pawfectmatch/ui:build: src/components/Premium/PremiumButton.tsx(196,29): error TS2304: Cannot find name 'COLORS'.
@pawfectmatch/ui:build: src/components/Premium/PremiumButton.tsx(197,48): error TS2304: Cannot find name 'COLORS'.
@pawfectmatch/ui:build: src/components/Premium/PremiumButton.tsx(202,16): error TS2304: Cannot find name 'COLORS'.
@pawfectmatch/ui:build: src/components/Premium/PremiumButton.tsx(203,17): error TS2304: Cannot find name 'SHADOWS'.
@pawfectmatch/ui:build: src/components/Premium/PremiumButton.tsx(219,23): error TS2304: Cannot find name 'RADIUS'.
@pawfectmatch/ui:build: src/components/Premium/PremiumButton.tsx(225,23): error TS2304: Cannot find name 'RADIUS'.
@pawfectmatch/ui:build: src/components/Premium/PremiumButton.tsx(231,23): error TS2304: Cannot find name 'RADIUS'.
@pawfectmatch/ui:build: src/components/Premium/PremiumButton.tsx(237,23): error TS2304: Cannot find name 'RADIUS'.
@pawfectmatch/ui:build: src/components/Premium/PremiumButton.tsx(253,14): error TS2304: Cannot find name 'motion'.
@pawfectmatch/ui:build: src/components/Premium/PremiumButton.tsx(278,8): error TS2304: Cannot find name 'motion'.
@pawfectmatch/ui:build: src/components/Premium/PremiumButton.tsx(281,21): error TS2304: Cannot find name 'props'.
@pawfectmatch/ui:build: src/components/Premium/PremiumButton.tsx(282,24): error TS2304: Cannot find name 'props'.
@pawfectmatch/ui:build: src/components/Premium/PremiumButton.tsx(283,15): error TS2304: Cannot find name 'props'.
@pawfectmatch/ui:build: src/components/Premium/PremiumButton.tsx(284,19): error TS2304: Cannot find name 'props'.
@pawfectmatch/ui:build: src/components/Premium/PremiumButton.tsx(312,33): error TS2304: Cannot find name 'hoverVariants'.
@pawfectmatch/ui:build: src/components/Premium/PremiumButton.tsx(313,31): error TS2304: Cannot find name 'tapVariants'.
@pawfectmatch/ui:build: src/components/Premium/PremiumButton.tsx(316,21): error TS2304: Cannot find name 'transitions'.
@pawfectmatch/ui:build: src/components/Premium/PremiumButton.tsx(320,12): error TS2304: Cannot find name 'motion'.
@pawfectmatch/ui:build: src/components/Premium/PremiumButton.tsx(325,48): error TS4111: Property 'background' comes from an index signature, so it must be accessed with ['background'].
@pawfectmatch/ui:build: src/components/Premium/PremiumButton.tsx(325,88): error TS4111: Property 'background' comes from an index signature, so it must be accessed with ['background'].
@pawfectmatch/ui:build: src/components/Premium/PremiumButton.tsx(329,25): error TS2304: Cannot find name 'transitions'.
@pawfectmatch/ui:build: src/components/Premium/PremiumButton.tsx(335,12): error TS2304: Cannot find name 'motion'.
@pawfectmatch/ui:build: src/components/Premium/PremiumButton.tsx(339,25): error TS2304: Cannot find name 'transitions'.
@pawfectmatch/ui:build: src/components/Premium/PremiumButton.tsx(341,14): error TS2304: Cannot find name 'motion'.
@pawfectmatch/ui:build: src/components/Premium/PremiumButton.tsx(350,13): error TS2304: Cannot find name 'motion'.
@pawfectmatch/ui:build: src/components/Premium/PremiumButton.tsx(354,10): error TS2304: Cannot find name 'motion'.
@pawfectmatch/ui:build: src/components/Premium/PremiumButton.tsx(360,23): error TS2304: Cannot find name 'transitions'.
@pawfectmatch/ui:build: src/components/Premium/PremiumButton.tsx(363,14): error TS2304: Cannot find name 'motion'.
@pawfectmatch/ui:build: src/components/Premium/PremiumButton.tsx(366,27): error TS2304: Cannot find name 'transitions'.
@pawfectmatch/ui:build: src/components/Premium/PremiumButton.tsx(369,15): error TS2304: Cannot find name 'motion'.
@pawfectmatch/ui:build: src/components/Premium/PremiumButton.tsx(375,14): error TS2304: Cannot find name 'motion'.
@pawfectmatch/ui:build: src/components/Premium/PremiumButton.tsx(378,27): error TS2304: Cannot find name 'transitions'.
@pawfectmatch/ui:build: src/components/Premium/PremiumButton.tsx(381,15): error TS2304: Cannot find name 'motion'.
@pawfectmatch/ui:build: src/components/Premium/PremiumButton.tsx(383,11): error TS2304: Cannot find name 'motion'.
@pawfectmatch/ui:build: src/components/Premium/PremiumButton.tsx(386,10): error TS2304: Cannot find name 'motion'.
@pawfectmatch/ui:build: src/components/Premium/PremiumButton.tsx(391,12): error TS2304: Cannot find name 'motion'.
@pawfectmatch/ui:build: src/components/Premium/PremiumButton.tsx(403,11): error TS2304: Cannot find name 'motion'.
@pawfectmatch/ui:build: src/components/Premium/PremiumButton.tsx(404,9): error TS2304: Cannot find name 'motion'.
@pawfectmatch/ui:build: src/components/Premium/PremiumInput.tsx(10,29): error TS2305: Module '"../../theme/design-system"' has no exported member 'transitions'.
@pawfectmatch/ui:build: src/components/Premium/PremiumInput.tsx(50,24): error TS2503: Cannot find namespace 'JSX'.
@pawfectmatch/ui:build: src/components/Premium/PremiumInput.tsx(82,15): error TS2304: Cannot find name 'SHADOWS'.
@pawfectmatch/ui:build: src/components/Premium/PremiumInput.tsx(83,15): error TS2304: Cannot find name 'SHADOWS'.
@pawfectmatch/ui:build: src/components/Premium/PremiumInput.tsx(84,13): error TS2304: Cannot find name 'SHADOWS'.
@pawfectmatch/ui:build: src/components/Premium/PremiumInput.tsx(88,28): error TS2304: Cannot find name 'BACKDROP'.
@pawfectmatch/ui:build: src/components/Premium/PremiumInput.tsx(94,32): error TS2304: Cannot find name 'SHADOWS'.
@pawfectmatch/ui:build: src/components/Premium/PremiumInput.tsx(100,20): error TS2304: Cannot find name 'SHADOWS'.
@pawfectmatch/ui:build: src/components/Premium/PremiumInput.tsx(147,7): error TS2322: Type '{ children: Element[]; className: string; initial: { opacity: number; y: number; }; animate: { opacity: number; y: number; }; transition: any; onMouseEnter: () => void; onMouseLeave: () => void; }' is not assignable to type 'IntrinsicAttributes & HTMLAttributesWithoutMotionProps<unknown, unknown> & MotionProps & RefAttributes<unknown>'.
@pawfectmatch/ui:build:   Property 'className' does not exist on type 'IntrinsicAttributes & HTMLAttributesWithoutMotionProps<unknown, unknown> & MotionProps & RefAttributes<unknown>'.
@pawfectmatch/ui:build: src/components/Premium/PremiumInput.tsx(156,9): error TS2322: Type '{ children: (false | Element | null)[]; className: string; style: { borderRadius: any; }; animate: { scale: number; y: number; }; transition: any; }' is not assignable to type 'IntrinsicAttributes & HTMLAttributesWithoutMotionProps<unknown, unknown> & MotionProps & RefAttributes<unknown>'.
@pawfectmatch/ui:build:   Property 'className' does not exist on type 'IntrinsicAttributes & HTMLAttributesWithoutMotionProps<unknown, unknown> & MotionProps & RefAttributes<unknown>'.
@pawfectmatch/ui:build: src/components/Premium/PremiumInput.tsx(160,25): error TS2304: Cannot find name 'RADIUS'.
@pawfectmatch/ui:build: src/components/Premium/PremiumInput.tsx(171,13): error TS2322: Type '{ children: string | number | bigint | boolean | ReactElement<unknown, string | JSXElementConstructor<any>> | Iterable<ReactNode> | ReactPortal | Promise<...> | null; className: string; animate: { ...; }; transition: any; }' is not assignable to type 'IntrinsicAttributes & HTMLAttributesWithoutMotionProps<unknown, unknown> & MotionProps & RefAttributes<unknown>'.
@pawfectmatch/ui:build:   Property 'className' does not exist on type 'IntrinsicAttributes & HTMLAttributesWithoutMotionProps<unknown, unknown> & MotionProps & RefAttributes<unknown>'.
@pawfectmatch/ui:build: src/components/Premium/PremiumInput.tsx(186,11): error TS2322: Type '{ children: (string | false | Element)[]; className: string; style: { left: string; color: "#ec4899" | "#ef4444" | "#737373"; fontSize: string | number | undefined; fontWeight: "500" | "400"; }; animate: { ...; }; transition: any; onClick: () => void; }' is not assignable to type 'IntrinsicAttributes & HTMLAttributesWithoutMotionProps<unknown, unknown> & MotionProps & RefAttributes<unknown>'.
@pawfectmatch/ui:build:   Property 'className' does not exist on type 'IntrinsicAttributes & HTMLAttributesWithoutMotionProps<unknown, unknown> & MotionProps & RefAttributes<unknown>'.
@pawfectmatch/ui:build: src/components/Premium/PremiumInput.tsx(194,56): error TS4111: Property 'fontSize' comes from an index signature, so it must be accessed with ['fontSize'].
@pawfectmatch/ui:build: src/components/Premium/PremiumInput.tsx(227,34): error TS4111: Property 'fontSize' comes from an index signature, so it must be accessed with ['fontSize'].
@pawfectmatch/ui:build: src/components/Premium/PremiumInput.tsx(237,13): error TS2322: Type '{ children: string | number | bigint | boolean | ReactElement<unknown, string | JSXElementConstructor<any>> | Iterable<ReactNode> | ReactPortal | Promise<...> | null; className: string; animate: { ...; }; transition: any; }' is not assignable to type 'IntrinsicAttributes & HTMLAttributesWithoutMotionProps<unknown, unknown> & MotionProps & RefAttributes<unknown>'.
@pawfectmatch/ui:build:   Property 'className' does not exist on type 'IntrinsicAttributes & HTMLAttributesWithoutMotionProps<unknown, unknown> & MotionProps & RefAttributes<unknown>'.
@pawfectmatch/ui:build: src/components/Premium/PremiumInput.tsx(253,13): error TS2322: Type '{ children: (string | number)[]; className: string; initial: { opacity: number; }; animate: { opacity: number; }; style: { color: "#f59e0b" | "#a3a3a3"; }; }' is not assignable to type 'IntrinsicAttributes & HTMLAttributesWithoutMotionProps<unknown, unknown> & MotionProps & RefAttributes<unknown>'.
@pawfectmatch/ui:build:   Property 'className' does not exist on type 'IntrinsicAttributes & HTMLAttributesWithoutMotionProps<unknown, unknown> & MotionProps & RefAttributes<unknown>'.
@pawfectmatch/ui:build: src/components/Premium/PremiumInput.tsx(269,13): error TS2322: Type '{ className: string; initial: { opacity: number; scale: number; }; animate: { opacity: number; scale: number; }; exit: { opacity: number; scale: number; }; style: { boxShadow: "0 0 0 3px #fbcfe840" | "0 0 0 3px #fbcfe8"; }; transition: any; }' is not assignable to type 'IntrinsicAttributes & HTMLAttributesWithoutMotionProps<unknown, unknown> & MotionProps & RefAttributes<unknown>'.
@pawfectmatch/ui:build:   Property 'className' does not exist on type 'IntrinsicAttributes & HTMLAttributesWithoutMotionProps<unknown, unknown> & MotionProps & RefAttributes<unknown>'.
@pawfectmatch/ui:build: src/components/Premium/PremiumInput.tsx(285,13): error TS2322: Type '{ className: string; initial: { opacity: number; scale: number; }; animate: { opacity: number; scale: number; }; style: { boxShadow: "0 0 0 3px #fecaca"; }; transition: any; }' is not assignable to type 'IntrinsicAttributes & HTMLAttributesWithoutMotionProps<unknown, unknown> & MotionProps & RefAttributes<unknown>'.
@pawfectmatch/ui:build:   Property 'className' does not exist on type 'IntrinsicAttributes & HTMLAttributesWithoutMotionProps<unknown, unknown> & MotionProps & RefAttributes<unknown>'.
@pawfectmatch/ui:build: src/components/Premium/PremiumInput.tsx(297,13): error TS2322: Type '{ className: string; initial: { opacity: number; }; animate: { opacity: number; }; exit: { opacity: number; }; style: { background: "linear-gradient(135deg, #ec4899 0%, #f472b6 100%)"; filter: "blur(20px)"; zIndex: number; transform: "scale(1.05)"; }; transition: any; }' is not assignable to type 'IntrinsicAttributes & HTMLAttributesWithoutMotionProps<unknown, unknown> & MotionProps & RefAttributes<unknown>'.
@pawfectmatch/ui:build:   Property 'className' does not exist on type 'IntrinsicAttributes & HTMLAttributesWithoutMotionProps<unknown, unknown> & MotionProps & RefAttributes<unknown>'.
@pawfectmatch/ui:build: src/components/Premium/PremiumInput.tsx(314,13): error TS2322: Type '{ children: Element; className: string; initial: { opacity: number; y: number; }; animate: { opacity: number; y: number; }; exit: { opacity: number; y: number; }; transition: any; }' is not assignable to type 'IntrinsicAttributes & HTMLAttributesWithoutMotionProps<unknown, unknown> & MotionProps & RefAttributes<unknown>'.
@pawfectmatch/ui:build:   Property 'className' does not exist on type 'IntrinsicAttributes & HTMLAttributesWithoutMotionProps<unknown, unknown> & MotionProps & RefAttributes<unknown>'.
@pawfectmatch/ui:build: src/components/PremiumFeatures/PremiumFeaturesModal.tsx(282,64): error TS2322: Type 'string' is not assignable to type 'Promise<unknown>'.
@pawfectmatch/ui:build: src/components/PremiumFeatures/PremiumFeaturesModal.tsx(282,83): error TS2322: Type 'string' is not assignable to type 'Promise<unknown>'.
@pawfectmatch/ui:build: src/components/PremiumFeatures/PremiumFeaturesModal.tsx(283,66): error TS2322: Type 'string' is not assignable to type 'Promise<unknown>'.
@pawfectmatch/ui:build: src/components/PremiumFeatures/PremiumFeaturesModal.tsx(283,87): error TS2322: Type 'string' is not assignable to type 'Promise<unknown>'.
@pawfectmatch/ui:build: src/components/PremiumFeatures/PremiumFeaturesModal.tsx(284,37): error TS2322: Type 'string' is not assignable to type 'Promise<unknown>'.
@pawfectmatch/ui:build: src/components/PremiumFeatures/PremiumFeaturesModal.tsx(284,53): error TS2322: Type 'string' is not assignable to type 'Promise<unknown>'.
@pawfectmatch/ui:build: src/components/PremiumFeatures/PremiumFeaturesModal.tsx(286,35): error TS2322: Type 'string' is not assignable to type 'Promise<unknown>'.
@pawfectmatch/ui:build: src/components/PremiumFeatures/PremiumFeaturesModal.tsx(286,54): error TS2322: Type 'string' is not assignable to type 'Promise<unknown>'.
@pawfectmatch/ui:build: src/components/PremiumFeatures/PremiumFeaturesModal.tsx(291,64): error TS2322: Type 'string' is not assignable to type 'Promise<unknown>'.
@pawfectmatch/ui:build: src/components/PremiumFeatures/PremiumFeaturesModal.tsx(291,84): error TS2322: Type 'string' is not assignable to type 'Promise<unknown>'.
@pawfectmatch/ui:build: src/components/PremiumFeatures/PremiumFeaturesModal.tsx(292,66): error TS2322: Type 'string' is not assignable to type 'Promise<unknown>'.
@pawfectmatch/ui:build: src/components/PremiumFeatures/PremiumFeaturesModal.tsx(292,88): error TS2322: Type 'string' is not assignable to type 'Promise<unknown>'.
@pawfectmatch/ui:build: src/components/PremiumFeatures/PremiumFeaturesModal.tsx(293,37): error TS2322: Type 'string' is not assignable to type 'Promise<unknown>'.
@pawfectmatch/ui:build: src/components/PremiumFeatures/PremiumFeaturesModal.tsx(293,57): error TS2322: Type 'string' is not assignable to type 'Promise<unknown>'.
@pawfectmatch/ui:build: src/components/PremiumFeatures/PremiumFeaturesModal.tsx(295,35): error TS2322: Type 'string' is not assignable to type 'Promise<unknown>'.
@pawfectmatch/ui:build: src/components/PremiumFeatures/PremiumFeaturesModal.tsx(295,55): error TS2322: Type 'string' is not assignable to type 'Promise<unknown>'.
@pawfectmatch/ui:build: src/components/SkeletonLoader/SkeletonLoader.tsx(135,11): error TS2375: Type 'CSSProperties' is not assignable to type 'MotionStyle' with 'exactOptionalPropertyTypes: true'. Consider adding 'undefined' to the types of the target's properties.
@pawfectmatch/ui:build:   Type 'Properties<string | number, string & {}>' is not assignable to type 'MakeCustomValueType<{ x?: string | number | MotionValue<number> | MotionValue<string> | MotionValue<any>; y?: string | number | MotionValue<number> | MotionValue<...> | MotionValue<...>; ... 19 more ...; transformPerspective?: string | ... 3 more ... | MotionValue<...>; }>' with 'exactOptionalPropertyTypes: true'. Consider adding 'undefined' to the types of the target's properties.
@pawfectmatch/ui:build:     Types of property 'rotate' are incompatible.
@pawfectmatch/ui:build:       Type 'Rotate | undefined' is not assignable to type 'string | number | CustomValueType | MotionValue<number> | MotionValue<string> | MotionValue<any>'.
@pawfectmatch/ui:build:         Type 'undefined' is not assignable to type 'string | number | CustomValueType | MotionValue<number> | MotionValue<string> | MotionValue<any>'.
@pawfectmatch/ui:build: src/components/SkeletonLoader/SkeletonLoader.tsx(151,13): error TS2375: Type '{ marginBottom: string | number; accentColor?: Property.AccentColor | undefined; alignContent?: Property.AlignContent | undefined; ... 821 more ...; vectorEffect?: Property.VectorEffect | undefined; }' is not assignable to type 'MotionStyle' with 'exactOptionalPropertyTypes: true'. Consider adding 'undefined' to the types of the target's properties.
@pawfectmatch/ui:build:   Type '{ marginBottom: string | number; accentColor?: Property.AccentColor | undefined; alignContent?: Property.AlignContent | undefined; ... 821 more ...; vectorEffect?: Property.VectorEffect | undefined; }' is not assignable to type 'MakeCustomValueType<{ x?: string | number | MotionValue<number> | MotionValue<string> | MotionValue<any>; y?: string | number | MotionValue<number> | MotionValue<...> | MotionValue<...>; ... 19 more ...; transformPerspective?: string | ... 3 more ... | MotionValue<...>; }>' with 'exactOptionalPropertyTypes: true'. Consider adding 'undefined' to the types of the target's properties.
@pawfectmatch/ui:build:     Types of property 'rotate' are incompatible.
@pawfectmatch/ui:build:       Type 'Rotate | undefined' is not assignable to type 'string | number | CustomValueType | MotionValue<number> | MotionValue<string> | MotionValue<any>'.
@pawfectmatch/ui:build:         Type 'undefined' is not assignable to type 'string | number | CustomValueType | MotionValue<number> | MotionValue<string> | MotionValue<any>'.
@pawfectmatch/ui:build: src/hooks/useAccessibility.ts(103,5): error TS6133: 'announcePageChanges' is declared but its value is never read.
@pawfectmatch/ui:build: src/hooks/useAccessibility.ts(108,5): error TS6133: 'highContrastMode' is declared but its value is never read.
@pawfectmatch/ui:build: src/hooks/useAccessibility.ts(109,5): error TS6133: 'handleReducedMotion' is declared but its value is never read.
@pawfectmatch/ui:build: src/hooks/useAccessibility.ts(244,21): error TS2339: Property 'focus' does not exist on type 'Element'.
@pawfectmatch/ui:build: src/hooks/useAccessibility.ts(245,7): error TS2740: Type 'Element' is missing the following properties from type 'HTMLElement': accessKey, accessKeyLabel, autocapitalize, autocorrect, and 129 more.
@pawfectmatch/ui:build: src/hooks/useAccessibility.ts(385,23): error TS18048: 'r' is possibly 'undefined'.
@pawfectmatch/ui:build: src/hooks/useAccessibility.ts(385,36): error TS18048: 'g' is possibly 'undefined'.
@pawfectmatch/ui:build: src/hooks/useAccessibility.ts(385,49): error TS18048: 'b' is possibly 'undefined'.
@pawfectmatch/ui:build: src/hooks/useAnimationOptimization.ts(100,29): error TS2554: Expected 1 arguments, but got 0.
@pawfectmatch/ui:build: src/hooks/useAnimationOptimization.ts(150,18): error TS2345: Argument of type 'MediaQueryList' is not assignable to parameter of type 'MediaQueryListEvent'.
@pawfectmatch/ui:build:   Type 'MediaQueryList' is missing the following properties from type 'MediaQueryListEvent': bubbles, cancelBubble, cancelable, composed, and 18 more.
@pawfectmatch/ui:build: src/hooks/useAnimationOptimization.ts(237,9): error TS2698: Spread types may only be created from object types.
@pawfectmatch/ui:build: src/hooks/useAnimationOptimization.ts(244,7): error TS2698: Spread types may only be created from object types.
@pawfectmatch/ui:build: src/hooks/useAnimationOptimization.ts(245,38): error TS18046: 'baseProps' is of type 'unknown'.
@pawfectmatch/ui:build: src/hooks/useAnimationOptimization.ts(246,32): error TS18046: 'baseProps' is of type 'unknown'.
@pawfectmatch/ui:build: src/hooks/useGesture.ts(69,56): error TS2571: Object is of type 'unknown'.
@pawfectmatch/ui:build: src/hooks/useGesture.ts(112,29): error TS18048: 'touch' is possibly 'undefined'.
@pawfectmatch/ui:build: src/hooks/useGesture.ts(112,47): error TS18048: 'touch' is possibly 'undefined'.
@pawfectmatch/ui:build: src/hooks/useGesture.ts(113,31): error TS18048: 'touch' is possibly 'undefined'.
@pawfectmatch/ui:build: src/hooks/useGesture.ts(113,49): error TS18048: 'touch' is possibly 'undefined'.
@pawfectmatch/ui:build: src/hooks/useGesture.ts(114,28): error TS18048: 'touch' is possibly 'undefined'.
@pawfectmatch/ui:build: src/hooks/useGesture.ts(114,46): error TS18048: 'touch' is possibly 'undefined'.
@pawfectmatch/ui:build: src/hooks/useGesture.ts(121,18): error TS18048: 'touch2' is possibly 'undefined'.
@pawfectmatch/ui:build: src/hooks/useGesture.ts(121,35): error TS18048: 'touch1' is possibly 'undefined'.
@pawfectmatch/ui:build: src/hooks/useGesture.ts(122,18): error TS18048: 'touch2' is possibly 'undefined'.
@pawfectmatch/ui:build: src/hooks/useGesture.ts(122,35): error TS18048: 'touch1' is possibly 'undefined'.
@pawfectmatch/ui:build: src/hooks/useGesture.ts(148,31): error TS18048: 'touch' is possibly 'undefined'.
@pawfectmatch/ui:build: src/hooks/useGesture.ts(148,49): error TS18048: 'touch' is possibly 'undefined'.
@pawfectmatch/ui:build: src/hooks/useGesture.ts(155,18): error TS18048: 'touch2' is possibly 'undefined'.
@pawfectmatch/ui:build: src/hooks/useGesture.ts(155,35): error TS18048: 'touch1' is possibly 'undefined'.
@pawfectmatch/ui:build: src/hooks/useGesture.ts(156,18): error TS18048: 'touch2' is possibly 'undefined'.
@pawfectmatch/ui:build: src/hooks/useGesture.ts(156,35): error TS18048: 'touch1' is possibly 'undefined'.
@pawfectmatch/ui:build: src/hooks/useGesture.ts(203,39): error TS6133: 'e' is declared but its value is never read.
@pawfectmatch/ui:build: src/hooks/useHapticFeedback.ts(2,24): error TS2307: Cannot find module '../../../web/src/services/logger' or its corresponding type declarations.
@pawfectmatch/ui:build: src/hooks/useHapticFeedback.ts(70,5): error TS6133: 'intensity' is declared but its value is never read.
@pawfectmatch/ui:build: src/hooks/useHapticFeedback.ts(82,7): error TS2571: Object is of type 'unknown'.
@pawfectmatch/ui:build: src/hooks/useHapticFeedback.ts(83,7): error TS2571: Object is of type 'unknown'.
@pawfectmatch/ui:build: src/hooks/useKeyboardShortcut.ts(3,6): error TS6196: 'KeyCode' is declared but never used.
@pawfectmatch/ui:build: src/hooks/useMobileOptimization.ts(2,24): error TS2307: Cannot find module '../../../web/src/services/logger' or its corresponding type declarations.
@pawfectmatch/ui:build: src/hooks/useMobileOptimization.ts(119,63): error TS2345: Argument of type '{ isMobile: false; supportsTouch: false; viewport: { width: number; height: number; }; isPortrait: true; isLandscape: false; hasNotch: false; isLowEndDevice: false; batteryLevel: undefined; isCharging: undefined; }' is not assignable to parameter of type 'MobileOptimizationState | (() => MobileOptimizationState)'.
@pawfectmatch/ui:build:   Type '{ isMobile: false; supportsTouch: false; viewport: { width: number; height: number; }; isPortrait: true; isLandscape: false; hasNotch: false; isLowEndDevice: false; batteryLevel: undefined; isCharging: undefined; }' is not assignable to type 'MobileOptimizationState' with 'exactOptionalPropertyTypes: true'. Consider adding 'undefined' to the types of the target's properties.
@pawfectmatch/ui:build:     Types of property 'batteryLevel' are incompatible.
@pawfectmatch/ui:build:       Type 'undefined' is not assignable to type 'number'.
@pawfectmatch/ui:build: src/hooks/useMobileOptimization.ts(162,24): error TS2304: Cannot find name 'isMobile'.
@pawfectmatch/ui:build: src/hooks/useMobileOptimization.ts(197,22): error TS2571: Object is of type 'unknown'.
@pawfectmatch/ui:build: src/hooks/useMobileOptimization.ts(200,14): error TS2339: Property 'connection' does not exist on type 'unknown'.
@pawfectmatch/ui:build: src/hooks/useMobileOptimization.ts(222,28): error TS7030: Not all code paths return a value.
@pawfectmatch/ui:build: src/hooks/useMobileOptimization.ts(225,33): error TS2571: Object is of type 'unknown'.
@pawfectmatch/ui:build: src/hooks/useMobileOptimization.ts(304,30): error TS2698: Spread types may only be created from object types.
@pawfectmatch/ui:build: src/hooks/useMobileOptimization.ts(361,13): error TS18046: 'event' is of type 'unknown'.
@pawfectmatch/ui:build: src/hooks/useMobileOptimization.ts(363,39): error TS18046: 'event' is of type 'unknown'.
@pawfectmatch/ui:build: src/hooks/useMobileOptimization.ts(367,25): error TS18046: 'event' is of type 'unknown'.
@pawfectmatch/ui:build: src/hooks/useMobileOptimization.ts(369,11): error TS18046: 'event' is of type 'unknown'.
@pawfectmatch/ui:build: src/hooks/usePremiumAnimations.ts(67,5): error TS2322: Type '{ flip: (elementId: string, config?: { duration?: number; delay?: number; onComplete?: () => void; }) => void; rotate: (elementId: string, config?: { duration?: number; delay?: number; onComplete?: () => void; }) => void; morph: (elementId: string, config?: { duration?: number; delay?: number; onComplete?: () => voi...' is not assignable to type 'Record<string, (elementId: string, config?: Partial<AnimationConfig> | undefined) => Promise<void>>'.
@pawfectmatch/ui:build:   Property 'flip' is incompatible with index signature.
@pawfectmatch/ui:build:     Type '(elementId: string, config?: { duration?: number; delay?: number; onComplete?: () => void; }) => void' is not assignable to type '(elementId: string, config?: Partial<AnimationConfig> | undefined) => Promise<void>'.
@pawfectmatch/ui:build:       Types of parameters 'config' and 'config' are incompatible.
@pawfectmatch/ui:build:         Type 'Partial<AnimationConfig> | undefined' is not assignable to type '{ duration?: number; delay?: number; onComplete?: () => void; } | undefined'.
@pawfectmatch/ui:build:           Type 'Partial<AnimationConfig>' is not assignable to type '{ duration?: number; delay?: number; onComplete?: () => void; }' with 'exactOptionalPropertyTypes: true'. Consider adding 'undefined' to the types of the target's properties.
@pawfectmatch/ui:build:             Types of property 'onComplete' are incompatible.
@pawfectmatch/ui:build:               Type '(() => void) | undefined' is not assignable to type '() => void'.
@pawfectmatch/ui:build:                 Type 'undefined' is not assignable to type '() => void'.
@pawfectmatch/ui:build: src/index.ts(12,15): error TS2307: Cannot find module './components/Premium/PremiumCard' or its corresponding type declarations.
@pawfectmatch/ui:build: src/setupTests.ts(6,10): error TS2708: Cannot use namespace 'jest' as a value.
@pawfectmatch/ui:build: src/setupTests.ts(6,39): error TS7006: Parameter 'query' implicitly has an 'any' type.
@pawfectmatch/ui:build: src/setupTests.ts(10,18): error TS2708: Cannot use namespace 'jest' as a value.
@pawfectmatch/ui:build: src/setupTests.ts(11,21): error TS2708: Cannot use namespace 'jest' as a value.
@pawfectmatch/ui:build: src/setupTests.ts(12,23): error TS2708: Cannot use namespace 'jest' as a value.
@pawfectmatch/ui:build: src/setupTests.ts(13,26): error TS2708: Cannot use namespace 'jest' as a value.
@pawfectmatch/ui:build: src/setupTests.ts(14,20): error TS2708: Cannot use namespace 'jest' as a value.
@pawfectmatch/ui:build: src/setupTests.ts(21,10): error TS2708: Cannot use namespace 'jest' as a value.
@pawfectmatch/ui:build: src/setupTests.ts(25,1): error TS2708: Cannot use namespace 'jest' as a value.
@pawfectmatch/ui:build: src/setupTests.ts(32,1): error TS2708: Cannot use namespace 'jest' as a value.
@pawfectmatch/ui:build: src/setupTests.ts(39,1): error TS2708: Cannot use namespace 'jest' as a value.
@pawfectmatch/ui:build: src/setupTests.ts(46,1): error TS2708: Cannot use namespace 'jest' as a value.
@pawfectmatch/ui:build: src/setupTests.ts(50,1): error TS2708: Cannot use namespace 'jest' as a value.
@pawfectmatch/ui:build: src/setupTests.ts(59,1): error TS2708: Cannot use namespace 'jest' as a value.
@pawfectmatch/ui:build: src/setupTests.ts(67,1): error TS2708: Cannot use namespace 'jest' as a value.
@pawfectmatch/ui:build:  ELIFECYCLE  Command failed with exit code 2.
@pawfectmatch/ui:build: ERROR: command finished with error: command (/Users/elvira/Downloads/pets-pr-1/packages/ui) /opt/homebrew/bin/pnpm run build exited (2)
@pawfectmatch/ui#build: command (/Users/elvira/Downloads/pets-pr-1/packages/ui) /opt/homebrew/bin/pnpm run build exited (2)

 Tasks:    0 successful, 6 total
Cached:    0 cached, 6 total
  Time:    3.38s 
Failed:    @pawfectmatch/ui#build

 ERROR  run failed: command  exited (2)
 ELIFECYCLE  Test failed. See above for more details.
