{"/home/ben/Downloads/pets-fresh/apps/mobile/src/hooks/__tests__/test-utils.ts": {"path":"/home/ben/Downloads/pets-fresh/apps/mobile/src/hooks/__tests__/test-utils.ts","statementMap":{"0":{"start":{"line":12,"column":2},"end":{"line":18,"column":3}},"1":{"start":{"line":15,"column":4},"end":{"line":15,"column":28}},"2":{"start":{"line":17,"column":4},"end":{"line":17,"column":49}},"3":{"start":{"line":20,"column":2},"end":{"line":40,"column":4}},"4":{"start":{"line":26,"column":6},"end":{"line":30,"column":7}},"5":{"start":{"line":27,"column":8},"end":{"line":27,"column":32}},"6":{"start":{"line":29,"column":8},"end":{"line":29,"column":51}},"7":{"start":{"line":31,"column":6},"end":{"line":35,"column":8}},"8":{"start":{"line":45,"column":2},"end":{"line":49,"column":3}},"9":{"start":{"line":46,"column":4},"end":{"line":46,"column":15}},"10":{"start":{"line":48,"column":4},"end":{"line":48,"column":42}},"11":{"start":{"line":54,"column":20},"end":{"line":57,"column":3}},"12":{"start":{"line":59,"column":2},"end":{"line":72,"column":3}},"13":{"start":{"line":60,"column":21},"end":{"line":60,"column":30}},"14":{"start":{"line":61,"column":4},"end":{"line":68,"column":6}},"15":{"start":{"line":63,"column":36},"end":{"line":63,"column":44}},"16":{"start":{"line":64,"column":36},"end":{"line":64,"column":44}},"17":{"start":{"line":65,"column":37},"end":{"line":65,"column":59}},"18":{"start":{"line":66,"column":40},"end":{"line":66,"column":50}},"19":{"start":{"line":70,"column":4},"end":{"line":70,"column":45}},"20":{"start":{"line":71,"column":4},"end":{"line":71,"column":16}},"21":{"start":{"line":77,"column":2},"end":{"line":79,"column":3}},"22":{"start":{"line":78,"column":4},"end":{"line":78,"column":27}}},"fnMap":{"0":{"name":"renderHook","decl":{"start":{"line":9,"column":16},"end":{"line":9,"column":26}},"loc":{"start":{"line":9,"column":61},"end":{"line":41,"column":1}},"line":9},"1":{"name":"(anonymous_1)","decl":{"start":{"line":24,"column":14},"end":{"line":24,"column":15}},"loc":{"start":{"line":24,"column":20},"end":{"line":36,"column":5}},"line":24},"2":{"name":"(anonymous_2)","decl":{"start":{"line":37,"column":13},"end":{"line":37,"column":14}},"loc":{"start":{"line":37,"column":19},"end":{"line":39,"column":5}},"line":37},"3":{"name":"act","decl":{"start":{"line":44,"column":16},"end":{"line":44,"column":19}},"loc":{"start":{"line":44,"column":35},"end":{"line":50,"column":1}},"line":44},"4":{"name":"render","decl":{"start":{"line":53,"column":16},"end":{"line":53,"column":22}},"loc":{"start":{"line":53,"column":39},"end":{"line":73,"column":1}},"line":53},"5":{"name":"(anonymous_5)","decl":{"start":{"line":63,"column":17},"end":{"line":63,"column":18}},"loc":{"start":{"line":63,"column":36},"end":{"line":63,"column":44}},"line":63},"6":{"name":"(anonymous_6)","decl":{"start":{"line":64,"column":17},"end":{"line":64,"column":18}},"loc":{"start":{"line":64,"column":36},"end":{"line":64,"column":44}},"line":64},"7":{"name":"(anonymous_7)","decl":{"start":{"line":65,"column":19},"end":{"line":65,"column":20}},"loc":{"start":{"line":65,"column":37},"end":{"line":65,"column":59}},"line":65},"8":{"name":"(anonymous_8)","decl":{"start":{"line":66,"column":19},"end":{"line":66,"column":20}},"loc":{"start":{"line":66,"column":40},"end":{"line":66,"column":50}},"line":66},"9":{"name":"(anonymous_9)","decl":{"start":{"line":67,"column":15},"end":{"line":67,"column":16}},"loc":{"start":{"line":67,"column":21},"end":{"line":67,"column":23}},"line":67},"10":{"name":"fireEvent","decl":{"start":{"line":76,"column":16},"end":{"line":76,"column":25}},"loc":{"start":{"line":76,"column":55},"end":{"line":80,"column":1}},"line":76}},"branchMap":{"0":{"loc":{"start":{"line":65,"column":37},"end":{"line":65,"column":59}},"type":"cond-expr","locations":[{"start":{"line":65,"column":44},"end":{"line":65,"column":48}},{"start":{"line":65,"column":51},"end":{"line":65,"column":59}}],"line":65},"1":{"loc":{"start":{"line":77,"column":2},"end":{"line":79,"column":3}},"type":"if","locations":[{"start":{"line":77,"column":2},"end":{"line":79,"column":3}},{"start":{},"end":{}}],"line":77},"2":{"loc":{"start":{"line":77,"column":6},"end":{"line":77,"column":54}},"type":"binary-expr","locations":[{"start":{"line":77,"column":6},"end":{"line":77,"column":13}},{"start":{"line":77,"column":17},"end":{"line":77,"column":30}},{"start":{"line":77,"column":34},"end":{"line":77,"column":54}}],"line":77}},"s":{"0":11,"1":11,"2":0,"3":11,"4":0,"5":0,"6":0,"7":0,"8":7,"9":7,"10":0,"11":0,"12":0,"13":0,"14":0,"15":0,"16":0,"17":0,"18":0,"19":0,"20":0,"21":0,"22":0},"f":{"0":11,"1":0,"2":0,"3":7,"4":0,"5":0,"6":0,"7":0,"8":0,"9":0,"10":0},"b":{"0":[0,0],"1":[0,0],"2":[0,0,0]},"_coverageSchema":"1a1c01bbd47fc00a2c39e90264f33305004495a9","hash":"bfb19929e60b8e7ebf2794dd5244d87752ed5966"}
}
