TN:
SF:src/hooks/__tests__/test-utils.ts
FN:9,renderHook
FN:24,(anonymous_1)
FN:37,(anonymous_2)
FN:44,act
FN:53,render
FN:63,(anonymous_5)
FN:64,(anonymous_6)
FN:65,(anonymous_7)
FN:66,(anonymous_8)
FN:67,(anonymous_9)
FN:76,fireEvent
FNF:11
FNH:2
FNDA:11,renderHook
FNDA:0,(anonymous_1)
FNDA:0,(anonymous_2)
FNDA:7,act
FNDA:0,render
FNDA:0,(anonymous_5)
FNDA:0,(anonymous_6)
FNDA:0,(anonymous_7)
FNDA:0,(anonymous_8)
FNDA:0,(anonymous_9)
FNDA:0,fireEvent
DA:12,11
DA:15,11
DA:17,0
DA:20,11
DA:26,0
DA:27,0
DA:29,0
DA:31,0
DA:45,7
DA:46,7
DA:48,0
DA:54,0
DA:59,0
DA:60,0
DA:61,0
DA:63,0
DA:64,0
DA:65,0
DA:66,0
DA:70,0
DA:71,0
DA:77,0
DA:78,0
LF:23
LH:5
BRDA:65,0,0,0
BRDA:65,0,1,0
BRDA:77,1,0,0
BRDA:77,1,1,0
BRDA:77,2,0,0
BRDA:77,2,1,0
BRDA:77,2,2,0
BRF:7
BRH:0
end_of_record
