src/components/Advanced/AdvancedCard.tsx(574,17): error TS2322: Type '"primary" | "secondary" | "danger" | "minimal"' is not assignable to type 'ButtonVariant | undefined'.
  Type '"danger"' is not assignable to type 'ButtonVariant | undefined'.
src/components/Advanced/AdvancedHeader.tsx(158,17): error TS2722: Cannot invoke an object which is possibly 'undefined'.
src/components/Advanced/AdvancedHeader.tsx(246,9): error TS2559: Type '({ minWidth: number; minHeight: number; } | { marginRight: number; } | { marginLeft: number; })[]' has no properties in common with type 'ViewStyle'.
src/components/Advanced/AdvancedHeader.tsx(437,7): error TS2322: Type '{ children: Element[]; style: (false | { backgroundColor: string; })[]; edges: string[]; }' is not assignable to type 'IntrinsicAttributes & SafeAreaViewProps'.
  Property 'edges' does not exist on type 'IntrinsicAttributes & SafeAreaViewProps'.
src/components/Advanced/AdvancedInteractionSystem.tsx(65,22): error TS2339: Property 'SelectionFeedbackStyle' does not exist on type 'typeof import("/Users/elvira/Desktop/pets2/node_modules/.pnpm/expo-haptics@12.4.0_expo@49.0.23_@babel+core@7.28.5_/node_modules/expo-haptics/build/Haptics")'.
src/components/ai/BioResults.tsx(20,10): error TS1484: 'GeneratedBio' is a type and must be imported using a type-only import when 'verbatimModuleSyntax' is enabled.
src/components/ai/BioResults.tsx(37,23): error TS2551: Property 'setStringAsync' does not exist on type 'typeof import("/Users/elvira/Desktop/pets2/node_modules/.pnpm/expo-clipboard@2.0.3/node_modules/expo-clipboard/build/Clipboard")'. Did you mean 'getStringAsync'?
src/components/ai/BioResults.tsx(214,5): error TS2322: Type '{ sm: { shadowColor: string; shadowOffset: { width: number; height: number; }; shadowOpacity: number; shadowRadius: number; elevation: number; }; md: { shadowColor: string; shadowOffset: { width: number; height: number; }; shadowOpacity: number; shadowRadius: number; elevation: number; }; lg: { ...; }; }' is not assignable to type 'ColorValue | undefined'.
src/components/ai/BioResults.tsx(234,5): error TS2322: Type '{ light: string; medium: string; dark: string; }' is not assignable to type 'ColorValue | undefined'.
src/components/ai/BioResults.tsx(266,5): error TS2322: Type '{ primary: string; secondary: string; tertiary: string; inverse: string; }' is not assignable to type 'ColorValue | undefined'.
src/components/ai/BioResults.tsx(288,5): error TS2322: Type '{ light: string; medium: string; dark: string; }' is not assignable to type 'ColorValue | undefined'.
src/components/ai/BioResults.tsx(298,5): error TS2322: Type '{ light: string; medium: string; dark: string; }' is not assignable to type 'ColorValue | undefined'.
src/components/ai/BioResults.tsx(313,5): error TS2322: Type '{ 50: string; 100: string; 200: string; 300: string; 400: string; 500: string; 600: string; 700: string; 800: string; 900: string; }' is not assignable to type 'ColorValue | undefined'.
src/components/ai/PetInfoForm.tsx(11,23): error TS2307: Cannot find module '../theme/unified-theme' or its corresponding type declarations.
src/components/ai/PetInfoForm.tsx(47,33): error TS2769: No overload matches this call.
  Overload 1 of 2, '(props: TextInputProps): TextInput', gave the following error.
    Type '"" | { borderColor: any; } | undefined' is not assignable to type 'TextStyle | Falsy | RegisteredStyle<TextStyle> | RecursiveArray<TextStyle | Falsy | RegisteredStyle<TextStyle>> | readonly (TextStyle | ... 1 more ... | RegisteredStyle<...>)[]'.
      Type '""' is not assignable to type 'TextStyle | Falsy | RegisteredStyle<TextStyle> | RecursiveArray<TextStyle | Falsy | RegisteredStyle<TextStyle>> | readonly (TextStyle | ... 1 more ... | RegisteredStyle<...>)[]'.
  Overload 2 of 2, '(props: TextInputProps, context: any): TextInput', gave the following error.
    Type '"" | { borderColor: any; } | undefined' is not assignable to type 'TextStyle | Falsy | RegisteredStyle<TextStyle> | RecursiveArray<TextStyle | Falsy | RegisteredStyle<TextStyle>> | readonly (TextStyle | ... 1 more ... | RegisteredStyle<...>)[]'.
      Type '""' is not assignable to type 'TextStyle | Falsy | RegisteredStyle<TextStyle> | RecursiveArray<TextStyle | Falsy | RegisteredStyle<TextStyle>> | readonly (TextStyle | ... 1 more ... | RegisteredStyle<...>)[]'.
src/components/ai/PetInfoForm.tsx(63,33): error TS2769: No overload matches this call.
  Overload 1 of 2, '(props: TextInputProps): TextInput', gave the following error.
    Type '"" | { borderColor: any; } | undefined' is not assignable to type 'TextStyle | Falsy | RegisteredStyle<TextStyle> | RecursiveArray<TextStyle | Falsy | RegisteredStyle<TextStyle>> | readonly (TextStyle | ... 1 more ... | RegisteredStyle<...>)[]'.
      Type '""' is not assignable to type 'TextStyle | Falsy | RegisteredStyle<TextStyle> | RecursiveArray<TextStyle | Falsy | RegisteredStyle<TextStyle>> | readonly (TextStyle | ... 1 more ... | RegisteredStyle<...>)[]'.
  Overload 2 of 2, '(props: TextInputProps, context: any): TextInput', gave the following error.
    Type '"" | { borderColor: any; } | undefined' is not assignable to type 'TextStyle | Falsy | RegisteredStyle<TextStyle> | RecursiveArray<TextStyle | Falsy | RegisteredStyle<TextStyle>> | readonly (TextStyle | ... 1 more ... | RegisteredStyle<...>)[]'.
      Type '""' is not assignable to type 'TextStyle | Falsy | RegisteredStyle<TextStyle> | RecursiveArray<TextStyle | Falsy | RegisteredStyle<TextStyle>> | readonly (TextStyle | ... 1 more ... | RegisteredStyle<...>)[]'.
src/components/ai/PetInfoForm.tsx(79,33): error TS2769: No overload matches this call.
  Overload 1 of 2, '(props: TextInputProps): TextInput', gave the following error.
    Type '"" | { borderColor: any; } | undefined' is not assignable to type 'TextStyle | Falsy | RegisteredStyle<TextStyle> | RecursiveArray<TextStyle | Falsy | RegisteredStyle<TextStyle>> | readonly (TextStyle | ... 1 more ... | RegisteredStyle<...>)[]'.
      Type '""' is not assignable to type 'TextStyle | Falsy | RegisteredStyle<TextStyle> | RecursiveArray<TextStyle | Falsy | RegisteredStyle<TextStyle>> | readonly (TextStyle | ... 1 more ... | RegisteredStyle<...>)[]'.
  Overload 2 of 2, '(props: TextInputProps, context: any): TextInput', gave the following error.
    Type '"" | { borderColor: any; } | undefined' is not assignable to type 'TextStyle | Falsy | RegisteredStyle<TextStyle> | RecursiveArray<TextStyle | Falsy | RegisteredStyle<TextStyle>> | readonly (TextStyle | ... 1 more ... | RegisteredStyle<...>)[]'.
      Type '""' is not assignable to type 'TextStyle | Falsy | RegisteredStyle<TextStyle> | RecursiveArray<TextStyle | Falsy | RegisteredStyle<TextStyle>> | readonly (TextStyle | ... 1 more ... | RegisteredStyle<...>)[]'.
src/components/ai/PetInfoForm.tsx(97,13): error TS2769: No overload matches this call.
  Overload 1 of 2, '(props: TextInputProps): TextInput', gave the following error.
    Type '"" | { borderColor: any; } | undefined' is not assignable to type 'TextStyle | Falsy | RegisteredStyle<TextStyle> | RecursiveArray<TextStyle | Falsy | RegisteredStyle<TextStyle>> | readonly (TextStyle | ... 1 more ... | RegisteredStyle<...>)[]'.
      Type '""' is not assignable to type 'TextStyle | Falsy | RegisteredStyle<TextStyle> | RecursiveArray<TextStyle | Falsy | RegisteredStyle<TextStyle>> | readonly (TextStyle | ... 1 more ... | RegisteredStyle<...>)[]'.
  Overload 2 of 2, '(props: TextInputProps, context: any): TextInput', gave the following error.
    Type '"" | { borderColor: any; } | undefined' is not assignable to type 'TextStyle | Falsy | RegisteredStyle<TextStyle> | RecursiveArray<TextStyle | Falsy | RegisteredStyle<TextStyle>> | readonly (TextStyle | ... 1 more ... | RegisteredStyle<...>)[]'.
      Type '""' is not assignable to type 'TextStyle | Falsy | RegisteredStyle<TextStyle> | RecursiveArray<TextStyle | Falsy | RegisteredStyle<TextStyle>> | readonly (TextStyle | ... 1 more ... | RegisteredStyle<...>)[]'.
src/components/ai/ToneSelector.tsx(66,15): error TS2769: No overload matches this call.
  Overload 1 of 2, '(props: TouchableOpacityProps): TouchableOpacity', gave the following error.
    Type '{ borderColor: string | { light: string; medium: string; dark: string; }; }' is not assignable to type 'ViewStyle | Falsy | RegisteredStyle<ViewStyle> | RecursiveArray<ViewStyle | Falsy | RegisteredStyle<ViewStyle>> | readonly (ViewStyle | ... 1 more ... | RegisteredStyle<...>)[]'.
      Types of property 'borderColor' are incompatible.
        Type 'string | { light: string; medium: string; dark: string; }' is not assignable to type 'ColorValue | undefined'.
          Type '{ light: string; medium: string; dark: string; }' is not assignable to type 'ColorValue | undefined'.
  Overload 2 of 2, '(props: TouchableOpacityProps, context: any): TouchableOpacity', gave the following error.
    Type '{ borderColor: string | { light: string; medium: string; dark: string; }; }' is not assignable to type 'ViewStyle | Falsy | RegisteredStyle<ViewStyle> | RecursiveArray<ViewStyle | Falsy | RegisteredStyle<ViewStyle>> | readonly (ViewStyle | ... 1 more ... | RegisteredStyle<...>)[]'.
      Types of property 'borderColor' are incompatible.
        Type 'string | { light: string; medium: string; dark: string; }' is not assignable to type 'ColorValue | undefined'.
          Type '{ light: string; medium: string; dark: string; }' is not assignable to type 'ColorValue | undefined'.
src/components/ai/ToneSelector.tsx(131,5): error TS2322: Type '{ sm: { shadowColor: string; shadowOffset: { width: number; height: number; }; shadowOpacity: number; shadowRadius: number; elevation: number; }; md: { shadowColor: string; shadowOffset: { width: number; height: number; }; shadowOpacity: number; shadowRadius: number; elevation: number; }; lg: { ...; }; }' is not assignable to type 'ColorValue | undefined'.
src/components/AnimatedSplash.tsx(142,15): error TS2322: Type '{ textShadowColor: string; textShadowOffset: { width: number; height: number; }; textShadowRadius: number; }' is not assignable to type 'StyleProp<ViewStyle>'.
src/components/Animations/LottieAnimations.tsx(82,9): error TS2322: Type '{ ref: RefObject<LottieView>; source: any; style: { width: number; height: number; }; autoPlay: boolean; loop: boolean; speed: number; onAnimationFinish: () => void; colorFilters: { ...; }[] | undefined; onLoad: () => void; resizeMode: "contain"; }' is not assignable to type 'IntrinsicAttributes & IntrinsicClassAttributes<LottieView> & Pick<Readonly<Props>, never> & InexactPartial<...> & InexactPartial<...>'.
  Property 'onLoad' does not exist on type 'IntrinsicAttributes & IntrinsicClassAttributes<LottieView> & Pick<Readonly<Props>, never> & InexactPartial<...> & InexactPartial<...>'.
src/components/buttons/BaseButton.tsx(38,36): error TS2339: Property 'glyphMap' does not exist on type 'ComponentType<IconProps>'.
  Property 'glyphMap' does not exist on type 'ComponentClass<IconProps, any>'.
src/components/buttons/BaseButton.tsx(39,37): error TS2339: Property 'glyphMap' does not exist on type 'ComponentType<IconProps>'.
  Property 'glyphMap' does not exist on type 'ComponentClass<IconProps, any>'.
src/components/buttons/BaseButton.tsx(156,46): error TS2339: Property 'inverse' does not exist on type 'string'.
src/components/buttons/BaseButton.tsx(167,46): error TS2339: Property 'primary' does not exist on type 'string'.
src/components/buttons/BaseButton.tsx(177,44): error TS2339: Property 'inverse' does not exist on type 'string'.
src/components/buttons/BaseButton.tsx(182,44): error TS2339: Property 'primary' does not exist on type 'string'.
src/components/buttons/BaseButton.tsx(209,15): error TS2322: Type 'string | number | symbol' is not assignable to type 'string'.
  Type 'number' is not assignable to type 'string'.
src/components/buttons/BaseButton.tsx(218,15): error TS2322: Type 'string | number | symbol' is not assignable to type 'string'.
  Type 'number' is not assignable to type 'string'.
src/components/buttons/EffectWrappers.tsx(22,3): error TS2614: Module '"../../hooks/useUnifiedAnimations"' has no exported member 'useRippleEffect'. Did you mean to use 'import useRippleEffect from "../../hooks/useUnifiedAnimations"' instead?
src/components/buttons/EffectWrappers.tsx(23,3): error TS2614: Module '"../../hooks/useUnifiedAnimations"' has no exported member 'useShimmerEffect'. Did you mean to use 'import useShimmerEffect from "../../hooks/useUnifiedAnimations"' instead?
src/components/buttons/EffectWrappers.tsx(61,8): error TS2769: No overload matches this call.
  Overload 2 of 2, '(props: AnimateProps<ViewProps>, context: any): View', gave the following error.
    Type 'ForwardedRef<View>' is not assignable to type 'LegacyRef<View> | undefined'.
      Type '(instance: View | null) => void' is not assignable to type 'LegacyRef<View> | undefined'.
        Type '(instance: import("/Users/elvira/Desktop/pets2/node_modules/.pnpm/react-native@0.72.10_@babel+core@7.28.5_@babel+preset-env@7.28.5_@babel+core@7.28.5__react@18.2.0/node_modules/react-native/Libraries/Components/View/View").View | null) => void' is not assignable to type '(instance: Animated.View | null) => void'.
          Types of parameters 'instance' and 'instance' are incompatible.
            Type 'Animated.View | null' is not assignable to type 'import("/Users/elvira/Desktop/pets2/node_modules/.pnpm/react-native@0.72.10_@babel+core@7.28.5_@babel+preset-env@7.28.5_@babel+core@7.28.5__react@18.2.0/node_modules/react-native/Libraries/Components/View/View").View | null'.
              Type 'View' is not assignable to type 'NativeMethods & ViewComponent'.
                Type 'View' is not assignable to type 'NativeMethods'.
                  Types of property 'refs' are incompatible.
                    Type '{ [key: string]: ReactInstance; }' is not assignable to type '{ [key: string]: Component<any, any, any>; }'.
                      'string' index signatures are incompatible.
                        Type 'ReactInstance' is not assignable to type 'Component<any, any, any>'.
                          Type 'Element' is missing the following properties from type 'Component<any, any, any>': context, setState, forceUpdate, render, and 3 more.
  Overload 2 of 2, '(props: AnimateProps<ViewProps>, context: any): View', gave the following error.
    Type 'unknown' is not assignable to type 'false | AnimateStyle<ViewStyle> | AnimateStyle<RegisteredStyle<ViewStyle>> | AnimateStyle<RecursiveArray<ViewStyle | Falsy | RegisteredStyle<...>>> | ... 4 more ... | undefined'.
src/components/buttons/EffectWrappers.tsx(88,8): error TS2769: No overload matches this call.
  Overload 2 of 2, '(props: AnimateProps<ViewProps>, context: any): View', gave the following error.
    Type 'ForwardedRef<View>' is not assignable to type 'LegacyRef<View> | undefined'.
      Type '(instance: View | null) => void' is not assignable to type 'LegacyRef<View> | undefined'.
        Type '(instance: import("/Users/elvira/Desktop/pets2/node_modules/.pnpm/react-native@0.72.10_@babel+core@7.28.5_@babel+preset-env@7.28.5_@babel+core@7.28.5__react@18.2.0/node_modules/react-native/Libraries/Components/View/View").View | null) => void' is not assignable to type '(instance: Animated.View | null) => void'.
          Types of parameters 'instance' and 'instance' are incompatible.
            Type 'Animated.View | null' is not assignable to type 'import("/Users/elvira/Desktop/pets2/node_modules/.pnpm/react-native@0.72.10_@babel+core@7.28.5_@babel+preset-env@7.28.5_@babel+core@7.28.5__react@18.2.0/node_modules/react-native/Libraries/Components/View/View").View | null'.
              Type 'View' is not assignable to type 'NativeMethods & ViewComponent'.
                Type 'View' is not assignable to type 'NativeMethods'.
                  Types of property 'refs' are incompatible.
                    Type '{ [key: string]: ReactInstance; }' is not assignable to type '{ [key: string]: Component<any, any, any>; }'.
                      'string' index signatures are incompatible.
                        Type 'ReactInstance' is not assignable to type 'Component<any, any, any>'.
                          Type 'Element' is missing the following properties from type 'Component<any, any, any>': context, setState, forceUpdate, render, and 3 more.
  Overload 2 of 2, '(props: AnimateProps<ViewProps>, context: any): View', gave the following error.
    Type 'unknown' is not assignable to type 'false | AnimateStyle<ViewStyle> | AnimateStyle<RegisteredStyle<ViewStyle>> | AnimateStyle<RecursiveArray<ViewStyle | Falsy | RegisteredStyle<...>>> | ... 4 more ... | undefined'.
src/components/buttons/EffectWrappers.tsx(217,8): error TS2769: No overload matches this call.
  Overload 2 of 2, '(props: AnimateProps<ViewProps>, context: any): View', gave the following error.
    Type 'ForwardedRef<View>' is not assignable to type 'LegacyRef<View> | undefined'.
      Type '(instance: View | null) => void' is not assignable to type 'LegacyRef<View> | undefined'.
        Type '(instance: import("/Users/elvira/Desktop/pets2/node_modules/.pnpm/react-native@0.72.10_@babel+core@7.28.5_@babel+preset-env@7.28.5_@babel+core@7.28.5__react@18.2.0/node_modules/react-native/Libraries/Components/View/View").View | null) => void' is not assignable to type '(instance: Animated.View | null) => void'.
          Types of parameters 'instance' and 'instance' are incompatible.
            Type 'Animated.View | null' is not assignable to type 'import("/Users/elvira/Desktop/pets2/node_modules/.pnpm/react-native@0.72.10_@babel+core@7.28.5_@babel+preset-env@7.28.5_@babel+core@7.28.5__react@18.2.0/node_modules/react-native/Libraries/Components/View/View").View | null'.
              Type 'View' is not assignable to type 'NativeMethods & ViewComponent'.
                Type 'View' is not assignable to type 'NativeMethods'.
                  Types of property 'refs' are incompatible.
                    Type '{ [key: string]: ReactInstance; }' is not assignable to type '{ [key: string]: Component<any, any, any>; }'.
                      'string' index signatures are incompatible.
                        Type 'ReactInstance' is not assignable to type 'Component<any, any, any>'.
                          Type 'Element' is missing the following properties from type 'Component<any, any, any>': context, setState, forceUpdate, render, and 3 more.
  Overload 2 of 2, '(props: AnimateProps<ViewProps>, context: any): View', gave the following error.
    Type 'unknown' is not assignable to type 'false | AnimateStyle<ViewStyle> | AnimateStyle<RegisteredStyle<ViewStyle>> | AnimateStyle<RecursiveArray<ViewStyle | Falsy | RegisteredStyle<...>>> | ... 4 more ... | undefined'.
src/components/buttons/EffectWrappers.tsx(244,23): error TS2339: Property 'colors' does not exist on type 'string[]'.
src/components/buttons/EliteButton.tsx(166,7): error TS2322: Type '"holographic"' is not assignable to type '"primary" | "secondary" | "success" | "warning" | "error" | "glass" | "glow" | undefined'.
src/components/buttons/EliteButton.tsx(193,7): error TS2559: Type '(ViewStyle | undefined)[]' has no properties in common with type 'ViewStyle'.
src/components/calling/CallManager.tsx(10,25): error TS1484: 'CallData' is a type and must be imported using a type-only import when 'verbatimModuleSyntax' is enabled.
src/components/chat/ChatHeader.tsx(4,29): error TS2307: Cannot find module '../EliteHeader' or its corresponding type declarations.
src/components/chat/ChatHeader.tsx(5,29): error TS2307: Cannot find module '../EliteButton' or its corresponding type declarations.
src/components/chat/ChatHeader.tsx(88,25): error TS2339: Property 'xs' does not exist on type '{ readonly 0: "0"; readonly 1: "0.25rem"; readonly 2: "0.5rem"; readonly 3: "0.75rem"; readonly 4: "1rem"; readonly 5: "1.25rem"; readonly 6: "1.5rem"; readonly 7: "1.75rem"; readonly 8: "2rem"; ... 20 more ...; readonly 96: "24rem"; }'.
src/components/chat/MessageInput.tsx(5,29): error TS2307: Cannot find module '../EliteButton' or its corresponding type declarations.
src/components/chat/MessageInput.tsx(6,32): error TS2307: Cannot find module '../GlassContainer' or its corresponding type declarations.
src/components/chat/MessageInput.tsx(7,29): error TS2307: Cannot find module '../PremiumBody' or its corresponding type declarations.
src/components/chat/MessageInput.tsx(222,39): error TS2339: Property 'md' does not exist on type '{ readonly 0: "0"; readonly 1: "0.25rem"; readonly 2: "0.5rem"; readonly 3: "0.75rem"; readonly 4: "1rem"; readonly 5: "1.25rem"; readonly 6: "1.5rem"; readonly 7: "1.75rem"; readonly 8: "2rem"; ... 20 more ...; readonly 96: "24rem"; }'.
src/components/chat/MessageInput.tsx(223,37): error TS2339: Property 'sm' does not exist on type '{ readonly 0: "0"; readonly 1: "0.25rem"; readonly 2: "0.5rem"; readonly 3: "0.75rem"; readonly 4: "1rem"; readonly 5: "1.25rem"; readonly 6: "1.5rem"; readonly 7: "1.75rem"; readonly 8: "2rem"; ... 20 more ...; readonly 96: "24rem"; }'.
src/components/chat/MessageInput.tsx(224,25): error TS2339: Property 'sm' does not exist on type '{ readonly 0: "0"; readonly 1: "0.25rem"; readonly 2: "0.5rem"; readonly 3: "0.75rem"; readonly 4: "1rem"; readonly 5: "1.25rem"; readonly 6: "1.5rem"; readonly 7: "1.75rem"; readonly 8: "2rem"; ... 20 more ...; readonly 96: "24rem"; }'.
src/components/chat/MessageInput.tsx(233,26): error TS2339: Property 'borderRadius' does not exist on type '{ readonly colors: { readonly primary: { readonly 50: "#fdf2f8"; readonly 100: "#fce7f3"; readonly 200: "#fbcfe8"; readonly 300: "#f9a8d4"; readonly 400: "#f472b6"; readonly 500: "#ec4899"; readonly 600: "#db2777"; readonly 700: "#be185d"; readonly 800: "#9d174d"; readonly 900: "#831843"; readonly 950: "#500724"; };...'.
src/components/chat/MessageInput.tsx(234,39): error TS2339: Property 'md' does not exist on type '{ readonly 0: "0"; readonly 1: "0.25rem"; readonly 2: "0.5rem"; readonly 3: "0.75rem"; readonly 4: "1rem"; readonly 5: "1.25rem"; readonly 6: "1.5rem"; readonly 7: "1.75rem"; readonly 8: "2rem"; ... 20 more ...; readonly 96: "24rem"; }'.
src/components/chat/MessageInput.tsx(235,37): error TS2339: Property 'sm' does not exist on type '{ readonly 0: "0"; readonly 1: "0.25rem"; readonly 2: "0.5rem"; readonly 3: "0.75rem"; readonly 4: "1rem"; readonly 5: "1.25rem"; readonly 6: "1.5rem"; readonly 7: "1.75rem"; readonly 8: "2rem"; ... 20 more ...; readonly 96: "24rem"; }'.
src/components/chat/MessageInput.tsx(236,33): error TS2339: Property 'body' does not exist on type '{ readonly fontSizes: { readonly xs: "0.75rem"; readonly sm: "0.875rem"; readonly base: "1rem"; readonly lg: "1.125rem"; readonly xl: "1.25rem"; readonly '2xl': "1.5rem"; readonly '3xl': "1.875rem"; readonly '4xl': "2.25rem"; ... 4 more ...; readonly '9xl': "8rem"; }; readonly fontWeights: { ...; }; readonly lineHei...'.
src/components/chat/MessageInput.tsx(237,35): error TS2339: Property 'body' does not exist on type '{ readonly fontSizes: { readonly xs: "0.75rem"; readonly sm: "0.875rem"; readonly base: "1rem"; readonly lg: "1.125rem"; readonly xl: "1.25rem"; readonly '2xl': "1.5rem"; readonly '3xl': "1.875rem"; readonly '4xl': "2.25rem"; ... 4 more ...; readonly '9xl': "8rem"; }; readonly fontWeights: { ...; }; readonly lineHei...'.
src/components/chat/MessageInput.tsx(253,28): error TS2339: Property 'xs' does not exist on type '{ readonly 0: "0"; readonly 1: "0.25rem"; readonly 2: "0.5rem"; readonly 3: "0.75rem"; readonly 4: "1rem"; readonly 5: "1.25rem"; readonly 6: "1.5rem"; readonly 7: "1.75rem"; readonly 8: "2rem"; ... 20 more ...; readonly 96: "24rem"; }'.
src/components/chat/MessageInput.tsx(254,27): error TS2339: Property 'sm' does not exist on type '{ readonly 0: "0"; readonly 1: "0.25rem"; readonly 2: "0.5rem"; readonly 3: "0.75rem"; readonly 4: "1rem"; readonly 5: "1.25rem"; readonly 6: "1.5rem"; readonly 7: "1.75rem"; readonly 8: "2rem"; ... 20 more ...; readonly 96: "24rem"; }'.
src/components/chat/MessageInput.tsx(256,39): error TS2339: Property 'xs' does not exist on type '{ readonly 0: "0"; readonly 1: "0.25rem"; readonly 2: "0.5rem"; readonly 3: "0.75rem"; readonly 4: "1rem"; readonly 5: "1.25rem"; readonly 6: "1.5rem"; readonly 7: "1.75rem"; readonly 8: "2rem"; ... 20 more ...; readonly 96: "24rem"; }'.
src/components/chat/MessageInput.tsx(257,37): error TS2339: Property 'xs' does not exist on type '{ readonly 0: "0"; readonly 1: "0.25rem"; readonly 2: "0.5rem"; readonly 3: "0.75rem"; readonly 4: "1rem"; readonly 5: "1.25rem"; readonly 6: "1.5rem"; readonly 7: "1.75rem"; readonly 8: "2rem"; ... 20 more ...; readonly 96: "24rem"; }'.
src/components/chat/MessageInput.tsx(258,26): error TS2339: Property 'borderRadius' does not exist on type '{ readonly colors: { readonly primary: { readonly 50: "#fdf2f8"; readonly 100: "#fce7f3"; readonly 200: "#fbcfe8"; readonly 300: "#f9a8d4"; readonly 400: "#f472b6"; readonly 500: "#ec4899"; readonly 600: "#db2777"; readonly 700: "#be185d"; readonly 800: "#9d174d"; readonly 900: "#831843"; readonly 950: "#500724"; };...'.
src/components/chat/MessageItem.tsx(5,10): error TS1484: 'Message' is a type and must be imported using a type-only import when 'verbatimModuleSyntax' is enabled.
src/components/chat/MessageItem.tsx(34,21): error TS2532: Object is possibly 'undefined'.
src/components/chat/MessageItem.tsx(37,5): error TS2532: Object is possibly 'undefined'.
src/components/chat/MessageItem.tsx(38,14): error TS2532: Object is possibly 'undefined'.
src/components/chat/MessageItem.tsx(218,45): error TS2339: Property 'sm' does not exist on type '{ readonly 0: "0"; readonly 1: "0.25rem"; readonly 2: "0.5rem"; readonly 3: "0.75rem"; readonly 4: "1rem"; readonly 5: "1.25rem"; readonly 6: "1.5rem"; readonly 7: "1.75rem"; readonly 8: "2rem"; ... 20 more ...; readonly 96: "24rem"; }'.
src/components/chat/MessageItem.tsx(257,36): error TS2339: Property 'md' does not exist on type '{ readonly 0: "0"; readonly 1: "0.25rem"; readonly 2: "0.5rem"; readonly 3: "0.75rem"; readonly 4: "1rem"; readonly 5: "1.25rem"; readonly 6: "1.5rem"; readonly 7: "1.75rem"; readonly 8: "2rem"; ... 20 more ...; readonly 96: "24rem"; }'.
src/components/chat/MessageItem.tsx(260,26): error TS2339: Property 'borderRadius' does not exist on type '{ readonly colors: { readonly primary: { readonly 50: "#fdf2f8"; readonly 100: "#fce7f3"; readonly 200: "#fbcfe8"; readonly 300: "#f9a8d4"; readonly 400: "#f472b6"; readonly 500: "#ec4899"; readonly 600: "#db2777"; readonly 700: "#be185d"; readonly 800: "#9d174d"; readonly 900: "#831843"; readonly 950: "#500724"; };...'.
src/components/chat/MessageItem.tsx(262,39): error TS2339: Property 'sm' does not exist on type '{ readonly 0: "0"; readonly 1: "0.25rem"; readonly 2: "0.5rem"; readonly 3: "0.75rem"; readonly 4: "1rem"; readonly 5: "1.25rem"; readonly 6: "1.5rem"; readonly 7: "1.75rem"; readonly 8: "2rem"; ... 20 more ...; readonly 96: "24rem"; }'.
src/components/chat/MessageItem.tsx(263,37): error TS2339: Property 'xs' does not exist on type '{ readonly 0: "0"; readonly 1: "0.25rem"; readonly 2: "0.5rem"; readonly 3: "0.75rem"; readonly 4: "1rem"; readonly 5: "1.25rem"; readonly 6: "1.5rem"; readonly 7: "1.75rem"; readonly 8: "2rem"; ... 20 more ...; readonly 96: "24rem"; }'.
src/components/chat/MessageItem.tsx(266,33): error TS2339: Property 'caption' does not exist on type '{ readonly fontSizes: { readonly xs: "0.75rem"; readonly sm: "0.875rem"; readonly base: "1rem"; readonly lg: "1.125rem"; readonly xl: "1.25rem"; readonly '2xl': "1.5rem"; readonly '3xl': "1.875rem"; readonly '4xl': "2.25rem"; ... 4 more ...; readonly '9xl': "8rem"; }; readonly fontWeights: { ...; }; readonly lineHei...'.
src/components/chat/MessageItem.tsx(267,35): error TS2339: Property 'caption' does not exist on type '{ readonly fontSizes: { readonly xs: "0.75rem"; readonly sm: "0.875rem"; readonly base: "1rem"; readonly lg: "1.125rem"; readonly xl: "1.25rem"; readonly '2xl': "1.5rem"; readonly '3xl': "1.875rem"; readonly '4xl': "2.25rem"; ... 4 more ...; readonly '9xl': "8rem"; }; readonly fontWeights: { ...; }; readonly lineHei...'.
src/components/chat/MessageItem.tsx(272,34): error TS2339: Property 'xs' does not exist on type '{ readonly 0: "0"; readonly 1: "0.25rem"; readonly 2: "0.5rem"; readonly 3: "0.75rem"; readonly 4: "1rem"; readonly 5: "1.25rem"; readonly 6: "1.5rem"; readonly 7: "1.75rem"; readonly 8: "2rem"; ... 20 more ...; readonly 96: "24rem"; }'.
src/components/chat/MessageItem.tsx(274,39): error TS2339: Property 'xs' does not exist on type '{ readonly 0: "0"; readonly 1: "0.25rem"; readonly 2: "0.5rem"; readonly 3: "0.75rem"; readonly 4: "1rem"; readonly 5: "1.25rem"; readonly 6: "1.5rem"; readonly 7: "1.75rem"; readonly 8: "2rem"; ... 20 more ...; readonly 96: "24rem"; }'.
src/components/chat/MessageItem.tsx(281,33): error TS2339: Property 'xs' does not exist on type '{ readonly 0: "0"; readonly 1: "0.25rem"; readonly 2: "0.5rem"; readonly 3: "0.75rem"; readonly 4: "1rem"; readonly 5: "1.25rem"; readonly 6: "1.5rem"; readonly 7: "1.75rem"; readonly 8: "2rem"; ... 20 more ...; readonly 96: "24rem"; }'.
src/components/chat/MessageItem.tsx(308,39): error TS2339: Property 'md' does not exist on type '{ readonly 0: "0"; readonly 1: "0.25rem"; readonly 2: "0.5rem"; readonly 3: "0.75rem"; readonly 4: "1rem"; readonly 5: "1.25rem"; readonly 6: "1.5rem"; readonly 7: "1.75rem"; readonly 8: "2rem"; ... 20 more ...; readonly 96: "24rem"; }'.
src/components/chat/MessageItem.tsx(309,37): error TS2339: Property 'sm' does not exist on type '{ readonly 0: "0"; readonly 1: "0.25rem"; readonly 2: "0.5rem"; readonly 3: "0.75rem"; readonly 4: "1rem"; readonly 5: "1.25rem"; readonly 6: "1.5rem"; readonly 7: "1.75rem"; readonly 8: "2rem"; ... 20 more ...; readonly 96: "24rem"; }'.
src/components/chat/MessageItem.tsx(310,26): error TS2339: Property 'borderRadius' does not exist on type '{ readonly colors: { readonly primary: { readonly 50: "#fdf2f8"; readonly 100: "#fce7f3"; readonly 200: "#fbcfe8"; readonly 300: "#f9a8d4"; readonly 400: "#f472b6"; readonly 500: "#ec4899"; readonly 600: "#db2777"; readonly 700: "#be185d"; readonly 800: "#9d174d"; readonly 900: "#831843"; readonly 950: "#500724"; };...'.
src/components/chat/MessageItem.tsx(311,34): error TS2339: Property 'xs' does not exist on type '{ readonly 0: "0"; readonly 1: "0.25rem"; readonly 2: "0.5rem"; readonly 3: "0.75rem"; readonly 4: "1rem"; readonly 5: "1.25rem"; readonly 6: "1.5rem"; readonly 7: "1.75rem"; readonly 8: "2rem"; ... 20 more ...; readonly 96: "24rem"; }'.
src/components/chat/MessageItem.tsx(316,37): error TS2339: Property 'borderRadius' does not exist on type '{ readonly colors: { readonly primary: { readonly 50: "#fdf2f8"; readonly 100: "#fce7f3"; readonly 200: "#fbcfe8"; readonly 300: "#f9a8d4"; readonly 400: "#f472b6"; readonly 500: "#ec4899"; readonly 600: "#db2777"; readonly 700: "#be185d"; readonly 800: "#9d174d"; readonly 900: "#831843"; readonly 950: "#500724"; };...'.
src/components/chat/MessageItem.tsx(319,36): error TS2339: Property 'borderRadius' does not exist on type '{ readonly colors: { readonly primary: { readonly 50: "#fdf2f8"; readonly 100: "#fce7f3"; readonly 200: "#fbcfe8"; readonly 300: "#f9a8d4"; readonly 400: "#f472b6"; readonly 500: "#ec4899"; readonly 600: "#db2777"; readonly 700: "#be185d"; readonly 800: "#9d174d"; readonly 900: "#831843"; readonly 950: "#500724"; };...'.
src/components/chat/MessageItem.tsx(326,33): error TS2339: Property 'body' does not exist on type '{ readonly fontSizes: { readonly xs: "0.75rem"; readonly sm: "0.875rem"; readonly base: "1rem"; readonly lg: "1.125rem"; readonly xl: "1.25rem"; readonly '2xl': "1.5rem"; readonly '3xl': "1.875rem"; readonly '4xl': "2.25rem"; ... 4 more ...; readonly '9xl': "8rem"; }; readonly fontWeights: { ...; }; readonly lineHei...'.
src/components/chat/MessageItem.tsx(327,35): error TS2339: Property 'body' does not exist on type '{ readonly fontSizes: { readonly xs: "0.75rem"; readonly sm: "0.875rem"; readonly base: "1rem"; readonly lg: "1.125rem"; readonly xl: "1.25rem"; readonly '2xl': "1.5rem"; readonly '3xl': "1.875rem"; readonly '4xl': "2.25rem"; ... 4 more ...; readonly '9xl': "8rem"; }; readonly fontWeights: { ...; }; readonly lineHei...'.
src/components/chat/MessageItem.tsx(332,26): error TS2339: Property 'borderRadius' does not exist on type '{ readonly colors: { readonly primary: { readonly 50: "#fdf2f8"; readonly 100: "#fce7f3"; readonly 200: "#fbcfe8"; readonly 300: "#f9a8d4"; readonly 400: "#f472b6"; readonly 500: "#ec4899"; readonly 600: "#db2777"; readonly 700: "#be185d"; readonly 800: "#9d174d"; readonly 900: "#831843"; readonly 950: "#500724"; };...'.
src/components/chat/MessageItem.tsx(337,28): error TS2339: Property 'xs' does not exist on type '{ readonly 0: "0"; readonly 1: "0.25rem"; readonly 2: "0.5rem"; readonly 3: "0.75rem"; readonly 4: "1rem"; readonly 5: "1.25rem"; readonly 6: "1.5rem"; readonly 7: "1.75rem"; readonly 8: "2rem"; ... 20 more ...; readonly 96: "24rem"; }'.
src/components/chat/MessageItem.tsx(338,27): error TS2339: Property 'xs' does not exist on type '{ readonly 0: "0"; readonly 1: "0.25rem"; readonly 2: "0.5rem"; readonly 3: "0.75rem"; readonly 4: "1rem"; readonly 5: "1.25rem"; readonly 6: "1.5rem"; readonly 7: "1.75rem"; readonly 8: "2rem"; ... 20 more ...; readonly 96: "24rem"; }'.
src/components/chat/MessageItem.tsx(346,39): error TS2339: Property 'sm' does not exist on type '{ readonly 0: "0"; readonly 1: "0.25rem"; readonly 2: "0.5rem"; readonly 3: "0.75rem"; readonly 4: "1rem"; readonly 5: "1.25rem"; readonly 6: "1.5rem"; readonly 7: "1.75rem"; readonly 8: "2rem"; ... 20 more ...; readonly 96: "24rem"; }'.
src/components/chat/MessageItem.tsx(347,37): error TS2339: Property 'xs' does not exist on type '{ readonly 0: "0"; readonly 1: "0.25rem"; readonly 2: "0.5rem"; readonly 3: "0.75rem"; readonly 4: "1rem"; readonly 5: "1.25rem"; readonly 6: "1.5rem"; readonly 7: "1.75rem"; readonly 8: "2rem"; ... 20 more ...; readonly 96: "24rem"; }'.
src/components/chat/MessageItem.tsx(348,26): error TS2339: Property 'borderRadius' does not exist on type '{ readonly colors: { readonly primary: { readonly 50: "#fdf2f8"; readonly 100: "#fce7f3"; readonly 200: "#fbcfe8"; readonly 300: "#f9a8d4"; readonly 400: "#f472b6"; readonly 500: "#ec4899"; readonly 600: "#db2777"; readonly 700: "#be185d"; readonly 800: "#9d174d"; readonly 900: "#831843"; readonly 950: "#500724"; };...'.
src/components/chat/MessageItem.tsx(349,31): error TS2339: Property 'xs' does not exist on type '{ readonly 0: "0"; readonly 1: "0.25rem"; readonly 2: "0.5rem"; readonly 3: "0.75rem"; readonly 4: "1rem"; readonly 5: "1.25rem"; readonly 6: "1.5rem"; readonly 7: "1.75rem"; readonly 8: "2rem"; ... 20 more ...; readonly 96: "24rem"; }'.
src/components/chat/MessageItem.tsx(352,25): error TS2339: Property 'xs' does not exist on type '{ readonly 0: "0"; readonly 1: "0.25rem"; readonly 2: "0.5rem"; readonly 3: "0.75rem"; readonly 4: "1rem"; readonly 5: "1.25rem"; readonly 6: "1.5rem"; readonly 7: "1.75rem"; readonly 8: "2rem"; ... 20 more ...; readonly 96: "24rem"; }'.
src/components/chat/MessageItem.tsx(355,33): error TS2339: Property 'caption' does not exist on type '{ readonly fontSizes: { readonly xs: "0.75rem"; readonly sm: "0.875rem"; readonly base: "1rem"; readonly lg: "1.125rem"; readonly xl: "1.25rem"; readonly '2xl': "1.5rem"; readonly '3xl': "1.875rem"; readonly '4xl': "2.25rem"; ... 4 more ...; readonly '9xl': "8rem"; }; readonly fontWeights: { ...; }; readonly lineHei...'.
src/components/chat/MessageItem.tsx(356,35): error TS2339: Property 'caption' does not exist on type '{ readonly fontSizes: { readonly xs: "0.75rem"; readonly sm: "0.875rem"; readonly base: "1rem"; readonly lg: "1.125rem"; readonly xl: "1.25rem"; readonly '2xl': "1.5rem"; readonly '3xl': "1.875rem"; readonly '4xl': "2.25rem"; ... 4 more ...; readonly '9xl': "8rem"; }; readonly fontWeights: { ...; }; readonly lineHei...'.
src/components/chat/MessageItem.tsx(359,32): error TS2339: Property 'xs' does not exist on type '{ readonly 0: "0"; readonly 1: "0.25rem"; readonly 2: "0.5rem"; readonly 3: "0.75rem"; readonly 4: "1rem"; readonly 5: "1.25rem"; readonly 6: "1.5rem"; readonly 7: "1.75rem"; readonly 8: "2rem"; ... 20 more ...; readonly 96: "24rem"; }'.
src/components/chat/MessageItem.tsx(364,31): error TS2339: Property 'xs' does not exist on type '{ readonly 0: "0"; readonly 1: "0.25rem"; readonly 2: "0.5rem"; readonly 3: "0.75rem"; readonly 4: "1rem"; readonly 5: "1.25rem"; readonly 6: "1.5rem"; readonly 7: "1.75rem"; readonly 8: "2rem"; ... 20 more ...; readonly 96: "24rem"; }'.
src/components/chat/MessageItem.tsx(366,34): error TS2339: Property 'xs' does not exist on type '{ readonly 0: "0"; readonly 1: "0.25rem"; readonly 2: "0.5rem"; readonly 3: "0.75rem"; readonly 4: "1rem"; readonly 5: "1.25rem"; readonly 6: "1.5rem"; readonly 7: "1.75rem"; readonly 8: "2rem"; ... 20 more ...; readonly 96: "24rem"; }'.
src/components/chat/MessageItem.tsx(369,33): error TS2339: Property 'caption' does not exist on type '{ readonly fontSizes: { readonly xs: "0.75rem"; readonly sm: "0.875rem"; readonly base: "1rem"; readonly lg: "1.125rem"; readonly xl: "1.25rem"; readonly '2xl': "1.5rem"; readonly '3xl': "1.875rem"; readonly '4xl': "2.25rem"; ... 4 more ...; readonly '9xl': "8rem"; }; readonly fontWeights: { ...; }; readonly lineHei...'.
src/components/chat/MessageItem.tsx(370,35): error TS2339: Property 'caption' does not exist on type '{ readonly fontSizes: { readonly xs: "0.75rem"; readonly sm: "0.875rem"; readonly base: "1rem"; readonly lg: "1.125rem"; readonly xl: "1.25rem"; readonly '2xl': "1.5rem"; readonly '3xl': "1.875rem"; readonly '4xl': "2.25rem"; ... 4 more ...; readonly '9xl': "8rem"; }; readonly fontWeights: { ...; }; readonly lineHei...'.
src/components/chat/MessageItem.tsx(373,32): error TS2339: Property 'xs' does not exist on type '{ readonly 0: "0"; readonly 1: "0.25rem"; readonly 2: "0.5rem"; readonly 3: "0.75rem"; readonly 4: "1rem"; readonly 5: "1.25rem"; readonly 6: "1.5rem"; readonly 7: "1.75rem"; readonly 8: "2rem"; ... 20 more ...; readonly 96: "24rem"; }'.
src/components/chat/MessageItem.tsx(376,32): error TS2339: Property 'xs' does not exist on type '{ readonly 0: "0"; readonly 1: "0.25rem"; readonly 2: "0.5rem"; readonly 3: "0.75rem"; readonly 4: "1rem"; readonly 5: "1.25rem"; readonly 6: "1.5rem"; readonly 7: "1.75rem"; readonly 8: "2rem"; ... 20 more ...; readonly 96: "24rem"; }'.
src/components/chat/MessageList.tsx(3,25): error TS2307: Cannot find module '../hooks/useChatData' or its corresponding type declarations.
src/components/chat/MessageList.tsx(78,9): error TS2769: No overload matches this call.
  Overload 1 of 2, '(props: FlatListProps<Message>): FlatList<Message>', gave the following error.
    Type '(data: Message[] | null | undefined, index: number) => { length: number; offset: number; index: number; }' is not assignable to type '(data: ArrayLike<Message> | null | undefined, index: number) => { length: number; offset: number; index: number; }'.
      Types of parameters 'data' and 'data' are incompatible.
        Type 'ArrayLike<Message> | null | undefined' is not assignable to type 'Message[] | null | undefined'.
          Type 'ArrayLike<Message>' is missing the following properties from type 'Message[]': pop, push, concat, join, and 34 more.
  Overload 2 of 2, '(props: FlatListProps<Message>, context: any): FlatList<Message>', gave the following error.
    Type '(data: Message[] | null | undefined, index: number) => { length: number; offset: number; index: number; }' is not assignable to type '(data: ArrayLike<Message> | null | undefined, index: number) => { length: number; offset: number; index: number; }'.
      Types of parameters 'data' and 'data' are incompatible.
        Type 'ArrayLike<Message> | null | undefined' is not assignable to type 'Message[] | null | undefined'.
          Type 'ArrayLike<Message>' is missing the following properties from type 'Message[]': pop, push, concat, join, and 34 more.
src/components/chat/MessageList.tsx(90,39): error TS2339: Property 'md' does not exist on type '{ readonly 0: "0"; readonly 1: "0.25rem"; readonly 2: "0.5rem"; readonly 3: "0.75rem"; readonly 4: "1rem"; readonly 5: "1.25rem"; readonly 6: "1.5rem"; readonly 7: "1.75rem"; readonly 8: "2rem"; ... 20 more ...; readonly 96: "24rem"; }'.
src/components/chat/MessageList.tsx(91,37): error TS2339: Property 'sm' does not exist on type '{ readonly 0: "0"; readonly 1: "0.25rem"; readonly 2: "0.5rem"; readonly 3: "0.75rem"; readonly 4: "1rem"; readonly 5: "1.25rem"; readonly 6: "1.5rem"; readonly 7: "1.75rem"; readonly 8: "2rem"; ... 20 more ...; readonly 96: "24rem"; }'.
src/components/chat/MessageList.tsx(92,35): error TS2339: Property 'lg' does not exist on type '{ readonly 0: "0"; readonly 1: "0.25rem"; readonly 2: "0.5rem"; readonly 3: "0.75rem"; readonly 4: "1rem"; readonly 5: "1.25rem"; readonly 6: "1.5rem"; readonly 7: "1.75rem"; readonly 8: "2rem"; ... 20 more ...; readonly 96: "24rem"; }'.
src/components/chat/MobileVoiceRecorder.tsx(57,9): error TS2304: Cannot find name 'alert'.
src/components/chat/MobileVoiceRecorder.tsx(84,7): error TS2304: Cannot find name 'alert'.
src/components/chat/MobileVoiceRecorder.tsx(122,7): error TS2304: Cannot find name 'alert'.
src/components/chat/QuickReplies.tsx(3,29): error TS2307: Cannot find module '../EliteButton' or its corresponding type declarations.
src/components/chat/QuickReplies.tsx(4,26): error TS2307: Cannot find module '../FadeInUp' or its corresponding type declarations.
src/components/chat/QuickReplies.tsx(63,37): error TS2339: Property 'sm' does not exist on type '{ readonly 0: "0"; readonly 1: "0.25rem"; readonly 2: "0.5rem"; readonly 3: "0.75rem"; readonly 4: "1rem"; readonly 5: "1.25rem"; readonly 6: "1.5rem"; readonly 7: "1.75rem"; readonly 8: "2rem"; ... 20 more ...; readonly 96: "24rem"; }'.
src/components/chat/QuickReplies.tsx(64,39): error TS2339: Property 'md' does not exist on type '{ readonly 0: "0"; readonly 1: "0.25rem"; readonly 2: "0.5rem"; readonly 3: "0.75rem"; readonly 4: "1rem"; readonly 5: "1.25rem"; readonly 6: "1.5rem"; readonly 7: "1.75rem"; readonly 8: "2rem"; ... 20 more ...; readonly 96: "24rem"; }'.
src/components/chat/QuickReplies.tsx(67,39): error TS2339: Property 'xs' does not exist on type '{ readonly 0: "0"; readonly 1: "0.25rem"; readonly 2: "0.5rem"; readonly 3: "0.75rem"; readonly 4: "1rem"; readonly 5: "1.25rem"; readonly 6: "1.5rem"; readonly 7: "1.75rem"; readonly 8: "2rem"; ... 20 more ...; readonly 96: "24rem"; }'.
src/components/chat/QuickReplies.tsx(71,39): error TS2339: Property 'md' does not exist on type '{ readonly 0: "0"; readonly 1: "0.25rem"; readonly 2: "0.5rem"; readonly 3: "0.75rem"; readonly 4: "1rem"; readonly 5: "1.25rem"; readonly 6: "1.5rem"; readonly 7: "1.75rem"; readonly 8: "2rem"; ... 20 more ...; readonly 96: "24rem"; }'.
src/components/chat/QuickReplies.tsx(72,37): error TS2339: Property 'sm' does not exist on type '{ readonly 0: "0"; readonly 1: "0.25rem"; readonly 2: "0.5rem"; readonly 3: "0.75rem"; readonly 4: "1rem"; readonly 5: "1.25rem"; readonly 6: "1.5rem"; readonly 7: "1.75rem"; readonly 8: "2rem"; ... 20 more ...; readonly 96: "24rem"; }'.
src/components/chat/QuickReplies.tsx(73,26): error TS2339: Property 'borderRadius' does not exist on type '{ readonly colors: { readonly primary: { readonly 50: "#fdf2f8"; readonly 100: "#fce7f3"; readonly 200: "#fbcfe8"; readonly 300: "#f9a8d4"; readonly 400: "#f472b6"; readonly 500: "#ec4899"; readonly 600: "#db2777"; readonly 700: "#be185d"; readonly 800: "#9d174d"; readonly 900: "#831843"; readonly 950: "#500724"; };...'.
src/components/chat/QuickReplies.tsx(74,33): error TS2339: Property 'sm' does not exist on type '{ readonly 0: "0"; readonly 1: "0.25rem"; readonly 2: "0.5rem"; readonly 3: "0.75rem"; readonly 4: "1rem"; readonly 5: "1.25rem"; readonly 6: "1.5rem"; readonly 7: "1.75rem"; readonly 8: "2rem"; ... 20 more ...; readonly 96: "24rem"; }'.
src/components/chat/TypingIndicator.tsx(18,33): error TS2322: Type 'null' is not assignable to type 'Element'.
src/components/chat/TypingIndicator.tsx(75,39): error TS2339: Property 'lg' does not exist on type '{ readonly 0: "0"; readonly 1: "0.25rem"; readonly 2: "0.5rem"; readonly 3: "0.75rem"; readonly 4: "1rem"; readonly 5: "1.25rem"; readonly 6: "1.5rem"; readonly 7: "1.75rem"; readonly 8: "2rem"; ... 20 more ...; readonly 96: "24rem"; }'.
src/components/chat/TypingIndicator.tsx(76,34): error TS2339: Property 'sm' does not exist on type '{ readonly 0: "0"; readonly 1: "0.25rem"; readonly 2: "0.5rem"; readonly 3: "0.75rem"; readonly 4: "1rem"; readonly 5: "1.25rem"; readonly 6: "1.5rem"; readonly 7: "1.75rem"; readonly 8: "2rem"; ... 20 more ...; readonly 96: "24rem"; }'.
src/components/chat/TypingIndicator.tsx(86,39): error TS2339: Property 'md' does not exist on type '{ readonly 0: "0"; readonly 1: "0.25rem"; readonly 2: "0.5rem"; readonly 3: "0.75rem"; readonly 4: "1rem"; readonly 5: "1.25rem"; readonly 6: "1.5rem"; readonly 7: "1.75rem"; readonly 8: "2rem"; ... 20 more ...; readonly 96: "24rem"; }'.
src/components/chat/TypingIndicator.tsx(87,37): error TS2339: Property 'sm' does not exist on type '{ readonly 0: "0"; readonly 1: "0.25rem"; readonly 2: "0.5rem"; readonly 3: "0.75rem"; readonly 4: "1rem"; readonly 5: "1.25rem"; readonly 6: "1.5rem"; readonly 7: "1.75rem"; readonly 8: "2rem"; ... 20 more ...; readonly 96: "24rem"; }'.
src/components/chat/TypingIndicator.tsx(88,26): error TS2339: Property 'borderRadius' does not exist on type '{ readonly colors: { readonly primary: { readonly 50: "#fdf2f8"; readonly 100: "#fce7f3"; readonly 200: "#fbcfe8"; readonly 300: "#f9a8d4"; readonly 400: "#f472b6"; readonly 500: "#ec4899"; readonly 600: "#db2777"; readonly 700: "#be185d"; readonly 800: "#9d174d"; readonly 900: "#831843"; readonly 950: "#500724"; };...'.
src/components/chat/TypingIndicator.tsx(89,36): error TS2339: Property 'borderRadius' does not exist on type '{ readonly colors: { readonly primary: { readonly 50: "#fdf2f8"; readonly 100: "#fce7f3"; readonly 200: "#fbcfe8"; readonly 300: "#f9a8d4"; readonly 400: "#f472b6"; readonly 500: "#ec4899"; readonly 600: "#db2777"; readonly 700: "#be185d"; readonly 800: "#9d174d"; readonly 900: "#831843"; readonly 950: "#500724"; };...'.
src/components/chat/TypingIndicator.tsx(90,32): error TS2339: Property 'xs' does not exist on type '{ readonly 0: "0"; readonly 1: "0.25rem"; readonly 2: "0.5rem"; readonly 3: "0.75rem"; readonly 4: "1rem"; readonly 5: "1.25rem"; readonly 6: "1.5rem"; readonly 7: "1.75rem"; readonly 8: "2rem"; ... 20 more ...; readonly 96: "24rem"; }'.
src/components/chat/TypingIndicator.tsx(96,25): error TS2339: Property 'xs' does not exist on type '{ readonly 0: "0"; readonly 1: "0.25rem"; readonly 2: "0.5rem"; readonly 3: "0.75rem"; readonly 4: "1rem"; readonly 5: "1.25rem"; readonly 6: "1.5rem"; readonly 7: "1.75rem"; readonly 8: "2rem"; ... 20 more ...; readonly 96: "24rem"; }'.
src/components/chat/TypingIndicator.tsx(104,33): error TS2339: Property 'caption' does not exist on type '{ readonly fontSizes: { readonly xs: "0.75rem"; readonly sm: "0.875rem"; readonly base: "1rem"; readonly lg: "1.125rem"; readonly xl: "1.25rem"; readonly '2xl': "1.5rem"; readonly '3xl': "1.875rem"; readonly '4xl': "2.25rem"; ... 4 more ...; readonly '9xl': "8rem"; }; readonly fontWeights: { ...; }; readonly lineHei...'.
src/components/chat/TypingIndicator.tsx(106,31): error TS2339: Property 'xs' does not exist on type '{ readonly 0: "0"; readonly 1: "0.25rem"; readonly 2: "0.5rem"; readonly 3: "0.75rem"; readonly 4: "1rem"; readonly 5: "1.25rem"; readonly 6: "1.5rem"; readonly 7: "1.75rem"; readonly 8: "2rem"; ... 20 more ...; readonly 96: "24rem"; }'.
src/components/containers/FXContainer.tsx(25,3): error TS2614: Module '"../../hooks/useUnifiedAnimations"' has no exported member 'useShimmerEffect'. Did you mean to use 'import useShimmerEffect from "../../hooks/useUnifiedAnimations"' instead?
src/components/containers/FXContainer.tsx(87,28): error TS7053: Element implicitly has an 'any' type because expression of type 'FXContainerVariant' can't be used to index type '{ backgroundColor: string; backdropFilter: string; }'.
  Property 'medium' does not exist on type '{ backgroundColor: string; backdropFilter: string; }'.
src/components/containers/FXContainer.tsx(97,25): error TS2339: Property 'primary' does not exist on type '{ sm: { shadowColor: string; shadowOffset: { width: number; height: number; }; shadowOpacity: number; shadowRadius: number; elevation: number; }; md: { shadowColor: string; shadowOffset: { width: number; height: number; }; shadowOpacity: number; shadowRadius: number; elevation: number; }; lg: { ...; }; }'.
src/components/containers/FXContainer.tsx(159,29): error TS18046: 'glowStyle' is of type 'unknown'.
src/components/containers/FXContainer.tsx(163,29): error TS18046: 'entranceStyle' is of type 'unknown'.
src/components/containers/FXContainer.tsx(196,19): error TS2339: Property 'colors' does not exist on type 'string[]'.
src/components/containers/FXContainer.tsx(220,6): error TS2604: JSX element type 'Container' does not have any construct or call signatures.
src/components/containers/FXContainer.tsx(238,7): error TS2322: Type '"holographic"' is not assignable to type '"primary" | "secondary" | "success" | "warning" | "error" | "glass" | "glow" | undefined'.
src/components/create-pet/PetBasicInfoSection.tsx(10,10): error TS1484: 'PetFormData' is a type and must be imported using a type-only import when 'verbatimModuleSyntax' is enabled.
src/components/create-pet/PetBasicInfoSection.tsx(46,33): error TS2769: No overload matches this call.
  Overload 1 of 2, '(props: TextInputProps): TextInput', gave the following error.
    Type '"" | { borderColor: string; } | undefined' is not assignable to type 'TextStyle | Falsy | RegisteredStyle<TextStyle> | RecursiveArray<TextStyle | Falsy | RegisteredStyle<TextStyle>> | readonly (TextStyle | ... 1 more ... | RegisteredStyle<...>)[]'.
      Type '""' is not assignable to type 'TextStyle | Falsy | RegisteredStyle<TextStyle> | RecursiveArray<TextStyle | Falsy | RegisteredStyle<TextStyle>> | readonly (TextStyle | ... 1 more ... | RegisteredStyle<...>)[]'.
  Overload 2 of 2, '(props: TextInputProps, context: any): TextInput', gave the following error.
    Type '"" | { borderColor: string; } | undefined' is not assignable to type 'TextStyle | Falsy | RegisteredStyle<TextStyle> | RecursiveArray<TextStyle | Falsy | RegisteredStyle<TextStyle>> | readonly (TextStyle | ... 1 more ... | RegisteredStyle<...>)[]'.
      Type '""' is not assignable to type 'TextStyle | Falsy | RegisteredStyle<TextStyle> | RecursiveArray<TextStyle | Falsy | RegisteredStyle<TextStyle>> | readonly (TextStyle | ... 1 more ... | RegisteredStyle<...>)[]'.
src/components/create-pet/PetBasicInfoSection.tsx(93,33): error TS2769: No overload matches this call.
  Overload 1 of 2, '(props: TextInputProps): TextInput', gave the following error.
    Type '"" | { borderColor: string; } | undefined' is not assignable to type 'TextStyle | Falsy | RegisteredStyle<TextStyle> | RecursiveArray<TextStyle | Falsy | RegisteredStyle<TextStyle>> | readonly (TextStyle | ... 1 more ... | RegisteredStyle<...>)[]'.
      Type '""' is not assignable to type 'TextStyle | Falsy | RegisteredStyle<TextStyle> | RecursiveArray<TextStyle | Falsy | RegisteredStyle<TextStyle>> | readonly (TextStyle | ... 1 more ... | RegisteredStyle<...>)[]'.
  Overload 2 of 2, '(props: TextInputProps, context: any): TextInput', gave the following error.
    Type '"" | { borderColor: string; } | undefined' is not assignable to type 'TextStyle | Falsy | RegisteredStyle<TextStyle> | RecursiveArray<TextStyle | Falsy | RegisteredStyle<TextStyle>> | readonly (TextStyle | ... 1 more ... | RegisteredStyle<...>)[]'.
      Type '""' is not assignable to type 'TextStyle | Falsy | RegisteredStyle<TextStyle> | RecursiveArray<TextStyle | Falsy | RegisteredStyle<TextStyle>> | readonly (TextStyle | ... 1 more ... | RegisteredStyle<...>)[]'.
src/components/create-pet/PetBasicInfoSection.tsx(108,35): error TS2769: No overload matches this call.
  Overload 1 of 2, '(props: TextInputProps): TextInput', gave the following error.
    Type '"" | { borderColor: string; } | undefined' is not assignable to type 'TextStyle | Falsy | RegisteredStyle<TextStyle> | RecursiveArray<TextStyle | Falsy | RegisteredStyle<TextStyle>> | readonly (TextStyle | ... 1 more ... | RegisteredStyle<...>)[]'.
      Type '""' is not assignable to type 'TextStyle | Falsy | RegisteredStyle<TextStyle> | RecursiveArray<TextStyle | Falsy | RegisteredStyle<TextStyle>> | readonly (TextStyle | ... 1 more ... | RegisteredStyle<...>)[]'.
  Overload 2 of 2, '(props: TextInputProps, context: any): TextInput', gave the following error.
    Type '"" | { borderColor: string; } | undefined' is not assignable to type 'TextStyle | Falsy | RegisteredStyle<TextStyle> | RecursiveArray<TextStyle | Falsy | RegisteredStyle<TextStyle>> | readonly (TextStyle | ... 1 more ... | RegisteredStyle<...>)[]'.
      Type '""' is not assignable to type 'TextStyle | Falsy | RegisteredStyle<TextStyle> | RecursiveArray<TextStyle | Falsy | RegisteredStyle<TextStyle>> | readonly (TextStyle | ... 1 more ... | RegisteredStyle<...>)[]'.
src/components/create-pet/PetIntentHealthSection.tsx(5,10): error TS1484: 'PetFormData' is a type and must be imported using a type-only import when 'verbatimModuleSyntax' is enabled.
src/components/create-pet/PetPersonalitySection.tsx(4,10): error TS1484: 'PetFormData' is a type and must be imported using a type-only import when 'verbatimModuleSyntax' is enabled.
src/components/create-pet/PetPhotosSection.tsx(12,10): error TS1484: 'PhotoData' is a type and must be imported using a type-only import when 'verbatimModuleSyntax' is enabled.
src/components/EliteComponents.tsx(32,3): error TS2614: Module '"../styles/GlobalStyles"' has no exported member 'Colors'. Did you mean to use 'import Colors from "../styles/GlobalStyles"' instead?
src/components/EliteComponents.tsx(116,21): error TS2322: Type 'string | number | symbol' is not assignable to type 'string | undefined'.
  Type 'number' is not assignable to type 'string'.
src/components/EliteComponents.tsx(275,32): error TS2339: Property 'glyphMap' does not exist on type 'ComponentType<IconProps>'.
  Property 'glyphMap' does not exist on type 'ComponentClass<IconProps, any>'.
src/components/EliteComponents.tsx(478,15): error TS2322: Type 'string | number | symbol' is not assignable to type 'string'.
  Type 'number' is not assignable to type 'string'.
src/components/ErrorBoundary.tsx(38,3): error TS4114: This member must have an 'override' modifier because it overrides a member in the base class 'Component<Props, State, any>'.
src/components/feedback/Toast.tsx(72,17): error TS2322: Type 'null' is not assignable to type 'Element'.
src/components/Gestures/DoubleTapLike.tsx(302,13): error TS2769: No overload matches this call.
  Overload 1 of 2, '(fn: (...args: unknown[]) => void): (...args: unknown[]) => void', gave the following error.
    Argument of type '(() => void) | undefined' is not assignable to parameter of type '(...args: unknown[]) => void'.
      Type 'undefined' is not assignable to type '(...args: unknown[]) => void'.
  Overload 2 of 2, '(fn: () => void): () => void', gave the following error.
    Argument of type '(() => void) | undefined' is not assignable to parameter of type '() => void'.
      Type 'undefined' is not assignable to type '() => void'.
src/components/Gestures/DoubleTapLike.tsx(306,13): error TS2769: No overload matches this call.
  Overload 1 of 2, '(fn: (...args: unknown[]) => void): (...args: unknown[]) => void', gave the following error.
    Argument of type '(() => void) | undefined' is not assignable to parameter of type '(...args: unknown[]) => void'.
      Type 'undefined' is not assignable to type '(...args: unknown[]) => void'.
  Overload 2 of 2, '(fn: () => void): () => void', gave the following error.
    Argument of type '(() => void) | undefined' is not assignable to parameter of type '() => void'.
      Type 'undefined' is not assignable to type '() => void'.
src/components/Gestures/PinchZoom.tsx(158,15): error TS2769: No overload matches this call.
  Overload 1 of 2, '(fn: (...args: unknown[]) => void): (...args: unknown[]) => void', gave the following error.
    Argument of type '(() => void) | undefined' is not assignable to parameter of type '(...args: unknown[]) => void'.
      Type 'undefined' is not assignable to type '(...args: unknown[]) => void'.
  Overload 2 of 2, '(fn: () => void): () => void', gave the following error.
    Argument of type '(() => void) | undefined' is not assignable to parameter of type '() => void'.
      Type 'undefined' is not assignable to type '() => void'.
src/components/Gestures/PinchZoom.tsx(249,15): error TS2769: No overload matches this call.
  Overload 1 of 2, '(fn: (...args: unknown[]) => void): (...args: unknown[]) => void', gave the following error.
    Argument of type '(() => void) | undefined' is not assignable to parameter of type '(...args: unknown[]) => void'.
      Type 'undefined' is not assignable to type '(...args: unknown[]) => void'.
  Overload 2 of 2, '(fn: () => void): () => void', gave the following error.
    Argument of type '(() => void) | undefined' is not assignable to parameter of type '() => void'.
      Type 'undefined' is not assignable to type '() => void'.
src/components/GlassMorphism.tsx(243,7): error TS2559: Type '(ViewStyle | { padding: number; } | undefined)[]' has no properties in common with type 'ViewStyle'.
src/components/GlassMorphism.tsx(360,9): error TS2559: Type '({ paddingHorizontal: number; paddingVertical: number; minHeight: number; } | { justifyContent: string; alignItems: string; opacity: number; })[]' has no properties in common with type 'ViewStyle'.
src/components/GlassMorphism.tsx(396,7): error TS2559: Type '(ViewStyle | undefined)[]' has no properties in common with type 'ViewStyle'.
src/components/GlassMorphism.tsx(469,9): error TS2559: Type '(ViewStyle | undefined)[]' has no properties in common with type 'ViewStyle'.
src/components/GlassMorphism.tsx(502,7): error TS2559: Type '(ViewStyle | undefined)[]' has no properties in common with type 'ViewStyle'.
src/components/GlowShadowSystem.tsx(274,9): error TS2769: No overload matches this call.
  Overload 1 of 2, '(props: AnimateProps<ViewProps>): View', gave the following error.
    Type '{ borderOpacity: number; } | {}' is not assignable to type 'false | AnimateStyle<ViewStyle> | AnimateStyle<RegisteredStyle<ViewStyle>> | AnimateStyle<RecursiveArray<ViewStyle | Falsy | RegisteredStyle<...>>> | ... 4 more ... | undefined'.
      Type '{ borderOpacity: number; }' is not assignable to type 'false | AnimateStyle<ViewStyle> | AnimateStyle<RegisteredStyle<ViewStyle>> | AnimateStyle<RecursiveArray<ViewStyle | Falsy | RegisteredStyle<...>>> | ... 4 more ... | undefined'.
  Overload 2 of 2, '(props: AnimateProps<ViewProps>, context: any): View', gave the following error.
    Type '{ borderOpacity: number; } | {}' is not assignable to type 'false | AnimateStyle<ViewStyle> | AnimateStyle<RegisteredStyle<ViewStyle>> | AnimateStyle<RecursiveArray<ViewStyle | Falsy | RegisteredStyle<...>>> | ... 4 more ... | undefined'.
      Type '{ borderOpacity: number; }' is not assignable to type 'false | AnimateStyle<ViewStyle> | AnimateStyle<RegisteredStyle<ViewStyle>> | AnimateStyle<RecursiveArray<ViewStyle | Falsy | RegisteredStyle<...>>> | ... 4 more ... | undefined'.
src/components/GlowShadowSystem.tsx(308,7): error TS2559: Type '(ViewStyle | { readonly shadowColor: "#000"; readonly shadowOffset: { readonly width: 0; readonly height: 2; }; readonly shadowOpacity: 0.1; readonly shadowRadius: 4; readonly elevation: 2; } | ... 4 more ... | undefined)[]' has no properties in common with type 'ViewStyle'.
src/components/help/HelpContactCard.tsx(5,28): error TS2307: Cannot find module '../components/AnimatedButton' or its corresponding type declarations.
src/components/HolographicEffects.tsx(283,7): error TS2559: Type '(ViewStyle | { padding: number; } | undefined)[]' has no properties in common with type 'ViewStyle'.
src/components/HolographicEffects.tsx(366,9): error TS2559: Type '({ paddingHorizontal: number; paddingVertical: number; minHeight: number; } | { justifyContent: string; alignItems: string; opacity: number; })[]' has no properties in common with type 'ViewStyle'.
src/components/HolographicEffects.tsx(451,13): error TS2769: No overload matches this call.
  Overload 1 of 2, '(props: ViewProps): View', gave the following error.
    Object literal may only specify known properties, and 'fontSize' does not exist in type 'ViewStyle | RecursiveArray<ViewStyle | Falsy | RegisteredStyle<ViewStyle>>'.
  Overload 2 of 2, '(props: ViewProps, context: any): View', gave the following error.
    Object literal may only specify known properties, and 'fontSize' does not exist in type 'ViewStyle | RecursiveArray<ViewStyle | Falsy | RegisteredStyle<ViewStyle>>'.
src/components/HolographicEffects.tsx(555,44): error TS2769: No overload matches this call.
  Overload 1 of 2, '(props: AnimateProps<ViewProps>): View', gave the following error.
    Type '{ position: string; left: string; top: string; width: number; height: number; borderRadius: number; opacity: number; transform: { scale: number; }[]; }' is not assignable to type 'StyleProp<AnimateStyle<StyleProp<ViewStyle>>>'.
      Type '{ position: string; left: string; top: string; width: number; height: number; borderRadius: number; opacity: number; transform: { scale: number; }[]; }' is not assignable to type 'AnimateStyle<ViewStyle>'.
        Types of property 'left' are incompatible.
          Type 'string' is not assignable to type 'DimensionValue | SharedValue<AnimatableValue> | undefined'.
  Overload 2 of 2, '(props: AnimateProps<ViewProps>, context: any): View', gave the following error.
    Type '{ position: string; left: string; top: string; width: number; height: number; borderRadius: number; opacity: number; transform: { scale: number; }[]; }' is not assignable to type 'StyleProp<AnimateStyle<StyleProp<ViewStyle>>>'.
      Type '{ position: string; left: string; top: string; width: number; height: number; borderRadius: number; opacity: number; transform: { scale: number; }[]; }' is not assignable to type 'AnimateStyle<ViewStyle>'.
        Types of property 'left' are incompatible.
          Type 'string' is not assignable to type 'DimensionValue | SharedValue<AnimatableValue> | undefined'.
src/components/ImmersiveCard.tsx(208,15): error TS2353: Object literal may only specify known properties, and 'animation' does not exist in type 'Value | AnimatedInterpolation<string | number> | WithAnimatedObject<ViewStyle> | WithAnimatedArray<ViewStyle | Falsy | RegisteredStyle<...> | RecursiveArray<...> | readonly (ViewStyle | ... 1 more ... | RegisteredStyle<...>)[]>'.
src/components/ImmersiveCard.tsx(269,11): error TS2322: Type '{ transform: ({ translateY: Animated.AnimatedInterpolation<string | number>; }[] | { scale: Animated.AnimatedInterpolation<string | number>; }[] | { translateX: Animated.AnimatedInterpolation<...>; }[] | { ...; }[] | { ...; } | { ...; })[]; opacity: number | Animated.Value; }' is not assignable to type 'false | RegisteredStyle<ViewStyle> | Value | AnimatedInterpolation<string | number> | WithAnimatedObject<ViewStyle> | WithAnimatedArray<...> | readonly (false | ... 5 more ... | undefined)[] | null | undefined'.
  Types of property 'transform' are incompatible.
    Type '({ translateY: AnimatedInterpolation<string | number>; }[] | { scale: AnimatedInterpolation<string | number>; }[] | { translateX: AnimatedInterpolation<...>; }[] | { ...; }[] | { ...; } | { ...; })[]' is not assignable to type 'string | Value | AnimatedInterpolation<string | number> | WithAnimatedArray<PerpectiveTransform | RotateTransform | ... 10 more ... | MatrixTransform> | undefined'.
      Type '({ translateY: AnimatedInterpolation<string | number>; }[] | { scale: AnimatedInterpolation<string | number>; }[] | { translateX: AnimatedInterpolation<...>; }[] | { ...; }[] | { ...; } | { ...; })[]' is not assignable to type 'WithAnimatedArray<PerpectiveTransform | RotateTransform | RotateXTransform | RotateYTransform | RotateZTransform | ... 7 more ... | MatrixTransform>'.
        The types returned by 'pop()' are incompatible between these types.
          Type '{ translateY: AnimatedInterpolation<string | number>; }[] | { scale: AnimatedInterpolation<string | number>; }[] | { translateX: AnimatedInterpolation<...>; }[] | { ...; }[] | { ...; } | { ...; } | undefined' is not assignable to type 'WithAnimatedObject<PerpectiveTransform> | WithAnimatedObject<RotateTransform> | WithAnimatedObject<RotateXTransform> | ... 10 more ... | undefined'.
            Type '{ translateY: AnimatedInterpolation<string | number>; }[]' is not assignable to type 'WithAnimatedObject<PerpectiveTransform> | WithAnimatedObject<RotateTransform> | WithAnimatedObject<RotateXTransform> | ... 10 more ... | undefined'.
src/components/ImmersiveCard.tsx(302,15): error TS17001: JSX elements cannot have multiple attributes with the same name.
src/components/ImmersiveCard.tsx(318,9): error TS2769: No overload matches this call.
  Overload 1 of 2, '(props: TouchableOpacityProps): TouchableOpacity', gave the following error.
    Type 'ForwardedRef<View>' is not assignable to type 'LegacyRef<TouchableOpacity> | undefined'.
      Type '(instance: View | null) => void' is not assignable to type 'LegacyRef<TouchableOpacity> | undefined'.
        Type '(instance: View | null) => void' is not assignable to type '(instance: TouchableOpacity | null) => void'.
          Types of parameters 'instance' and 'instance' are incompatible.
            Type 'TouchableOpacity | null' is not assignable to type 'View | null'.
              Type 'TouchableOpacity' is not assignable to type 'NativeMethods & ViewComponent'.
                Type 'TouchableOpacity' is not assignable to type 'ViewComponent'.
                  The types of 'props.hitSlop' are incompatible between these types.
                    Type 'number | Insets | null | undefined' is not assignable to type 'Insets | undefined'.
                      Type 'null' is not assignable to type 'Insets | undefined'.
  Overload 2 of 2, '(props: TouchableOpacityProps, context: any): TouchableOpacity', gave the following error.
    Type 'ForwardedRef<View>' is not assignable to type 'LegacyRef<TouchableOpacity> | undefined'.
      Type '(instance: View | null) => void' is not assignable to type 'LegacyRef<TouchableOpacity> | undefined'.
        Type '(instance: View | null) => void' is not assignable to type '(instance: TouchableOpacity | null) => void'.
          Types of parameters 'instance' and 'instance' are incompatible.
            Type 'TouchableOpacity | null' is not assignable to type 'View | null'.
              Type 'TouchableOpacity' is not assignable to type 'NativeMethods & ViewComponent'.
                Type 'TouchableOpacity' is not assignable to type 'ViewComponent'.
                  The types of 'props.hitSlop' are incompatible between these types.
                    Type 'number | Insets | null | undefined' is not assignable to type 'Insets | undefined'.
                      Type 'null' is not assignable to type 'Insets | undefined'.
src/components/ImmersiveCard.tsx(322,9): error TS17001: JSX elements cannot have multiple attributes with the same name.
src/components/index.ts(19,3): error TS2614: Module '"../hooks/useUnifiedAnimations"' has no exported member 'useStaggeredAnimation'. Did you mean to use 'import useStaggeredAnimation from "../hooks/useUnifiedAnimations"' instead?
src/components/index.ts(24,3): error TS2614: Module '"../hooks/useUnifiedAnimations"' has no exported member 'useRippleEffect'. Did you mean to use 'import useRippleEffect from "../hooks/useUnifiedAnimations"' instead?
src/components/index.ts(25,3): error TS2614: Module '"../hooks/useUnifiedAnimations"' has no exported member 'useShimmerEffect'. Did you mean to use 'import useShimmerEffect from "../hooks/useUnifiedAnimations"' instead?
src/components/index.ts(26,3): error TS2614: Module '"../hooks/useUnifiedAnimations"' has no exported member 'useScrollAnimation'. Did you mean to use 'import useScrollAnimation from "../hooks/useUnifiedAnimations"' instead?
src/components/InteractiveButton.tsx(47,31): error TS2304: Cannot find name 'DynamicColors'.
src/components/InteractiveButton.tsx(127,12): error TS2304: Cannot find name 'EnhancedShadows'.
src/components/InteractiveButton.tsx(134,30): error TS2304: Cannot find name 'SemanticColors'.
src/components/InteractiveButton.tsx(135,16): error TS2304: Cannot find name 'EnhancedShadows'.
src/components/InteractiveButton.tsx(141,30): error TS2304: Cannot find name 'SemanticColors'.
src/components/InteractiveButton.tsx(142,16): error TS2304: Cannot find name 'EnhancedShadows'.
src/components/InteractiveButton.tsx(150,26): error TS2304: Cannot find name 'SemanticColors'.
src/components/InteractiveButton.tsx(163,16): error TS2304: Cannot find name 'DynamicColors'.
src/components/InteractiveButton.tsx(171,26): error TS2304: Cannot find name 'SemanticColors'.
src/components/InteractiveButton.tsx(193,20): error TS2304: Cannot find name 'SemanticColors'.
src/components/InteractiveButton.tsx(199,20): error TS2304: Cannot find name 'SemanticColors'.
src/components/InteractiveButton.tsx(206,20): error TS2304: Cannot find name 'SemanticColors'.
src/components/InteractiveButton.tsx(212,20): error TS2304: Cannot find name 'SemanticColors'.
src/components/InteractiveButton.tsx(288,19): error TS2304: Cannot find name 'SemanticColors'.
src/components/InteractiveButton.tsx(289,19): error TS2304: Cannot find name 'SemanticColors'.
src/components/InteractiveButton.tsx(327,11): error TS17001: JSX elements cannot have multiple attributes with the same name.
src/components/InteractiveButton.tsx(328,11): error TS2769: No overload matches this call.
  Overload 1 of 2, '(props: TouchableOpacityProps): TouchableOpacity', gave the following error.
    Type '{ children: Element[]; activeOpacity: number; tvParallaxProperties?: TVParallaxProperties | undefined; delayLongPress?: number | undefined; delayPressIn?: number | undefined; ... 55 more ...; onTouchMove: (event: { ...; }) => void; }' is not assignable to type 'IntrinsicAttributes & IntrinsicClassAttributes<TouchableOpacity> & Readonly<TouchableOpacityProps>'.
      Property 'onTouchMove' does not exist on type 'IntrinsicAttributes & IntrinsicClassAttributes<TouchableOpacity> & Readonly<TouchableOpacityProps>'.
  Overload 2 of 2, '(props: TouchableOpacityProps, context: any): TouchableOpacity', gave the following error.
    Type '{ children: Element[]; activeOpacity: number; tvParallaxProperties?: TVParallaxProperties | undefined; delayLongPress?: number | undefined; delayPressIn?: number | undefined; ... 55 more ...; onTouchMove: (event: { ...; }) => void; }' is not assignable to type 'IntrinsicAttributes & IntrinsicClassAttributes<TouchableOpacity> & Readonly<TouchableOpacityProps>'.
      Property 'onTouchMove' does not exist on type 'IntrinsicAttributes & IntrinsicClassAttributes<TouchableOpacity> & Readonly<TouchableOpacityProps>'.
src/components/InteractiveButton.tsx(359,26): error TS2304: Cannot find name 'DynamicColors'.
src/components/LazyScreen.tsx(1,33): error TS1484: 'ComponentType' is a type and must be imported using a type-only import when 'verbatimModuleSyntax' is enabled.
src/components/LazyScreen.tsx(104,3): error TS4114: This member must have an 'override' modifier because it overrides a member in the base class 'Component<{ children: ReactNode; fallback: ComponentType<{ error: Error; retry: () => void; }>; }, { hasError: boolean; error: Error | null; }, any>'.
src/components/LazyScreen.tsx(112,3): error TS4114: This member must have an 'override' modifier because it overrides a member in the base class 'Component<{ children: ReactNode; fallback: ComponentType<{ error: Error; retry: () => void; }>; }, { hasError: boolean; error: Error | null; }, any>'.
src/components/LazyScreen.tsx(137,12): error TS2322: Type 'P' is not assignable to type 'IntrinsicAttributes & ((PropsWithoutRef<P> & RefAttributes<Component<P, any, any>>) | PropsWithRef<P>)'.
  Type 'object' is not assignable to type 'IntrinsicAttributes & ((PropsWithoutRef<P> & RefAttributes<Component<P, any, any>>) | PropsWithRef<P>)'.
    Type 'P' is not assignable to type 'IntrinsicAttributes & PropsWithRef<P>'.
      Type 'object' is not assignable to type 'IntrinsicAttributes & PropsWithRef<P>'.
        Type 'object' is not assignable to type 'PropsWithRef<P>'.
          Type 'P' is not assignable to type 'PropsWithRef<P>'.
            Type 'object' is not assignable to type 'PropsWithRef<P>'.
src/components/LazyScreen.tsx(143,63): error TS2339: Property 'displayName' does not exist on type 'LazyExoticComponent<ComponentType<P>>'.
src/components/LazyScreen.tsx(181,9): error TS1323: Dynamic imports are only supported when the '--module' flag is set to 'es2020', 'es2022', 'esnext', 'commonjs', 'amd', 'system', 'umd', 'node16', 'node18', 'node20', or 'nodenext'.
src/components/LazyScreen.tsx(203,9): error TS1323: Dynamic imports are only supported when the '--module' flag is set to 'es2020', 'es2022', 'esnext', 'commonjs', 'amd', 'system', 'umd', 'node16', 'node18', 'node20', or 'nodenext'.
src/components/LazyScreen.tsx(225,9): error TS1323: Dynamic imports are only supported when the '--module' flag is set to 'es2020', 'es2022', 'esnext', 'commonjs', 'amd', 'system', 'umd', 'node16', 'node18', 'node20', or 'nodenext'.
src/components/matches/MatchCard.tsx(114,13): error TS2322: Type '"high"' is not assignable to type '"normal"'.
src/components/ModernPhotoUpload.tsx(27,10): error TS2614: Module '"../hooks/useUnifiedAnimations"' has no exported member 'useStaggeredAnimation'. Did you mean to use 'import useStaggeredAnimation from "../hooks/useUnifiedAnimations"' instead?
src/components/ModernPhotoUpload.tsx(309,38): error TS2339: Property 'primary' does not exist on type 'string'.
src/components/ModernPhotoUpload.tsx(389,38): error TS2339: Property 'primary' does not exist on type 'string'.
src/components/ModernSwipeCard.tsx(275,9): error TS2769: No overload matches this call.
  Overload 1 of 2, '(props: AnimateProps<ViewProps>): View', gave the following error.
    Type 'unknown[]' is not assignable to type 'StyleProp<AnimateStyle<StyleProp<ViewStyle>>>'.
      Type 'unknown[]' is not assignable to type 'RecursiveArray<false | AnimateStyle<ViewStyle> | AnimateStyle<RegisteredStyle<ViewStyle>> | AnimateStyle<RecursiveArray<ViewStyle | Falsy | RegisteredStyle<...>>> | RegisteredStyle<...> | null | undefined>'.
        The types returned by 'pop()' are incompatible between these types.
          Type 'unknown' is not assignable to type 'false | AnimateStyle<ViewStyle> | AnimateStyle<RegisteredStyle<ViewStyle>> | AnimateStyle<RecursiveArray<ViewStyle | Falsy | RegisteredStyle<...>>> | ... 4 more ... | undefined'.
  Overload 2 of 2, '(props: AnimateProps<ViewProps>, context: any): View', gave the following error.
    Type 'unknown[]' is not assignable to type 'StyleProp<AnimateStyle<StyleProp<ViewStyle>>>'.
      Type 'unknown[]' is not assignable to type 'RecursiveArray<false | AnimateStyle<ViewStyle> | AnimateStyle<RegisteredStyle<ViewStyle>> | AnimateStyle<RecursiveArray<ViewStyle | Falsy | RegisteredStyle<...>>> | RegisteredStyle<...> | null | undefined>'.
        The types returned by 'pop()' are incompatible between these types.
          Type 'unknown' is not assignable to type 'false | AnimateStyle<ViewStyle> | AnimateStyle<RegisteredStyle<ViewStyle>> | AnimateStyle<RecursiveArray<ViewStyle | Falsy | RegisteredStyle<...>>> | ... 4 more ... | undefined'.
src/components/MotionPrimitives.tsx(28,12): error TS2304: Cannot find name 'MotionSystem'.
src/components/MotionPrimitives.tsx(50,33): error TS18048: 'animatedValue' is possibly 'undefined'.
src/components/MotionPrimitives.tsx(87,12): error TS2304: Cannot find name 'MotionSystem'.
src/components/MotionPrimitives.tsx(128,14): error TS2304: Cannot find name 'MotionSystem'.
src/components/MotionPrimitives.tsx(137,15): error TS2304: Cannot find name 'MotionSystem'.
src/components/MotionPrimitives.tsx(271,12): error TS2304: Cannot find name 'MotionSystem'.
src/components/MotionPrimitives.tsx(357,14): error TS2304: Cannot find name 'MotionSystem'.
src/components/NewComponents.tsx(16,3): error TS2614: Module '"../hooks/useUnifiedAnimations"' has no exported member 'useStaggeredAnimation'. Did you mean to use 'import useStaggeredAnimation from "../hooks/useUnifiedAnimations"' instead?
src/components/NewComponents.tsx(21,3): error TS2614: Module '"../hooks/useUnifiedAnimations"' has no exported member 'useRippleEffect'. Did you mean to use 'import useRippleEffect from "../hooks/useUnifiedAnimations"' instead?
src/components/NewComponents.tsx(22,3): error TS2614: Module '"../hooks/useUnifiedAnimations"' has no exported member 'useShimmerEffect'. Did you mean to use 'import useShimmerEffect from "../hooks/useUnifiedAnimations"' instead?
src/components/NewComponents.tsx(23,3): error TS2614: Module '"../hooks/useUnifiedAnimations"' has no exported member 'useScrollAnimation'. Did you mean to use 'import useScrollAnimation from "../hooks/useUnifiedAnimations"' instead?
src/components/OptimizedImage.tsx(8,3): error TS1484: 'ViewStyle' is a type and must be imported using a type-only import when 'verbatimModuleSyntax' is enabled.
src/components/OptimizedImage.tsx(9,3): error TS1484: 'ImageStyle' is a type and must be imported using a type-only import when 'verbatimModuleSyntax' is enabled.
src/components/OptimizedImage.tsx(12,3): error TS1484: 'FastImageProps' is a type and must be imported using a type-only import when 'verbatimModuleSyntax' is enabled.
src/components/OptimizedImage.tsx(13,3): error TS1484: 'Priority' is a type and must be imported using a type-only import when 'verbatimModuleSyntax' is enabled.
src/components/OptimizedImage.tsx(14,3): error TS1484: 'ResizeMode' is a type and must be imported using a type-only import when 'verbatimModuleSyntax' is enabled.
src/components/OptimizedImage.tsx(19,11): error TS2430: Interface 'OptimizedImageProps' incorrectly extends interface 'Omit<FastImageProps, "source">'.
  Types of property 'style' are incompatible.
    Type 'ViewStyle | ImageStyle | undefined' is not assignable to type 'StyleProp<ImageStyle>'.
      Type 'ViewStyle' is not assignable to type 'StyleProp<ImageStyle>'.
        Type 'ViewStyle' is not assignable to type 'ImageStyle'.
          Types of property 'borderBottomLeftRadius' are incompatible.
            Type 'AnimatableNumericValue | undefined' is not assignable to type 'number | undefined'.
              Type 'AnimatedNode' is not assignable to type 'number'.
src/components/OptimizedImage.tsx(25,40): error TS2339: Property 'glyphMap' does not exist on type 'ComponentType<IconProps>'.
  Property 'glyphMap' does not exist on type 'ComponentClass<IconProps, any>'.
src/components/OptimizedImage.tsx(48,3): error TS7031: Binding element 'uri' implicitly has an 'any' type.
src/components/OptimizedImage.tsx(49,3): error TS7031: Binding element 'style' implicitly has an 'any' type.
src/components/OptimizedImage.tsx(50,3): error TS7031: Binding element 'containerStyle' implicitly has an 'any' type.
src/components/OptimizedImage.tsx(57,3): error TS7031: Binding element 'onLoadStart' implicitly has an 'any' type.
src/components/OptimizedImage.tsx(58,3): error TS7031: Binding element 'onLoadEnd' implicitly has an 'any' type.
src/components/OptimizedImage.tsx(59,3): error TS7031: Binding element 'onError' implicitly has an 'any' type.
src/components/OptimizedImage.tsx(61,3): error TS7031: Binding element 'accessibilityLabel' implicitly has an 'any' type.
src/components/OptimizedImage.tsx(102,9): error TS2322: Type '{ uri: any; priority: "normal"; cache: string; }' is not assignable to type 'number | Source | undefined'.
  Type '{ uri: any; priority: "normal"; cache: string; }' is not assignable to type 'Source'.
    Types of property 'cache' are incompatible.
      Type 'string' is not assignable to type 'Cache | undefined'.
src/components/OptimizedImage.tsx(107,9): error TS2322: Type '(error: unknown) => void' is not assignable to type '() => void'.
  Target signature provides too few arguments. Expected 1 or more, but got 0.
src/components/OptimizedImage.tsx(204,37): error TS2322: Type '"high"' is not assignable to type '"normal"'.
src/components/OptimizedImage.tsx(214,37): error TS2322: Type '"low"' is not assignable to type '"normal"'.
src/components/OptimizedImage.tsx(227,6): error TS2322: Type '{ style: (ViewStyle | ImageStyle | undefined)[]; resizeMode: "cover"; cache: string; uri: string; containerStyle?: ViewStyle | undefined; showLoadingIndicator?: boolean | undefined; ... 92 more ...; fallback?: boolean | undefined; }' is not assignable to type '{ [x: string]: any; uri: any; style: any; containerStyle: any; showLoadingIndicator?: boolean | undefined; showErrorState?: boolean | undefined; fallbackIcon?: string | undefined; priority?: "normal" | undefined; ... 6 more ...; accessibilityLabel: any; }'.
  Property 'containerStyle' is optional in type '{ style: (ViewStyle | ImageStyle | undefined)[]; resizeMode: "cover"; cache: string; uri: string; containerStyle?: ViewStyle | undefined; showLoadingIndicator?: boolean | undefined; ... 92 more ...; fallback?: boolean | undefined; }' but required in type '{ [x: string]: any; uri: any; style: any; containerStyle: any; showLoadingIndicator?: boolean | undefined; showErrorState?: boolean | undefined; fallbackIcon?: string | undefined; priority?: "normal" | undefined; ... 6 more ...; accessibilityLabel: any; }'.
src/components/PawPullToRefresh.tsx(185,15): error TS2322: Type '{ textShadowColor: string; textShadowOffset: { width: number; height: number; }; textShadowRadius: number; }' is not assignable to type 'StyleProp<ViewStyle>'.
src/components/PerformanceTestSuite.tsx(21,8): error TS2614: Module '"../utils/PerformanceMonitor"' has no exported member 'PerformanceMetrics'. Did you mean to use 'import PerformanceMetrics from "../utils/PerformanceMonitor"' instead?
src/components/PerformanceTestSuite.tsx(63,49): error TS2339: Property 'getInstance' does not exist on type 'PerformanceMonitor'.
src/components/PerformanceTestSuite.tsx(280,51): error TS2339: Property 'success' does not exist on type 'string'.
src/components/PerformanceTestSuite.tsx(281,51): error TS2339: Property 'error' does not exist on type 'string'.
src/components/PerformanceTestSuite.tsx(393,40): error TS2339: Property 'success' does not exist on type 'string'.
src/components/PerformanceTestSuite.tsx(395,40): error TS2339: Property 'accent' does not exist on type 'string'.
src/components/PerformanceTestSuite.tsx(397,40): error TS2339: Property 'warning' does not exist on type 'string'.
src/components/PerformanceTestSuite.tsx(400,40): error TS2339: Property 'error' does not exist on type 'string'.
src/components/PerformanceTestSuite.tsx(402,40): error TS2339: Property 'primary' does not exist on type 'string'.
src/components/PerformanceTestSuite.tsx(500,47): error TS2339: Property 'subtle' does not exist on type 'string'.
src/components/PerformanceTestSuite.tsx(504,38): error TS2339: Property 'accent' does not exist on type 'string'.
src/components/PhotoUploadComponent.tsx(172,13): error TS2532: Object is possibly 'undefined'.
src/components/Premium/PremiumButton.tsx(22,3): error TS1484: 'TextStyle' is a type and must be imported using a type-only import when 'verbatimModuleSyntax' is enabled.
src/components/Premium/PremiumButton.tsx(34,32): error TS2339: Property 'glyphMap' does not exist on type 'ComponentType<IconProps>'.
  Property 'glyphMap' does not exist on type 'ComponentClass<IconProps, any>'.
src/components/Premium/PremiumButton.tsx(196,5): error TS2322: Type 'VariantStyle | undefined' is not assignable to type 'VariantStyle'.
  Type 'undefined' is not assignable to type 'VariantStyle'.
src/components/Premium/PremiumButton.tsx(219,9): error TS2322: Type 'string | number | symbol' is not assignable to type 'string'.
  Type 'number' is not assignable to type 'string'.
src/components/PremiumComponents.ts(18,3): error TS2614: Module '"./EliteComponents"' has no exported member 'EliteLoading'. Did you mean to use 'import EliteLoading from "./EliteComponents"' instead?
src/components/PremiumComponents.ts(19,3): error TS2614: Module '"./EliteComponents"' has no exported member 'EliteEmptyState'. Did you mean to use 'import EliteEmptyState from "./EliteComponents"' instead?
src/components/PremiumComponents.ts(20,3): error TS2614: Module '"./EliteComponents"' has no exported member 'EliteAvatar'. Did you mean to use 'import EliteAvatar from "./EliteComponents"' instead?
src/components/PremiumComponents.ts(22,3): error TS2614: Module '"./EliteComponents"' has no exported member 'FadeInUp'. Did you mean to use 'import FadeInUp from "./EliteComponents"' instead?
src/components/PremiumComponents.ts(23,3): error TS2614: Module '"./EliteComponents"' has no exported member 'ScaleIn'. Did you mean to use 'import ScaleIn from "./EliteComponents"' instead?
src/components/PremiumComponents.ts(24,3): error TS2614: Module '"./EliteComponents"' has no exported member 'StaggeredContainer'. Did you mean to use 'import StaggeredContainer from "./EliteComponents"' instead?
src/components/PremiumComponents.ts(25,3): error TS2614: Module '"./EliteComponents"' has no exported member 'GestureWrapper'. Did you mean to use 'import GestureWrapper from "./EliteComponents"' instead?
src/components/PremiumComponents.ts(27,3): error TS2614: Module '"./EliteComponents"' has no exported member 'PREMIUM_GRADIENTS'. Did you mean to use 'import PREMIUM_GRADIENTS from "./EliteComponents"' instead?
src/components/PremiumComponents.ts(28,3): error TS2614: Module '"./EliteComponents"' has no exported member 'PREMIUM_SHADOWS'. Did you mean to use 'import PREMIUM_SHADOWS from "./EliteComponents"' instead?
src/components/PremiumComponents.ts(38,3): error TS2614: Module '"./PremiumTypography"' has no exported member 'TEXT_GRADIENTS'. Did you mean to use 'import TEXT_GRADIENTS from "./PremiumTypography"' instead?
src/components/PremiumComponents.ts(39,3): error TS2614: Module '"./PremiumTypography"' has no exported member 'TEXT_SHADOWS'. Did you mean to use 'import TEXT_SHADOWS from "./PremiumTypography"' instead?
src/components/PremiumTypography.tsx(19,10): error TS2614: Module '"../styles/GlobalStyles"' has no exported member 'Colors'. Did you mean to use 'import Colors from "../styles/GlobalStyles"' instead?
src/components/PremiumTypography.tsx(201,13): error TS2339: Property 'Platform' does not exist on type 'typeof React'.
src/components/PremiumTypography.tsx(204,10): error TS2552: Cannot find name 'MaskedViewIOS'. Did you mean 'MaskedView'?
src/components/PremiumTypography.tsx(228,11): error TS2552: Cannot find name 'MaskedViewIOS'. Did you mean 'MaskedView'?
src/components/PremiumTypography.tsx(400,7): error TS2559: Type '(TextStyle | undefined)[]' has no properties in common with type 'TextStyle'.
src/components/PremiumTypography.tsx(472,7): error TS2559: Type '(TextStyle | undefined)[]' has no properties in common with type 'TextStyle'.
src/components/swipe/EmptyState.tsx(5,29): error TS2307: Cannot find module '../EliteButton' or its corresponding type declarations.
src/components/swipe/EmptyState.tsx(6,31): error TS2307: Cannot find module '../GlowContainer' or its corresponding type declarations.
src/components/swipe/EmptyState.tsx(7,32): error TS2307: Cannot find module '../PremiumHeading' or its corresponding type declarations.
src/components/swipe/EmptyState.tsx(8,29): error TS2307: Cannot find module '../PremiumBody' or its corresponding type declarations.
src/components/swipe/MatchModal.tsx(4,29): error TS2307: Cannot find module '../EliteButton' or its corresponding type declarations.
src/components/swipe/MatchModal.tsx(5,38): error TS2307: Cannot find module '../HolographicContainer' or its corresponding type declarations.
src/components/swipe/MatchModal.tsx(6,31): error TS2307: Cannot find module '../GlowContainer' or its corresponding type declarations.
src/components/swipe/MatchModal.tsx(7,32): error TS2307: Cannot find module '../PremiumHeading' or its corresponding type declarations.
src/components/swipe/MatchModal.tsx(8,29): error TS2307: Cannot find module '../PremiumBody' or its corresponding type declarations.
src/components/swipe/MatchModal.tsx(9,32): error TS2307: Cannot find module '../ParticleEffect' or its corresponding type declarations.
src/components/swipe/MatchModal.tsx(10,25): error TS2307: Cannot find module '../ScaleIn' or its corresponding type declarations.
src/components/swipe/MatchModal.tsx(11,26): error TS2307: Cannot find module '../FadeInUp' or its corresponding type declarations.
src/components/swipe/MatchModal.tsx(12,10): error TS1484: 'Pet' is a type and must be imported using a type-only import when 'verbatimModuleSyntax' is enabled.
src/components/swipe/MatchModal.tsx(15,39): error TS2339: Property 'dimensions' does not exist on type '{ readonly colors: { readonly primary: { readonly 50: "#fdf2f8"; readonly 100: "#fce7f3"; readonly 200: "#fbcfe8"; readonly 300: "#f9a8d4"; readonly 400: "#f472b6"; readonly 500: "#ec4899"; readonly 600: "#db2777"; readonly 700: "#be185d"; readonly 800: "#9d174d"; readonly 900: "#831843"; readonly 950: "#500724"; };...'.
src/components/swipe/SwipeActions.tsx(4,29): error TS2307: Cannot find module '../EliteButton' or its corresponding type declarations.
src/components/swipe/SwipeActions.tsx(5,36): error TS2307: Cannot find module '../StaggeredContainer' or its corresponding type declarations.
src/components/swipe/SwipeActions.tsx(6,26): error TS2307: Cannot find module '../FadeInUp' or its corresponding type declarations.
src/components/swipe/SwipeCard.tsx(6,29): error TS2307: Cannot find module '../components/EliteButton' or its corresponding type declarations.
src/components/swipe/SwipeCard.tsx(7,31): error TS2307: Cannot find module '../components/GlowContainer' or its corresponding type declarations.
src/components/swipe/SwipeCard.tsx(8,32): error TS2307: Cannot find module '../components/GlassContainer' or its corresponding type declarations.
src/components/swipe/SwipeCard.tsx(9,30): error TS2307: Cannot find module '../components/GradientText' or its corresponding type declarations.
src/components/swipe/SwipeCard.tsx(10,29): error TS2307: Cannot find module '../components/PremiumBody' or its corresponding type declarations.
src/components/swipe/SwipeCard.tsx(11,21): error TS2307: Cannot find module '../types/api' or its corresponding type declarations.
src/components/swipe/SwipeCard.tsx(19,11): error TS2314: Generic type 'AnimatedInterpolation<OutputT>' requires 1 type argument(s).
src/components/swipe/SwipeCard.tsx(20,16): error TS2314: Generic type 'AnimatedInterpolation<OutputT>' requires 1 type argument(s).
src/components/swipe/SwipeCard.tsx(21,16): error TS2314: Generic type 'AnimatedInterpolation<OutputT>' requires 1 type argument(s).
src/components/swipe/SwipeCard.tsx(33,41): error TS7006: Parameter 'p' implicitly has an 'any' type.
src/components/swipe/SwipeFilters.tsx(4,29): error TS2307: Cannot find module '../EliteButton' or its corresponding type declarations.
src/components/swipe/SwipeFilters.tsx(5,32): error TS2307: Cannot find module '../GlassContainer' or its corresponding type declarations.
src/components/swipe/SwipeFilters.tsx(6,29): error TS2307: Cannot find module '../PremiumBody' or its corresponding type declarations.
src/components/swipe/SwipeFilters.tsx(7,26): error TS2307: Cannot find module '../FadeInUp' or its corresponding type declarations.
src/components/swipe/SwipeFilters.tsx(8,10): error TS1484: 'SwipeFilters' is a type and must be imported using a type-only import when 'verbatimModuleSyntax' is enabled.
src/components/swipe/SwipeHeader.tsx(4,29): error TS2307: Cannot find module '../EliteHeader' or its corresponding type declarations.
src/components/swipe/SwipeHeader.tsx(5,29): error TS2307: Cannot find module '../EliteButton' or its corresponding type declarations.
src/components/ThemeToggle.tsx(155,23): error TS7053: Element implicitly has an 'any' type because expression of type 'ThemeMode' can't be used to index type '{ light: string; dark: string; system: string; }'.
src/components/typography/ModernTypography.tsx(41,53): error TS2339: Property 'text' does not exist on type '{ interactive: { primary: string; secondary: string; tertiary: string; }; feedback: { success: string; warning: string; error: string; info: string; }; }'.
src/components/typography/ModernTypography.tsx(166,47): error TS7015: Element implicitly has an 'any' type because index expression is not of type 'number'.
src/components/typography/ModernTypography.tsx(190,23): error TS2339: Property 'colors' does not exist on type 'string[]'.
src/components/typography/ModernTypography.tsx(210,24): error TS2769: No overload matches this call.
  Overload 1 of 2, '(props: AnimateProps<ViewProps>): View', gave the following error.
    Type 'unknown' is not assignable to type 'StyleProp<AnimateStyle<StyleProp<ViewStyle>>>'.
  Overload 2 of 2, '(props: AnimateProps<ViewProps>, context: any): View', gave the following error.
    Type 'unknown' is not assignable to type 'StyleProp<AnimateStyle<StyleProp<ViewStyle>>>'.
src/components/typography/ModernTypography.tsx(222,41): error TS2769: No overload matches this call.
  Overload 1 of 2, '(props: AnimateProps<TextProps>): Text', gave the following error.
    Type 'unknown' is not assignable to type 'false | AnimateStyle<TextStyle> | AnimateStyle<RegisteredStyle<TextStyle>> | AnimateStyle<RecursiveArray<TextStyle | Falsy | RegisteredStyle<...>>> | ... 4 more ... | undefined'.
  Overload 2 of 2, '(props: AnimateProps<TextProps>, context: any): Text', gave the following error.
    Type 'unknown' is not assignable to type 'false | AnimateStyle<TextStyle> | AnimateStyle<RegisteredStyle<TextStyle>> | AnimateStyle<RecursiveArray<TextStyle | Falsy | RegisteredStyle<...>>> | ... 4 more ... | undefined'.
src/components/typography/ModernTypography.tsx(301,18): error TS2322: Type '"holographic"' is not assignable to type '"primary" | "secondary" | "success" | "warning" | "error" | "glass" | "glow" | undefined'.
src/contexts/NotificationContext.tsx(3,27): error TS2305: Module '"../stores/useUIStore"' has no exported member 'NotificationCounts'.
src/contexts/NotificationContext.tsx(27,5): error TS2339: Property 'notificationCounts' does not exist on type 'UIState'.
src/contexts/NotificationContext.tsx(28,5): error TS2339: Property 'updateNotificationCount' does not exist on type 'UIState'.
src/contexts/NotificationContext.tsx(29,5): error TS2339: Property 'incrementNotificationCount' does not exist on type 'UIState'.
src/contexts/NotificationContext.tsx(30,5): error TS2339: Property 'decrementNotificationCount' does not exist on type 'UIState'.
src/contexts/NotificationContext.tsx(31,5): error TS2339: Property 'clearNotificationCount' does not exist on type 'UIState'.
src/contexts/NotificationContext.tsx(32,5): error TS2339: Property 'clearAllNotificationCounts' does not exist on type 'UIState'.
src/contexts/NotificationContext.tsx(33,5): error TS2339: Property 'getTotalNotificationCount' does not exist on type 'UIState'.
src/contexts/ThemeContext.tsx(10,10): error TS2614: Module '"../styles/GlobalStyles"' has no exported member 'Colors'. Did you mean to use 'import Colors from "../styles/GlobalStyles"' instead?
src/contexts/ThemeContext.tsx(11,27): error TS2305: Module '"../stores/useUIStore"' has no exported member 'ThemeMode'.
src/contexts/ThemeContext.tsx(82,11): error TS2339: Property 'themeMode' does not exist on type 'UIState'.
src/contexts/ThemeContext.tsx(82,22): error TS2339: Property 'isDark' does not exist on type 'UIState'.
src/contexts/ThemeContext.tsx(82,30): error TS2339: Property 'setThemeMode' does not exist on type 'UIState'.
src/contexts/ThemeContext.tsx(82,44): error TS2339: Property 'setSystemColorScheme' does not exist on type 'UIState'.
src/contexts/ThemeContext.tsx(82,66): error TS2339: Property 'toggleTheme' does not exist on type 'UIState'.
src/hooks/useAIBio.ts(132,34): error TS2339: Property 'generatePetBio' does not exist on type '{ ai: { generateBio: (data: { petName: string; keywords: string[]; tone?: "playful" | "professional" | "casual" | "romantic" | "funny" | undefined; length?: "medium" | "short" | "long" | undefined; petType?: string | undefined; age?: number | undefined; breed?: string | undefined; }) => Promise<...>; analyzePhotos: ...'.
src/hooks/useAIBio.ts(190,21): error TS2532: Object is possibly 'undefined'.
src/hooks/useChatData.ts(132,21): error TS2345: Argument of type 'Message[]' is not assignable to parameter of type 'SetStateAction<Message[]>'.
  Type 'import("/Users/elvira/Desktop/pets2/packages/core/dist/types/index").Message[]' is not assignable to type 'import("/Users/elvira/Desktop/pets2/apps/mobile/src/hooks/useChatData").Message[]'.
    Type 'Message' is missing the following properties from type 'Message': senderId, timestamp, read, type
src/hooks/useChatData.ts(140,49): error TS2322: Type 'unknown' is not assignable to type 'Error | undefined'.
src/hooks/useChatData.ts(180,36): error TS2739: Type '{ status: "sent"; _id: string; sender: User; content: string; messageType: "text" | "image" | "audio" | "video" | "location" | "system" | "voice" | "gif" | "sticker"; attachments?: Attachment[] | undefined; ... 6 more ...; thumbnailUrl?: string | undefined; }' is missing the following properties from type 'Message': senderId, timestamp, read, type
src/hooks/useChatData.ts(216,11): error TS2322: Type 'unknown' is not assignable to type 'Error | undefined'.
src/hooks/useChatData.ts(265,51): error TS2322: Type 'unknown' is not assignable to type 'Error | undefined'.
src/hooks/useChatData.ts(285,57): error TS2322: Type 'unknown' is not assignable to type 'Error | undefined'.
src/hooks/useChatData.ts(376,3): error TS2322: Type 'string | undefined' is not assignable to type 'string'.
  Type 'undefined' is not assignable to type 'string'.
src/hooks/useErrorRecovery.ts(41,46): error TS2322: Type 'string' is not assignable to type 'Error'.
src/hooks/useErrorRecovery.ts(54,46): error TS2322: Type 'string' is not assignable to type 'Error'.
src/hooks/useMatchesData.ts(61,16): error TS2352: Conversion of type 'import("/Users/elvira/Desktop/pets2/packages/core/dist/types/index").Match[]' to type 'import("/Users/elvira/Desktop/pets2/apps/mobile/src/hooks/useMatchesData").Match[]' may be a mistake because neither type sufficiently overlaps with the other. If this was intentional, convert the expression to 'unknown' first.
  Type 'Match' is missing the following properties from type 'Match': petId, petName, petPhoto, petAge, and 5 more.
src/hooks/useMatchesData.ts(94,14): error TS2352: Conversion of type 'import("/Users/elvira/Desktop/pets2/packages/core/dist/types/index").Match[]' to type 'import("/Users/elvira/Desktop/pets2/apps/mobile/src/hooks/useMatchesData").Match[]' may be a mistake because neither type sufficiently overlaps with the other. If this was intentional, convert the expression to 'unknown' first.
  Type 'Match' is missing the following properties from type 'Match': petId, petName, petPhoto, petAge, and 5 more.
src/hooks/useMatchesData.ts(153,16): error TS2352: Conversion of type 'import("/Users/elvira/Desktop/pets2/packages/core/dist/types/index").Match[]' to type 'import("/Users/elvira/Desktop/pets2/apps/mobile/src/hooks/useMatchesData").Match[]' may be a mistake because neither type sufficiently overlaps with the other. If this was intentional, convert the expression to 'unknown' first.
  Type 'Match' is missing the following properties from type 'Match': petId, petName, petPhoto, petAge, and 5 more.
src/hooks/useMotionSystem.ts(9,24): error TS2304: Cannot find name 'MotionSystem'.
src/hooks/useMotionSystem.ts(26,35): error TS2304: Cannot find name 'MotionSystem'.
src/hooks/useMotionSystem.ts(29,10): error TS2304: Cannot find name 'MotionSystem'.
src/hooks/useMotionSystem.ts(36,38): error TS2304: Cannot find name 'Accessibility'.
src/hooks/useMotionSystem.ts(39,9): error TS2304: Cannot find name 'Accessibility'.
src/hooks/useMotionSystem.ts(51,24): error TS2304: Cannot find name 'MotionSystem'.
src/hooks/useMotionSystem.ts(85,24): error TS2304: Cannot find name 'MotionSystem'.
src/hooks/useMotionSystem.ts(107,9): error TS2532: Object is possibly 'undefined'.
src/hooks/useMotionSystem.ts(115,12): error TS2304: Cannot find name 'MotionSystem'.
src/hooks/useMotionSystem.ts(146,24): error TS2304: Cannot find name 'MotionSystem'.
src/hooks/useMotionSystem.ts(324,22): error TS2304: Cannot find name 'MotionSystem'.
src/hooks/useMotionSystem.ts(403,24): error TS2304: Cannot find name 'MotionSystem'.
src/hooks/useNotifications.ts(3,3): error TS2614: Module '"../services/notifications"' has no exported member 'initializeNotificationsService'. Did you mean to use 'import initializeNotificationsService from "../services/notifications"' instead?
src/hooks/usePetForm.ts(75,9): error TS2464: A computed property name must be of type 'string', 'number', 'symbol', or 'any'.
src/hooks/usePetForm.ts(77,11): error TS2464: A computed property name must be of type 'string', 'number', 'symbol', or 'any'.
src/hooks/usePetForm.ts(146,53): error TS2345: Argument of type '{ name: string; species: string; breed: string; age: number; gender: string; size: string; description: string; intent: string; personalityTags: string[]; healthInfo: { vaccinated: boolean; spayedNeutered: boolean; microchipped: boolean; specialNeeds: boolean; }; }' is not assignable to parameter of type 'Partial<Pet>'.
  Types of property 'species' are incompatible.
    Type 'string' is not assignable to type '"dog" | "cat" | "bird" | "rabbit" | "other" | undefined'.
src/hooks/usePhotoManager.ts(58,11): error TS2532: Object is possibly 'undefined'.
src/hooks/usePhotoManager.ts(59,9): error TS2532: Object is possibly 'undefined'.
src/hooks/useSwipeData.ts(58,32): error TS2339: Property 'ageMin' does not exist on type 'PetFilters'.
src/hooks/useSwipeData.ts(59,32): error TS2339: Property 'ageMax' does not exist on type 'PetFilters'.
src/hooks/useSwipeData.ts(60,34): error TS2339: Property 'distance' does not exist on type 'PetFilters'.
src/hooks/useSwipeData.ts(96,45): error TS2322: Type 'string' is not assignable to type 'Error'.
src/hooks/useSwipeData.ts(139,47): error TS2322: Type 'string' is not assignable to type 'Error'.
src/hooks/useSwipeData.ts(164,9): error TS2353: Object literal may only specify known properties, and 'ageMin' does not exist in type 'PetFilters'.
src/hooks/useThemeToggle.ts(5,15): error TS2614: Module '"../contexts/ThemeContext"' has no exported member 'ThemeMode'. Did you mean to use 'import ThemeMode from "../contexts/ThemeContext"' instead?
src/hooks/useThemeToggle.ts(11,11): error TS2304: Cannot find name 'ThemeColors'.
src/hooks/useThemeToggle.ts(59,31): error TS7053: Element implicitly has an 'any' type because expression of type 'ThemeMode' can't be used to index type '{ light: string; dark: string; system: string; }'.
src/hooks/useUnifiedAnimations.ts(281,5): error TS2322: Type 'OnGestureEvent<PanGestureHandlerGestureEvent>' is not assignable to type 'OnGestureEvent<GestureHandlerGestureEvent>'.
  Type 'GestureHandlerGestureEvent' is not assignable to type 'PanGestureHandlerGestureEvent'.
    Types of property 'nativeEvent' are incompatible.
      Type 'Readonly<GestureEventPayload & Record<string, unknown>>' is missing the following properties from type 'Readonly<GestureEventPayload & PanGestureHandlerEventPayload>': x, y, absoluteX, absoluteY, and 4 more.
src/screens/admin/AdminAnalyticsScreen.tsx(24,10): error TS2305: Module '"../../services/api"' has no exported member '_adminAPI'.
src/screens/admin/AdminBillingScreen.tsx(23,10): error TS2305: Module '"../../services/api"' has no exported member '_adminAPI'.
src/screens/admin/AdminChatsScreen.tsx(21,10): error TS2305: Module '"../../services/api"' has no exported member '_adminAPI'.
src/screens/admin/AdminDashboardScreen.tsx(24,10): error TS2305: Module '"../../services/api"' has no exported member '_adminAPI'.
src/screens/admin/AdminSecurityScreen.tsx(24,10): error TS2305: Module '"../../services/api"' has no exported member '_adminAPI'.
src/screens/admin/AdminUploadsScreen.tsx(23,10): error TS2305: Module '"../../services/api"' has no exported member '_adminAPI'.
src/screens/admin/AdminUsersScreen.tsx(216,11): error TS2769: No overload matches this call.
  Overload 1 of 2, '(props: FlatListProps<AdminUserListItemViewModel>): FlatList<AdminUserListItemViewModel>', gave the following error.
    Type '(data: AdminUserListItemViewModel[] | null | undefined, index: number) => { length: number; offset: number; index: number; }' is not assignable to type '(data: ArrayLike<AdminUserListItemViewModel> | null | undefined, index: number) => { length: number; offset: number; index: number; }'.
      Types of parameters 'data' and 'data' are incompatible.
        Type 'ArrayLike<AdminUserListItemViewModel> | null | undefined' is not assignable to type 'AdminUserListItemViewModel[] | null | undefined'.
          Type 'ArrayLike<AdminUserListItemViewModel>' is missing the following properties from type 'AdminUserListItemViewModel[]': pop, push, concat, join, and 34 more.
  Overload 2 of 2, '(props: FlatListProps<AdminUserListItemViewModel>, context: any): FlatList<AdminUserListItemViewModel>', gave the following error.
    Type '(data: AdminUserListItemViewModel[] | null | undefined, index: number) => { length: number; offset: number; index: number; }' is not assignable to type '(data: ArrayLike<AdminUserListItemViewModel> | null | undefined, index: number) => { length: number; offset: number; index: number; }'.
      Types of parameters 'data' and 'data' are incompatible.
        Type 'ArrayLike<AdminUserListItemViewModel> | null | undefined' is not assignable to type 'AdminUserListItemViewModel[] | null | undefined'.
          Type 'ArrayLike<AdminUserListItemViewModel>' is missing the following properties from type 'AdminUserListItemViewModel[]': pop, push, concat, join, and 34 more.
src/screens/admin/AdminVerificationsScreen.tsx(21,10): error TS2305: Module '"../../services/api"' has no exported member '_adminAPI'.
src/screens/adoption/AdoptionApplicationScreen.tsx(83,16): error TS2532: Object is possibly 'undefined'.
src/screens/adoption/AdoptionApplicationScreen.tsx(83,47): error TS2532: Object is possibly 'undefined'.
src/screens/adoption/AdoptionManagerScreen.tsx(28,3): error TS2614: Module '"../../components/EliteComponents"' has no exported member 'EliteLoading'. Did you mean to use 'import EliteLoading from "../../components/EliteComponents"' instead?
src/screens/adoption/AdoptionManagerScreen.tsx(29,3): error TS2614: Module '"../../components/EliteComponents"' has no exported member 'EliteEmptyState'. Did you mean to use 'import EliteEmptyState from "../../components/EliteComponents"' instead?
src/screens/adoption/AdoptionManagerScreen.tsx(34,3): error TS2614: Module '"../../styles/GlobalStyles"' has no exported member 'Colors'. Did you mean to use 'import Colors from "../../styles/GlobalStyles"' instead?
src/screens/adoption/AdoptionManagerScreen.tsx(108,48): error TS2339: Property 'getListings' does not exist on type '{ getLikedYou: () => Promise<Match[]>; getMatches: () => Promise<Match[]>; getMatch: (matchId: string) => Promise<Match>; createMatch: (petId: string, targetPetId: string) => Promise<...>; ... 31 more ...; getAppVersion: () => Promise<...>; }'.
src/screens/adoption/AdoptionManagerScreen.tsx(111,52): error TS2339: Property 'getApplications' does not exist on type '{ getLikedYou: () => Promise<Match[]>; getMatches: () => Promise<Match[]>; getMatch: (matchId: string) => Promise<Match>; createMatch: (petId: string, targetPetId: string) => Promise<...>; ... 31 more ...; getAppVersion: () => Promise<...>; }'.
src/screens/adoption/AdoptionManagerScreen.tsx(356,15): error TS2322: Type '"small"' is not assignable to type '"sm" | "md" | "lg" | "xl" | undefined'.
src/screens/adoption/AdoptionManagerScreen.tsx(367,15): error TS2322: Type '"small"' is not assignable to type '"sm" | "md" | "lg" | "xl" | undefined'.
src/screens/adoption/AdoptionManagerScreen.tsx(435,17): error TS2322: Type '"small"' is not assignable to type '"sm" | "md" | "lg" | "xl" | undefined'.
src/screens/adoption/AdoptionManagerScreen.tsx(446,17): error TS2322: Type '"small"' is not assignable to type '"sm" | "md" | "lg" | "xl" | undefined'.
src/screens/adoption/AdoptionManagerScreen.tsx(481,13): error TS2322: Type '"small"' is not assignable to type '"sm" | "md" | "lg" | "xl" | undefined'.
src/screens/ai/AICompatibilityScreen.tsx(24,10): error TS2724: '"../../services/api"' has no exported member named '_aiAPI'. Did you mean 'aiAPI'?
src/screens/ai/AICompatibilityScreen.tsx(24,18): error TS2305: Module '"../../services/api"' has no exported member '_petAPI'.
src/screens/ai/AICompatibilityScreen.tsx(137,46): error TS2322: Type 'unknown' is not assignable to type 'Error | undefined'.
src/screens/ai/AICompatibilityScreen.tsx(206,56): error TS2322: Type 'unknown' is not assignable to type 'Error | undefined'.
src/screens/ai/AIPhotoAnalyzerScreen.tsx(110,46): error TS2322: Type 'unknown' is not assignable to type 'Error | undefined'.
src/screens/ai/AIPhotoAnalyzerScreen.tsx(146,45): error TS2322: Type 'unknown' is not assignable to type 'Error | undefined'.
src/screens/ai/AIPhotoAnalyzerScreen.tsx(263,48): error TS2322: Type 'unknown' is not assignable to type 'Error | undefined'.
src/screens/AIBioScreen.refactored.tsx(12,26): error TS2307: Cannot find module '../../hooks/useAIBio' or its corresponding type declarations.
src/screens/AIBioScreen.refactored.tsx(13,29): error TS2307: Cannot find module '../../components/ai/PetInfoForm' or its corresponding type declarations.
src/screens/AIBioScreen.refactored.tsx(14,30): error TS2307: Cannot find module '../../components/ai/ToneSelector' or its corresponding type declarations.
src/screens/AIBioScreen.refactored.tsx(15,28): error TS2307: Cannot find module '../../components/ai/BioResults' or its corresponding type declarations.
src/screens/AIBioScreen.refactored.tsx(16,23): error TS2307: Cannot find module '../../theme/unified-theme' or its corresponding type declarations.
src/screens/AICompatibilityScreen.tsx(82,24): error TS2339: Property 'pet1Id' does not exist on type '{}'.
src/screens/AICompatibilityScreen.tsx(82,49): error TS2339: Property 'pet2Id' does not exist on type '{}'.
src/screens/AICompatibilityScreen.tsx(84,37): error TS2339: Property 'pet1Id' does not exist on type '{}'.
src/screens/AICompatibilityScreen.tsx(84,58): error TS2339: Property 'pet2Id' does not exist on type '{}'.
src/screens/AICompatibilityScreen.tsx(103,55): error TS2339: Property 'name' does not exist on type 'User'.
src/screens/AICompatibilityScreen.tsx(587,23): error TS2769: No overload matches this call.
  Overload 1 of 2, '(props: TouchableOpacityProps): TouchableOpacity', gave the following error.
    Type 'boolean | Pet | null' is not assignable to type 'boolean | undefined'.
      Type 'null' is not assignable to type 'boolean | undefined'.
  Overload 2 of 2, '(props: TouchableOpacityProps, context: any): TouchableOpacity', gave the following error.
    Type 'boolean | Pet | null' is not assignable to type 'boolean | undefined'.
      Type 'null' is not assignable to type 'boolean | undefined'.
src/screens/AIPhotoAnalyzerScreen.tsx(118,26): error TS2532: Object is possibly 'undefined'.
src/screens/calling/ActiveCallScreen.tsx(64,5): error TS2322: Type '{ dx: Value; dy: Value; } | null' is not assignable to type '((e: GestureResponderEvent, gestureState: PanResponderGestureState) => void) | undefined'.
  Type 'null' is not assignable to type '((e: GestureResponderEvent, gestureState: PanResponderGestureState) => void) | undefined'.
src/screens/ChatScreen.tsx(19,32): error TS2307: Cannot find module '../components/EliteContainer' or its corresponding type declarations.
src/screens/ChatScreen.tsx(193,11): error TS2339: Property 'chat' does not exist on type '{ ai: { generateBio: (data: { petName: string; keywords: string[]; tone?: "playful" | "professional" | "casual" | "romantic" | "funny" | undefined; length?: "medium" | "short" | "long" | undefined; petType?: string | undefined; age?: number | undefined; breed?: string | undefined; }) => Promise<...>; analyzePhotos: ...'.
src/screens/ChatScreen.tsx(197,13): error TS2339: Property 'chat' does not exist on type '{ ai: { generateBio: (data: { petName: string; keywords: string[]; tone?: "playful" | "professional" | "casual" | "romantic" | "funny" | undefined; length?: "medium" | "short" | "long" | undefined; petType?: string | undefined; age?: number | undefined; breed?: string | undefined; }) => Promise<...>; analyzePhotos: ...'.
src/screens/ComponentShowcaseScreen.tsx(458,38): error TS2339: Property 'accent' does not exist on type 'string'.
src/screens/ComponentShowcaseScreen.tsx(490,38): error TS2339: Property 'accent' does not exist on type 'string'.
src/screens/ForgotPasswordScreen.tsx(127,39): error TS2769: No overload matches this call.
  Overload 1 of 2, '(props: TextInputProps): TextInput', gave the following error.
    Type '"" | { borderColor: string; } | undefined' is not assignable to type 'TextStyle | Falsy | RegisteredStyle<TextStyle> | RecursiveArray<TextStyle | Falsy | RegisteredStyle<TextStyle>> | readonly (TextStyle | ... 1 more ... | RegisteredStyle<...>)[]'.
      Type '""' is not assignable to type 'TextStyle | Falsy | RegisteredStyle<TextStyle> | RecursiveArray<TextStyle | Falsy | RegisteredStyle<TextStyle>> | readonly (TextStyle | ... 1 more ... | RegisteredStyle<...>)[]'.
  Overload 2 of 2, '(props: TextInputProps, context: any): TextInput', gave the following error.
    Type '"" | { borderColor: string; } | undefined' is not assignable to type 'TextStyle | Falsy | RegisteredStyle<TextStyle> | RecursiveArray<TextStyle | Falsy | RegisteredStyle<TextStyle>> | readonly (TextStyle | ... 1 more ... | RegisteredStyle<...>)[]'.
      Type '""' is not assignable to type 'TextStyle | Falsy | RegisteredStyle<TextStyle> | RecursiveArray<TextStyle | Falsy | RegisteredStyle<TextStyle>> | readonly (TextStyle | ... 1 more ... | RegisteredStyle<...>)[]'.
src/screens/HomeScreen.tsx(38,3): error TS2614: Module '"../components/EliteComponents"' has no exported member 'FadeInUp'. Did you mean to use 'import FadeInUp from "../components/EliteComponents"' instead?
src/screens/HomeScreen.tsx(39,3): error TS2614: Module '"../components/EliteComponents"' has no exported member 'StaggeredContainer'. Did you mean to use 'import StaggeredContainer from "../components/EliteComponents"' instead?
src/screens/HomeScreen.tsx(185,15): error TS2322: Type '"glass"' is not assignable to type 'ButtonVariant | undefined'.
src/screens/HomeScreen.tsx(192,15): error TS2322: Type '"glass"' is not assignable to type 'ButtonVariant | undefined'.
src/screens/HomeScreen.tsx(325,19): error TS2322: Type '{ children: Element; variant: "glass"; tilt: boolean; magnetic: boolean; shimmer: true; entrance: string; onPress: () => void; style: { width: number; marginBottom: number; }; }' is not assignable to type 'IntrinsicAttributes & EliteCardProps'.
  Property 'tilt' does not exist on type 'IntrinsicAttributes & EliteCardProps'.
src/screens/HomeScreen.tsx(400,34): error TS2322: Type '"xs"' is not assignable to type '"sm" | "lg" | "base" | undefined'.
src/screens/HomeScreen.tsx(429,34): error TS2322: Type '"xs"' is not assignable to type '"sm" | "lg" | "base" | undefined'.
src/screens/HomeScreen.tsx(484,23): error TS2322: Type '"holographic"' is not assignable to type 'ButtonVariant | undefined'.
src/screens/ManageSubscriptionScreen.tsx(18,10): error TS2305: Module '"../services/api"' has no exported member '_subscriptionAPI'.
src/screens/MatchesScreen.tsx(78,13): error TS2740: Type 'Match' is missing the following properties from type 'Match': pet1, pet2, user1, user2, and 9 more.
src/screens/MemoryWeaveScreen.tsx(338,22): error TS18048: 'nextPoint' is possibly 'undefined'.
src/screens/MemoryWeaveScreen.tsx(339,24): error TS18048: 'nextPoint' is possibly 'undefined'.
src/screens/MemoryWeaveScreen.tsx(342,25): error TS18048: 'nextPoint' is possibly 'undefined'.
src/screens/MemoryWeaveScreen.tsx(342,48): error TS18048: 'nextPoint' is possibly 'undefined'.
src/screens/MemoryWeaveScreen.tsx(440,11): error TS2769: No overload matches this call.
  Overload 1 of 2, '(props: ScrollViewProps): ScrollView', gave the following error.
    Type '{ nativeEvent: { contentOffset: { x: Animated.Value; }; }; }' is not assignable to type '(event: NativeSyntheticEvent<NativeScrollEvent>) => void'.
      Type '{ nativeEvent: { contentOffset: { x: Value; }; }; }' provides no match for the signature '(event: NativeSyntheticEvent<NativeScrollEvent>): void'.
  Overload 2 of 2, '(props: ScrollViewProps, context: any): ScrollView', gave the following error.
    Type '{ nativeEvent: { contentOffset: { x: Animated.Value; }; }; }' is not assignable to type '(event: NativeSyntheticEvent<NativeScrollEvent>) => void'.
      Type '{ nativeEvent: { contentOffset: { x: Value; }; }; }' provides no match for the signature '(event: NativeSyntheticEvent<NativeScrollEvent>): void'.
src/screens/MigrationExampleScreen.tsx(100,15): error TS2322: Type '{ title: string; variant: "primary"; size: "md"; icon: string; magnetic: boolean; ripple: true; glow: true; onPress: () => void; }' is not assignable to type 'IntrinsicAttributes & EliteButtonProps'.
  Property 'magnetic' does not exist on type 'IntrinsicAttributes & EliteButtonProps'.
src/screens/MigrationExampleScreen.tsx(115,15): error TS2322: Type '{ title: string; variant: "holographic"; size: "md"; icon: string; magnetic: boolean; ripple: true; glow: true; shimmer: true; onPress: () => void; }' is not assignable to type 'IntrinsicAttributes & EliteButtonProps'.
  Property 'magnetic' does not exist on type 'IntrinsicAttributes & EliteButtonProps'.
src/screens/MigrationExampleScreen.tsx(131,15): error TS2322: Type '{ title: string; variant: "primary"; size: "md"; icon: string; magnetic: boolean; ripple: true; glow: true; onPress: () => void; }' is not assignable to type 'IntrinsicAttributes & EliteButtonProps'.
  Property 'magnetic' does not exist on type 'IntrinsicAttributes & EliteButtonProps'.
src/screens/MigrationExampleScreen.tsx(209,14): error TS2304: Cannot find name 'BodySmall'.
src/screens/MigrationExampleScreen.tsx(209,41): error TS2304: Cannot find name 'BodySmall'.
src/screens/MigrationExampleScreen.tsx(234,14): error TS2693: 'Text' only refers to a type, but is being used as a value here.
src/screens/MigrationExampleScreen.tsx(234,67): error TS2693: 'Text' only refers to a type, but is being used as a value here.
src/screens/MigrationExampleScreen.tsx(235,14): error TS2693: 'Text' only refers to a type, but is being used as a value here.
src/screens/MigrationExampleScreen.tsx(235,67): error TS2693: 'Text' only refers to a type, but is being used as a value here.
src/screens/MigrationExampleScreen.tsx(236,14): error TS2693: 'Text' only refers to a type, but is being used as a value here.
src/screens/MigrationExampleScreen.tsx(236,63): error TS2693: 'Text' only refers to a type, but is being used as a value here.
src/screens/MigrationExampleScreen.tsx(237,14): error TS2693: 'Text' only refers to a type, but is being used as a value here.
src/screens/MigrationExampleScreen.tsx(237,69): error TS2693: 'Text' only refers to a type, but is being used as a value here.
src/screens/MigrationExampleScreen.tsx(241,14): error TS2693: 'Text' only refers to a type, but is being used as a value here.
src/screens/MigrationExampleScreen.tsx(243,15): error TS2693: 'Text' only refers to a type, but is being used as a value here.
src/screens/MigrationExampleScreen.tsx(244,14): error TS2693: 'Text' only refers to a type, but is being used as a value here.
src/screens/MigrationExampleScreen.tsx(246,15): error TS2693: 'Text' only refers to a type, but is being used as a value here.
src/screens/MigrationExampleScreen.tsx(250,14): error TS2693: 'Text' only refers to a type, but is being used as a value here.
src/screens/MigrationExampleScreen.tsx(250,74): error TS2693: 'Text' only refers to a type, but is being used as a value here.
src/screens/MigrationExampleScreen.tsx(251,14): error TS2693: 'Text' only refers to a type, but is being used as a value here.
src/screens/MigrationExampleScreen.tsx(251,72): error TS2693: 'Text' only refers to a type, but is being used as a value here.
src/screens/MigrationExampleScreen.tsx(353,18): error TS2304: Cannot find name 'BodySmall'.
src/screens/MigrationExampleScreen.tsx(355,19): error TS2304: Cannot find name 'BodySmall'.
src/screens/MigrationExampleScreen.tsx(367,18): error TS2304: Cannot find name 'BodySmall'.
src/screens/MigrationExampleScreen.tsx(369,19): error TS2304: Cannot find name 'BodySmall'.
src/screens/MigrationExampleScreen.tsx(381,18): error TS2304: Cannot find name 'BodySmall'.
src/screens/MigrationExampleScreen.tsx(383,19): error TS2304: Cannot find name 'BodySmall'.
src/screens/MigrationExampleScreen.tsx(395,18): error TS2304: Cannot find name 'BodySmall'.
src/screens/MigrationExampleScreen.tsx(397,19): error TS2304: Cannot find name 'BodySmall'.
src/screens/MigrationExampleScreen.tsx(478,19): error TS2339: Property 'primary' does not exist on type '{ sm: { shadowColor: string; shadowOffset: { width: number; height: number; }; shadowOpacity: number; shadowRadius: number; elevation: number; }; md: { shadowColor: string; shadowOffset: { width: number; height: number; }; shadowOpacity: number; shadowRadius: number; elevation: number; }; lg: { ...; }; }'.
src/screens/MigrationExampleScreen.tsx(486,38): error TS2339: Property 'primary' does not exist on type 'string'.
src/screens/MigrationExampleScreen.tsx(492,38): error TS2339: Property 'primary' does not exist on type 'string'.
src/screens/MigrationExampleScreen.tsx(497,38): error TS2339: Property 'primary' does not exist on type 'string'.
src/screens/ModernCreatePetScreen.tsx(584,38): error TS2339: Property 'primary' does not exist on type 'string'.
src/screens/ModernCreatePetScreen.tsx(586,44): error TS2339: Property 'default' does not exist on type 'string'.
src/screens/ModernSwipeScreen.tsx(15,3): error TS2305: Module '"@pawfectmatch/core"' has no exported member 'useSwipeLogic'.
src/screens/ModernSwipeScreen.tsx(76,15): error TS7006: Parameter 'result' implicitly has an 'any' type.
src/screens/ModernSwipeScreen.tsx(404,11): error TS2322: Type '(pet: Pet) => Promise<void>' is not assignable to type '(pet: Pet) => void'.
  Types of parameters 'pet' and 'pet' are incompatible.
    Type 'Pet' is missing the following properties from type 'Pet': owner, species, gender, size, and 12 more.
src/screens/ModernSwipeScreen.tsx(405,11): error TS2322: Type '(pet: Pet) => Promise<void>' is not assignable to type '(pet: Pet) => void'.
  Types of parameters 'pet' and 'pet' are incompatible.
    Type 'Pet' is missing the following properties from type 'Pet': owner, species, gender, size, and 12 more.
src/screens/ModernSwipeScreen.tsx(406,11): error TS2322: Type '(pet: Pet) => Promise<void>' is not assignable to type '(pet: Pet) => void'.
  Types of parameters 'pet' and 'pet' are incompatible.
    Type 'Pet' is missing the following properties from type 'Pet': owner, species, gender, size, and 12 more.
src/screens/ModernSwipeScreen.tsx(413,14): error TS2741: Property 'children' is missing in type '{ style: { width: number; height: number; transform: { scale: number; }[]; opacity: number; }; }' but required in type 'Omit<FXContainerProps, "type">'.
src/screens/ModernSwipeScreen.tsx(466,16): error TS2741: Property 'children' is missing in type '{ type: "glow"; hasGlow: true; style: { width: number; height: number; borderRadius: number; }; }' but required in type 'FXContainerProps'.
src/screens/MyPetsScreen.tsx(44,41): error TS2551: Property 'getMyPets' does not exist on type '{ getLikedYou: () => Promise<Match[]>; getMatches: () => Promise<Match[]>; getMatch: (matchId: string) => Promise<Match>; createMatch: (petId: string, targetPetId: string) => Promise<...>; ... 31 more ...; getAppVersion: () => Promise<...>; }'. Did you mean 'getPets'?
src/screens/MyPetsScreen.tsx(128,59): error TS2339: Property 'id' does not exist on type 'Pet'.
src/screens/MyPetsScreen.tsx(213,31): error TS2339: Property 'id' does not exist on type 'Pet'.
src/screens/MyPetsScreen.tsx(216,24): error TS2339: Property 'id' does not exist on type 'Pet'.
src/screens/MyPetsScreen.tsx(226,62): error TS2339: Property 'id' does not exist on type 'Pet'.
src/screens/MyPetsScreen.tsx(227,24): error TS2339: Property 'id' does not exist on type 'Pet'.
src/screens/onboarding/PetProfileSetupScreen.tsx(2,3): error TS2305: Module '"@pawfectmatch/core"' has no exported member 'SPECIES_OPTIONS'.
src/screens/onboarding/PetProfileSetupScreen.tsx(3,3): error TS2305: Module '"@pawfectmatch/core"' has no exported member 'SIZE_OPTIONS'.
src/screens/onboarding/PetProfileSetupScreen.tsx(4,3): error TS2305: Module '"@pawfectmatch/core"' has no exported member 'INTENT_OPTIONS'.
src/screens/onboarding/PetProfileSetupScreen.tsx(5,3): error TS2305: Module '"@pawfectmatch/core"' has no exported member 'PERSONALITY_TAGS'.
src/screens/onboarding/PetProfileSetupScreen.tsx(212,33): error TS7006: Parameter 'option' implicitly has an 'any' type.
src/screens/onboarding/PetProfileSetupScreen.tsx(301,30): error TS7006: Parameter 'option' implicitly has an 'any' type.
src/screens/onboarding/PetProfileSetupScreen.tsx(335,32): error TS7006: Parameter 'option' implicitly has an 'any' type.
src/screens/onboarding/PetProfileSetupScreen.tsx(364,47): error TS7006: Parameter 'tag' implicitly has an 'any' type.
src/screens/onboarding/PetProfileSetupScreen.tsx(467,59): error TS2769: No overload matches this call.
  Overload 1 of 2, '(props: AnimateProps<ViewProps>): View', gave the following error.
    Type '{ width: string; }' is not assignable to type 'false | AnimateStyle<ViewStyle> | AnimateStyle<RegisteredStyle<ViewStyle>> | AnimateStyle<RecursiveArray<ViewStyle | Falsy | RegisteredStyle<...>>> | ... 4 more ... | undefined'.
      Type '{ width: string; }' is not assignable to type 'AnimateStyle<ViewStyle>'.
        Types of property 'width' are incompatible.
          Type 'string' is not assignable to type 'DimensionValue | SharedValue<AnimatableValue> | undefined'.
  Overload 2 of 2, '(props: AnimateProps<ViewProps>, context: any): View', gave the following error.
    Type '{ width: string; }' is not assignable to type 'false | AnimateStyle<ViewStyle> | AnimateStyle<RegisteredStyle<ViewStyle>> | AnimateStyle<RecursiveArray<ViewStyle | Falsy | RegisteredStyle<...>>> | ... 4 more ... | undefined'.
      Type '{ width: string; }' is not assignable to type 'AnimateStyle<ViewStyle>'.
        Types of property 'width' are incompatible.
          Type 'string' is not assignable to type 'DimensionValue | SharedValue<AnimatableValue> | undefined'.
src/screens/onboarding/PreferencesSetupScreen.tsx(1,10): error TS2305: Module '"@pawfectmatch/core"' has no exported member 'INTENT_OPTIONS'.
src/screens/onboarding/PreferencesSetupScreen.tsx(1,26): error TS2305: Module '"@pawfectmatch/core"' has no exported member 'SPECIES_OPTIONS'.
src/screens/onboarding/PreferencesSetupScreen.tsx(247,37): error TS7006: Parameter 'option' implicitly has an 'any' type.
src/screens/onboarding/PreferencesSetupScreen.tsx(280,36): error TS7006: Parameter 'option' implicitly has an 'any' type.
src/screens/onboarding/WelcomeScreen.tsx(436,13): error TS2322: Type '"large"' is not assignable to type '"sm" | "md" | "lg" | "xl" | undefined'.
src/screens/premium/PremiumScreen.tsx(111,15): error TS2339: Property '_subscriptionAPI' does not exist on type 'typeof import("/Users/elvira/Desktop/pets2/apps/mobile/src/services/api")'.
src/screens/premium/PremiumScreen.tsx(111,42): error TS1323: Dynamic imports are only supported when the '--module' flag is set to 'es2020', 'es2022', 'esnext', 'commonjs', 'amd', 'system', 'umd', 'node16', 'node18', 'node20', or 'nodenext'.
src/screens/premium/SubscriptionManagerScreen.tsx(18,10): error TS2305: Module '"../../services/api"' has no exported member '_subscriptionAPI'.
src/screens/premium/SubscriptionManagerScreen.tsx(389,23): error TS2769: No overload matches this call.
  Overload 1 of 2, '(props: ViewProps): View', gave the following error.
    Type '{ width: `${string}%`; backgroundColor: string; }' is not assignable to type 'ViewStyle | Falsy | RegisteredStyle<ViewStyle> | RecursiveArray<ViewStyle | Falsy | RegisteredStyle<ViewStyle>> | readonly (ViewStyle | ... 1 more ... | RegisteredStyle<...>)[]'.
      Types of property 'width' are incompatible.
        Type '`${string}%`' is not assignable to type 'DimensionValue | undefined'.
  Overload 2 of 2, '(props: ViewProps, context: any): View', gave the following error.
    Type '{ width: `${string}%`; backgroundColor: string; }' is not assignable to type 'ViewStyle | Falsy | RegisteredStyle<ViewStyle> | RecursiveArray<ViewStyle | Falsy | RegisteredStyle<ViewStyle>> | readonly (ViewStyle | ... 1 more ... | RegisteredStyle<...>)[]'.
      Types of property 'width' are incompatible.
        Type '`${string}%`' is not assignable to type 'DimensionValue | undefined'.
src/screens/premium/SubscriptionManagerScreen.tsx(408,23): error TS2769: No overload matches this call.
  Overload 1 of 2, '(props: ViewProps): View', gave the following error.
    Type '{ width: `${string}%`; backgroundColor: string; }' is not assignable to type 'ViewStyle | Falsy | RegisteredStyle<ViewStyle> | RecursiveArray<ViewStyle | Falsy | RegisteredStyle<ViewStyle>> | readonly (ViewStyle | ... 1 more ... | RegisteredStyle<...>)[]'.
      Types of property 'width' are incompatible.
        Type '`${string}%`' is not assignable to type 'DimensionValue | undefined'.
  Overload 2 of 2, '(props: ViewProps, context: any): View', gave the following error.
    Type '{ width: `${string}%`; backgroundColor: string; }' is not assignable to type 'ViewStyle | Falsy | RegisteredStyle<ViewStyle> | RecursiveArray<ViewStyle | Falsy | RegisteredStyle<ViewStyle>> | readonly (ViewStyle | ... 1 more ... | RegisteredStyle<...>)[]'.
      Types of property 'width' are incompatible.
        Type '`${string}%`' is not assignable to type 'DimensionValue | undefined'.
src/screens/premium/SubscriptionManagerScreen.tsx(427,23): error TS2769: No overload matches this call.
  Overload 1 of 2, '(props: ViewProps): View', gave the following error.
    Type '{ width: `${string}%`; backgroundColor: string; }' is not assignable to type 'ViewStyle | Falsy | RegisteredStyle<ViewStyle> | RecursiveArray<ViewStyle | Falsy | RegisteredStyle<ViewStyle>> | readonly (ViewStyle | ... 1 more ... | RegisteredStyle<...>)[]'.
      Types of property 'width' are incompatible.
        Type '`${string}%`' is not assignable to type 'DimensionValue | undefined'.
  Overload 2 of 2, '(props: ViewProps, context: any): View', gave the following error.
    Type '{ width: `${string}%`; backgroundColor: string; }' is not assignable to type 'ViewStyle | Falsy | RegisteredStyle<ViewStyle> | RecursiveArray<ViewStyle | Falsy | RegisteredStyle<ViewStyle>> | readonly (ViewStyle | ... 1 more ... | RegisteredStyle<...>)[]'.
      Types of property 'width' are incompatible.
        Type '`${string}%`' is not assignable to type 'DimensionValue | undefined'.
src/screens/premium/SubscriptionSuccessScreen.tsx(100,17): error TS2339: Property 'analyticsAPI' does not exist on type 'typeof import("/Users/elvira/Desktop/pets2/apps/mobile/src/services/api")'.
src/screens/premium/SubscriptionSuccessScreen.tsx(100,40): error TS1323: Dynamic imports are only supported when the '--module' flag is set to 'es2020', 'es2022', 'esnext', 'commonjs', 'amd', 'system', 'umd', 'node16', 'node18', 'node20', or 'nodenext'.
src/screens/PremiumDemoScreen.tsx(73,43): error TS2304: Cannot find name 'DynamicColors'.
src/screens/PremiumDemoScreen.tsx(96,16): error TS2304: Cannot find name 'EnhancedTypography'.
src/screens/PremiumDemoScreen.tsx(188,16): error TS2304: Cannot find name 'EnhancedTypography'.
src/screens/PremiumDemoScreen.tsx(208,15): error TS2322: Type 'string | number | symbol | undefined' is not assignable to type '"primary" | "secondary" | "premium" | undefined'.
  Type 'string' is not assignable to type '"primary" | "secondary" | "premium" | undefined'.
src/screens/PremiumDemoScreen.tsx(222,28): error TS2304: Cannot find name 'SemanticColors'.
src/screens/PremiumDemoScreen.tsx(231,28): error TS2304: Cannot find name 'SemanticColors'.
src/screens/PremiumDemoScreen.tsx(256,20): error TS2304: Cannot find name 'SemanticColors'.
src/screens/PremiumDemoScreen.tsx(267,32): error TS2304: Cannot find name 'SemanticColors'.
src/screens/PremiumDemoScreen.tsx(272,49): error TS2304: Cannot find name 'SemanticColors'.
src/screens/PremiumDemoScreen.tsx(286,36): error TS2304: Cannot find name 'SemanticColors'.
src/screens/PremiumDemoScreen.tsx(291,39): error TS2304: Cannot find name 'SemanticColors'.
src/screens/PremiumDemoScreen.tsx(304,32): error TS2304: Cannot find name 'DynamicColors'.
src/screens/PremiumDemoScreen.tsx(307,18): error TS2304: Cannot find name 'DynamicColors'.
src/screens/PremiumDemoScreen.tsx(310,49): error TS2304: Cannot find name 'SemanticColors'.
src/screens/PremiumDemoScreen.tsx(328,20): error TS2304: Cannot find name 'SemanticColors'.
src/screens/PremiumDemoScreen.tsx(336,19): error TS2304: Cannot find name 'DynamicColors'.
src/screens/PremiumDemoScreen.tsx(337,22): error TS2304: Cannot find name 'DynamicColors'.
src/screens/PremiumDemoScreen.tsx(350,18): error TS2304: Cannot find name 'DynamicColors'.
src/screens/PremiumDemoScreen.tsx(357,24): error TS2304: Cannot find name 'SemanticColors'.
src/screens/PremiumDemoScreen.tsx(367,24): error TS2304: Cannot find name 'SemanticColors'.
src/screens/PremiumDemoScreen.tsx(390,20): error TS2304: Cannot find name 'DynamicColors'.
src/screens/PremiumDemoScreen.tsx(398,26): error TS2304: Cannot find name 'SemanticColors'.
src/screens/PremiumDemoScreen.tsx(407,26): error TS2304: Cannot find name 'SemanticColors'.
src/screens/PremiumDemoScreen.tsx(437,42): error TS2304: Cannot find name 'SemanticColors'.
src/screens/PremiumDemoScreen.tsx(443,17): error TS2304: Cannot find name 'DynamicColors'.
src/screens/PremiumDemoScreen.tsx(444,20): error TS2304: Cannot find name 'DynamicColors'.
src/screens/PremiumDemoScreen.tsx(457,16): error TS2304: Cannot find name 'DynamicColors'.
src/screens/PremiumDemoScreen.tsx(465,24): error TS2304: Cannot find name 'SemanticColors'.
src/screens/PremiumDemoScreen.tsx(468,20): error TS2304: Cannot find name 'EnhancedTypography'.
src/screens/ProfileScreen.tsx(266,21): error TS2322: Type 'string | number | symbol' is not assignable to type 'string'.
  Type 'number' is not assignable to type 'string'.
src/screens/ProfileScreen.tsx(266,62): error TS2339: Property 'glyphMap' does not exist on type 'ComponentType<IconProps>'.
  Property 'glyphMap' does not exist on type 'ComponentClass<IconProps, any>'.
src/screens/ResetPasswordScreen.tsx(138,39): error TS2769: No overload matches this call.
  Overload 1 of 2, '(props: TextInputProps): TextInput', gave the following error.
    Type '"" | { borderColor: string; } | undefined' is not assignable to type 'TextStyle | Falsy | RegisteredStyle<TextStyle> | RecursiveArray<TextStyle | Falsy | RegisteredStyle<TextStyle>> | readonly (TextStyle | ... 1 more ... | RegisteredStyle<...>)[]'.
      Type '""' is not assignable to type 'TextStyle | Falsy | RegisteredStyle<TextStyle> | RecursiveArray<TextStyle | Falsy | RegisteredStyle<TextStyle>> | readonly (TextStyle | ... 1 more ... | RegisteredStyle<...>)[]'.
  Overload 2 of 2, '(props: TextInputProps, context: any): TextInput', gave the following error.
    Type '"" | { borderColor: string; } | undefined' is not assignable to type 'TextStyle | Falsy | RegisteredStyle<TextStyle> | RecursiveArray<TextStyle | Falsy | RegisteredStyle<TextStyle>> | readonly (TextStyle | ... 1 more ... | RegisteredStyle<...>)[]'.
      Type '""' is not assignable to type 'TextStyle | Falsy | RegisteredStyle<TextStyle> | RecursiveArray<TextStyle | Falsy | RegisteredStyle<TextStyle>> | readonly (TextStyle | ... 1 more ... | RegisteredStyle<...>)[]'.
src/screens/ResetPasswordScreen.tsx(158,19): error TS2769: No overload matches this call.
  Overload 1 of 2, '(props: TextInputProps): TextInput', gave the following error.
    Type '"" | { borderColor: string; } | undefined' is not assignable to type 'TextStyle | Falsy | RegisteredStyle<TextStyle> | RecursiveArray<TextStyle | Falsy | RegisteredStyle<TextStyle>> | readonly (TextStyle | ... 1 more ... | RegisteredStyle<...>)[]'.
      Type '""' is not assignable to type 'TextStyle | Falsy | RegisteredStyle<TextStyle> | RecursiveArray<TextStyle | Falsy | RegisteredStyle<TextStyle>> | readonly (TextStyle | ... 1 more ... | RegisteredStyle<...>)[]'.
  Overload 2 of 2, '(props: TextInputProps, context: any): TextInput', gave the following error.
    Type '"" | { borderColor: string; } | undefined' is not assignable to type 'TextStyle | Falsy | RegisteredStyle<TextStyle> | RecursiveArray<TextStyle | Falsy | RegisteredStyle<TextStyle>> | readonly (TextStyle | ... 1 more ... | RegisteredStyle<...>)[]'.
      Type '""' is not assignable to type 'TextStyle | Falsy | RegisteredStyle<TextStyle> | RecursiveArray<TextStyle | Falsy | RegisteredStyle<TextStyle>> | readonly (TextStyle | ... 1 more ... | RegisteredStyle<...>)[]'.
src/screens/SettingsScreen.tsx(244,34): error TS2339: Property 'auth' does not exist on type '{ getLikedYou: () => Promise<Match[]>; getMatches: () => Promise<Match[]>; getMatch: (matchId: string) => Promise<Match>; createMatch: (petId: string, targetPetId: string) => Promise<...>; ... 31 more ...; getAppVersion: () => Promise<...>; }'.
src/screens/SettingsScreen.tsx(271,36): error TS2339: Property 'user' does not exist on type '{ getLikedYou: () => Promise<Match[]>; getMatches: () => Promise<Match[]>; getMatch: (matchId: string) => Promise<Match>; createMatch: (petId: string, targetPetId: string) => Promise<...>; ... 31 more ...; getAppVersion: () => Promise<...>; }'.
src/screens/SwipeScreen.tsx(11,32): error TS2307: Cannot find module '../components/EliteContainer' or its corresponding type declarations.
src/screens/SwipeScreen.tsx(12,30): error TS2307: Cannot find module '../components/EliteLoading' or its corresponding type declarations.
src/screens/SwipeScreen.tsx(19,32): error TS2307: Cannot find module '../components/GlassContainer' or its corresponding type declarations.
src/screens/SwipeScreen.tsx(34,11): error TS2339: Property 'data' does not exist on type 'SwipeData & SwipeActions'.
src/screens/SwipeScreen.tsx(34,17): error TS2339: Property 'actions' does not exist on type 'SwipeData & SwipeActions'.
src/screens/SwipeScreen.tsx(60,5): error TS2322: Type '{ dx: Value; dy: Value; } | null' is not assignable to type '((e: GestureResponderEvent, gestureState: PanResponderGestureState) => void) | undefined'.
  Type 'null' is not assignable to type '((e: GestureResponderEvent, gestureState: PanResponderGestureState) => void) | undefined'.
src/services/AccessibilityService.ts(77,59): error TS2322: Type 'unknown' is not assignable to type 'Error | undefined'.
src/services/AccessibilityService.ts(168,61): error TS2322: Type 'unknown' is not assignable to type 'Error | undefined'.
src/services/AccessibilityService.ts(179,49): error TS2345: Argument of type 'unknown' is not assignable to parameter of type 'number'.
src/services/AccessibilityService.ts(185,58): error TS2322: Type 'unknown' is not assignable to type 'Error | undefined'.
src/services/AccessibilityService.ts(296,65): error TS2322: Type 'unknown' is not assignable to type 'Error | undefined'.
src/services/adminAPI.ts(566,40): error TS2367: This comparison appears to be unintentional because the types '"all" | "flagged" | "unreviewed"' and '""' have no overlap.
src/services/api.ts(2,3): error TS2305: Module '"@pawfectmatch/core"' has no exported member 'apiClient'.
src/services/api.ts(3,8): error TS2305: Module '"@pawfectmatch/core"' has no exported member 'ApiClientResponse'.
src/services/api.ts(219,3): error TS1117: An object literal cannot have multiple properties with the same name.
src/services/apiClient.ts(22,8): error TS2307: Cannot find module '@pawfectmatch/core/api/UnifiedAPIClient' or its corresponding type declarations.
src/services/logger.ts(113,6): error TS2300: Duplicate identifier 'StorageKey'.
src/services/logger.ts(129,6): error TS2300: Duplicate identifier 'StorageKey'.
src/services/logger.ts(250,9): error TS2559: Type '"logger_encryption_key"' has no properties in common with type 'GetOptions'.
src/services/logger.ts(253,9): error TS2559: Type '"logger_encryption_salt"' has no properties in common with type 'GetOptions'.
src/services/logger.ts(1277,7): error TS2322: Type 'string' is not assignable to type 'undefined'.
src/services/logger.ts(1278,7): error TS2322: Type 'number' is not assignable to type 'undefined'.
src/services/logger.ts(1291,7): error TS2322: Type '{ exportMetadata: { timestamp: string; exportId: string; filters: { startDate: string | undefined; endDate: string; levels: LogLevel[]; includeMetrics: boolean; contentHash: undefined; totalEntries: undefined; }; }; metrics?: LogBufferMetrics | undefined; logs: { ...; }[]; }' is not assignable to type 'AuditLogExport'.
  The types of 'exportMetadata.filters.startDate' are incompatible between these types.
    Type 'string | undefined' is not assignable to type 'string'.
      Type 'undefined' is not assignable to type 'string'.
src/services/notifications.ts(14,29): error TS2739: Type '{ shouldShowAlert: boolean; shouldPlaySound: boolean; shouldSetBadge: boolean; shouldShowBanner: boolean; shouldShowList: boolean; }' is missing the following properties from type 'Promise<NotificationBehavior>': then, catch, finally, [Symbol.toStringTag]
src/services/notifications.ts(50,44): error TS2339: Property 'PermissionStatus' does not exist on type 'typeof import("/Users/elvira/Desktop/pets2/node_modules/.pnpm/expo-notifications@0.20.1_expo@49.0.23_@babel+core@7.28.5_/node_modules/expo-notifications/build/index")'.
src/services/notifications.ts(55,41): error TS2339: Property 'PermissionStatus' does not exist on type 'typeof import("/Users/elvira/Desktop/pets2/node_modules/.pnpm/expo-notifications@0.20.1_expo@49.0.23_@babel+core@7.28.5_/node_modules/expo-notifications/build/index")'.
src/services/OfflineSyncService.ts(326,27): error TS1323: Dynamic imports are only supported when the '--module' flag is set to 'es2020', 'es2022', 'esnext', 'commonjs', 'amd', 'system', 'umd', 'node16', 'node18', 'node20', or 'nodenext'.
src/services/pushNotificationService.ts(448,27): error TS2339: Property 'tryRemoveTokens' does not exist on type 'RateLimiter'.
src/services/WebRTCService.ts(403,30): error TS18048: 'videoTrack' is possibly 'undefined'.
src/services/WebRTCService.ts(424,25): error TS2339: Property 'addEventListener' does not exist on type 'RTCPeerConnection'.
src/services/WebRTCService.ts(438,25): error TS2339: Property 'addEventListener' does not exist on type 'RTCPeerConnection'.
src/services/WebRTCService.ts(441,9): error TS2322: Type 'MediaStream | null' is not assignable to type 'MediaStream | undefined'.
  Type 'null' is not assignable to type 'MediaStream | undefined'.
src/services/WebRTCService.ts(446,25): error TS2339: Property 'addEventListener' does not exist on type 'RTCPeerConnection'.
src/setupTests.ts(6,9): error TS2451: Cannot redeclare block-scoped variable '__DEV__'.
src/setupTests.ts(51,21): error TS7017: Element implicitly has an 'any' type because type 'typeof globalThis' has no index signature.
src/setupTests.ts(52,12): error TS7017: Element implicitly has an 'any' type because type 'typeof globalThis' has no index signature.
src/stores/useAuthStore.ts(93,16): error TS2352: Conversion of type 'StateStorage<unknown>' to type 'PersistStorage<{ accessToken: string | null; refreshToken: string | null; user: User | null; isAuthenticated: boolean; }, unknown>' may be a mistake because neither type sufficiently overlaps with the other. If this was intentional, convert the expression to 'unknown' first.
  Types of property 'setItem' are incompatible.
    Type '(name: string, value: string) => unknown' is not comparable to type '(name: string, value: StorageValue<{ accessToken: string | null; refreshToken: string | null; user: User | null; isAuthenticated: boolean; }>) => unknown'.
      Types of parameters 'value' and 'value' are incompatible.
        Type 'StorageValue<{ accessToken: string | null; refreshToken: string | null; user: User | null; isAuthenticated: boolean; }>' is not comparable to type 'string'.
src/stores/useUIStore.ts(2,10): error TS1484: 'Tokens' is a type and must be imported using a type-only import when 'verbatimModuleSyntax' is enabled.
src/stores/useUIStore.ts(14,3): error TS2322: Type '"light"' is not assignable to type '"zIndex" | "radius" | "colors" | "typography" | "spacing" | "gradients" | "shadows" | "blur" | "transitions" | "utils"'.
src/theme/tokens.ts(67,28): error TS7053: Element implicitly has an 'any' type because expression of type '750' can't be used to index type '{ readonly 0: "#ffffff"; readonly 50: "#fafafa"; readonly 100: "#f5f5f5"; readonly 200: "#e5e5e5"; readonly 300: "#d4d4d4"; readonly 400: "#a3a3a3"; readonly 500: "#737373"; readonly 600: "#525252"; readonly 700: "#404040"; readonly 800: "#262626"; readonly 900: "#171717"; readonly 950: "#0a0a0a"; }'.
  Property '750' does not exist on type '{ readonly 0: "#ffffff"; readonly 50: "#fafafa"; readonly 100: "#f5f5f5"; readonly 200: "#e5e5e5"; readonly 300: "#d4d4d4"; readonly 400: "#a3a3a3"; readonly 500: "#737373"; readonly 600: "#525252"; readonly 700: "#404040"; readonly 800: "#262626"; readonly 900: "#171717"; readonly 950: "#0a0a0a"; }'.
src/types/common.ts(43,30): error TS2344: Type 'RootStackParamList' does not satisfy the constraint 'Record<string, object | undefined>'.
  Index signature for type 'string' is missing in type 'RootStackParamList'.
src/types/common.ts(44,21): error TS2344: Type 'RootStackParamList' does not satisfy the constraint 'ParamListBase'.
  Index signature for type 'string' is missing in type 'RootStackParamList'.
src/types/common.ts(50,30): error TS2344: Type 'RootStackParamList' does not satisfy the constraint 'Record<string, object | undefined>'.
  Index signature for type 'string' is missing in type 'RootStackParamList'.
src/types/common.ts(51,20): error TS2344: Type 'RootStackParamList' does not satisfy the constraint 'ParamListBase'.
  Index signature for type 'string' is missing in type 'RootStackParamList'.
