<?xml version="1.0" encoding="UTF-8"?>
<coverage generated="1759936878345" clover="3.2.0">
  <project timestamp="1759936878345" name="All files">
    <metrics statements="99" coveredstatements="54" conditionals="69" coveredconditionals="35" methods="20" coveredmethods="12" elements="188" coveredelements="101" complexity="0" loc="99" ncloc="99" packages="1" files="1" classes="1"/>
    <file name="SwipeCardV2.tsx" path="/home/ben/datapartition_backup/Downloads/pawfectmatch-premium/apps/web/src/components/Pet/SwipeCardV2.tsx">
      <metrics statements="99" coveredstatements="54" conditionals="69" coveredconditionals="35" methods="20" coveredmethods="12"/>
      <line num="9" count="1" type="stmt"/>
      <line num="10" count="1" type="stmt"/>
      <line num="11" count="1" type="stmt"/>
      <line num="12" count="1" type="stmt"/>
      <line num="13" count="1" type="stmt"/>
      <line num="42" count="1" type="stmt"/>
      <line num="43" count="20" type="cond" truecount="1" falsecount="0"/>
      <line num="44" count="1" type="stmt"/>
      <line num="46" count="19" type="stmt"/>
      <line num="49" count="1" type="stmt"/>
      <line num="50" count="20" type="cond" truecount="1" falsecount="0"/>
      <line num="51" count="1" type="stmt"/>
      <line num="53" count="19" type="stmt"/>
      <line num="56" count="1" type="stmt"/>
      <line num="57" count="20" type="cond" truecount="3" falsecount="1"/>
      <line num="60" count="1" type="stmt"/>
      <line num="61" count="0" type="cond" truecount="0" falsecount="5"/>
      <line num="62" count="0" type="stmt"/>
      <line num="63" count="0" type="stmt"/>
      <line num="64" count="0" type="stmt"/>
      <line num="65" count="0" type="stmt"/>
      <line num="66" count="0" type="stmt"/>
      <line num="71" count="1" type="cond" truecount="0" falsecount="1"/>
      <line num="72" count="4" type="cond" truecount="3" falsecount="0"/>
      <line num="73" count="4" type="stmt"/>
      <line num="78" count="4" type="stmt"/>
      <line num="83" count="1" type="cond" truecount="0" falsecount="1"/>
      <line num="84" count="0" type="cond" truecount="0" falsecount="1"/>
      <line num="85" count="0" type="stmt"/>
      <line num="87" count="0" type="cond" truecount="0" falsecount="4"/>
      <line num="88" count="0" type="cond" truecount="0" falsecount="1"/>
      <line num="90" count="0" type="stmt"/>
      <line num="91" count="0" type="stmt"/>
      <line num="92" count="0" type="stmt"/>
      <line num="94" count="0" type="stmt"/>
      <line num="95" count="0" type="stmt"/>
      <line num="97" count="0" type="stmt"/>
      <line num="103" count="0" type="stmt"/>
      <line num="104" count="0" type="stmt"/>
      <line num="105" count="0" type="stmt"/>
      <line num="107" count="0" type="stmt"/>
      <line num="108" count="0" type="stmt"/>
      <line num="112" count="0" type="stmt"/>
      <line num="118" count="1" type="stmt"/>
      <line num="126" count="20" type="stmt"/>
      <line num="127" count="20" type="stmt"/>
      <line num="130" count="20" type="stmt"/>
      <line num="131" count="20" type="stmt"/>
      <line num="132" count="20" type="stmt"/>
      <line num="133" count="20" type="stmt"/>
      <line num="136" count="20" type="stmt"/>
      <line num="137" count="20" type="stmt"/>
      <line num="138" count="20" type="stmt"/>
      <line num="141" count="20" type="stmt"/>
      <line num="142" count="0" type="stmt"/>
      <line num="143" count="0" type="stmt"/>
      <line num="144" count="0" type="stmt"/>
      <line num="145" count="0" type="stmt"/>
      <line num="146" count="0" type="stmt"/>
      <line num="149" count="0" type="cond" truecount="0" falsecount="4"/>
      <line num="150" count="0" type="cond" truecount="0" falsecount="1"/>
      <line num="151" count="0" type="cond" truecount="0" falsecount="1"/>
      <line num="152" count="0" type="stmt"/>
      <line num="153" count="0" type="stmt"/>
      <line num="156" count="0" type="cond" truecount="0" falsecount="4"/>
      <line num="157" count="0" type="cond" truecount="0" falsecount="1"/>
      <line num="158" count="0" type="cond" truecount="0" falsecount="1"/>
      <line num="159" count="0" type="stmt"/>
      <line num="161" count="0" type="cond" truecount="0" falsecount="4"/>
      <line num="162" count="0" type="stmt"/>
      <line num="164" count="0" type="stmt"/>
      <line num="168" count="0" type="cond" truecount="0" falsecount="1"/>
      <line num="169" count="0" type="stmt"/>
      <line num="170" count="0" type="stmt"/>
      <line num="175" count="20" type="stmt"/>
      <line num="176" count="5" type="cond" truecount="1" falsecount="0"/>
      <line num="177" count="4" type="cond" truecount="2" falsecount="0"/>
      <line num="179" count="5" type="cond" truecount="0" falsecount="1"/>
      <line num="180" count="0" type="cond" truecount="0" falsecount="2"/>
      <line num="183" count="5" type="stmt"/>
      <line num="184" count="5" type="stmt"/>
      <line num="187" count="20" type="stmt"/>
      <line num="188" count="1" type="stmt"/>
      <line num="189" count="1" type="stmt"/>
      <line num="192" count="20" type="stmt"/>
      <line num="193" count="1" type="stmt"/>
      <line num="194" count="1" type="stmt"/>
      <line num="197" count="20" type="stmt"/>
      <line num="198" count="3" type="stmt"/>
      <line num="199" count="3" type="stmt"/>
      <line num="202" count="20" type="stmt"/>
      <line num="203" count="0" type="stmt"/>
      <line num="204" count="0" type="stmt"/>
      <line num="207" count="20" type="stmt"/>
      <line num="208" count="36" type="stmt"/>
      <line num="212" count="20" type="cond" truecount="8" falsecount="0"/>
      <line num="214" count="20" type="stmt"/>
      <line num="310" count="36" type="stmt"/>
      <line num="403" count="1" type="stmt"/>
    </file>
  </project>
</coverage>
