{"/home/ben/datapartition_backup/Downloads/pawfectmatch-premium/apps/web/src/components/Pet/SwipeCardV2.tsx": {"path":"/home/ben/datapartition_backup/Downloads/pawfectmatch-premium/apps/web/src/components/Pet/SwipeCardV2.tsx","statementMap":{"0":{"start":{"line":9,"column":0},"end":{"line":9,"column":81}},"1":{"start":{"line":10,"column":0},"end":{"line":10,"column":72}},"2":{"start":{"line":11,"column":0},"end":{"line":11,"column":83}},"3":{"start":{"line":12,"column":0},"end":{"line":12,"column":31}},"4":{"start":{"line":13,"column":0},"end":{"line":13,"column":53}},"5":{"start":{"line":42,"column":18},"end":{"line":47,"column":1}},"6":{"start":{"line":43,"column":2},"end":{"line":45,"column":3}},"7":{"start":{"line":44,"column":4},"end":{"line":44,"column":44}},"8":{"start":{"line":46,"column":2},"end":{"line":46,"column":24}},"9":{"start":{"line":49,"column":23},"end":{"line":54,"column":1}},"10":{"start":{"line":50,"column":2},"end":{"line":52,"column":3}},"11":{"start":{"line":51,"column":4},"end":{"line":51,"column":52}},"12":{"start":{"line":53,"column":2},"end":{"line":53,"column":33}},"13":{"start":{"line":56,"column":22},"end":{"line":58,"column":1}},"14":{"start":{"line":57,"column":2},"end":{"line":57,"column":66}},"15":{"start":{"line":60,"column":25},"end":{"line":68,"column":1}},"16":{"start":{"line":61,"column":2},"end":{"line":67,"column":3}},"17":{"start":{"line":62,"column":16},"end":{"line":62,"column":28}},"18":{"start":{"line":63,"column":16},"end":{"line":63,"column":28}},"19":{"start":{"line":64,"column":17},"end":{"line":64,"column":29}},"20":{"start":{"line":65,"column":19},"end":{"line":65,"column":31}},"21":{"start":{"line":66,"column":13},"end":{"line":66,"column":25}},"22":{"start":{"line":71,"column":22},"end":{"line":80,"column":1}},"23":{"start":{"line":72,"column":2},"end":{"line":79,"column":3}},"24":{"start":{"line":73,"column":21},"end":{"line":77,"column":6}},"25":{"start":{"line":78,"column":4},"end":{"line":78,"column":38}},"26":{"start":{"line":83,"column":18},"end":{"line":115,"column":1}},"27":{"start":{"line":84,"column":2},"end":{"line":114,"column":3}},"28":{"start":{"line":85,"column":4},"end":{"line":113,"column":5}},"29":{"start":{"line":87,"column":32},"end":{"line":87,"column":140}},"30":{"start":{"line":88,"column":6},"end":{"line":88,"column":50}},"31":{"start":{"line":88,"column":43},"end":{"line":88,"column":50}},"32":{"start":{"line":90,"column":27},"end":{"line":90,"column":50}},"33":{"start":{"line":91,"column":25},"end":{"line":91,"column":56}},"34":{"start":{"line":92,"column":23},"end":{"line":92,"column":48}},"35":{"start":{"line":94,"column":6},"end":{"line":94,"column":35}},"36":{"start":{"line":95,"column":6},"end":{"line":95,"column":49}},"37":{"start":{"line":97,"column":26},"end":{"line":101,"column":8}},"38":{"start":{"line":103,"column":6},"end":{"line":103,"column":87}},"39":{"start":{"line":104,"column":6},"end":{"line":104,"column":66}},"40":{"start":{"line":105,"column":6},"end":{"line":105,"column":87}},"41":{"start":{"line":107,"column":6},"end":{"line":107,"column":49}},"42":{"start":{"line":108,"column":6},"end":{"line":108,"column":54}},"43":{"start":{"line":112,"column":6},"end":{"line":112,"column":59}},"44":{"start":{"line":118,"column":48},"end":{"line":401,"column":1}},"45":{"start":{"line":126,"column":36},"end":{"line":126,"column":51}},"46":{"start":{"line":127,"column":52},"end":{"line":127,"column":63}},"47":{"start":{"line":130,"column":12},"end":{"line":130,"column":29}},"48":{"start":{"line":131,"column":12},"end":{"line":131,"column":29}},"49":{"start":{"line":132,"column":17},"end":{"line":132,"column":56}},"50":{"start":{"line":133,"column":18},"end":{"line":133,"column":77}},"51":{"start":{"line":136,"column":29},"end":{"line":136,"column":63}},"52":{"start":{"line":137,"column":29},"end":{"line":137,"column":65}},"53":{"start":{"line":138,"column":34},"end":{"line":138,"column":70}},"54":{"start":{"line":141,"column":24},"end":{"line":172,"column":59}},"55":{"start":{"line":142,"column":22},"end":{"line":142,"column":25}},"56":{"start":{"line":143,"column":27},"end":{"line":143,"column":30}},"57":{"start":{"line":144,"column":21},"end":{"line":144,"column":36}},"58":{"start":{"line":145,"column":19},"end":{"line":145,"column":32}},"59":{"start":{"line":146,"column":20},"end":{"line":146,"column":33}},"60":{"start":{"line":149,"column":4},"end":{"line":171,"column":5}},"61":{"start":{"line":150,"column":6},"end":{"line":150,"column":49}},"62":{"start":{"line":150,"column":26},"end":{"line":150,"column":49}},"63":{"start":{"line":151,"column":6},"end":{"line":151,"column":43}},"64":{"start":{"line":151,"column":24},"end":{"line":151,"column":43}},"65":{"start":{"line":152,"column":6},"end":{"line":152,"column":25}},"66":{"start":{"line":153,"column":6},"end":{"line":153,"column":58}},"67":{"start":{"line":153,"column":23},"end":{"line":153,"column":51}},"68":{"start":{"line":156,"column":9},"end":{"line":171,"column":5}},"69":{"start":{"line":157,"column":6},"end":{"line":157,"column":50}},"70":{"start":{"line":157,"column":26},"end":{"line":157,"column":50}},"71":{"start":{"line":158,"column":6},"end":{"line":158,"column":43}},"72":{"start":{"line":158,"column":24},"end":{"line":158,"column":43}},"73":{"start":{"line":159,"column":6},"end":{"line":159,"column":25}},"74":{"start":{"line":161,"column":6},"end":{"line":165,"column":7}},"75":{"start":{"line":162,"column":8},"end":{"line":162,"column":55}},"76":{"start":{"line":162,"column":25},"end":{"line":162,"column":48}},"77":{"start":{"line":164,"column":8},"end":{"line":164,"column":55}},"78":{"start":{"line":164,"column":25},"end":{"line":164,"column":48}},"79":{"start":{"line":168,"column":6},"end":{"line":168,"column":49}},"80":{"start":{"line":168,"column":26},"end":{"line":168,"column":49}},"81":{"start":{"line":169,"column":6},"end":{"line":169,"column":15}},"82":{"start":{"line":170,"column":6},"end":{"line":170,"column":15}},"83":{"start":{"line":175,"column":28},"end":{"line":185,"column":53}},"84":{"start":{"line":176,"column":4},"end":{"line":178,"column":5}},"85":{"start":{"line":177,"column":6},"end":{"line":177,"column":65}},"86":{"start":{"line":179,"column":4},"end":{"line":181,"column":5}},"87":{"start":{"line":180,"column":6},"end":{"line":180,"column":58}},"88":{"start":{"line":183,"column":4},"end":{"line":183,"column":23}},"89":{"start":{"line":184,"column":4},"end":{"line":184,"column":51}},"90":{"start":{"line":184,"column":21},"end":{"line":184,"column":44}},"91":{"start":{"line":187,"column":26},"end":{"line":190,"column":25}},"92":{"start":{"line":188,"column":4},"end":{"line":188,"column":24}},"93":{"start":{"line":189,"column":4},"end":{"line":189,"column":30}},"94":{"start":{"line":192,"column":31},"end":{"line":195,"column":25}},"95":{"start":{"line":193,"column":4},"end":{"line":193,"column":24}},"96":{"start":{"line":194,"column":4},"end":{"line":194,"column":35}},"97":{"start":{"line":197,"column":26},"end":{"line":200,"column":25}},"98":{"start":{"line":198,"column":4},"end":{"line":198,"column":24}},"99":{"start":{"line":199,"column":4},"end":{"line":199,"column":30}},"100":{"start":{"line":202,"column":27},"end":{"line":205,"column":8}},"101":{"start":{"line":203,"column":4},"end":{"line":203,"column":24}},"102":{"start":{"line":204,"column":4},"end":{"line":204,"column":32}},"103":{"start":{"line":207,"column":34},"end":{"line":209,"column":24}},"104":{"start":{"line":208,"column":4},"end":{"line":208,"column":63}},"105":{"start":{"line":208,"column":36},"end":{"line":208,"column":62}},"106":{"start":{"line":212,"column":23},"end":{"line":212,"column":124}},"107":{"start":{"line":214,"column":2},"end":{"line":400,"column":4}},"108":{"start":{"line":310,"column":16},"end":{"line":311,"column":null}},"109":{"start":{"line":403,"column":0},"end":{"line":403,"column":27}}},"fnMap":{"0":{"name":"(anonymous_10)","decl":{"start":{"line":42,"column":18},"end":{"line":42,"column":19}},"loc":{"start":{"line":42,"column":42},"end":{"line":47,"column":1}}},"1":{"name":"(anonymous_11)","decl":{"start":{"line":49,"column":23},"end":{"line":49,"column":24}},"loc":{"start":{"line":49,"column":54},"end":{"line":54,"column":1}}},"2":{"name":"(anonymous_12)","decl":{"start":{"line":56,"column":22},"end":{"line":56,"column":23}},"loc":{"start":{"line":56,"column":61},"end":{"line":58,"column":1}}},"3":{"name":"(anonymous_13)","decl":{"start":{"line":60,"column":25},"end":{"line":60,"column":26}},"loc":{"start":{"line":60,"column":54},"end":{"line":68,"column":1}}},"4":{"name":"(anonymous_14)","decl":{"start":{"line":71,"column":22},"end":{"line":71,"column":23}},"loc":{"start":{"line":71,"column":72},"end":{"line":80,"column":1}}},"5":{"name":"(anonymous_15)","decl":{"start":{"line":83,"column":18},"end":{"line":83,"column":19}},"loc":{"start":{"line":83,"column":62},"end":{"line":115,"column":1}}},"6":{"name":"(anonymous_16)","decl":{"start":{"line":118,"column":48},"end":{"line":118,"column":49}},"loc":{"start":{"line":125,"column":5},"end":{"line":401,"column":1}}},"7":{"name":"(anonymous_17)","decl":{"start":{"line":141,"column":36},"end":{"line":141,"column":37}},"loc":{"start":{"line":141,"column":97},"end":{"line":172,"column":3}}},"8":{"name":"(anonymous_18)","decl":{"start":{"line":153,"column":17},"end":{"line":153,"column":20}},"loc":{"start":{"line":153,"column":23},"end":{"line":153,"column":51}}},"9":{"name":"(anonymous_19)","decl":{"start":{"line":162,"column":19},"end":{"line":162,"column":22}},"loc":{"start":{"line":162,"column":25},"end":{"line":162,"column":48}}},"10":{"name":"(anonymous_20)","decl":{"start":{"line":164,"column":19},"end":{"line":164,"column":22}},"loc":{"start":{"line":164,"column":25},"end":{"line":164,"column":48}}},"11":{"name":"(anonymous_21)","decl":{"start":{"line":175,"column":40},"end":{"line":175,"column":41}},"loc":{"start":{"line":175,"column":82},"end":{"line":185,"column":3}}},"12":{"name":"(anonymous_22)","decl":{"start":{"line":184,"column":15},"end":{"line":184,"column":18}},"loc":{"start":{"line":184,"column":21},"end":{"line":184,"column":44}}},"13":{"name":"(anonymous_23)","decl":{"start":{"line":187,"column":38},"end":{"line":187,"column":39}},"loc":{"start":{"line":187,"column":62},"end":{"line":190,"column":3}}},"14":{"name":"(anonymous_24)","decl":{"start":{"line":192,"column":43},"end":{"line":192,"column":44}},"loc":{"start":{"line":192,"column":67},"end":{"line":195,"column":3}}},"15":{"name":"(anonymous_25)","decl":{"start":{"line":197,"column":38},"end":{"line":197,"column":39}},"loc":{"start":{"line":197,"column":62},"end":{"line":200,"column":3}}},"16":{"name":"(anonymous_26)","decl":{"start":{"line":202,"column":39},"end":{"line":202,"column":40}},"loc":{"start":{"line":202,"column":78},"end":{"line":205,"column":3}}},"17":{"name":"(anonymous_27)","decl":{"start":{"line":207,"column":46},"end":{"line":207,"column":47}},"loc":{"start":{"line":207,"column":64},"end":{"line":209,"column":3}}},"18":{"name":"(anonymous_28)","decl":{"start":{"line":208,"column":11},"end":{"line":208,"column":12}},"loc":{"start":{"line":208,"column":36},"end":{"line":208,"column":62}}},"19":{"name":"(anonymous_29)","decl":{"start":{"line":309,"column":30},"end":{"line":309,"column":31}},"loc":{"start":{"line":310,"column":16},"end":{"line":311,"column":null}}}},"branchMap":{"0":{"loc":{"start":{"line":43,"column":2},"end":{"line":45,"column":3}},"type":"if","locations":[{"start":{"line":43,"column":2},"end":{"line":45,"column":3}}]},"1":{"loc":{"start":{"line":50,"column":2},"end":{"line":52,"column":3}},"type":"if","locations":[{"start":{"line":50,"column":2},"end":{"line":52,"column":3}}]},"2":{"loc":{"start":{"line":57,"column":9},"end":{"line":57,"column":65}},"type":"cond-expr","locations":[{"start":{"line":57,"column":29},"end":{"line":57,"column":32}},{"start":{"line":57,"column":35},"end":{"line":57,"column":65}}]},"3":{"loc":{"start":{"line":57,"column":35},"end":{"line":57,"column":65}},"type":"cond-expr","locations":[{"start":{"line":57,"column":57},"end":{"line":57,"column":60}},{"start":{"line":57,"column":63},"end":{"line":57,"column":65}}]},"4":{"loc":{"start":{"line":61,"column":2},"end":{"line":67,"column":3}},"type":"switch","locations":[{"start":{"line":62,"column":4},"end":{"line":62,"column":28}},{"start":{"line":63,"column":4},"end":{"line":63,"column":28}},{"start":{"line":64,"column":4},"end":{"line":64,"column":29}},{"start":{"line":65,"column":4},"end":{"line":65,"column":31}},{"start":{"line":66,"column":4},"end":{"line":66,"column":25}}]},"5":{"loc":{"start":{"line":71,"column":23},"end":{"line":71,"column":68}},"type":"default-arg","locations":[{"start":{"line":71,"column":60},"end":{"line":71,"column":68}}]},"6":{"loc":{"start":{"line":72,"column":2},"end":{"line":79,"column":3}},"type":"if","locations":[{"start":{"line":72,"column":2},"end":{"line":79,"column":3}}]},"7":{"loc":{"start":{"line":72,"column":6},"end":{"line":72,"column":61}},"type":"binary-expr","locations":[{"start":{"line":72,"column":6},"end":{"line":72,"column":35}},{"start":{"line":72,"column":39},"end":{"line":72,"column":61}}]},"8":{"loc":{"start":{"line":83,"column":19},"end":{"line":83,"column":58}},"type":"default-arg","locations":[{"start":{"line":83,"column":53},"end":{"line":83,"column":58}}]},"9":{"loc":{"start":{"line":84,"column":2},"end":{"line":114,"column":3}},"type":"if","locations":[{"start":{"line":84,"column":2},"end":{"line":114,"column":3}}]},"10":{"loc":{"start":{"line":87,"column":32},"end":{"line":87,"column":140}},"type":"cond-expr","locations":[{"start":{"line":87,"column":51},"end":{"line":87,"column":56}},{"start":{"line":87,"column":56},"end":{"line":87,"column":140}}]},"11":{"loc":{"start":{"line":87,"column":32},"end":{"line":87,"column":56}},"type":"binary-expr","locations":[{"start":{"line":87,"column":32},"end":{"line":87,"column":56}},{"start":{"line":87,"column":51},"end":{"line":87,"column":56}}]},"12":{"loc":{"start":{"line":88,"column":6},"end":{"line":88,"column":50}},"type":"if","locations":[{"start":{"line":88,"column":6},"end":{"line":88,"column":50}}]},"13":{"loc":{"start":{"line":122,"column":2},"end":{"line":122,"column":16}},"type":"default-arg","locations":[{"start":{"line":122,"column":14},"end":{"line":122,"column":16}}]},"14":{"loc":{"start":{"line":123,"column":2},"end":{"line":123,"column":23}},"type":"default-arg","locations":[{"start":{"line":123,"column":19},"end":{"line":123,"column":23}}]},"15":{"loc":{"start":{"line":124,"column":2},"end":{"line":124,"column":22}},"type":"default-arg","locations":[{"start":{"line":124,"column":17},"end":{"line":124,"column":22}}]},"16":{"loc":{"start":{"line":149,"column":4},"end":{"line":171,"column":5}},"type":"if","locations":[{"start":{"line":149,"column":4},"end":{"line":171,"column":5}},{"start":{"line":156,"column":9},"end":{"line":171,"column":5}}]},"17":{"loc":{"start":{"line":149,"column":8},"end":{"line":149,"column":58}},"type":"binary-expr","locations":[{"start":{"line":149,"column":8},"end":{"line":149,"column":33}},{"start":{"line":149,"column":37},"end":{"line":149,"column":58}}]},"18":{"loc":{"start":{"line":150,"column":6},"end":{"line":150,"column":49}},"type":"if","locations":[{"start":{"line":150,"column":6},"end":{"line":150,"column":49}}]},"19":{"loc":{"start":{"line":151,"column":6},"end":{"line":151,"column":43}},"type":"if","locations":[{"start":{"line":151,"column":6},"end":{"line":151,"column":43}}]},"20":{"loc":{"start":{"line":156,"column":9},"end":{"line":171,"column":5}},"type":"if","locations":[{"start":{"line":156,"column":9},"end":{"line":171,"column":5}},{"start":{"line":166,"column":11},"end":{"line":171,"column":5}}]},"21":{"loc":{"start":{"line":156,"column":13},"end":{"line":156,"column":69}},"type":"binary-expr","locations":[{"start":{"line":156,"column":13},"end":{"line":156,"column":37}},{"start":{"line":156,"column":41},"end":{"line":156,"column":69}}]},"22":{"loc":{"start":{"line":157,"column":6},"end":{"line":157,"column":50}},"type":"if","locations":[{"start":{"line":157,"column":6},"end":{"line":157,"column":50}}]},"23":{"loc":{"start":{"line":158,"column":6},"end":{"line":158,"column":43}},"type":"if","locations":[{"start":{"line":158,"column":6},"end":{"line":158,"column":43}}]},"24":{"loc":{"start":{"line":161,"column":6},"end":{"line":165,"column":7}},"type":"if","locations":[{"start":{"line":161,"column":6},"end":{"line":165,"column":7}},{"start":{"line":163,"column":13},"end":{"line":165,"column":7}}]},"25":{"loc":{"start":{"line":161,"column":10},"end":{"line":161,"column":36}},"type":"binary-expr","locations":[{"start":{"line":161,"column":10},"end":{"line":161,"column":20}},{"start":{"line":161,"column":24},"end":{"line":161,"column":36}}]},"26":{"loc":{"start":{"line":168,"column":6},"end":{"line":168,"column":49}},"type":"if","locations":[{"start":{"line":168,"column":6},"end":{"line":168,"column":49}}]},"27":{"loc":{"start":{"line":176,"column":4},"end":{"line":178,"column":5}},"type":"if","locations":[{"start":{"line":176,"column":4},"end":{"line":178,"column":5}}]},"28":{"loc":{"start":{"line":177,"column":20},"end":{"line":177,"column":63}},"type":"cond-expr","locations":[{"start":{"line":177,"column":45},"end":{"line":177,"column":52}},{"start":{"line":177,"column":55},"end":{"line":177,"column":63}}]},"29":{"loc":{"start":{"line":179,"column":4},"end":{"line":181,"column":5}},"type":"if","locations":[{"start":{"line":179,"column":4},"end":{"line":181,"column":5}}]},"30":{"loc":{"start":{"line":180,"column":16},"end":{"line":180,"column":56}},"type":"cond-expr","locations":[{"start":{"line":180,"column":41},"end":{"line":180,"column":48}},{"start":{"line":180,"column":51},"end":{"line":180,"column":56}}]},"31":{"loc":{"start":{"line":212,"column":23},"end":{"line":212,"column":124}},"type":"cond-expr","locations":[{"start":{"line":212,"column":69},"end":{"line":212,"column":73}},{"start":{"line":212,"column":73},"end":{"line":212,"column":124}}]},"32":{"loc":{"start":{"line":212,"column":23},"end":{"line":212,"column":73}},"type":"binary-expr","locations":[{"start":{"line":212,"column":23},"end":{"line":212,"column":73}},{"start":{"line":212,"column":69},"end":{"line":212,"column":73}}]},"33":{"loc":{"start":{"line":212,"column":23},"end":{"line":212,"column":69}},"type":"cond-expr","locations":[{"start":{"line":212,"column":52},"end":{"line":212,"column":56}},{"start":{"line":212,"column":56},"end":{"line":212,"column":69}}]},"34":{"loc":{"start":{"line":212,"column":23},"end":{"line":212,"column":56}},"type":"binary-expr","locations":[{"start":{"line":212,"column":23},"end":{"line":212,"column":56}},{"start":{"line":212,"column":52},"end":{"line":212,"column":56}}]},"35":{"loc":{"start":{"line":276,"column":17},"end":{"line":276,"column":36}},"type":"cond-expr","locations":[{"start":{"line":276,"column":29},"end":{"line":276,"column":32}},{"start":{"line":276,"column":35},"end":{"line":276,"column":36}}]},"36":{"loc":{"start":{"line":277,"column":19},"end":{"line":277,"column":36}},"type":"cond-expr","locations":[{"start":{"line":277,"column":31},"end":{"line":277,"column":32}},{"start":{"line":277,"column":35},"end":{"line":277,"column":36}}]},"37":{"loc":{"start":{"line":307,"column":11},"end":{"line":318,"column":null}},"type":"binary-expr","locations":[{"start":{"line":307,"column":11},"end":{"line":307,"column":32}},{"start":{"line":308,"column":12},"end":{"line":317,"column":null}}]},"38":{"loc":{"start":{"line":314,"column":20},"end":{"line":314,"column":null}},"type":"cond-expr","locations":[{"start":{"line":314,"column":50},"end":{"line":314,"column":60}},{"start":{"line":314,"column":63},"end":{"line":314,"column":null}}]},"39":{"loc":{"start":{"line":329,"column":13},"end":{"line":333,"column":null}},"type":"binary-expr","locations":[{"start":{"line":329,"column":13},"end":{"line":329,"column":23}},{"start":{"line":330,"column":14},"end":{"line":332,"column":null}}]},"40":{"loc":{"start":{"line":352,"column":11},"end":{"line":356,"column":null}},"type":"binary-expr","locations":[{"start":{"line":352,"column":11},"end":{"line":352,"column":42}},{"start":{"line":352,"column":46},"end":{"line":352,"column":67}},{"start":{"line":353,"column":12},"end":{"line":355,"column":null}}]}},"s":{"0":1,"1":1,"2":1,"3":1,"4":1,"5":1,"6":20,"7":1,"8":19,"9":1,"10":20,"11":1,"12":19,"13":1,"14":20,"15":1,"16":0,"17":0,"18":0,"19":0,"20":0,"21":0,"22":1,"23":4,"24":4,"25":4,"26":1,"27":0,"28":0,"29":0,"30":0,"31":0,"32":0,"33":0,"34":0,"35":0,"36":0,"37":0,"38":0,"39":0,"40":0,"41":0,"42":0,"43":0,"44":1,"45":20,"46":20,"47":20,"48":20,"49":20,"50":20,"51":20,"52":20,"53":20,"54":20,"55":0,"56":0,"57":0,"58":0,"59":0,"60":0,"61":0,"62":0,"63":0,"64":0,"65":0,"66":0,"67":0,"68":0,"69":0,"70":0,"71":0,"72":0,"73":0,"74":0,"75":0,"76":0,"77":0,"78":0,"79":0,"80":0,"81":0,"82":0,"83":20,"84":5,"85":4,"86":5,"87":0,"88":5,"89":5,"90":3,"91":20,"92":1,"93":1,"94":20,"95":1,"96":1,"97":20,"98":3,"99":3,"100":20,"101":0,"102":0,"103":20,"104":36,"105":0,"106":20,"107":20,"108":36,"109":1},"f":{"0":20,"1":20,"2":20,"3":0,"4":4,"5":0,"6":20,"7":0,"8":0,"9":0,"10":0,"11":5,"12":3,"13":1,"14":1,"15":3,"16":0,"17":36,"18":0,"19":36},"b":{"0":[1],"1":[1],"2":[19,1],"3":[1,0],"4":[0,0,0,0,0],"5":[0],"6":[4],"7":[4,4],"8":[0],"9":[0],"10":[0,0],"11":[0,0],"12":[0],"13":[19],"14":[13],"15":[20],"16":[0,0],"17":[0,0],"18":[0],"19":[0],"20":[0,0],"21":[0,0],"22":[0],"23":[0],"24":[0,0],"25":[0,0],"26":[0],"27":[4],"28":[1,3],"29":[0],"30":[0,0],"31":[19,1],"32":[20,20],"33":[19,1],"34":[20,20],"35":[4,16],"36":[4,16],"37":[20,18],"38":[18,18],"39":[20,20],"40":[20,19,18]}}
}
