TN:
SF:src/components/Pet/SwipeCardV2.tsx
FN:42,(anonymous_10)
FN:49,(anonymous_11)
FN:56,(anonymous_12)
FN:60,(anonymous_13)
FN:71,(anonymous_14)
FN:83,(anonymous_15)
FN:118,(anonymous_16)
FN:141,(anonymous_17)
FN:153,(anonymous_18)
FN:162,(anonymous_19)
FN:164,(anonymous_20)
FN:175,(anonymous_21)
FN:184,(anonymous_22)
FN:187,(anonymous_23)
FN:192,(anonymous_24)
FN:197,(anonymous_25)
FN:202,(anonymous_26)
FN:207,(anonymous_27)
FN:208,(anonymous_28)
FN:309,(anonymous_29)
FNF:20
FNH:12
FNDA:20,(anonymous_10)
FNDA:20,(anonymous_11)
FNDA:20,(anonymous_12)
FNDA:0,(anonymous_13)
FNDA:4,(anonymous_14)
FNDA:0,(anonymous_15)
FNDA:20,(anonymous_16)
FNDA:0,(anonymous_17)
FNDA:0,(anonymous_18)
FNDA:0,(anonymous_19)
FNDA:0,(anonymous_20)
FNDA:5,(anonymous_21)
FNDA:3,(anonymous_22)
FNDA:1,(anonymous_23)
FNDA:1,(anonymous_24)
FNDA:3,(anonymous_25)
FNDA:0,(anonymous_26)
FNDA:36,(anonymous_27)
FNDA:0,(anonymous_28)
FNDA:36,(anonymous_29)
DA:9,1
DA:10,1
DA:11,1
DA:12,1
DA:13,1
DA:42,1
DA:43,20
DA:44,1
DA:46,19
DA:49,1
DA:50,20
DA:51,1
DA:53,19
DA:56,1
DA:57,20
DA:60,1
DA:61,0
DA:62,0
DA:63,0
DA:64,0
DA:65,0
DA:66,0
DA:71,1
DA:72,4
DA:73,4
DA:78,4
DA:83,1
DA:84,0
DA:85,0
DA:87,0
DA:88,0
DA:90,0
DA:91,0
DA:92,0
DA:94,0
DA:95,0
DA:97,0
DA:103,0
DA:104,0
DA:105,0
DA:107,0
DA:108,0
DA:112,0
DA:118,1
DA:126,20
DA:127,20
DA:130,20
DA:131,20
DA:132,20
DA:133,20
DA:136,20
DA:137,20
DA:138,20
DA:141,20
DA:142,0
DA:143,0
DA:144,0
DA:145,0
DA:146,0
DA:149,0
DA:150,0
DA:151,0
DA:152,0
DA:153,0
DA:156,0
DA:157,0
DA:158,0
DA:159,0
DA:161,0
DA:162,0
DA:164,0
DA:168,0
DA:169,0
DA:170,0
DA:175,20
DA:176,5
DA:177,4
DA:179,5
DA:180,0
DA:183,5
DA:184,5
DA:187,20
DA:188,1
DA:189,1
DA:192,20
DA:193,1
DA:194,1
DA:197,20
DA:198,3
DA:199,3
DA:202,20
DA:203,0
DA:204,0
DA:207,20
DA:208,36
DA:212,20
DA:214,20
DA:310,36
DA:403,1
LF:99
LH:54
BRDA:43,0,0,1
BRDA:50,1,0,1
BRDA:57,2,0,19
BRDA:57,2,1,1
BRDA:57,3,0,1
BRDA:57,3,1,0
BRDA:61,4,0,0
BRDA:61,4,1,0
BRDA:61,4,2,0
BRDA:61,4,3,0
BRDA:61,4,4,0
BRDA:71,5,0,0
BRDA:72,6,0,4
BRDA:72,7,0,4
BRDA:72,7,1,4
BRDA:83,8,0,0
BRDA:84,9,0,0
BRDA:87,10,0,0
BRDA:87,10,1,0
BRDA:87,11,0,0
BRDA:87,11,1,0
BRDA:88,12,0,0
BRDA:122,13,0,19
BRDA:123,14,0,13
BRDA:124,15,0,20
BRDA:149,16,0,0
BRDA:149,16,1,0
BRDA:149,17,0,0
BRDA:149,17,1,0
BRDA:150,18,0,0
BRDA:151,19,0,0
BRDA:156,20,0,0
BRDA:156,20,1,0
BRDA:156,21,0,0
BRDA:156,21,1,0
BRDA:157,22,0,0
BRDA:158,23,0,0
BRDA:161,24,0,0
BRDA:161,24,1,0
BRDA:161,25,0,0
BRDA:161,25,1,0
BRDA:168,26,0,0
BRDA:176,27,0,4
BRDA:177,28,0,1
BRDA:177,28,1,3
BRDA:179,29,0,0
BRDA:180,30,0,0
BRDA:180,30,1,0
BRDA:212,31,0,19
BRDA:212,31,1,1
BRDA:212,32,0,20
BRDA:212,32,1,20
BRDA:212,33,0,19
BRDA:212,33,1,1
BRDA:212,34,0,20
BRDA:212,34,1,20
BRDA:276,35,0,4
BRDA:276,35,1,16
BRDA:277,36,0,4
BRDA:277,36,1,16
BRDA:307,37,0,20
BRDA:307,37,1,18
BRDA:314,38,0,18
BRDA:314,38,1,18
BRDA:329,39,0,20
BRDA:329,39,1,20
BRDA:352,40,0,20
BRDA:352,40,1,19
BRDA:352,40,2,18
BRF:69
BRH:35
end_of_record
