{"numFailedTestSuites":1,"numFailedTests":36,"numPassedTestSuites":0,"numPassedTests":0,"numPendingTestSuites":0,"numPendingTests":0,"numRuntimeErrorTestSuites":0,"numTodoTests":0,"numTotalTestSuites":1,"numTotalTests":36,"openHandles":[],"snapshot":{"added":0,"didUpdate":false,"failure":false,"filesAdded":0,"filesRemoved":0,"filesRemovedList":[],"filesUnmatched":0,"filesUpdated":0,"matched":0,"total":0,"unchecked":0,"uncheckedKeysByFile":[],"unmatched":0,"updated":0},"startTime":1761891549006,"success":false,"testResults":[{"assertionResults":[{"ancestorTitles":["useSettingsScreen","Initial State and Data Loading"],"duration":15,"failureDetails":[{"matcherResult":{"expected":true,"message":"\u001b[2mexpect(\u001b[22m\u001b[31mreceived\u001b[39m\u001b[2m).\u001b[22mtoBe\u001b[2m(\u001b[22m\u001b[32mexpected\u001b[39m\u001b[2m) // Object.is equality\u001b[22m\n\nExpected: \u001b[32mtrue\u001b[39m\nReceived: \u001b[31mundefined\u001b[39m","name":"toBe","pass":false}}],"failureMessages":["Error: \u001b[2mexpect(\u001b[22m\u001b[31mreceived\u001b[39m\u001b[2m).\u001b[22mtoBe\u001b[2m(\u001b[22m\u001b[32mexpected\u001b[39m\u001b[2m) // Object.is equality\u001b[22m\n\nExpected: \u001b[32mtrue\u001b[39m\nReceived: \u001b[31mundefined\u001b[39m\n    at Object.toBe (/home/ben/Downloads/pets-fresh/apps/mobile/src/hooks/screens/__tests__/useSettingsScreen.test.ts:150:40)\n    at Promise.then.completed (/home/ben/Downloads/pets-fresh/node_modules/jest-circus/build/utils.js:298:28)\n    at new Promise (<anonymous>)\n    at callAsyncCircusFn (/home/ben/Downloads/pets-fresh/node_modules/jest-circus/build/utils.js:231:10)\n    at _callCircusTest (/home/ben/Downloads/pets-fresh/node_modules/jest-circus/build/run.js:316:40)\n    at processTicksAndRejections (node:internal/process/task_queues:105:5)\n    at _runTest (/home/ben/Downloads/pets-fresh/node_modules/jest-circus/build/run.js:252:3)\n    at _runTestsForDescribeBlock (/home/ben/Downloads/pets-fresh/node_modules/jest-circus/build/run.js:126:9)\n    at _runTestsForDescribeBlock (/home/ben/Downloads/pets-fresh/node_modules/jest-circus/build/run.js:121:9)\n    at _runTestsForDescribeBlock (/home/ben/Downloads/pets-fresh/node_modules/jest-circus/build/run.js:121:9)\n    at run (/home/ben/Downloads/pets-fresh/node_modules/jest-circus/build/run.js:71:3)\n    at runAndTransformResultsToJestFormat (/home/ben/Downloads/pets-fresh/node_modules/jest-circus/build/legacy-code-todo-rewrite/jestAdapterInit.js:122:21)\n    at jestAdapter (/home/ben/Downloads/pets-fresh/node_modules/jest-circus/build/legacy-code-todo-rewrite/jestAdapter.js:79:19)\n    at runTestInternal (/home/ben/Downloads/pets-fresh/node_modules/jest-runner/build/runTest.js:367:16)\n    at runTest (/home/ben/Downloads/pets-fresh/node_modules/jest-runner/build/runTest.js:444:34)"],"fullName":"useSettingsScreen Initial State and Data Loading should initialize with loading state","invocations":1,"location":null,"numPassingAsserts":0,"retryReasons":[],"status":"failed","title":"should initialize with loading state"},{"ancestorTitles":["useSettingsScreen","Initial State and Data Loading"],"duration":10001,"failureDetails":[{"matcherResult":{"expected":false,"message":"\u001b[2mexpect(\u001b[22m\u001b[31mreceived\u001b[39m\u001b[2m).\u001b[22mtoBe\u001b[2m(\u001b[22m\u001b[32mexpected\u001b[39m\u001b[2m) // Object.is equality\u001b[22m\n\nExpected: \u001b[32mfalse\u001b[39m\nReceived: \u001b[31mundefined\u001b[39m","name":"toBe","pass":false}}],"failureMessages":["Error: \u001b[2mexpect(\u001b[22m\u001b[31mreceived\u001b[39m\u001b[2m).\u001b[22mtoBe\u001b[2m(\u001b[22m\u001b[32mexpected\u001b[39m\u001b[2m) // Object.is equality\u001b[22m\n\nExpected: \u001b[32mfalse\u001b[39m\nReceived: \u001b[31mundefined\u001b[39m\n    at Object.<anonymous> (/home/ben/Downloads/pets-fresh/apps/mobile/src/hooks/screens/__tests__/useSettingsScreen.test.ts:159:20)\n    at Generator.next (<anonymous>)\n    at asyncGeneratorStep (/home/ben/Downloads/pets-fresh/node_modules/@babel/runtime/helpers/asyncToGenerator.js:3:17)\n    at _next (/home/ben/Downloads/pets-fresh/node_modules/@babel/runtime/helpers/asyncToGenerator.js:17:9)\n    at /home/ben/Downloads/pets-fresh/node_modules/@babel/runtime/helpers/asyncToGenerator.js:22:7\n    at new Promise (<anonymous>)\n    at Object.<anonymous> (/home/ben/Downloads/pets-fresh/node_modules/@babel/runtime/helpers/asyncToGenerator.js:14:12)\n    at Promise.then.completed (/home/ben/Downloads/pets-fresh/node_modules/jest-circus/build/utils.js:298:28)\n    at new Promise (<anonymous>)\n    at callAsyncCircusFn (/home/ben/Downloads/pets-fresh/node_modules/jest-circus/build/utils.js:231:10)\n    at _callCircusTest (/home/ben/Downloads/pets-fresh/node_modules/jest-circus/build/run.js:316:40)\n    at _runTest (/home/ben/Downloads/pets-fresh/node_modules/jest-circus/build/run.js:252:3)\n    at _runTestsForDescribeBlock (/home/ben/Downloads/pets-fresh/node_modules/jest-circus/build/run.js:126:9)\n    at _runTestsForDescribeBlock (/home/ben/Downloads/pets-fresh/node_modules/jest-circus/build/run.js:121:9)\n    at _runTestsForDescribeBlock (/home/ben/Downloads/pets-fresh/node_modules/jest-circus/build/run.js:121:9)\n    at run (/home/ben/Downloads/pets-fresh/node_modules/jest-circus/build/run.js:71:3)\n    at runAndTransformResultsToJestFormat (/home/ben/Downloads/pets-fresh/node_modules/jest-circus/build/legacy-code-todo-rewrite/jestAdapterInit.js:122:21)\n    at jestAdapter (/home/ben/Downloads/pets-fresh/node_modules/jest-circus/build/legacy-code-todo-rewrite/jestAdapter.js:79:19)\n    at runTestInternal (/home/ben/Downloads/pets-fresh/node_modules/jest-runner/build/runTest.js:367:16)\n    at runTest (/home/ben/Downloads/pets-fresh/node_modules/jest-runner/build/runTest.js:444:34)"],"fullName":"useSettingsScreen Initial State and Data Loading should load settings data on mount","invocations":1,"location":null,"numPassingAsserts":0,"retryReasons":[],"status":"failed","title":"should load settings data on mount"},{"ancestorTitles":["useSettingsScreen","Initial State and Data Loading"],"duration":10002,"failureDetails":[{"matcherResult":{"expected":{"user":{"id":"user123","name":"John Doe","email":"john@example.com","phone":"+1234567890","createdAt":"2024-01-01T00:00:00Z"},"privacy":{"profileVisible":true,"showDistance":true,"showAge":true,"allowMessagesFromStrangers":false,"dataSharing":{"analytics":true,"marketing":false,"thirdParty":false}},"notifications":{"push":{"matches":true,"messages":true,"likes":false,"superLikes":true,"reminders":false},"email":{"weeklyDigest":true,"matchAlerts":true,"securityAlerts":true,"marketing":false},"sms":{"securityAlerts":true,"importantUpdates":false}},"preferences":{"theme":"system","language":"en","units":"metric","maxDistance":25,"ageRange":{"min":21,"max":50},"petPreferences":{"species":["dogs","cats"],"sizes":["small","medium"],"energyLevels":["moderate","high"]}},"account":{"isPremium":false,"subscriptionStatus":"free","verificationStatus":"verified","lastLogin":"2024-01-15T10:30:00Z","loginDevices":[{"id":"device1","name":"iPhone 12","lastActive":"2024-01-15T10:30:00Z","current":true},{"id":"device2","name":"iPad Pro","lastActive":"2024-01-10T15:20:00Z","current":false}]}},"message":"\u001b[2mexpect(\u001b[22m\u001b[31mreceived\u001b[39m\u001b[2m).\u001b[22mtoEqual\u001b[2m(\u001b[22m\u001b[32mexpected\u001b[39m\u001b[2m) // deep equality\u001b[22m\n\nExpected: \u001b[32m{\"account\": {\"isPremium\": false, \"lastLogin\": \"2024-01-15T10:30:00Z\", \"loginDevices\": [{\"current\": true, \"id\": \"device1\", \"lastActive\": \"2024-01-15T10:30:00Z\", \"name\": \"iPhone 12\"}, {\"current\": false, \"id\": \"device2\", \"lastActive\": \"2024-01-10T15:20:00Z\", \"name\": \"iPad Pro\"}], \"subscriptionStatus\": \"free\", \"verificationStatus\": \"verified\"}, \"notifications\": {\"email\": {\"marketing\": false, \"matchAlerts\": true, \"securityAlerts\": true, \"weeklyDigest\": true}, \"push\": {\"likes\": false, \"matches\": true, \"messages\": true, \"reminders\": false, \"superLikes\": true}, \"sms\": {\"importantUpdates\": false, \"securityAlerts\": true}}, \"preferences\": {\"ageRange\": {\"max\": 50, \"min\": 21}, \"language\": \"en\", \"maxDistance\": 25, \"petPreferences\": {\"energyLevels\": [\"moderate\", \"high\"], \"sizes\": [\"small\", \"medium\"], \"species\": [\"dogs\", \"cats\"]}, \"theme\": \"system\", \"units\": \"metric\"}, \"privacy\": {\"allowMessagesFromStrangers\": false, \"dataSharing\": {\"analytics\": true, \"marketing\": false, \"thirdParty\": false}, \"profileVisible\": true, \"showAge\": true, \"showDistance\": true}, \"user\": {\"createdAt\": \"2024-01-01T00:00:00Z\", \"email\": \"john@example.com\", \"id\": \"user123\", \"name\": \"John Doe\", \"phone\": \"+1234567890\"}}\u001b[39m\nReceived: \u001b[31mundefined\u001b[39m","name":"toEqual","pass":false}}],"failureMessages":["Error: \u001b[2mexpect(\u001b[22m\u001b[31mreceived\u001b[39m\u001b[2m).\u001b[22mtoEqual\u001b[2m(\u001b[22m\u001b[32mexpected\u001b[39m\u001b[2m) // deep equality\u001b[22m\n\nExpected: \u001b[32m{\"account\": {\"isPremium\": false, \"lastLogin\": \"2024-01-15T10:30:00Z\", \"loginDevices\": [{\"current\": true, \"id\": \"device1\", \"lastActive\": \"2024-01-15T10:30:00Z\", \"name\": \"iPhone 12\"}, {\"current\": false, \"id\": \"device2\", \"lastActive\": \"2024-01-10T15:20:00Z\", \"name\": \"iPad Pro\"}], \"subscriptionStatus\": \"free\", \"verificationStatus\": \"verified\"}, \"notifications\": {\"email\": {\"marketing\": false, \"matchAlerts\": true, \"securityAlerts\": true, \"weeklyDigest\": true}, \"push\": {\"likes\": false, \"matches\": true, \"messages\": true, \"reminders\": false, \"superLikes\": true}, \"sms\": {\"importantUpdates\": false, \"securityAlerts\": true}}, \"preferences\": {\"ageRange\": {\"max\": 50, \"min\": 21}, \"language\": \"en\", \"maxDistance\": 25, \"petPreferences\": {\"energyLevels\": [\"moderate\", \"high\"], \"sizes\": [\"small\", \"medium\"], \"species\": [\"dogs\", \"cats\"]}, \"theme\": \"system\", \"units\": \"metric\"}, \"privacy\": {\"allowMessagesFromStrangers\": false, \"dataSharing\": {\"analytics\": true, \"marketing\": false, \"thirdParty\": false}, \"profileVisible\": true, \"showAge\": true, \"showDistance\": true}, \"user\": {\"createdAt\": \"2024-01-01T00:00:00Z\", \"email\": \"john@example.com\", \"id\": \"user123\", \"name\": \"John Doe\", \"phone\": \"+1234567890\"}}\u001b[39m\nReceived: \u001b[31mundefined\u001b[39m\n    at Object.<anonymous> (/home/ben/Downloads/pets-fresh/apps/mobile/src/hooks/screens/__tests__/useSettingsScreen.test.ts:178:20)\n    at Generator.next (<anonymous>)\n    at asyncGeneratorStep (/home/ben/Downloads/pets-fresh/node_modules/@babel/runtime/helpers/asyncToGenerator.js:3:17)\n    at _next (/home/ben/Downloads/pets-fresh/node_modules/@babel/runtime/helpers/asyncToGenerator.js:17:9)\n    at /home/ben/Downloads/pets-fresh/node_modules/@babel/runtime/helpers/asyncToGenerator.js:22:7\n    at new Promise (<anonymous>)\n    at Object.<anonymous> (/home/ben/Downloads/pets-fresh/node_modules/@babel/runtime/helpers/asyncToGenerator.js:14:12)\n    at Promise.then.completed (/home/ben/Downloads/pets-fresh/node_modules/jest-circus/build/utils.js:298:28)\n    at new Promise (<anonymous>)\n    at callAsyncCircusFn (/home/ben/Downloads/pets-fresh/node_modules/jest-circus/build/utils.js:231:10)\n    at _callCircusTest (/home/ben/Downloads/pets-fresh/node_modules/jest-circus/build/run.js:316:40)\n    at _runTest (/home/ben/Downloads/pets-fresh/node_modules/jest-circus/build/run.js:252:3)\n    at _runTestsForDescribeBlock (/home/ben/Downloads/pets-fresh/node_modules/jest-circus/build/run.js:126:9)\n    at _runTestsForDescribeBlock (/home/ben/Downloads/pets-fresh/node_modules/jest-circus/build/run.js:121:9)\n    at _runTestsForDescribeBlock (/home/ben/Downloads/pets-fresh/node_modules/jest-circus/build/run.js:121:9)\n    at run (/home/ben/Downloads/pets-fresh/node_modules/jest-circus/build/run.js:71:3)\n    at runAndTransformResultsToJestFormat (/home/ben/Downloads/pets-fresh/node_modules/jest-circus/build/legacy-code-todo-rewrite/jestAdapterInit.js:122:21)\n    at jestAdapter (/home/ben/Downloads/pets-fresh/node_modules/jest-circus/build/legacy-code-todo-rewrite/jestAdapter.js:79:19)\n    at runTestInternal (/home/ben/Downloads/pets-fresh/node_modules/jest-runner/build/runTest.js:367:16)\n    at runTest (/home/ben/Downloads/pets-fresh/node_modules/jest-runner/build/runTest.js:444:34)"],"fullName":"useSettingsScreen Initial State and Data Loading should load cached data when available","invocations":1,"location":null,"numPassingAsserts":0,"retryReasons":[],"status":"failed","title":"should load cached data when available"},{"ancestorTitles":["useSettingsScreen","Initial State and Data Loading"],"duration":10002,"failureDetails":[{"matcherResult":{"expected":false,"message":"\u001b[2mexpect(\u001b[22m\u001b[31mreceived\u001b[39m\u001b[2m).\u001b[22mtoBe\u001b[2m(\u001b[22m\u001b[32mexpected\u001b[39m\u001b[2m) // Object.is equality\u001b[22m\n\nExpected: \u001b[32mfalse\u001b[39m\nReceived: \u001b[31mundefined\u001b[39m","name":"toBe","pass":false}}],"failureMessages":["Error: \u001b[2mexpect(\u001b[22m\u001b[31mreceived\u001b[39m\u001b[2m).\u001b[22mtoBe\u001b[2m(\u001b[22m\u001b[32mexpected\u001b[39m\u001b[2m) // Object.is equality\u001b[22m\n\nExpected: \u001b[32mfalse\u001b[39m\nReceived: \u001b[31mundefined\u001b[39m\n    at Object.<anonymous> (/home/ben/Downloads/pets-fresh/apps/mobile/src/hooks/screens/__tests__/useSettingsScreen.test.ts:191:20)\n    at Generator.next (<anonymous>)\n    at asyncGeneratorStep (/home/ben/Downloads/pets-fresh/node_modules/@babel/runtime/helpers/asyncToGenerator.js:3:17)\n    at _next (/home/ben/Downloads/pets-fresh/node_modules/@babel/runtime/helpers/asyncToGenerator.js:17:9)\n    at /home/ben/Downloads/pets-fresh/node_modules/@babel/runtime/helpers/asyncToGenerator.js:22:7\n    at new Promise (<anonymous>)\n    at Object.<anonymous> (/home/ben/Downloads/pets-fresh/node_modules/@babel/runtime/helpers/asyncToGenerator.js:14:12)\n    at Promise.then.completed (/home/ben/Downloads/pets-fresh/node_modules/jest-circus/build/utils.js:298:28)\n    at new Promise (<anonymous>)\n    at callAsyncCircusFn (/home/ben/Downloads/pets-fresh/node_modules/jest-circus/build/utils.js:231:10)\n    at _callCircusTest (/home/ben/Downloads/pets-fresh/node_modules/jest-circus/build/run.js:316:40)\n    at _runTest (/home/ben/Downloads/pets-fresh/node_modules/jest-circus/build/run.js:252:3)\n    at _runTestsForDescribeBlock (/home/ben/Downloads/pets-fresh/node_modules/jest-circus/build/run.js:126:9)\n    at _runTestsForDescribeBlock (/home/ben/Downloads/pets-fresh/node_modules/jest-circus/build/run.js:121:9)\n    at _runTestsForDescribeBlock (/home/ben/Downloads/pets-fresh/node_modules/jest-circus/build/run.js:121:9)\n    at run (/home/ben/Downloads/pets-fresh/node_modules/jest-circus/build/run.js:71:3)\n    at runAndTransformResultsToJestFormat (/home/ben/Downloads/pets-fresh/node_modules/jest-circus/build/legacy-code-todo-rewrite/jestAdapterInit.js:122:21)\n    at jestAdapter (/home/ben/Downloads/pets-fresh/node_modules/jest-circus/build/legacy-code-todo-rewrite/jestAdapter.js:79:19)\n    at runTestInternal (/home/ben/Downloads/pets-fresh/node_modules/jest-runner/build/runTest.js:367:16)\n    at runTest (/home/ben/Downloads/pets-fresh/node_modules/jest-runner/build/runTest.js:444:34)"],"fullName":"useSettingsScreen Initial State and Data Loading should handle loading errors","invocations":1,"location":null,"numPassingAsserts":0,"retryReasons":[],"status":"failed","title":"should handle loading errors"},{"ancestorTitles":["useSettingsScreen","Privacy Settings"],"duration":10001,"failureDetails":[{"matcherResult":{"expected":false,"message":"\u001b[2mexpect(\u001b[22m\u001b[31mreceived\u001b[39m\u001b[2m).\u001b[22mtoBe\u001b[2m(\u001b[22m\u001b[32mexpected\u001b[39m\u001b[2m) // Object.is equality\u001b[22m\n\nExpected: \u001b[32mfalse\u001b[39m\nReceived: \u001b[31mundefined\u001b[39m","name":"toBe","pass":false}}],"failureMessages":["Error: \u001b[2mexpect(\u001b[22m\u001b[31mreceived\u001b[39m\u001b[2m).\u001b[22mtoBe\u001b[2m(\u001b[22m\u001b[32mexpected\u001b[39m\u001b[2m) // Object.is equality\u001b[22m\n\nExpected: \u001b[32mfalse\u001b[39m\nReceived: \u001b[31mundefined\u001b[39m\n    at Object.<anonymous> (/home/ben/Downloads/pets-fresh/apps/mobile/src/hooks/screens/__tests__/useSettingsScreen.test.ts:204:20)\n    at Generator.next (<anonymous>)\n    at asyncGeneratorStep (/home/ben/Downloads/pets-fresh/node_modules/@babel/runtime/helpers/asyncToGenerator.js:3:17)\n    at _next (/home/ben/Downloads/pets-fresh/node_modules/@babel/runtime/helpers/asyncToGenerator.js:17:9)\n    at /home/ben/Downloads/pets-fresh/node_modules/@babel/runtime/helpers/asyncToGenerator.js:22:7\n    at new Promise (<anonymous>)\n    at Object.<anonymous> (/home/ben/Downloads/pets-fresh/node_modules/@babel/runtime/helpers/asyncToGenerator.js:14:12)\n    at Promise.then.completed (/home/ben/Downloads/pets-fresh/node_modules/jest-circus/build/utils.js:298:28)\n    at new Promise (<anonymous>)\n    at callAsyncCircusFn (/home/ben/Downloads/pets-fresh/node_modules/jest-circus/build/utils.js:231:10)\n    at _callCircusTest (/home/ben/Downloads/pets-fresh/node_modules/jest-circus/build/run.js:316:40)\n    at _runTest (/home/ben/Downloads/pets-fresh/node_modules/jest-circus/build/run.js:252:3)\n    at _runTestsForDescribeBlock (/home/ben/Downloads/pets-fresh/node_modules/jest-circus/build/run.js:126:9)\n    at _runTestsForDescribeBlock (/home/ben/Downloads/pets-fresh/node_modules/jest-circus/build/run.js:121:9)\n    at _runTestsForDescribeBlock (/home/ben/Downloads/pets-fresh/node_modules/jest-circus/build/run.js:121:9)\n    at run (/home/ben/Downloads/pets-fresh/node_modules/jest-circus/build/run.js:71:3)\n    at runAndTransformResultsToJestFormat (/home/ben/Downloads/pets-fresh/node_modules/jest-circus/build/legacy-code-todo-rewrite/jestAdapterInit.js:122:21)\n    at jestAdapter (/home/ben/Downloads/pets-fresh/node_modules/jest-circus/build/legacy-code-todo-rewrite/jestAdapter.js:79:19)\n    at runTestInternal (/home/ben/Downloads/pets-fresh/node_modules/jest-runner/build/runTest.js:367:16)\n    at runTest (/home/ben/Downloads/pets-fresh/node_modules/jest-runner/build/runTest.js:444:34)"],"fullName":"useSettingsScreen Privacy Settings should update privacy settings successfully","invocations":1,"location":null,"numPassingAsserts":0,"retryReasons":[],"status":"failed","title":"should update privacy settings successfully"},{"ancestorTitles":["useSettingsScreen","Privacy Settings"],"duration":10002,"failureDetails":[{"matcherResult":{"expected":false,"message":"\u001b[2mexpect(\u001b[22m\u001b[31mreceived\u001b[39m\u001b[2m).\u001b[22mtoBe\u001b[2m(\u001b[22m\u001b[32mexpected\u001b[39m\u001b[2m) // Object.is equality\u001b[22m\n\nExpected: \u001b[32mfalse\u001b[39m\nReceived: \u001b[31mundefined\u001b[39m","name":"toBe","pass":false}}],"failureMessages":["Error: \u001b[2mexpect(\u001b[22m\u001b[31mreceived\u001b[39m\u001b[2m).\u001b[22mtoBe\u001b[2m(\u001b[22m\u001b[32mexpected\u001b[39m\u001b[2m) // Object.is equality\u001b[22m\n\nExpected: \u001b[32mfalse\u001b[39m\nReceived: \u001b[31mundefined\u001b[39m\n    at Object.<anonymous> (/home/ben/Downloads/pets-fresh/apps/mobile/src/hooks/screens/__tests__/useSettingsScreen.test.ts:233:20)\n    at Generator.next (<anonymous>)\n    at asyncGeneratorStep (/home/ben/Downloads/pets-fresh/node_modules/@babel/runtime/helpers/asyncToGenerator.js:3:17)\n    at _next (/home/ben/Downloads/pets-fresh/node_modules/@babel/runtime/helpers/asyncToGenerator.js:17:9)\n    at /home/ben/Downloads/pets-fresh/node_modules/@babel/runtime/helpers/asyncToGenerator.js:22:7\n    at new Promise (<anonymous>)\n    at Object.<anonymous> (/home/ben/Downloads/pets-fresh/node_modules/@babel/runtime/helpers/asyncToGenerator.js:14:12)\n    at Promise.then.completed (/home/ben/Downloads/pets-fresh/node_modules/jest-circus/build/utils.js:298:28)\n    at new Promise (<anonymous>)\n    at callAsyncCircusFn (/home/ben/Downloads/pets-fresh/node_modules/jest-circus/build/utils.js:231:10)\n    at _callCircusTest (/home/ben/Downloads/pets-fresh/node_modules/jest-circus/build/run.js:316:40)\n    at _runTest (/home/ben/Downloads/pets-fresh/node_modules/jest-circus/build/run.js:252:3)\n    at _runTestsForDescribeBlock (/home/ben/Downloads/pets-fresh/node_modules/jest-circus/build/run.js:126:9)\n    at _runTestsForDescribeBlock (/home/ben/Downloads/pets-fresh/node_modules/jest-circus/build/run.js:121:9)\n    at _runTestsForDescribeBlock (/home/ben/Downloads/pets-fresh/node_modules/jest-circus/build/run.js:121:9)\n    at run (/home/ben/Downloads/pets-fresh/node_modules/jest-circus/build/run.js:71:3)\n    at runAndTransformResultsToJestFormat (/home/ben/Downloads/pets-fresh/node_modules/jest-circus/build/legacy-code-todo-rewrite/jestAdapterInit.js:122:21)\n    at jestAdapter (/home/ben/Downloads/pets-fresh/node_modules/jest-circus/build/legacy-code-todo-rewrite/jestAdapter.js:79:19)\n    at runTestInternal (/home/ben/Downloads/pets-fresh/node_modules/jest-runner/build/runTest.js:367:16)\n    at runTest (/home/ben/Downloads/pets-fresh/node_modules/jest-runner/build/runTest.js:444:34)"],"fullName":"useSettingsScreen Privacy Settings should toggle individual privacy settings","invocations":1,"location":null,"numPassingAsserts":0,"retryReasons":[],"status":"failed","title":"should toggle individual privacy settings"},{"ancestorTitles":["useSettingsScreen","Notification Settings"],"duration":10001,"failureDetails":[{"matcherResult":{"expected":false,"message":"\u001b[2mexpect(\u001b[22m\u001b[31mreceived\u001b[39m\u001b[2m).\u001b[22mtoBe\u001b[2m(\u001b[22m\u001b[32mexpected\u001b[39m\u001b[2m) // Object.is equality\u001b[22m\n\nExpected: \u001b[32mfalse\u001b[39m\nReceived: \u001b[31mundefined\u001b[39m","name":"toBe","pass":false}}],"failureMessages":["Error: \u001b[2mexpect(\u001b[22m\u001b[31mreceived\u001b[39m\u001b[2m).\u001b[22mtoBe\u001b[2m(\u001b[22m\u001b[32mexpected\u001b[39m\u001b[2m) // Object.is equality\u001b[22m\n\nExpected: \u001b[32mfalse\u001b[39m\nReceived: \u001b[31mundefined\u001b[39m\n    at Object.<anonymous> (/home/ben/Downloads/pets-fresh/apps/mobile/src/hooks/screens/__tests__/useSettingsScreen.test.ts:257:20)\n    at Generator.next (<anonymous>)\n    at asyncGeneratorStep (/home/ben/Downloads/pets-fresh/node_modules/@babel/runtime/helpers/asyncToGenerator.js:3:17)\n    at _next (/home/ben/Downloads/pets-fresh/node_modules/@babel/runtime/helpers/asyncToGenerator.js:17:9)\n    at /home/ben/Downloads/pets-fresh/node_modules/@babel/runtime/helpers/asyncToGenerator.js:22:7\n    at new Promise (<anonymous>)\n    at Object.<anonymous> (/home/ben/Downloads/pets-fresh/node_modules/@babel/runtime/helpers/asyncToGenerator.js:14:12)\n    at Promise.then.completed (/home/ben/Downloads/pets-fresh/node_modules/jest-circus/build/utils.js:298:28)\n    at new Promise (<anonymous>)\n    at callAsyncCircusFn (/home/ben/Downloads/pets-fresh/node_modules/jest-circus/build/utils.js:231:10)\n    at _callCircusTest (/home/ben/Downloads/pets-fresh/node_modules/jest-circus/build/run.js:316:40)\n    at _runTest (/home/ben/Downloads/pets-fresh/node_modules/jest-circus/build/run.js:252:3)\n    at _runTestsForDescribeBlock (/home/ben/Downloads/pets-fresh/node_modules/jest-circus/build/run.js:126:9)\n    at _runTestsForDescribeBlock (/home/ben/Downloads/pets-fresh/node_modules/jest-circus/build/run.js:121:9)\n    at _runTestsForDescribeBlock (/home/ben/Downloads/pets-fresh/node_modules/jest-circus/build/run.js:121:9)\n    at run (/home/ben/Downloads/pets-fresh/node_modules/jest-circus/build/run.js:71:3)\n    at runAndTransformResultsToJestFormat (/home/ben/Downloads/pets-fresh/node_modules/jest-circus/build/legacy-code-todo-rewrite/jestAdapterInit.js:122:21)\n    at jestAdapter (/home/ben/Downloads/pets-fresh/node_modules/jest-circus/build/legacy-code-todo-rewrite/jestAdapter.js:79:19)\n    at runTestInternal (/home/ben/Downloads/pets-fresh/node_modules/jest-runner/build/runTest.js:367:16)\n    at runTest (/home/ben/Downloads/pets-fresh/node_modules/jest-runner/build/runTest.js:444:34)"],"fullName":"useSettingsScreen Notification Settings should update push notification settings","invocations":1,"location":null,"numPassingAsserts":0,"retryReasons":[],"status":"failed","title":"should update push notification settings"},{"ancestorTitles":["useSettingsScreen","Notification Settings"],"duration":10001,"failureDetails":[{"matcherResult":{"expected":false,"message":"\u001b[2mexpect(\u001b[22m\u001b[31mreceived\u001b[39m\u001b[2m).\u001b[22mtoBe\u001b[2m(\u001b[22m\u001b[32mexpected\u001b[39m\u001b[2m) // Object.is equality\u001b[22m\n\nExpected: \u001b[32mfalse\u001b[39m\nReceived: \u001b[31mundefined\u001b[39m","name":"toBe","pass":false}}],"failureMessages":["Error: \u001b[2mexpect(\u001b[22m\u001b[31mreceived\u001b[39m\u001b[2m).\u001b[22mtoBe\u001b[2m(\u001b[22m\u001b[32mexpected\u001b[39m\u001b[2m) // Object.is equality\u001b[22m\n\nExpected: \u001b[32mfalse\u001b[39m\nReceived: \u001b[31mundefined\u001b[39m\n    at Object.<anonymous> (/home/ben/Downloads/pets-fresh/apps/mobile/src/hooks/screens/__tests__/useSettingsScreen.test.ts:282:20)\n    at Generator.next (<anonymous>)\n    at asyncGeneratorStep (/home/ben/Downloads/pets-fresh/node_modules/@babel/runtime/helpers/asyncToGenerator.js:3:17)\n    at _next (/home/ben/Downloads/pets-fresh/node_modules/@babel/runtime/helpers/asyncToGenerator.js:17:9)\n    at /home/ben/Downloads/pets-fresh/node_modules/@babel/runtime/helpers/asyncToGenerator.js:22:7\n    at new Promise (<anonymous>)\n    at Object.<anonymous> (/home/ben/Downloads/pets-fresh/node_modules/@babel/runtime/helpers/asyncToGenerator.js:14:12)\n    at Promise.then.completed (/home/ben/Downloads/pets-fresh/node_modules/jest-circus/build/utils.js:298:28)\n    at new Promise (<anonymous>)\n    at callAsyncCircusFn (/home/ben/Downloads/pets-fresh/node_modules/jest-circus/build/utils.js:231:10)\n    at _callCircusTest (/home/ben/Downloads/pets-fresh/node_modules/jest-circus/build/run.js:316:40)\n    at _runTest (/home/ben/Downloads/pets-fresh/node_modules/jest-circus/build/run.js:252:3)\n    at _runTestsForDescribeBlock (/home/ben/Downloads/pets-fresh/node_modules/jest-circus/build/run.js:126:9)\n    at _runTestsForDescribeBlock (/home/ben/Downloads/pets-fresh/node_modules/jest-circus/build/run.js:121:9)\n    at _runTestsForDescribeBlock (/home/ben/Downloads/pets-fresh/node_modules/jest-circus/build/run.js:121:9)\n    at run (/home/ben/Downloads/pets-fresh/node_modules/jest-circus/build/run.js:71:3)\n    at runAndTransformResultsToJestFormat (/home/ben/Downloads/pets-fresh/node_modules/jest-circus/build/legacy-code-todo-rewrite/jestAdapterInit.js:122:21)\n    at jestAdapter (/home/ben/Downloads/pets-fresh/node_modules/jest-circus/build/legacy-code-todo-rewrite/jestAdapter.js:79:19)\n    at runTestInternal (/home/ben/Downloads/pets-fresh/node_modules/jest-runner/build/runTest.js:367:16)\n    at runTest (/home/ben/Downloads/pets-fresh/node_modules/jest-runner/build/runTest.js:444:34)"],"fullName":"useSettingsScreen Notification Settings should update email notification settings","invocations":1,"location":null,"numPassingAsserts":0,"retryReasons":[],"status":"failed","title":"should update email notification settings"},{"ancestorTitles":["useSettingsScreen","Notification Settings"],"duration":10001,"failureDetails":[{"matcherResult":{"expected":false,"message":"\u001b[2mexpect(\u001b[22m\u001b[31mreceived\u001b[39m\u001b[2m).\u001b[22mtoBe\u001b[2m(\u001b[22m\u001b[32mexpected\u001b[39m\u001b[2m) // Object.is equality\u001b[22m\n\nExpected: \u001b[32mfalse\u001b[39m\nReceived: \u001b[31mundefined\u001b[39m","name":"toBe","pass":false}}],"failureMessages":["Error: \u001b[2mexpect(\u001b[22m\u001b[31mreceived\u001b[39m\u001b[2m).\u001b[22mtoBe\u001b[2m(\u001b[22m\u001b[32mexpected\u001b[39m\u001b[2m) // Object.is equality\u001b[22m\n\nExpected: \u001b[32mfalse\u001b[39m\nReceived: \u001b[31mundefined\u001b[39m\n    at Object.<anonymous> (/home/ben/Downloads/pets-fresh/apps/mobile/src/hooks/screens/__tests__/useSettingsScreen.test.ts:306:20)\n    at Generator.next (<anonymous>)\n    at asyncGeneratorStep (/home/ben/Downloads/pets-fresh/node_modules/@babel/runtime/helpers/asyncToGenerator.js:3:17)\n    at _next (/home/ben/Downloads/pets-fresh/node_modules/@babel/runtime/helpers/asyncToGenerator.js:17:9)\n    at /home/ben/Downloads/pets-fresh/node_modules/@babel/runtime/helpers/asyncToGenerator.js:22:7\n    at new Promise (<anonymous>)\n    at Object.<anonymous> (/home/ben/Downloads/pets-fresh/node_modules/@babel/runtime/helpers/asyncToGenerator.js:14:12)\n    at Promise.then.completed (/home/ben/Downloads/pets-fresh/node_modules/jest-circus/build/utils.js:298:28)\n    at new Promise (<anonymous>)\n    at callAsyncCircusFn (/home/ben/Downloads/pets-fresh/node_modules/jest-circus/build/utils.js:231:10)\n    at _callCircusTest (/home/ben/Downloads/pets-fresh/node_modules/jest-circus/build/run.js:316:40)\n    at _runTest (/home/ben/Downloads/pets-fresh/node_modules/jest-circus/build/run.js:252:3)\n    at _runTestsForDescribeBlock (/home/ben/Downloads/pets-fresh/node_modules/jest-circus/build/run.js:126:9)\n    at _runTestsForDescribeBlock (/home/ben/Downloads/pets-fresh/node_modules/jest-circus/build/run.js:121:9)\n    at _runTestsForDescribeBlock (/home/ben/Downloads/pets-fresh/node_modules/jest-circus/build/run.js:121:9)\n    at run (/home/ben/Downloads/pets-fresh/node_modules/jest-circus/build/run.js:71:3)\n    at runAndTransformResultsToJestFormat (/home/ben/Downloads/pets-fresh/node_modules/jest-circus/build/legacy-code-todo-rewrite/jestAdapterInit.js:122:21)\n    at jestAdapter (/home/ben/Downloads/pets-fresh/node_modules/jest-circus/build/legacy-code-todo-rewrite/jestAdapter.js:79:19)\n    at runTestInternal (/home/ben/Downloads/pets-fresh/node_modules/jest-runner/build/runTest.js:367:16)\n    at runTest (/home/ben/Downloads/pets-fresh/node_modules/jest-runner/build/runTest.js:444:34)"],"fullName":"useSettingsScreen Notification Settings should toggle individual notification settings","invocations":1,"location":null,"numPassingAsserts":0,"retryReasons":[],"status":"failed","title":"should toggle individual notification settings"},{"ancestorTitles":["useSettingsScreen","App Preferences"],"duration":10003,"failureDetails":[{"matcherResult":{"expected":false,"message":"\u001b[2mexpect(\u001b[22m\u001b[31mreceived\u001b[39m\u001b[2m).\u001b[22mtoBe\u001b[2m(\u001b[22m\u001b[32mexpected\u001b[39m\u001b[2m) // Object.is equality\u001b[22m\n\nExpected: \u001b[32mfalse\u001b[39m\nReceived: \u001b[31mundefined\u001b[39m","name":"toBe","pass":false}}],"failureMessages":["Error: \u001b[2mexpect(\u001b[22m\u001b[31mreceived\u001b[39m\u001b[2m).\u001b[22mtoBe\u001b[2m(\u001b[22m\u001b[32mexpected\u001b[39m\u001b[2m) // Object.is equality\u001b[22m\n\nExpected: \u001b[32mfalse\u001b[39m\nReceived: \u001b[31mundefined\u001b[39m\n    at Object.<anonymous> (/home/ben/Downloads/pets-fresh/apps/mobile/src/hooks/screens/__tests__/useSettingsScreen.test.ts:324:20)\n    at Generator.next (<anonymous>)\n    at asyncGeneratorStep (/home/ben/Downloads/pets-fresh/node_modules/@babel/runtime/helpers/asyncToGenerator.js:3:17)\n    at _next (/home/ben/Downloads/pets-fresh/node_modules/@babel/runtime/helpers/asyncToGenerator.js:17:9)\n    at /home/ben/Downloads/pets-fresh/node_modules/@babel/runtime/helpers/asyncToGenerator.js:22:7\n    at new Promise (<anonymous>)\n    at Object.<anonymous> (/home/ben/Downloads/pets-fresh/node_modules/@babel/runtime/helpers/asyncToGenerator.js:14:12)\n    at Promise.then.completed (/home/ben/Downloads/pets-fresh/node_modules/jest-circus/build/utils.js:298:28)\n    at new Promise (<anonymous>)\n    at callAsyncCircusFn (/home/ben/Downloads/pets-fresh/node_modules/jest-circus/build/utils.js:231:10)\n    at _callCircusTest (/home/ben/Downloads/pets-fresh/node_modules/jest-circus/build/run.js:316:40)\n    at _runTest (/home/ben/Downloads/pets-fresh/node_modules/jest-circus/build/run.js:252:3)\n    at _runTestsForDescribeBlock (/home/ben/Downloads/pets-fresh/node_modules/jest-circus/build/run.js:126:9)\n    at _runTestsForDescribeBlock (/home/ben/Downloads/pets-fresh/node_modules/jest-circus/build/run.js:121:9)\n    at _runTestsForDescribeBlock (/home/ben/Downloads/pets-fresh/node_modules/jest-circus/build/run.js:121:9)\n    at run (/home/ben/Downloads/pets-fresh/node_modules/jest-circus/build/run.js:71:3)\n    at runAndTransformResultsToJestFormat (/home/ben/Downloads/pets-fresh/node_modules/jest-circus/build/legacy-code-todo-rewrite/jestAdapterInit.js:122:21)\n    at jestAdapter (/home/ben/Downloads/pets-fresh/node_modules/jest-circus/build/legacy-code-todo-rewrite/jestAdapter.js:79:19)\n    at runTestInternal (/home/ben/Downloads/pets-fresh/node_modules/jest-runner/build/runTest.js:367:16)\n    at runTest (/home/ben/Downloads/pets-fresh/node_modules/jest-runner/build/runTest.js:444:34)"],"fullName":"useSettingsScreen App Preferences should update app preferences","invocations":1,"location":null,"numPassingAsserts":0,"retryReasons":[],"status":"failed","title":"should update app preferences"},{"ancestorTitles":["useSettingsScreen","App Preferences"],"duration":10001,"failureDetails":[{"matcherResult":{"expected":false,"message":"\u001b[2mexpect(\u001b[22m\u001b[31mreceived\u001b[39m\u001b[2m).\u001b[22mtoBe\u001b[2m(\u001b[22m\u001b[32mexpected\u001b[39m\u001b[2m) // Object.is equality\u001b[22m\n\nExpected: \u001b[32mfalse\u001b[39m\nReceived: \u001b[31mundefined\u001b[39m","name":"toBe","pass":false}}],"failureMessages":["Error: \u001b[2mexpect(\u001b[22m\u001b[31mreceived\u001b[39m\u001b[2m).\u001b[22mtoBe\u001b[2m(\u001b[22m\u001b[32mexpected\u001b[39m\u001b[2m) // Object.is equality\u001b[22m\n\nExpected: \u001b[32mfalse\u001b[39m\nReceived: \u001b[31mundefined\u001b[39m\n    at Object.<anonymous> (/home/ben/Downloads/pets-fresh/apps/mobile/src/hooks/screens/__tests__/useSettingsScreen.test.ts:354:20)\n    at Generator.next (<anonymous>)\n    at asyncGeneratorStep (/home/ben/Downloads/pets-fresh/node_modules/@babel/runtime/helpers/asyncToGenerator.js:3:17)\n    at _next (/home/ben/Downloads/pets-fresh/node_modules/@babel/runtime/helpers/asyncToGenerator.js:17:9)\n    at /home/ben/Downloads/pets-fresh/node_modules/@babel/runtime/helpers/asyncToGenerator.js:22:7\n    at new Promise (<anonymous>)\n    at Object.<anonymous> (/home/ben/Downloads/pets-fresh/node_modules/@babel/runtime/helpers/asyncToGenerator.js:14:12)\n    at Promise.then.completed (/home/ben/Downloads/pets-fresh/node_modules/jest-circus/build/utils.js:298:28)\n    at new Promise (<anonymous>)\n    at callAsyncCircusFn (/home/ben/Downloads/pets-fresh/node_modules/jest-circus/build/utils.js:231:10)\n    at _callCircusTest (/home/ben/Downloads/pets-fresh/node_modules/jest-circus/build/run.js:316:40)\n    at _runTest (/home/ben/Downloads/pets-fresh/node_modules/jest-circus/build/run.js:252:3)\n    at _runTestsForDescribeBlock (/home/ben/Downloads/pets-fresh/node_modules/jest-circus/build/run.js:126:9)\n    at _runTestsForDescribeBlock (/home/ben/Downloads/pets-fresh/node_modules/jest-circus/build/run.js:121:9)\n    at _runTestsForDescribeBlock (/home/ben/Downloads/pets-fresh/node_modules/jest-circus/build/run.js:121:9)\n    at run (/home/ben/Downloads/pets-fresh/node_modules/jest-circus/build/run.js:71:3)\n    at runAndTransformResultsToJestFormat (/home/ben/Downloads/pets-fresh/node_modules/jest-circus/build/legacy-code-todo-rewrite/jestAdapterInit.js:122:21)\n    at jestAdapter (/home/ben/Downloads/pets-fresh/node_modules/jest-circus/build/legacy-code-todo-rewrite/jestAdapter.js:79:19)\n    at runTestInternal (/home/ben/Downloads/pets-fresh/node_modules/jest-runner/build/runTest.js:367:16)\n    at runTest (/home/ben/Downloads/pets-fresh/node_modules/jest-runner/build/runTest.js:444:34)"],"fullName":"useSettingsScreen App Preferences should update individual preference settings","invocations":1,"location":null,"numPassingAsserts":0,"retryReasons":[],"status":"failed","title":"should update individual preference settings"},{"ancestorTitles":["useSettingsScreen","Account Management"],"duration":10001,"failureDetails":[{"matcherResult":{"expected":false,"message":"\u001b[2mexpect(\u001b[22m\u001b[31mreceived\u001b[39m\u001b[2m).\u001b[22mtoBe\u001b[2m(\u001b[22m\u001b[32mexpected\u001b[39m\u001b[2m) // Object.is equality\u001b[22m\n\nExpected: \u001b[32mfalse\u001b[39m\nReceived: \u001b[31mundefined\u001b[39m","name":"toBe","pass":false}}],"failureMessages":["Error: \u001b[2mexpect(\u001b[22m\u001b[31mreceived\u001b[39m\u001b[2m).\u001b[22mtoBe\u001b[2m(\u001b[22m\u001b[32mexpected\u001b[39m\u001b[2m) // Object.is equality\u001b[22m\n\nExpected: \u001b[32mfalse\u001b[39m\nReceived: \u001b[31mundefined\u001b[39m\n    at Object.<anonymous> (/home/ben/Downloads/pets-fresh/apps/mobile/src/hooks/screens/__tests__/useSettingsScreen.test.ts:378:20)\n    at Generator.next (<anonymous>)\n    at asyncGeneratorStep (/home/ben/Downloads/pets-fresh/node_modules/@babel/runtime/helpers/asyncToGenerator.js:3:17)\n    at _next (/home/ben/Downloads/pets-fresh/node_modules/@babel/runtime/helpers/asyncToGenerator.js:17:9)\n    at /home/ben/Downloads/pets-fresh/node_modules/@babel/runtime/helpers/asyncToGenerator.js:22:7\n    at new Promise (<anonymous>)\n    at Object.<anonymous> (/home/ben/Downloads/pets-fresh/node_modules/@babel/runtime/helpers/asyncToGenerator.js:14:12)\n    at Promise.then.completed (/home/ben/Downloads/pets-fresh/node_modules/jest-circus/build/utils.js:298:28)\n    at new Promise (<anonymous>)\n    at callAsyncCircusFn (/home/ben/Downloads/pets-fresh/node_modules/jest-circus/build/utils.js:231:10)\n    at _callCircusTest (/home/ben/Downloads/pets-fresh/node_modules/jest-circus/build/run.js:316:40)\n    at _runTest (/home/ben/Downloads/pets-fresh/node_modules/jest-circus/build/run.js:252:3)\n    at _runTestsForDescribeBlock (/home/ben/Downloads/pets-fresh/node_modules/jest-circus/build/run.js:126:9)\n    at _runTestsForDescribeBlock (/home/ben/Downloads/pets-fresh/node_modules/jest-circus/build/run.js:121:9)\n    at _runTestsForDescribeBlock (/home/ben/Downloads/pets-fresh/node_modules/jest-circus/build/run.js:121:9)\n    at run (/home/ben/Downloads/pets-fresh/node_modules/jest-circus/build/run.js:71:3)\n    at runAndTransformResultsToJestFormat (/home/ben/Downloads/pets-fresh/node_modules/jest-circus/build/legacy-code-todo-rewrite/jestAdapterInit.js:122:21)\n    at jestAdapter (/home/ben/Downloads/pets-fresh/node_modules/jest-circus/build/legacy-code-todo-rewrite/jestAdapter.js:79:19)\n    at runTestInternal (/home/ben/Downloads/pets-fresh/node_modules/jest-runner/build/runTest.js:367:16)\n    at runTest (/home/ben/Downloads/pets-fresh/node_modules/jest-runner/build/runTest.js:444:34)"],"fullName":"useSettingsScreen Account Management should handle account deletion request","invocations":1,"location":null,"numPassingAsserts":0,"retryReasons":[],"status":"failed","title":"should handle account deletion request"},{"ancestorTitles":["useSettingsScreen","Account Management"],"duration":10001,"failureDetails":[{"matcherResult":{"expected":false,"message":"\u001b[2mexpect(\u001b[22m\u001b[31mreceived\u001b[39m\u001b[2m).\u001b[22mtoBe\u001b[2m(\u001b[22m\u001b[32mexpected\u001b[39m\u001b[2m) // Object.is equality\u001b[22m\n\nExpected: \u001b[32mfalse\u001b[39m\nReceived: \u001b[31mundefined\u001b[39m","name":"toBe","pass":false}}],"failureMessages":["Error: \u001b[2mexpect(\u001b[22m\u001b[31mreceived\u001b[39m\u001b[2m).\u001b[22mtoBe\u001b[2m(\u001b[22m\u001b[32mexpected\u001b[39m\u001b[2m) // Object.is equality\u001b[22m\n\nExpected: \u001b[32mfalse\u001b[39m\nReceived: \u001b[31mundefined\u001b[39m\n    at Object.<anonymous> (/home/ben/Downloads/pets-fresh/apps/mobile/src/hooks/screens/__tests__/useSettingsScreen.test.ts:403:20)\n    at Generator.next (<anonymous>)\n    at asyncGeneratorStep (/home/ben/Downloads/pets-fresh/node_modules/@babel/runtime/helpers/asyncToGenerator.js:3:17)\n    at _next (/home/ben/Downloads/pets-fresh/node_modules/@babel/runtime/helpers/asyncToGenerator.js:17:9)\n    at /home/ben/Downloads/pets-fresh/node_modules/@babel/runtime/helpers/asyncToGenerator.js:22:7\n    at new Promise (<anonymous>)\n    at Object.<anonymous> (/home/ben/Downloads/pets-fresh/node_modules/@babel/runtime/helpers/asyncToGenerator.js:14:12)\n    at Promise.then.completed (/home/ben/Downloads/pets-fresh/node_modules/jest-circus/build/utils.js:298:28)\n    at new Promise (<anonymous>)\n    at callAsyncCircusFn (/home/ben/Downloads/pets-fresh/node_modules/jest-circus/build/utils.js:231:10)\n    at _callCircusTest (/home/ben/Downloads/pets-fresh/node_modules/jest-circus/build/run.js:316:40)\n    at _runTest (/home/ben/Downloads/pets-fresh/node_modules/jest-circus/build/run.js:252:3)\n    at _runTestsForDescribeBlock (/home/ben/Downloads/pets-fresh/node_modules/jest-circus/build/run.js:126:9)\n    at _runTestsForDescribeBlock (/home/ben/Downloads/pets-fresh/node_modules/jest-circus/build/run.js:121:9)\n    at _runTestsForDescribeBlock (/home/ben/Downloads/pets-fresh/node_modules/jest-circus/build/run.js:121:9)\n    at run (/home/ben/Downloads/pets-fresh/node_modules/jest-circus/build/run.js:71:3)\n    at runAndTransformResultsToJestFormat (/home/ben/Downloads/pets-fresh/node_modules/jest-circus/build/legacy-code-todo-rewrite/jestAdapterInit.js:122:21)\n    at jestAdapter (/home/ben/Downloads/pets-fresh/node_modules/jest-circus/build/legacy-code-todo-rewrite/jestAdapter.js:79:19)\n    at runTestInternal (/home/ben/Downloads/pets-fresh/node_modules/jest-runner/build/runTest.js:367:16)\n    at runTest (/home/ben/Downloads/pets-fresh/node_modules/jest-runner/build/runTest.js:444:34)"],"fullName":"useSettingsScreen Account Management should export user data","invocations":1,"location":null,"numPassingAsserts":0,"retryReasons":[],"status":"failed","title":"should export user data"},{"ancestorTitles":["useSettingsScreen","Account Management"],"duration":10001,"failureDetails":[{"matcherResult":{"expected":false,"message":"\u001b[2mexpect(\u001b[22m\u001b[31mreceived\u001b[39m\u001b[2m).\u001b[22mtoBe\u001b[2m(\u001b[22m\u001b[32mexpected\u001b[39m\u001b[2m) // Object.is equality\u001b[22m\n\nExpected: \u001b[32mfalse\u001b[39m\nReceived: \u001b[31mundefined\u001b[39m","name":"toBe","pass":false}}],"failureMessages":["Error: \u001b[2mexpect(\u001b[22m\u001b[31mreceived\u001b[39m\u001b[2m).\u001b[22mtoBe\u001b[2m(\u001b[22m\u001b[32mexpected\u001b[39m\u001b[2m) // Object.is equality\u001b[22m\n\nExpected: \u001b[32mfalse\u001b[39m\nReceived: \u001b[31mundefined\u001b[39m\n    at Object.<anonymous> (/home/ben/Downloads/pets-fresh/apps/mobile/src/hooks/screens/__tests__/useSettingsScreen.test.ts:432:20)\n    at Generator.next (<anonymous>)\n    at asyncGeneratorStep (/home/ben/Downloads/pets-fresh/node_modules/@babel/runtime/helpers/asyncToGenerator.js:3:17)\n    at _next (/home/ben/Downloads/pets-fresh/node_modules/@babel/runtime/helpers/asyncToGenerator.js:17:9)\n    at /home/ben/Downloads/pets-fresh/node_modules/@babel/runtime/helpers/asyncToGenerator.js:22:7\n    at new Promise (<anonymous>)\n    at Object.<anonymous> (/home/ben/Downloads/pets-fresh/node_modules/@babel/runtime/helpers/asyncToGenerator.js:14:12)\n    at Promise.then.completed (/home/ben/Downloads/pets-fresh/node_modules/jest-circus/build/utils.js:298:28)\n    at new Promise (<anonymous>)\n    at callAsyncCircusFn (/home/ben/Downloads/pets-fresh/node_modules/jest-circus/build/utils.js:231:10)\n    at _callCircusTest (/home/ben/Downloads/pets-fresh/node_modules/jest-circus/build/run.js:316:40)\n    at _runTest (/home/ben/Downloads/pets-fresh/node_modules/jest-circus/build/run.js:252:3)\n    at _runTestsForDescribeBlock (/home/ben/Downloads/pets-fresh/node_modules/jest-circus/build/run.js:126:9)\n    at _runTestsForDescribeBlock (/home/ben/Downloads/pets-fresh/node_modules/jest-circus/build/run.js:121:9)\n    at _runTestsForDescribeBlock (/home/ben/Downloads/pets-fresh/node_modules/jest-circus/build/run.js:121:9)\n    at run (/home/ben/Downloads/pets-fresh/node_modules/jest-circus/build/run.js:71:3)\n    at runAndTransformResultsToJestFormat (/home/ben/Downloads/pets-fresh/node_modules/jest-circus/build/legacy-code-todo-rewrite/jestAdapterInit.js:122:21)\n    at jestAdapter (/home/ben/Downloads/pets-fresh/node_modules/jest-circus/build/legacy-code-todo-rewrite/jestAdapter.js:79:19)\n    at runTestInternal (/home/ben/Downloads/pets-fresh/node_modules/jest-runner/build/runTest.js:367:16)\n    at runTest (/home/ben/Downloads/pets-fresh/node_modules/jest-runner/build/runTest.js:444:34)"],"fullName":"useSettingsScreen Account Management should logout from current device","invocations":1,"location":null,"numPassingAsserts":0,"retryReasons":[],"status":"failed","title":"should logout from current device"},{"ancestorTitles":["useSettingsScreen","Account Management"],"duration":10001,"failureDetails":[{"matcherResult":{"expected":false,"message":"\u001b[2mexpect(\u001b[22m\u001b[31mreceived\u001b[39m\u001b[2m).\u001b[22mtoBe\u001b[2m(\u001b[22m\u001b[32mexpected\u001b[39m\u001b[2m) // Object.is equality\u001b[22m\n\nExpected: \u001b[32mfalse\u001b[39m\nReceived: \u001b[31mundefined\u001b[39m","name":"toBe","pass":false}}],"failureMessages":["Error: \u001b[2mexpect(\u001b[22m\u001b[31mreceived\u001b[39m\u001b[2m).\u001b[22mtoBe\u001b[2m(\u001b[22m\u001b[32mexpected\u001b[39m\u001b[2m) // Object.is equality\u001b[22m\n\nExpected: \u001b[32mfalse\u001b[39m\nReceived: \u001b[31mundefined\u001b[39m\n    at Object.<anonymous> (/home/ben/Downloads/pets-fresh/apps/mobile/src/hooks/screens/__tests__/useSettingsScreen.test.ts:449:20)\n    at Generator.next (<anonymous>)\n    at asyncGeneratorStep (/home/ben/Downloads/pets-fresh/node_modules/@babel/runtime/helpers/asyncToGenerator.js:3:17)\n    at _next (/home/ben/Downloads/pets-fresh/node_modules/@babel/runtime/helpers/asyncToGenerator.js:17:9)\n    at /home/ben/Downloads/pets-fresh/node_modules/@babel/runtime/helpers/asyncToGenerator.js:22:7\n    at new Promise (<anonymous>)\n    at Object.<anonymous> (/home/ben/Downloads/pets-fresh/node_modules/@babel/runtime/helpers/asyncToGenerator.js:14:12)\n    at Promise.then.completed (/home/ben/Downloads/pets-fresh/node_modules/jest-circus/build/utils.js:298:28)\n    at new Promise (<anonymous>)\n    at callAsyncCircusFn (/home/ben/Downloads/pets-fresh/node_modules/jest-circus/build/utils.js:231:10)\n    at _callCircusTest (/home/ben/Downloads/pets-fresh/node_modules/jest-circus/build/run.js:316:40)\n    at _runTest (/home/ben/Downloads/pets-fresh/node_modules/jest-circus/build/run.js:252:3)\n    at _runTestsForDescribeBlock (/home/ben/Downloads/pets-fresh/node_modules/jest-circus/build/run.js:126:9)\n    at _runTestsForDescribeBlock (/home/ben/Downloads/pets-fresh/node_modules/jest-circus/build/run.js:121:9)\n    at _runTestsForDescribeBlock (/home/ben/Downloads/pets-fresh/node_modules/jest-circus/build/run.js:121:9)\n    at run (/home/ben/Downloads/pets-fresh/node_modules/jest-circus/build/run.js:71:3)\n    at runAndTransformResultsToJestFormat (/home/ben/Downloads/pets-fresh/node_modules/jest-circus/build/legacy-code-todo-rewrite/jestAdapterInit.js:122:21)\n    at jestAdapter (/home/ben/Downloads/pets-fresh/node_modules/jest-circus/build/legacy-code-todo-rewrite/jestAdapter.js:79:19)\n    at runTestInternal (/home/ben/Downloads/pets-fresh/node_modules/jest-runner/build/runTest.js:367:16)\n    at runTest (/home/ben/Downloads/pets-fresh/node_modules/jest-runner/build/runTest.js:444:34)"],"fullName":"useSettingsScreen Account Management should logout from all devices","invocations":1,"location":null,"numPassingAsserts":0,"retryReasons":[],"status":"failed","title":"should logout from all devices"},{"ancestorTitles":["useSettingsScreen","Device Management"],"duration":10001,"failureDetails":[{"matcherResult":{"expected":false,"message":"\u001b[2mexpect(\u001b[22m\u001b[31mreceived\u001b[39m\u001b[2m).\u001b[22mtoBe\u001b[2m(\u001b[22m\u001b[32mexpected\u001b[39m\u001b[2m) // Object.is equality\u001b[22m\n\nExpected: \u001b[32mfalse\u001b[39m\nReceived: \u001b[31mundefined\u001b[39m","name":"toBe","pass":false}}],"failureMessages":["Error: \u001b[2mexpect(\u001b[22m\u001b[31mreceived\u001b[39m\u001b[2m).\u001b[22mtoBe\u001b[2m(\u001b[22m\u001b[32mexpected\u001b[39m\u001b[2m) // Object.is equality\u001b[22m\n\nExpected: \u001b[32mfalse\u001b[39m\nReceived: \u001b[31mundefined\u001b[39m\n    at Object.<anonymous> (/home/ben/Downloads/pets-fresh/apps/mobile/src/hooks/screens/__tests__/useSettingsScreen.test.ts:468:20)\n    at Generator.next (<anonymous>)\n    at asyncGeneratorStep (/home/ben/Downloads/pets-fresh/node_modules/@babel/runtime/helpers/asyncToGenerator.js:3:17)\n    at _next (/home/ben/Downloads/pets-fresh/node_modules/@babel/runtime/helpers/asyncToGenerator.js:17:9)\n    at /home/ben/Downloads/pets-fresh/node_modules/@babel/runtime/helpers/asyncToGenerator.js:22:7\n    at new Promise (<anonymous>)\n    at Object.<anonymous> (/home/ben/Downloads/pets-fresh/node_modules/@babel/runtime/helpers/asyncToGenerator.js:14:12)\n    at Promise.then.completed (/home/ben/Downloads/pets-fresh/node_modules/jest-circus/build/utils.js:298:28)\n    at new Promise (<anonymous>)\n    at callAsyncCircusFn (/home/ben/Downloads/pets-fresh/node_modules/jest-circus/build/utils.js:231:10)\n    at _callCircusTest (/home/ben/Downloads/pets-fresh/node_modules/jest-circus/build/run.js:316:40)\n    at _runTest (/home/ben/Downloads/pets-fresh/node_modules/jest-circus/build/run.js:252:3)\n    at _runTestsForDescribeBlock (/home/ben/Downloads/pets-fresh/node_modules/jest-circus/build/run.js:126:9)\n    at _runTestsForDescribeBlock (/home/ben/Downloads/pets-fresh/node_modules/jest-circus/build/run.js:121:9)\n    at _runTestsForDescribeBlock (/home/ben/Downloads/pets-fresh/node_modules/jest-circus/build/run.js:121:9)\n    at run (/home/ben/Downloads/pets-fresh/node_modules/jest-circus/build/run.js:71:3)\n    at runAndTransformResultsToJestFormat (/home/ben/Downloads/pets-fresh/node_modules/jest-circus/build/legacy-code-todo-rewrite/jestAdapterInit.js:122:21)\n    at jestAdapter (/home/ben/Downloads/pets-fresh/node_modules/jest-circus/build/legacy-code-todo-rewrite/jestAdapter.js:79:19)\n    at runTestInternal (/home/ben/Downloads/pets-fresh/node_modules/jest-runner/build/runTest.js:367:16)\n    at runTest (/home/ben/Downloads/pets-fresh/node_modules/jest-runner/build/runTest.js:444:34)"],"fullName":"useSettingsScreen Device Management should get login devices","invocations":1,"location":null,"numPassingAsserts":0,"retryReasons":[],"status":"failed","title":"should get login devices"},{"ancestorTitles":["useSettingsScreen","Device Management"],"duration":10001,"failureDetails":[{"matcherResult":{"expected":false,"message":"\u001b[2mexpect(\u001b[22m\u001b[31mreceived\u001b[39m\u001b[2m).\u001b[22mtoBe\u001b[2m(\u001b[22m\u001b[32mexpected\u001b[39m\u001b[2m) // Object.is equality\u001b[22m\n\nExpected: \u001b[32mfalse\u001b[39m\nReceived: \u001b[31mundefined\u001b[39m","name":"toBe","pass":false}}],"failureMessages":["Error: \u001b[2mexpect(\u001b[22m\u001b[31mreceived\u001b[39m\u001b[2m).\u001b[22mtoBe\u001b[2m(\u001b[22m\u001b[32mexpected\u001b[39m\u001b[2m) // Object.is equality\u001b[22m\n\nExpected: \u001b[32mfalse\u001b[39m\nReceived: \u001b[31mundefined\u001b[39m\n    at Object.<anonymous> (/home/ben/Downloads/pets-fresh/apps/mobile/src/hooks/screens/__tests__/useSettingsScreen.test.ts:479:20)\n    at Generator.next (<anonymous>)\n    at asyncGeneratorStep (/home/ben/Downloads/pets-fresh/node_modules/@babel/runtime/helpers/asyncToGenerator.js:3:17)\n    at _next (/home/ben/Downloads/pets-fresh/node_modules/@babel/runtime/helpers/asyncToGenerator.js:17:9)\n    at /home/ben/Downloads/pets-fresh/node_modules/@babel/runtime/helpers/asyncToGenerator.js:22:7\n    at new Promise (<anonymous>)\n    at Object.<anonymous> (/home/ben/Downloads/pets-fresh/node_modules/@babel/runtime/helpers/asyncToGenerator.js:14:12)\n    at Promise.then.completed (/home/ben/Downloads/pets-fresh/node_modules/jest-circus/build/utils.js:298:28)\n    at new Promise (<anonymous>)\n    at callAsyncCircusFn (/home/ben/Downloads/pets-fresh/node_modules/jest-circus/build/utils.js:231:10)\n    at _callCircusTest (/home/ben/Downloads/pets-fresh/node_modules/jest-circus/build/run.js:316:40)\n    at _runTest (/home/ben/Downloads/pets-fresh/node_modules/jest-circus/build/run.js:252:3)\n    at _runTestsForDescribeBlock (/home/ben/Downloads/pets-fresh/node_modules/jest-circus/build/run.js:126:9)\n    at _runTestsForDescribeBlock (/home/ben/Downloads/pets-fresh/node_modules/jest-circus/build/run.js:121:9)\n    at _runTestsForDescribeBlock (/home/ben/Downloads/pets-fresh/node_modules/jest-circus/build/run.js:121:9)\n    at run (/home/ben/Downloads/pets-fresh/node_modules/jest-circus/build/run.js:71:3)\n    at runAndTransformResultsToJestFormat (/home/ben/Downloads/pets-fresh/node_modules/jest-circus/build/legacy-code-todo-rewrite/jestAdapterInit.js:122:21)\n    at jestAdapter (/home/ben/Downloads/pets-fresh/node_modules/jest-circus/build/legacy-code-todo-rewrite/jestAdapter.js:79:19)\n    at runTestInternal (/home/ben/Downloads/pets-fresh/node_modules/jest-runner/build/runTest.js:367:16)\n    at runTest (/home/ben/Downloads/pets-fresh/node_modules/jest-runner/build/runTest.js:444:34)"],"fullName":"useSettingsScreen Device Management should revoke device access","invocations":1,"location":null,"numPassingAsserts":0,"retryReasons":[],"status":"failed","title":"should revoke device access"},{"ancestorTitles":["useSettingsScreen","Settings Validation"],"duration":10002,"failureDetails":[{"matcherResult":{"expected":false,"message":"\u001b[2mexpect(\u001b[22m\u001b[31mreceived\u001b[39m\u001b[2m).\u001b[22mtoBe\u001b[2m(\u001b[22m\u001b[32mexpected\u001b[39m\u001b[2m) // Object.is equality\u001b[22m\n\nExpected: \u001b[32mfalse\u001b[39m\nReceived: \u001b[31mundefined\u001b[39m","name":"toBe","pass":false}}],"failureMessages":["Error: \u001b[2mexpect(\u001b[22m\u001b[31mreceived\u001b[39m\u001b[2m).\u001b[22mtoBe\u001b[2m(\u001b[22m\u001b[32mexpected\u001b[39m\u001b[2m) // Object.is equality\u001b[22m\n\nExpected: \u001b[32mfalse\u001b[39m\nReceived: \u001b[31mundefined\u001b[39m\n    at Object.<anonymous> (/home/ben/Downloads/pets-fresh/apps/mobile/src/hooks/screens/__tests__/useSettingsScreen.test.ts:499:20)\n    at Generator.next (<anonymous>)\n    at asyncGeneratorStep (/home/ben/Downloads/pets-fresh/node_modules/@babel/runtime/helpers/asyncToGenerator.js:3:17)\n    at _next (/home/ben/Downloads/pets-fresh/node_modules/@babel/runtime/helpers/asyncToGenerator.js:17:9)\n    at /home/ben/Downloads/pets-fresh/node_modules/@babel/runtime/helpers/asyncToGenerator.js:22:7\n    at new Promise (<anonymous>)\n    at Object.<anonymous> (/home/ben/Downloads/pets-fresh/node_modules/@babel/runtime/helpers/asyncToGenerator.js:14:12)\n    at Promise.then.completed (/home/ben/Downloads/pets-fresh/node_modules/jest-circus/build/utils.js:298:28)\n    at new Promise (<anonymous>)\n    at callAsyncCircusFn (/home/ben/Downloads/pets-fresh/node_modules/jest-circus/build/utils.js:231:10)\n    at _callCircusTest (/home/ben/Downloads/pets-fresh/node_modules/jest-circus/build/run.js:316:40)\n    at _runTest (/home/ben/Downloads/pets-fresh/node_modules/jest-circus/build/run.js:252:3)\n    at _runTestsForDescribeBlock (/home/ben/Downloads/pets-fresh/node_modules/jest-circus/build/run.js:126:9)\n    at _runTestsForDescribeBlock (/home/ben/Downloads/pets-fresh/node_modules/jest-circus/build/run.js:121:9)\n    at _runTestsForDescribeBlock (/home/ben/Downloads/pets-fresh/node_modules/jest-circus/build/run.js:121:9)\n    at run (/home/ben/Downloads/pets-fresh/node_modules/jest-circus/build/run.js:71:3)\n    at runAndTransformResultsToJestFormat (/home/ben/Downloads/pets-fresh/node_modules/jest-circus/build/legacy-code-todo-rewrite/jestAdapterInit.js:122:21)\n    at jestAdapter (/home/ben/Downloads/pets-fresh/node_modules/jest-circus/build/legacy-code-todo-rewrite/jestAdapter.js:79:19)\n    at runTestInternal (/home/ben/Downloads/pets-fresh/node_modules/jest-runner/build/runTest.js:367:16)\n    at runTest (/home/ben/Downloads/pets-fresh/node_modules/jest-runner/build/runTest.js:444:34)"],"fullName":"useSettingsScreen Settings Validation should validate privacy settings","invocations":1,"location":null,"numPassingAsserts":0,"retryReasons":[],"status":"failed","title":"should validate privacy settings"},{"ancestorTitles":["useSettingsScreen","Settings Validation"],"duration":10000,"failureDetails":[{"matcherResult":{"expected":false,"message":"\u001b[2mexpect(\u001b[22m\u001b[31mreceived\u001b[39m\u001b[2m).\u001b[22mtoBe\u001b[2m(\u001b[22m\u001b[32mexpected\u001b[39m\u001b[2m) // Object.is equality\u001b[22m\n\nExpected: \u001b[32mfalse\u001b[39m\nReceived: \u001b[31mundefined\u001b[39m","name":"toBe","pass":false}}],"failureMessages":["Error: \u001b[2mexpect(\u001b[22m\u001b[31mreceived\u001b[39m\u001b[2m).\u001b[22mtoBe\u001b[2m(\u001b[22m\u001b[32mexpected\u001b[39m\u001b[2m) // Object.is equality\u001b[22m\n\nExpected: \u001b[32mfalse\u001b[39m\nReceived: \u001b[31mundefined\u001b[39m\n    at Object.<anonymous> (/home/ben/Downloads/pets-fresh/apps/mobile/src/hooks/screens/__tests__/useSettingsScreen.test.ts:520:20)\n    at Generator.next (<anonymous>)\n    at asyncGeneratorStep (/home/ben/Downloads/pets-fresh/node_modules/@babel/runtime/helpers/asyncToGenerator.js:3:17)\n    at _next (/home/ben/Downloads/pets-fresh/node_modules/@babel/runtime/helpers/asyncToGenerator.js:17:9)\n    at /home/ben/Downloads/pets-fresh/node_modules/@babel/runtime/helpers/asyncToGenerator.js:22:7\n    at new Promise (<anonymous>)\n    at Object.<anonymous> (/home/ben/Downloads/pets-fresh/node_modules/@babel/runtime/helpers/asyncToGenerator.js:14:12)\n    at Promise.then.completed (/home/ben/Downloads/pets-fresh/node_modules/jest-circus/build/utils.js:298:28)\n    at new Promise (<anonymous>)\n    at callAsyncCircusFn (/home/ben/Downloads/pets-fresh/node_modules/jest-circus/build/utils.js:231:10)\n    at _callCircusTest (/home/ben/Downloads/pets-fresh/node_modules/jest-circus/build/run.js:316:40)\n    at _runTest (/home/ben/Downloads/pets-fresh/node_modules/jest-circus/build/run.js:252:3)\n    at _runTestsForDescribeBlock (/home/ben/Downloads/pets-fresh/node_modules/jest-circus/build/run.js:126:9)\n    at _runTestsForDescribeBlock (/home/ben/Downloads/pets-fresh/node_modules/jest-circus/build/run.js:121:9)\n    at _runTestsForDescribeBlock (/home/ben/Downloads/pets-fresh/node_modules/jest-circus/build/run.js:121:9)\n    at run (/home/ben/Downloads/pets-fresh/node_modules/jest-circus/build/run.js:71:3)\n    at runAndTransformResultsToJestFormat (/home/ben/Downloads/pets-fresh/node_modules/jest-circus/build/legacy-code-todo-rewrite/jestAdapterInit.js:122:21)\n    at jestAdapter (/home/ben/Downloads/pets-fresh/node_modules/jest-circus/build/legacy-code-todo-rewrite/jestAdapter.js:79:19)\n    at runTestInternal (/home/ben/Downloads/pets-fresh/node_modules/jest-runner/build/runTest.js:367:16)\n    at runTest (/home/ben/Downloads/pets-fresh/node_modules/jest-runner/build/runTest.js:444:34)"],"fullName":"useSettingsScreen Settings Validation should validate preference settings","invocations":1,"location":null,"numPassingAsserts":0,"retryReasons":[],"status":"failed","title":"should validate preference settings"},{"ancestorTitles":["useSettingsScreen","Settings Validation"],"duration":10001,"failureDetails":[{"matcherResult":{"expected":false,"message":"\u001b[2mexpect(\u001b[22m\u001b[31mreceived\u001b[39m\u001b[2m).\u001b[22mtoBe\u001b[2m(\u001b[22m\u001b[32mexpected\u001b[39m\u001b[2m) // Object.is equality\u001b[22m\n\nExpected: \u001b[32mfalse\u001b[39m\nReceived: \u001b[31mundefined\u001b[39m","name":"toBe","pass":false}}],"failureMessages":["Error: \u001b[2mexpect(\u001b[22m\u001b[31mreceived\u001b[39m\u001b[2m).\u001b[22mtoBe\u001b[2m(\u001b[22m\u001b[32mexpected\u001b[39m\u001b[2m) // Object.is equality\u001b[22m\n\nExpected: \u001b[32mfalse\u001b[39m\nReceived: \u001b[31mundefined\u001b[39m\n    at Object.<anonymous> (/home/ben/Downloads/pets-fresh/apps/mobile/src/hooks/screens/__tests__/useSettingsScreen.test.ts:540:20)\n    at Generator.next (<anonymous>)\n    at asyncGeneratorStep (/home/ben/Downloads/pets-fresh/node_modules/@babel/runtime/helpers/asyncToGenerator.js:3:17)\n    at _next (/home/ben/Downloads/pets-fresh/node_modules/@babel/runtime/helpers/asyncToGenerator.js:17:9)\n    at /home/ben/Downloads/pets-fresh/node_modules/@babel/runtime/helpers/asyncToGenerator.js:22:7\n    at new Promise (<anonymous>)\n    at Object.<anonymous> (/home/ben/Downloads/pets-fresh/node_modules/@babel/runtime/helpers/asyncToGenerator.js:14:12)\n    at Promise.then.completed (/home/ben/Downloads/pets-fresh/node_modules/jest-circus/build/utils.js:298:28)\n    at new Promise (<anonymous>)\n    at callAsyncCircusFn (/home/ben/Downloads/pets-fresh/node_modules/jest-circus/build/utils.js:231:10)\n    at _callCircusTest (/home/ben/Downloads/pets-fresh/node_modules/jest-circus/build/run.js:316:40)\n    at _runTest (/home/ben/Downloads/pets-fresh/node_modules/jest-circus/build/run.js:252:3)\n    at _runTestsForDescribeBlock (/home/ben/Downloads/pets-fresh/node_modules/jest-circus/build/run.js:126:9)\n    at _runTestsForDescribeBlock (/home/ben/Downloads/pets-fresh/node_modules/jest-circus/build/run.js:121:9)\n    at _runTestsForDescribeBlock (/home/ben/Downloads/pets-fresh/node_modules/jest-circus/build/run.js:121:9)\n    at run (/home/ben/Downloads/pets-fresh/node_modules/jest-circus/build/run.js:71:3)\n    at runAndTransformResultsToJestFormat (/home/ben/Downloads/pets-fresh/node_modules/jest-circus/build/legacy-code-todo-rewrite/jestAdapterInit.js:122:21)\n    at jestAdapter (/home/ben/Downloads/pets-fresh/node_modules/jest-circus/build/legacy-code-todo-rewrite/jestAdapter.js:79:19)\n    at runTestInternal (/home/ben/Downloads/pets-fresh/node_modules/jest-runner/build/runTest.js:367:16)\n    at runTest (/home/ben/Downloads/pets-fresh/node_modules/jest-runner/build/runTest.js:444:34)"],"fullName":"useSettingsScreen Settings Validation should validate notification settings","invocations":1,"location":null,"numPassingAsserts":0,"retryReasons":[],"status":"failed","title":"should validate notification settings"},{"ancestorTitles":["useSettingsScreen","Cache Management"],"duration":10001,"failureDetails":[{"matcherResult":{"expected":false,"message":"\u001b[2mexpect(\u001b[22m\u001b[31mreceived\u001b[39m\u001b[2m).\u001b[22mtoBe\u001b[2m(\u001b[22m\u001b[32mexpected\u001b[39m\u001b[2m) // Object.is equality\u001b[22m\n\nExpected: \u001b[32mfalse\u001b[39m\nReceived: \u001b[31mundefined\u001b[39m","name":"toBe","pass":false}}],"failureMessages":["Error: \u001b[2mexpect(\u001b[22m\u001b[31mreceived\u001b[39m\u001b[2m).\u001b[22mtoBe\u001b[2m(\u001b[22m\u001b[32mexpected\u001b[39m\u001b[2m) // Object.is equality\u001b[22m\n\nExpected: \u001b[32mfalse\u001b[39m\nReceived: \u001b[31mundefined\u001b[39m\n    at Object.<anonymous> (/home/ben/Downloads/pets-fresh/apps/mobile/src/hooks/screens/__tests__/useSettingsScreen.test.ts:566:20)\n    at Generator.next (<anonymous>)\n    at asyncGeneratorStep (/home/ben/Downloads/pets-fresh/node_modules/@babel/runtime/helpers/asyncToGenerator.js:3:17)\n    at _next (/home/ben/Downloads/pets-fresh/node_modules/@babel/runtime/helpers/asyncToGenerator.js:17:9)\n    at /home/ben/Downloads/pets-fresh/node_modules/@babel/runtime/helpers/asyncToGenerator.js:22:7\n    at new Promise (<anonymous>)\n    at Object.<anonymous> (/home/ben/Downloads/pets-fresh/node_modules/@babel/runtime/helpers/asyncToGenerator.js:14:12)\n    at Promise.then.completed (/home/ben/Downloads/pets-fresh/node_modules/jest-circus/build/utils.js:298:28)\n    at new Promise (<anonymous>)\n    at callAsyncCircusFn (/home/ben/Downloads/pets-fresh/node_modules/jest-circus/build/utils.js:231:10)\n    at _callCircusTest (/home/ben/Downloads/pets-fresh/node_modules/jest-circus/build/run.js:316:40)\n    at _runTest (/home/ben/Downloads/pets-fresh/node_modules/jest-circus/build/run.js:252:3)\n    at _runTestsForDescribeBlock (/home/ben/Downloads/pets-fresh/node_modules/jest-circus/build/run.js:126:9)\n    at _runTestsForDescribeBlock (/home/ben/Downloads/pets-fresh/node_modules/jest-circus/build/run.js:121:9)\n    at _runTestsForDescribeBlock (/home/ben/Downloads/pets-fresh/node_modules/jest-circus/build/run.js:121:9)\n    at run (/home/ben/Downloads/pets-fresh/node_modules/jest-circus/build/run.js:71:3)\n    at runAndTransformResultsToJestFormat (/home/ben/Downloads/pets-fresh/node_modules/jest-circus/build/legacy-code-todo-rewrite/jestAdapterInit.js:122:21)\n    at jestAdapter (/home/ben/Downloads/pets-fresh/node_modules/jest-circus/build/legacy-code-todo-rewrite/jestAdapter.js:79:19)\n    at runTestInternal (/home/ben/Downloads/pets-fresh/node_modules/jest-runner/build/runTest.js:367:16)\n    at runTest (/home/ben/Downloads/pets-fresh/node_modules/jest-runner/build/runTest.js:444:34)"],"fullName":"useSettingsScreen Cache Management should cache settings data","invocations":1,"location":null,"numPassingAsserts":0,"retryReasons":[],"status":"failed","title":"should cache settings data"},{"ancestorTitles":["useSettingsScreen","Cache Management"],"duration":1,"failureDetails":[{}],"failureMessages":["TypeError: result.current.clearCache is not a function\n    at clearCache (/home/ben/Downloads/pets-fresh/apps/mobile/src/hooks/screens/__tests__/useSettingsScreen.test.ts:585:24)\n    at callback (/home/ben/Downloads/pets-fresh/apps/mobile/node_modules/@testing-library/react-native/src/act.ts:31:24)\n    at act (/home/ben/Downloads/pets-fresh/node_modules/react/cjs/react.development.js:2512:16)\n    at actImplementation (/home/ben/Downloads/pets-fresh/apps/mobile/node_modules/@testing-library/react-native/src/act.ts:30:25)\n    at Object.<anonymous> (/home/ben/Downloads/pets-fresh/apps/mobile/src/hooks/screens/__tests__/useSettingsScreen.test.ts:584:10)\n    at Generator.next (<anonymous>)\n    at asyncGeneratorStep (/home/ben/Downloads/pets-fresh/node_modules/@babel/runtime/helpers/asyncToGenerator.js:3:17)\n    at _next (/home/ben/Downloads/pets-fresh/node_modules/@babel/runtime/helpers/asyncToGenerator.js:17:9)\n    at /home/ben/Downloads/pets-fresh/node_modules/@babel/runtime/helpers/asyncToGenerator.js:22:7\n    at new Promise (<anonymous>)\n    at Object.<anonymous> (/home/ben/Downloads/pets-fresh/node_modules/@babel/runtime/helpers/asyncToGenerator.js:14:12)\n    at Promise.then.completed (/home/ben/Downloads/pets-fresh/node_modules/jest-circus/build/utils.js:298:28)\n    at new Promise (<anonymous>)\n    at callAsyncCircusFn (/home/ben/Downloads/pets-fresh/node_modules/jest-circus/build/utils.js:231:10)\n    at _callCircusTest (/home/ben/Downloads/pets-fresh/node_modules/jest-circus/build/run.js:316:40)\n    at _runTest (/home/ben/Downloads/pets-fresh/node_modules/jest-circus/build/run.js:252:3)\n    at _runTestsForDescribeBlock (/home/ben/Downloads/pets-fresh/node_modules/jest-circus/build/run.js:126:9)\n    at _runTestsForDescribeBlock (/home/ben/Downloads/pets-fresh/node_modules/jest-circus/build/run.js:121:9)\n    at _runTestsForDescribeBlock (/home/ben/Downloads/pets-fresh/node_modules/jest-circus/build/run.js:121:9)\n    at run (/home/ben/Downloads/pets-fresh/node_modules/jest-circus/build/run.js:71:3)\n    at runAndTransformResultsToJestFormat (/home/ben/Downloads/pets-fresh/node_modules/jest-circus/build/legacy-code-todo-rewrite/jestAdapterInit.js:122:21)\n    at jestAdapter (/home/ben/Downloads/pets-fresh/node_modules/jest-circus/build/legacy-code-todo-rewrite/jestAdapter.js:79:19)\n    at runTestInternal (/home/ben/Downloads/pets-fresh/node_modules/jest-runner/build/runTest.js:367:16)\n    at runTest (/home/ben/Downloads/pets-fresh/node_modules/jest-runner/build/runTest.js:444:34)"],"fullName":"useSettingsScreen Cache Management should clear cache when requested","invocations":1,"location":null,"numPassingAsserts":0,"retryReasons":[],"status":"failed","title":"should clear cache when requested"},{"ancestorTitles":["useSettingsScreen","Error Handling"],"duration":10000,"failureDetails":[{"matcherResult":{"expected":false,"message":"\u001b[2mexpect(\u001b[22m\u001b[31mreceived\u001b[39m\u001b[2m).\u001b[22mtoBe\u001b[2m(\u001b[22m\u001b[32mexpected\u001b[39m\u001b[2m) // Object.is equality\u001b[22m\n\nExpected: \u001b[32mfalse\u001b[39m\nReceived: \u001b[31mundefined\u001b[39m","name":"toBe","pass":false}}],"failureMessages":["Error: \u001b[2mexpect(\u001b[22m\u001b[31mreceived\u001b[39m\u001b[2m).\u001b[22mtoBe\u001b[2m(\u001b[22m\u001b[32mexpected\u001b[39m\u001b[2m) // Object.is equality\u001b[22m\n\nExpected: \u001b[32mfalse\u001b[39m\nReceived: \u001b[31mundefined\u001b[39m\n    at Object.<anonymous> (/home/ben/Downloads/pets-fresh/apps/mobile/src/hooks/screens/__tests__/useSettingsScreen.test.ts:599:20)\n    at Generator.next (<anonymous>)\n    at asyncGeneratorStep (/home/ben/Downloads/pets-fresh/node_modules/@babel/runtime/helpers/asyncToGenerator.js:3:17)\n    at _next (/home/ben/Downloads/pets-fresh/node_modules/@babel/runtime/helpers/asyncToGenerator.js:17:9)\n    at /home/ben/Downloads/pets-fresh/node_modules/@babel/runtime/helpers/asyncToGenerator.js:22:7\n    at new Promise (<anonymous>)\n    at Object.<anonymous> (/home/ben/Downloads/pets-fresh/node_modules/@babel/runtime/helpers/asyncToGenerator.js:14:12)\n    at Promise.then.completed (/home/ben/Downloads/pets-fresh/node_modules/jest-circus/build/utils.js:298:28)\n    at new Promise (<anonymous>)\n    at callAsyncCircusFn (/home/ben/Downloads/pets-fresh/node_modules/jest-circus/build/utils.js:231:10)\n    at _callCircusTest (/home/ben/Downloads/pets-fresh/node_modules/jest-circus/build/run.js:316:40)\n    at _runTest (/home/ben/Downloads/pets-fresh/node_modules/jest-circus/build/run.js:252:3)\n    at _runTestsForDescribeBlock (/home/ben/Downloads/pets-fresh/node_modules/jest-circus/build/run.js:126:9)\n    at _runTestsForDescribeBlock (/home/ben/Downloads/pets-fresh/node_modules/jest-circus/build/run.js:121:9)\n    at _runTestsForDescribeBlock (/home/ben/Downloads/pets-fresh/node_modules/jest-circus/build/run.js:121:9)\n    at run (/home/ben/Downloads/pets-fresh/node_modules/jest-circus/build/run.js:71:3)\n    at runAndTransformResultsToJestFormat (/home/ben/Downloads/pets-fresh/node_modules/jest-circus/build/legacy-code-todo-rewrite/jestAdapterInit.js:122:21)\n    at jestAdapter (/home/ben/Downloads/pets-fresh/node_modules/jest-circus/build/legacy-code-todo-rewrite/jestAdapter.js:79:19)\n    at runTestInternal (/home/ben/Downloads/pets-fresh/node_modules/jest-runner/build/runTest.js:367:16)\n    at runTest (/home/ben/Downloads/pets-fresh/node_modules/jest-runner/build/runTest.js:444:34)"],"fullName":"useSettingsScreen Error Handling should handle network errors during updates","invocations":1,"location":null,"numPassingAsserts":0,"retryReasons":[],"status":"failed","title":"should handle network errors during updates"},{"ancestorTitles":["useSettingsScreen","Error Handling"],"duration":10002,"failureDetails":[{"matcherResult":{"expected":false,"message":"\u001b[2mexpect(\u001b[22m\u001b[31mreceived\u001b[39m\u001b[2m).\u001b[22mtoBe\u001b[2m(\u001b[22m\u001b[32mexpected\u001b[39m\u001b[2m) // Object.is equality\u001b[22m\n\nExpected: \u001b[32mfalse\u001b[39m\nReceived: \u001b[31mundefined\u001b[39m","name":"toBe","pass":false}}],"failureMessages":["Error: \u001b[2mexpect(\u001b[22m\u001b[31mreceived\u001b[39m\u001b[2m).\u001b[22mtoBe\u001b[2m(\u001b[22m\u001b[32mexpected\u001b[39m\u001b[2m) // Object.is equality\u001b[22m\n\nExpected: \u001b[32mfalse\u001b[39m\nReceived: \u001b[31mundefined\u001b[39m\n    at Object.<anonymous> (/home/ben/Downloads/pets-fresh/apps/mobile/src/hooks/screens/__tests__/useSettingsScreen.test.ts:619:20)\n    at Generator.next (<anonymous>)\n    at asyncGeneratorStep (/home/ben/Downloads/pets-fresh/node_modules/@babel/runtime/helpers/asyncToGenerator.js:3:17)\n    at _next (/home/ben/Downloads/pets-fresh/node_modules/@babel/runtime/helpers/asyncToGenerator.js:17:9)\n    at /home/ben/Downloads/pets-fresh/node_modules/@babel/runtime/helpers/asyncToGenerator.js:22:7\n    at new Promise (<anonymous>)\n    at Object.<anonymous> (/home/ben/Downloads/pets-fresh/node_modules/@babel/runtime/helpers/asyncToGenerator.js:14:12)\n    at Promise.then.completed (/home/ben/Downloads/pets-fresh/node_modules/jest-circus/build/utils.js:298:28)\n    at new Promise (<anonymous>)\n    at callAsyncCircusFn (/home/ben/Downloads/pets-fresh/node_modules/jest-circus/build/utils.js:231:10)\n    at _callCircusTest (/home/ben/Downloads/pets-fresh/node_modules/jest-circus/build/run.js:316:40)\n    at _runTest (/home/ben/Downloads/pets-fresh/node_modules/jest-circus/build/run.js:252:3)\n    at _runTestsForDescribeBlock (/home/ben/Downloads/pets-fresh/node_modules/jest-circus/build/run.js:126:9)\n    at _runTestsForDescribeBlock (/home/ben/Downloads/pets-fresh/node_modules/jest-circus/build/run.js:121:9)\n    at _runTestsForDescribeBlock (/home/ben/Downloads/pets-fresh/node_modules/jest-circus/build/run.js:121:9)\n    at run (/home/ben/Downloads/pets-fresh/node_modules/jest-circus/build/run.js:71:3)\n    at runAndTransformResultsToJestFormat (/home/ben/Downloads/pets-fresh/node_modules/jest-circus/build/legacy-code-todo-rewrite/jestAdapterInit.js:122:21)\n    at jestAdapter (/home/ben/Downloads/pets-fresh/node_modules/jest-circus/build/legacy-code-todo-rewrite/jestAdapter.js:79:19)\n    at runTestInternal (/home/ben/Downloads/pets-fresh/node_modules/jest-runner/build/runTest.js:367:16)\n    at runTest (/home/ben/Downloads/pets-fresh/node_modules/jest-runner/build/runTest.js:444:34)"],"fullName":"useSettingsScreen Error Handling should handle server validation errors","invocations":1,"location":null,"numPassingAsserts":0,"retryReasons":[],"status":"failed","title":"should handle server validation errors"},{"ancestorTitles":["useSettingsScreen","Error Handling"],"duration":10001,"failureDetails":[{"matcherResult":{"expected":false,"message":"\u001b[2mexpect(\u001b[22m\u001b[31mreceived\u001b[39m\u001b[2m).\u001b[22mtoBe\u001b[2m(\u001b[22m\u001b[32mexpected\u001b[39m\u001b[2m) // Object.is equality\u001b[22m\n\nExpected: \u001b[32mfalse\u001b[39m\nReceived: \u001b[31mundefined\u001b[39m","name":"toBe","pass":false}}],"failureMessages":["Error: \u001b[2mexpect(\u001b[22m\u001b[31mreceived\u001b[39m\u001b[2m).\u001b[22mtoBe\u001b[2m(\u001b[22m\u001b[32mexpected\u001b[39m\u001b[2m) // Object.is equality\u001b[22m\n\nExpected: \u001b[32mfalse\u001b[39m\nReceived: \u001b[31mundefined\u001b[39m\n    at Object.<anonymous> (/home/ben/Downloads/pets-fresh/apps/mobile/src/hooks/screens/__tests__/useSettingsScreen.test.ts:636:20)\n    at Generator.next (<anonymous>)\n    at asyncGeneratorStep (/home/ben/Downloads/pets-fresh/node_modules/@babel/runtime/helpers/asyncToGenerator.js:3:17)\n    at _next (/home/ben/Downloads/pets-fresh/node_modules/@babel/runtime/helpers/asyncToGenerator.js:17:9)\n    at /home/ben/Downloads/pets-fresh/node_modules/@babel/runtime/helpers/asyncToGenerator.js:22:7\n    at new Promise (<anonymous>)\n    at Object.<anonymous> (/home/ben/Downloads/pets-fresh/node_modules/@babel/runtime/helpers/asyncToGenerator.js:14:12)\n    at Promise.then.completed (/home/ben/Downloads/pets-fresh/node_modules/jest-circus/build/utils.js:298:28)\n    at new Promise (<anonymous>)\n    at callAsyncCircusFn (/home/ben/Downloads/pets-fresh/node_modules/jest-circus/build/utils.js:231:10)\n    at _callCircusTest (/home/ben/Downloads/pets-fresh/node_modules/jest-circus/build/run.js:316:40)\n    at _runTest (/home/ben/Downloads/pets-fresh/node_modules/jest-circus/build/run.js:252:3)\n    at _runTestsForDescribeBlock (/home/ben/Downloads/pets-fresh/node_modules/jest-circus/build/run.js:126:9)\n    at _runTestsForDescribeBlock (/home/ben/Downloads/pets-fresh/node_modules/jest-circus/build/run.js:121:9)\n    at _runTestsForDescribeBlock (/home/ben/Downloads/pets-fresh/node_modules/jest-circus/build/run.js:121:9)\n    at run (/home/ben/Downloads/pets-fresh/node_modules/jest-circus/build/run.js:71:3)\n    at runAndTransformResultsToJestFormat (/home/ben/Downloads/pets-fresh/node_modules/jest-circus/build/legacy-code-todo-rewrite/jestAdapterInit.js:122:21)\n    at jestAdapter (/home/ben/Downloads/pets-fresh/node_modules/jest-circus/build/legacy-code-todo-rewrite/jestAdapter.js:79:19)\n    at runTestInternal (/home/ben/Downloads/pets-fresh/node_modules/jest-runner/build/runTest.js:367:16)\n    at runTest (/home/ben/Downloads/pets-fresh/node_modules/jest-runner/build/runTest.js:444:34)"],"fullName":"useSettingsScreen Error Handling should handle AsyncStorage errors gracefully","invocations":1,"location":null,"numPassingAsserts":0,"retryReasons":[],"status":"failed","title":"should handle AsyncStorage errors gracefully"},{"ancestorTitles":["useSettingsScreen","Error Handling"],"duration":10001,"failureDetails":[{"matcherResult":{"expected":false,"message":"\u001b[2mexpect(\u001b[22m\u001b[31mreceived\u001b[39m\u001b[2m).\u001b[22mtoBe\u001b[2m(\u001b[22m\u001b[32mexpected\u001b[39m\u001b[2m) // Object.is equality\u001b[22m\n\nExpected: \u001b[32mfalse\u001b[39m\nReceived: \u001b[31mundefined\u001b[39m","name":"toBe","pass":false}}],"failureMessages":["Error: \u001b[2mexpect(\u001b[22m\u001b[31mreceived\u001b[39m\u001b[2m).\u001b[22mtoBe\u001b[2m(\u001b[22m\u001b[32mexpected\u001b[39m\u001b[2m) // Object.is equality\u001b[22m\n\nExpected: \u001b[32mfalse\u001b[39m\nReceived: \u001b[31mundefined\u001b[39m\n    at Object.<anonymous> (/home/ben/Downloads/pets-fresh/apps/mobile/src/hooks/screens/__tests__/useSettingsScreen.test.ts:650:20)\n    at Generator.next (<anonymous>)\n    at asyncGeneratorStep (/home/ben/Downloads/pets-fresh/node_modules/@babel/runtime/helpers/asyncToGenerator.js:3:17)\n    at _next (/home/ben/Downloads/pets-fresh/node_modules/@babel/runtime/helpers/asyncToGenerator.js:17:9)\n    at /home/ben/Downloads/pets-fresh/node_modules/@babel/runtime/helpers/asyncToGenerator.js:22:7\n    at new Promise (<anonymous>)\n    at Object.<anonymous> (/home/ben/Downloads/pets-fresh/node_modules/@babel/runtime/helpers/asyncToGenerator.js:14:12)\n    at Promise.then.completed (/home/ben/Downloads/pets-fresh/node_modules/jest-circus/build/utils.js:298:28)\n    at new Promise (<anonymous>)\n    at callAsyncCircusFn (/home/ben/Downloads/pets-fresh/node_modules/jest-circus/build/utils.js:231:10)\n    at _callCircusTest (/home/ben/Downloads/pets-fresh/node_modules/jest-circus/build/run.js:316:40)\n    at _runTest (/home/ben/Downloads/pets-fresh/node_modules/jest-circus/build/run.js:252:3)\n    at _runTestsForDescribeBlock (/home/ben/Downloads/pets-fresh/node_modules/jest-circus/build/run.js:126:9)\n    at _runTestsForDescribeBlock (/home/ben/Downloads/pets-fresh/node_modules/jest-circus/build/run.js:121:9)\n    at _runTestsForDescribeBlock (/home/ben/Downloads/pets-fresh/node_modules/jest-circus/build/run.js:121:9)\n    at run (/home/ben/Downloads/pets-fresh/node_modules/jest-circus/build/run.js:71:3)\n    at runAndTransformResultsToJestFormat (/home/ben/Downloads/pets-fresh/node_modules/jest-circus/build/legacy-code-todo-rewrite/jestAdapterInit.js:122:21)\n    at jestAdapter (/home/ben/Downloads/pets-fresh/node_modules/jest-circus/build/legacy-code-todo-rewrite/jestAdapter.js:79:19)\n    at runTestInternal (/home/ben/Downloads/pets-fresh/node_modules/jest-runner/build/runTest.js:367
[...]
u001b[39m\u001b[22m\n\n    \u001b[2mexpect(\u001b[22m\u001b[31mreceived\u001b[39m\u001b[2m).\u001b[22mtoBe\u001b[2m(\u001b[22m\u001b[32mexpected\u001b[39m\u001b[2m) // Object.is equality\u001b[22m\n\n    Expected: \u001b[32mfalse\u001b[39m\n    Received: \u001b[31mundefined\u001b[39m\n\u001b[2m\u001b[22m\n\u001b[2m    \u001b[0m \u001b[90m 699 |\u001b[39m       \u001b[36mlet\u001b[39m currentTheme \u001b[33m=\u001b[39m \u001b[32m'light'\u001b[39m\u001b[33m;\u001b[39m\u001b[22m\n\u001b[2m     \u001b[90m 700 |\u001b[39m       mockUseColorScheme\u001b[33m.\u001b[39mmockImplementation(() \u001b[33m=>\u001b[39m currentTheme)\u001b[33m;\u001b[39m\u001b[22m\n\u001b[2m    \u001b[31m\u001b[1m>\u001b[22m\u001b[2m\u001b[39m\u001b[90m 701 |\u001b[39m\u001b[22m\n\u001b[2m     \u001b[90m     |\u001b[39m \u001b[31m\u001b[1m^\u001b[22m\u001b[2m\u001b[39m\u001b[22m\n\u001b[2m     \u001b[90m 702 |\u001b[39m       \u001b[36mconst\u001b[39m { result\u001b[33m,\u001b[39m rerender } \u001b[33m=\u001b[39m renderHook(() \u001b[33m=>\u001b[39m useSettingsScreen())\u001b[33m;\u001b[39m\u001b[22m\n\u001b[2m     \u001b[90m 703 |\u001b[39m\u001b[22m\n\u001b[2m     \u001b[90m 704 |\u001b[39m       \u001b[36mawait\u001b[39m waitFor(() \u001b[33m=>\u001b[39m {\u001b[0m\u001b[22m\n\u001b[2m\u001b[22m\n\u001b[2m      \u001b[2mat Object.<anonymous> (\u001b[22m\u001b[2m\u001b[0m\u001b[36msrc/hooks/screens/__tests__/useSettingsScreen.test.ts\u001b[39m\u001b[0m\u001b[2m:701:20)\u001b[22m\u001b[2m\u001b[22m\n\u001b[2m      \u001b[2mat asyncGeneratorStep (\u001b[22m\u001b[2m../../node_modules/@babel/runtime/helpers/asyncToGenerator.js\u001b[2m:3:17)\u001b[22m\u001b[2m\u001b[22m\n\u001b[2m      \u001b[2mat _next (\u001b[22m\u001b[2m../../node_modules/@babel/runtime/helpers/asyncToGenerator.js\u001b[2m:17:9)\u001b[22m\u001b[2m\u001b[22m\n\u001b[2m      \u001b[2mat \u001b[22m\u001b[2m../../node_modules/@babel/runtime/helpers/asyncToGenerator.js\u001b[2m:22:7\u001b[22m\u001b[2m\u001b[22m\n\u001b[2m      \u001b[2mat Object.<anonymous> (\u001b[22m\u001b[2m../../node_modules/@babel/runtime/helpers/asyncToGenerator.js\u001b[2m:14:12)\u001b[22m\u001b[2m\u001b[22m\n\n\u001b[1m\u001b[31m  \u001b[1m● \u001b[22m\u001b[1museSettingsScreen › Analytics and Tracking › should track settings interactions\u001b[39m\u001b[22m\n\n    \u001b[2mexpect(\u001b[22m\u001b[31mreceived\u001b[39m\u001b[2m).\u001b[22mtoBe\u001b[2m(\u001b[22m\u001b[32mexpected\u001b[39m\u001b[2m) // Object.is equality\u001b[22m\n\n    Expected: \u001b[32mfalse\u001b[39m\n    Received: \u001b[31mundefined\u001b[39m\n\u001b[2m\u001b[22m\n\u001b[2m    \u001b[0m \u001b[90m 716 |\u001b[39m\u001b[22m\n\u001b[2m     \u001b[90m 717 |\u001b[39m   describe(\u001b[32m'Analytics and Tracking'\u001b[39m\u001b[33m,\u001b[39m () \u001b[33m=>\u001b[39m {\u001b[22m\n\u001b[2m    \u001b[31m\u001b[1m>\u001b[22m\u001b[2m\u001b[39m\u001b[90m 718 |\u001b[39m     it(\u001b[32m'should track settings interactions'\u001b[39m\u001b[33m,\u001b[39m \u001b[36masync\u001b[39m () \u001b[33m=>\u001b[39m {\u001b[22m\n\u001b[2m     \u001b[90m     |\u001b[39m                    \u001b[31m\u001b[1m^\u001b[22m\u001b[2m\u001b[39m\u001b[22m\n\u001b[2m     \u001b[90m 719 |\u001b[39m       \u001b[36mconst\u001b[39m { result } \u001b[33m=\u001b[39m renderHook(() \u001b[33m=>\u001b[39m useSettingsScreen())\u001b[33m;\u001b[39m\u001b[22m\n\u001b[2m     \u001b[90m 720 |\u001b[39m\u001b[22m\n\u001b[2m     \u001b[90m 721 |\u001b[39m       \u001b[36mawait\u001b[39m waitFor(\u001b[0m\u001b[22m\n\u001b[2m\u001b[22m\n\u001b[2m      \u001b[2mat Object.<anonymous> (\u001b[22m\u001b[2m\u001b[0m\u001b[36msrc/hooks/screens/__tests__/useSettingsScreen.test.ts\u001b[39m\u001b[0m\u001b[2m:718:20)\u001b[22m\u001b[2m\u001b[22m\n\u001b[2m      \u001b[2mat asyncGeneratorStep (\u001b[22m\u001b[2m../../node_modules/@babel/runtime/helpers/asyncToGenerator.js\u001b[2m:3:17)\u001b[22m\u001b[2m\u001b[22m\n\u001b[2m      \u001b[2mat _next (\u001b[22m\u001b[2m../../node_modules/@babel/runtime/helpers/asyncToGenerator.js\u001b[2m:17:9)\u001b[22m\u001b[2m\u001b[22m\n\u001b[2m      \u001b[2mat \u001b[22m\u001b[2m../../node_modules/@babel/runtime/helpers/asyncToGenerator.js\u001b[2m:22:7\u001b[22m\u001b[2m\u001b[22m\n\u001b[2m      \u001b[2mat Object.<anonymous> (\u001b[22m\u001b[2m../../node_modules/@babel/runtime/helpers/asyncToGenerator.js\u001b[2m:14:12)\u001b[22m\u001b[2m\u001b[22m\n\n\u001b[1m\u001b[31m  \u001b[1m● \u001b[22m\u001b[1museSettingsScreen › Analytics and Tracking › should track settings changes\u001b[39m\u001b[22m\n\n    \u001b[2mexpect(\u001b[22m\u001b[31mreceived\u001b[39m\u001b[2m).\u001b[22mtoBe\u001b[2m(\u001b[22m\u001b[32mexpected\u001b[39m\u001b[2m) // Object.is equality\u001b[22m\n\n    Expected: \u001b[32mfalse\u001b[39m\n    Received: \u001b[31mundefined\u001b[39m\n\u001b[2m\u001b[22m\n\u001b[2m    \u001b[0m \u001b[90m 741 |\u001b[39m     })\u001b[33m;\u001b[39m\u001b[22m\n\u001b[2m     \u001b[90m 742 |\u001b[39m\u001b[22m\n\u001b[2m    \u001b[31m\u001b[1m>\u001b[22m\u001b[2m\u001b[39m\u001b[90m 743 |\u001b[39m     it(\u001b[32m'should track settings changes'\u001b[39m\u001b[33m,\u001b[39m \u001b[36masync\u001b[39m () \u001b[33m=>\u001b[39m {\u001b[22m\n\u001b[2m     \u001b[90m     |\u001b[39m                    \u001b[31m\u001b[1m^\u001b[22m\u001b[2m\u001b[39m\u001b[22m\n\u001b[2m     \u001b[90m 744 |\u001b[39m       \u001b[36mconst\u001b[39m { result } \u001b[33m=\u001b[39m renderHook(() \u001b[33m=>\u001b[39m useSettingsScreen())\u001b[33m;\u001b[39m\u001b[22m\n\u001b[2m     \u001b[90m 745 |\u001b[39m\u001b[22m\n\u001b[2m     \u001b[90m 746 |\u001b[39m       \u001b[36mawait\u001b[39m waitFor(\u001b[0m\u001b[22m\n\u001b[2m\u001b[22m\n\u001b[2m      \u001b[2mat Object.<anonymous> (\u001b[22m\u001b[2m\u001b[0m\u001b[36msrc/hooks/screens/__tests__/useSettingsScreen.test.ts\u001b[39m\u001b[0m\u001b[2m:743:20)\u001b[22m\u001b[2m\u001b[22m\n\u001b[2m      \u001b[2mat asyncGeneratorStep (\u001b[22m\u001b[2m../../node_modules/@babel/runtime/helpers/asyncToGenerator.js\u001b[2m:3:17)\u001b[22m\u001b[2m\u001b[22m\n\u001b[2m      \u001b[2mat _next (\u001b[22m\u001b[2m../../node_modules/@babel/runtime/helpers/asyncToGenerator.js\u001b[2m:17:9)\u001b[22m\u001b[2m\u001b[22m\n\u001b[2m      \u001b[2mat \u001b[22m\u001b[2m../../node_modules/@babel/runtime/helpers/asyncToGenerator.js\u001b[2m:22:7\u001b[22m\u001b[2m\u001b[22m\n\u001b[2m      \u001b[2mat Object.<anonymous> (\u001b[22m\u001b[2m../../node_modules/@babel/runtime/helpers/asyncToGenerator.js\u001b[2m:14:12)\u001b[22m\u001b[2m\u001b[22m\n\n\u001b[1m\u001b[31m  \u001b[1m● \u001b[22m\u001b[1museSettingsScreen › Edge Cases › should handle empty settings data\u001b[39m\u001b[22m\n\n    \u001b[2mexpect(\u001b[22m\u001b[31mreceived\u001b[39m\u001b[2m).\u001b[22mtoBe\u001b[2m(\u001b[22m\u001b[32mexpected\u001b[39m\u001b[2m) // Object.is equality\u001b[22m\n\n    Expected: \u001b[32mfalse\u001b[39m\n    Received: \u001b[31mundefined\u001b[39m\n\u001b[2m\u001b[22m\n\u001b[2m    \u001b[0m \u001b[90m 777 |\u001b[39m\u001b[22m\n\u001b[2m     \u001b[90m 778 |\u001b[39m       mockApi\u001b[33m.\u001b[39m\u001b[36mget\u001b[39m\u001b[33m.\u001b[39mmockResolvedValue({ data\u001b[33m:\u001b[39m emptySettings })\u001b[33m;\u001b[39m\u001b[22m\n\u001b[2m    \u001b[31m\u001b[1m>\u001b[22m\u001b[2m\u001b[39m\u001b[90m 779 |\u001b[39m\u001b[22m\n\u001b[2m     \u001b[90m     |\u001b[39m \u001b[31m\u001b[1m^\u001b[22m\u001b[2m\u001b[39m\u001b[22m\n\u001b[2m     \u001b[90m 780 |\u001b[39m       \u001b[36mconst\u001b[39m { result } \u001b[33m=\u001b[39m renderHook(() \u001b[33m=>\u001b[39m useSettingsScreen())\u001b[33m;\u001b[39m\u001b[22m\n\u001b[2m     \u001b[90m 781 |\u001b[39m\u001b[22m\n\u001b[2m     \u001b[90m 782 |\u001b[39m       \u001b[36mawait\u001b[39m waitFor(() \u001b[33m=>\u001b[39m {\u001b[0m\u001b[22m\n\u001b[2m\u001b[22m\n\u001b[2m      \u001b[2mat Object.<anonymous> (\u001b[22m\u001b[2m\u001b[0m\u001b[36msrc/hooks/screens/__tests__/useSettingsScreen.test.ts\u001b[39m\u001b[0m\u001b[2m:779:20)\u001b[22m\u001b[2m\u001b[22m\n\u001b[2m      \u001b[2mat asyncGeneratorStep (\u001b[22m\u001b[2m../../node_modules/@babel/runtime/helpers/asyncToGenerator.js\u001b[2m:3:17)\u001b[22m\u001b[2m\u001b[22m\n\u001b[2m      \u001b[2mat _next (\u001b[22m\u001b[2m../../node_modules/@babel/runtime/helpers/asyncToGenerator.js\u001b[2m:17:9)\u001b[22m\u001b[2m\u001b[22m\n\u001b[2m      \u001b[2mat \u001b[22m\u001b[2m../../node_modules/@babel/runtime/helpers/asyncToGenerator.js\u001b[2m:22:7\u001b[22m\u001b[2m\u001b[22m\n\u001b[2m      \u001b[2mat Object.<anonymous> (\u001b[22m\u001b[2m../../node_modules/@babel/runtime/helpers/asyncToGenerator.js\u001b[2m:14:12)\u001b[22m\u001b[2m\u001b[22m\n\n\u001b[1m\u001b[31m  \u001b[1m● \u001b[22m\u001b[1museSettingsScreen › Edge Cases › should handle settings with missing optional fields\u001b[39m\u001b[22m\n\n    \u001b[2mexpect(\u001b[22m\u001b[31mreceived\u001b[39m\u001b[2m).\u001b[22mtoBe\u001b[2m(\u001b[22m\u001b[32mexpected\u001b[39m\u001b[2m) // Object.is equality\u001b[22m\n\n    Expected: \u001b[32mfalse\u001b[39m\n    Received: \u001b[31mundefined\u001b[39m\n\u001b[2m\u001b[22m\n\u001b[2m    \u001b[0m \u001b[90m 798 |\u001b[39m\u001b[22m\n\u001b[2m     \u001b[90m 799 |\u001b[39m       mockApi\u001b[33m.\u001b[39m\u001b[36mget\u001b[39m\u001b[33m.\u001b[39mmockResolvedValue({ data\u001b[33m:\u001b[39m minimalSettings })\u001b[33m;\u001b[39m\u001b[22m\n\u001b[2m    \u001b[31m\u001b[1m>\u001b[22m\u001b[2m\u001b[39m\u001b[90m 800 |\u001b[39m\u001b[22m\n\u001b[2m     \u001b[90m     |\u001b[39m \u001b[31m\u001b[1m^\u001b[22m\u001b[2m\u001b[39m\u001b[22m\n\u001b[2m     \u001b[90m 801 |\u001b[39m       \u001b[36mconst\u001b[39m { result } \u001b[33m=\u001b[39m renderHook(() \u001b[33m=>\u001b[39m useSettingsScreen())\u001b[33m;\u001b[39m\u001b[22m\n\u001b[2m     \u001b[90m 802 |\u001b[39m\u001b[22m\n\u001b[2m     \u001b[90m 803 |\u001b[39m       \u001b[36mawait\u001b[39m waitFor(() \u001b[33m=>\u001b[39m {\u001b[0m\u001b[22m\n\u001b[2m\u001b[22m\n\u001b[2m      \u001b[2mat Object.<anonymous> (\u001b[22m\u001b[2m\u001b[0m\u001b[36msrc/hooks/screens/__tests__/useSettingsScreen.test.ts\u001b[39m\u001b[0m\u001b[2m:800:20)\u001b[22m\u001b[2m\u001b[22m\n\u001b[2m      \u001b[2mat asyncGeneratorStep (\u001b[22m\u001b[2m../../node_modules/@babel/runtime/helpers/asyncToGenerator.js\u001b[2m:3:17)\u001b[22m\u001b[2m\u001b[22m\n\u001b[2m      \u001b[2mat _next (\u001b[22m\u001b[2m../../node_modules/@babel/runtime/helpers/asyncToGenerator.js\u001b[2m:17:9)\u001b[22m\u001b[2m\u001b[22m\n\u001b[2m      \u001b[2mat \u001b[22m\u001b[2m../../node_modules/@babel/runtime/helpers/asyncToGenerator.js\u001b[2m:22:7\u001b[22m\u001b[2m\u001b[22m\n\u001b[2m      \u001b[2mat Object.<anonymous> (\u001b[22m\u001b[2m../../node_modules/@babel/runtime/helpers/asyncToGenerator.js\u001b[2m:14:12)\u001b[22m\u001b[2m\u001b[22m\n\n\u001b[1m\u001b[31m  \u001b[1m● \u001b[22m\u001b[1museSettingsScreen › Edge Cases › should handle very large preference data\u001b[39m\u001b[22m\n\n    \u001b[2mexpect(\u001b[22m\u001b[31mreceived\u001b[39m\u001b[2m).\u001b[22mtoBe\u001b[2m(\u001b[22m\u001b[32mexpected\u001b[39m\u001b[2m) // Object.is equality\u001b[22m\n\n    Expected: \u001b[32mfalse\u001b[39m\n    Received: \u001b[31mundefined\u001b[39m\n\u001b[2m\u001b[22m\n\u001b[2m    \u001b[0m \u001b[90m 825 |\u001b[39m\u001b[22m\n\u001b[2m     \u001b[90m 826 |\u001b[39m       mockApi\u001b[33m.\u001b[39m\u001b[36mget\u001b[39m\u001b[33m.\u001b[39mmockResolvedValue({ data\u001b[33m:\u001b[39m settingsWithLargePrefs })\u001b[33m;\u001b[39m\u001b[22m\n\u001b[2m    \u001b[31m\u001b[1m>\u001b[22m\u001b[2m\u001b[39m\u001b[90m 827 |\u001b[39m\u001b[22m\n\u001b[2m     \u001b[90m     |\u001b[39m \u001b[31m\u001b[1m^\u001b[22m\u001b[2m\u001b[39m\u001b[22m\n\u001b[2m     \u001b[90m 828 |\u001b[39m       \u001b[36mconst\u001b[39m { result } \u001b[33m=\u001b[39m renderHook(() \u001b[33m=>\u001b[39m useSettingsScreen())\u001b[33m;\u001b[39m\u001b[22m\n\u001b[2m     \u001b[90m 829 |\u001b[39m\u001b[22m\n\u001b[2m     \u001b[90m 830 |\u001b[39m       \u001b[36mawait\u001b[39m waitFor(() \u001b[33m=>\u001b[39m {\u001b[0m\u001b[22m\n\u001b[2m\u001b[22m\n\u001b[2m      \u001b[2mat Object.<anonymous> (\u001b[22m\u001b[2m\u001b[0m\u001b[36msrc/hooks/screens/__tests__/useSettingsScreen.test.ts\u001b[39m\u001b[0m\u001b[2m:827:20)\u001b[22m\u001b[2m\u001b[22m\n\u001b[2m      \u001b[2mat asyncGeneratorStep (\u001b[22m\u001b[2m../../node_modules/@babel/runtime/helpers/asyncToGenerator.js\u001b[2m:3:17)\u001b[22m\u001b[2m\u001b[22m\n\u001b[2m      \u001b[2mat _next (\u001b[22m\u001b[2m../../node_modules/@babel/runtime/helpers/asyncToGenerator.js\u001b[2m:17:9)\u001b[22m\u001b[2m\u001b[22m\n\u001b[2m      \u001b[2mat \u001b[22m\u001b[2m../../node_modules/@babel/runtime/helpers/asyncToGenerator.js\u001b[2m:22:7\u001b[22m\u001b[2m\u001b[22m\n\u001b[2m      \u001b[2mat Object.<anonymous> (\u001b[22m\u001b[2m../../node_modules/@babel/runtime/helpers/asyncToGenerator.js\u001b[2m:14:12)\u001b[22m\u001b[2m\u001b[22m\n\n\u001b[1m\u001b[31m  \u001b[1m● \u001b[22m\u001b[1museSettingsScreen › Edge Cases › should handle malformed cached data\u001b[39m\u001b[22m\n\n    \u001b[2mexpect(\u001b[22m\u001b[31mreceived\u001b[39m\u001b[2m).\u001b[22mtoBe\u001b[2m(\u001b[22m\u001b[32mexpected\u001b[39m\u001b[2m) // Object.is equality\u001b[22m\n\n    Expected: \u001b[32mfalse\u001b[39m\n    Received: \u001b[31mundefined\u001b[39m\n\u001b[2m\u001b[22m\n\u001b[2m    \u001b[0m \u001b[90m 837 |\u001b[39m     it(\u001b[32m'should handle malformed cached data'\u001b[39m\u001b[33m,\u001b[39m \u001b[36masync\u001b[39m () \u001b[33m=>\u001b[39m {\u001b[22m\n\u001b[2m     \u001b[90m 838 |\u001b[39m       mockAsyncStorage\u001b[33m.\u001b[39mgetItem\u001b[33m.\u001b[39mmockResolvedValue(\u001b[32m'{\"invalid\": json}'\u001b[39m)\u001b[33m;\u001b[39m\u001b[22m\n\u001b[2m    \u001b[31m\u001b[1m>\u001b[22m\u001b[2m\u001b[39m\u001b[90m 839 |\u001b[39m\u001b[22m\n\u001b[2m     \u001b[90m     |\u001b[39m \u001b[31m\u001b[1m^\u001b[22m\u001b[2m\u001b[39m\u001b[22m\n\u001b[2m     \u001b[90m 840 |\u001b[39m       \u001b[36mconst\u001b[39m { result } \u001b[33m=\u001b[39m renderHook(() \u001b[33m=>\u001b[39m useSettingsScreen())\u001b[33m;\u001b[39m\u001b[22m\n\u001b[2m     \u001b[90m 841 |\u001b[39m\u001b[22m\n\u001b[2m     \u001b[90m 842 |\u001b[39m       \u001b[36mawait\u001b[39m waitFor(() \u001b[33m=>\u001b[39m {\u001b[0m\u001b[22m\n\u001b[2m\u001b[22m\n\u001b[2m      \u001b[2mat Object.<anonymous> (\u001b[22m\u001b[2m\u001b[0m\u001b[36msrc/hooks/screens/__tests__/useSettingsScreen.test.ts\u001b[39m\u001b[0m\u001b[2m:839:20)\u001b[22m\u001b[2m\u001b[22m\n\u001b[2m      \u001b[2mat asyncGeneratorStep (\u001b[22m\u001b[2m../../node_modules/@babel/runtime/helpers/asyncToGenerator.js\u001b[2m:3:17)\u001b[22m\u001b[2m\u001b[22m\n\u001b[2m      \u001b[2mat _next (\u001b[22m\u001b[2m../../node_modules/@babel/runtime/helpers/asyncToGenerator.js\u001b[2m:17:9)\u001b[22m\u001b[2m\u001b[22m\n\u001b[2m      \u001b[2mat \u001b[22m\u001b[2m../../node_modules/@babel/runtime/helpers/asyncToGenerator.js\u001b[2m:22:7\u001b[22m\u001b[2m\u001b[22m\n\u001b[2m      \u001b[2mat Object.<anonymous> (\u001b[22m\u001b[2m../../node_modules/@babel/runtime/helpers/asyncToGenerator.js\u001b[2m:14:12)\u001b[22m\u001b[2m\u001b[22m\n\n\u001b[1m\u001b[31m  \u001b[1m● \u001b[22m\u001b[1museSettingsScreen › Edge Cases › should handle concurrent settings updates\u001b[39m\u001b[22m\n\n    \u001b[2mexpect(\u001b[22m\u001b[31mreceived\u001b[39m\u001b[2m).\u001b[22mtoBe\u001b[2m(\u001b[22m\u001b[32mexpected\u001b[39m\u001b[2m) // Object.is equality\u001b[22m\n\n    Expected: \u001b[32mfalse\u001b[39m\n    Received: \u001b[31mundefined\u001b[39m\n\u001b[2m\u001b[22m\n\u001b[2m    \u001b[0m \u001b[90m 848 |\u001b[39m     })\u001b[33m;\u001b[39m\u001b[22m\n\u001b[2m     \u001b[90m 849 |\u001b[39m\u001b[22m\n\u001b[2m    \u001b[31m\u001b[1m>\u001b[22m\u001b[2m\u001b[39m\u001b[90m 850 |\u001b[39m     it(\u001b[32m'should handle concurrent settings updates'\u001b[39m\u001b[33m,\u001b[39m \u001b[36masync\u001b[39m () \u001b[33m=>\u001b[39m {\u001b[22m\n\u001b[2m     \u001b[90m     |\u001b[39m                    \u001b[31m\u001b[1m^\u001b[22m\u001b[2m\u001b[39m\u001b[22m\n\u001b[2m     \u001b[90m 851 |\u001b[39m       \u001b[36mconst\u001b[39m { result } \u001b[33m=\u001b[39m renderHook(() \u001b[33m=>\u001b[39m useSettingsScreen())\u001b[33m;\u001b[39m\u001b[22m\n\u001b[2m     \u001b[90m 852 |\u001b[39m\u001b[22m\n\u001b[2m     \u001b[90m 853 |\u001b[39m       \u001b[36mawait\u001b[39m waitFor(() \u001b[33m=>\u001b[39m {\u001b[0m\u001b[22m\n\u001b[2m\u001b[22m\n\u001b[2m      \u001b[2mat Object.<anonymous> (\u001b[22m\u001b[2m\u001b[0m\u001b[36msrc/hooks/screens/__tests__/useSettingsScreen.test.ts\u001b[39m\u001b[0m\u001b[2m:850:20)\u001b[22m\u001b[2m\u001b[22m\n\u001b[2m      \u001b[2mat asyncGeneratorStep (\u001b[22m\u001b[2m../../node_modules/@babel/runtime/helpers/asyncToGenerator.js\u001b[2m:3:17)\u001b[22m\u001b[2m\u001b[22m\n\u001b[2m      \u001b[2mat _next (\u001b[22m\u001b[2m../../node_modules/@babel/runtime/helpers/asyncToGenerator.js\u001b[2m:17:9)\u001b[22m\u001b[2m\u001b[22m\n\u001b[2m      \u001b[2mat \u001b[22m\u001b[2m../../node_modules/@babel/runtime/helpers/asyncToGenerator.js\u001b[2m:22:7\u001b[22m\u001b[2m\u001b[22m\n\u001b[2m      \u001b[2mat Object.<anonymous> (\u001b[22m\u001b[2m../../node_modules/@babel/runtime/helpers/asyncToGenerator.js\u001b[2m:14:12)\u001b[22m\u001b[2m\u001b[22m\n\n\u001b[1m\u001b[31m  \u001b[1m● \u001b[22m\u001b[1museSettingsScreen › Edge Cases › should handle rapid preference toggles\u001b[39m\u001b[22m\n\n    \u001b[2mexpect(\u001b[22m\u001b[31mreceived\u001b[39m\u001b[2m).\u001b[22mtoBe\u001b[2m(\u001b[22m\u001b[32mexpected\u001b[39m\u001b[2m) // Object.is equality\u001b[22m\n\n    Expected: \u001b[32mfalse\u001b[39m\n    Received: \u001b[31mundefined\u001b[39m\n\u001b[2m\u001b[22m\n\u001b[2m    \u001b[0m \u001b[90m 868 |\u001b[39m     })\u001b[33m;\u001b[39m\u001b[22m\n\u001b[2m     \u001b[90m 869 |\u001b[39m\u001b[22m\n\u001b[2m    \u001b[31m\u001b[1m>\u001b[22m\u001b[2m\u001b[39m\u001b[90m 870 |\u001b[39m     it(\u001b[32m'should handle rapid preference toggles'\u001b[39m\u001b[33m,\u001b[39m \u001b[36masync\u001b[39m () \u001b[33m=>\u001b[39m {\u001b[22m\n\u001b[2m     \u001b[90m     |\u001b[39m                    \u001b[31m\u001b[1m^\u001b[22m\u001b[2m\u001b[39m\u001b[22m\n\u001b[2m     \u001b[90m 871 |\u001b[39m       \u001b[36mconst\u001b[39m { result } \u001b[33m=\u001b[39m renderHook(() \u001b[33m=>\u001b[39m useSettingsScreen())\u001b[33m;\u001b[39m\u001b[22m\n\u001b[2m     \u001b[90m 872 |\u001b[39m\u001b[22m\n\u001b[2m     \u001b[90m 873 |\u001b[39m       \u001b[36mawait\u001b[39m waitFor(() \u001b[33m=>\u001b[39m {\u001b[0m\u001b[22m\n\u001b[2m\u001b[22m\n\u001b[2m      \u001b[2mat Object.<anonymous> (\u001b[22m\u001b[2m\u001b[0m\u001b[36msrc/hooks/screens/__tests__/useSettingsScreen.test.ts\u001b[39m\u001b[0m\u001b[2m:870:20)\u001b[22m\u001b[2m\u001b[22m\n\u001b[2m      \u001b[2mat asyncGeneratorStep (\u001b[22m\u001b[2m../../node_modules/@babel/runtime/helpers/asyncToGenerator.js\u001b[2m:3:17)\u001b[22m\u001b[2m\u001b[22m\n\u001b[2m      \u001b[2mat _next (\u001b[22m\u001b[2m../../node_modules/@babel/runtime/helpers/asyncToGenerator.js\u001b[2m:17:9)\u001b[22m\u001b[2m\u001b[22m\n\u001b[2m      \u001b[2mat \u001b[22m\u001b[2m../../node_modules/@babel/runtime/helpers/asyncToGenerator.js\u001b[2m:22:7\u001b[22m\u001b[2m\u001b[22m\n\u001b[2m      \u001b[2mat Object.<anonymous> (\u001b[22m\u001b[2m../../node_modules/@babel/runtime/helpers/asyncToGenerator.js\u001b[2m:14:12)\u001b[22m\u001b[2m\u001b[22m\n","name":"/home/ben/Downloads/pets-fresh/apps/mobile/src/hooks/screens/__tests__/useSettingsScreen.test.ts","startTime":1761891549036,"status":"failed","summary":""}],"wasInterrupted":false}
