{"numFailedTestSuites":2,"numFailedTests":18,"numPassedTestSuites":0,"numPassedTests":0,"numPendingTestSuites":0,"numPendingTests":0,"numRuntimeErrorTestSuites":1,"numTodoTests":0,"numTotalTestSuites":2,"numTotalTests":18,"openHandles":[],"snapshot":{"added":0,"didUpdate":false,"failure":false,"filesAdded":0,"filesRemoved":0,"filesRemovedList":[],"filesUnmatched":0,"filesUpdated":0,"matched":0,"total":0,"unchecked":0,"uncheckedKeysByFile":[],"unmatched":0,"updated":0},"startTime":1761491114148,"success":false,"testResults":[{"assertionResults":[],"coverage":{},"endTime":1761491245389,"message":"  \u001b[1m● \u001b[22mTest suite failed to run\n\n    \u001b[1m\u001b[31mJest encountered an unexpected token\u001b[39m\u001b[22m\n\n    Jest failed to parse a file. This happens e.g. when your code or its dependencies use non-standard JavaScript syntax, or when Jest is not configured to support such syntax.\n\n    Out of the box Jest supports Babel, which will be used to transform your files into valid JS based on your Babel configuration.\n\n    By default \"node_modules\" folder is ignored by transformers.\n\n    Here's what you can do:\n     • If you are trying to use ECMAScript Modules, see \u001b[4mhttps://jestjs.io/docs/ecmascript-modules\u001b[24m for how to enable it.\n     • If you are trying to use TypeScript, see \u001b[4mhttps://jestjs.io/docs/getting-started#using-typescript\u001b[24m\n     • To have some of your \"node_modules\" files transformed, you can specify a custom \u001b[1m\"transformIgnorePatterns\"\u001b[22m in your config.\n     • If you need a custom transformation specify a \u001b[1m\"transform\"\u001b[22m option in your config.\n     • If you simply want to mock your non-JS modules (e.g. binary assets) you can stub them out with the \u001b[1m\"moduleNameMapper\"\u001b[22m config option.\n\n    You'll find more details and examples of these config options in the docs:\n    \u001b[36mhttps://jestjs.io/docs/configuration\u001b[39m\n    For information about custom transformations, see:\n    \u001b[36mhttps://jestjs.io/docs/code-transformation\u001b[39m\n\n    \u001b[1m\u001b[31mDetails:\u001b[39m\u001b[22m\n\n    /home/ben/Downloads/pets-fresh/node_modules/.pnpm/expo-file-system@15.4.5_expo@49.0.23_@babel+core@7.28.5_/node_modules/expo-file-system/build/index.js:1\n    ({\"Object.<anonymous>\":function(module,exports,require,__dirname,__filename,jest){export * from './FileSystem';\n                                                                                      ^^^^^^\n\n    SyntaxError: Unexpected token 'export'\n\n    \u001b[0m\u001b[31m\u001b[1m>\u001b[22m\u001b[39m\u001b[90m 1 |\u001b[39m \u001b[36mimport\u001b[39m \u001b[33m*\u001b[39m \u001b[36mas\u001b[39m \u001b[33mFileSystem\u001b[39m \u001b[36mfrom\u001b[39m \u001b[32m\"expo-file-system\"\u001b[39m\u001b[33m;\u001b[39m\n     \u001b[90m   |\u001b[39m \u001b[31m\u001b[1m^\u001b[22m\u001b[39m\n     \u001b[90m 2 |\u001b[39m \u001b[36mimport\u001b[39m { api } \u001b[36mfrom\u001b[39m \u001b[32m\"./api\"\u001b[39m\u001b[33m;\u001b[39m\n     \u001b[90m 3 |\u001b[39m\n     \u001b[90m 4 |\u001b[39m \u001b[36mexport\u001b[39m \u001b[36minterface\u001b[39m \u001b[33mPhotoAnalysisResult\u001b[39m {\u001b[0m\n\n      \u001b[2mat Runtime.createScriptFromCode (\u001b[22m../../node_modules/.pnpm/jest-runtime@29.7.0/node_modules/jest-runtime/build/index.js\u001b[2m:1505:14)\u001b[22m\n      \u001b[2mat Object.require (\u001b[22msrc/services/aiPhotoService.ts\u001b[2m:1:1)\u001b[22m\n      \u001b[2mat Object.require (\u001b[22msrc/screens/AIPhotoAnalyzerScreen.tsx\u001b[2m:12:1)\u001b[22m\n      \u001b[2mat Object.require (\u001b[22m\u001b[0m\u001b[36msrc/screens/__tests__/AIPhotoAnalyzerScreen.test.tsx\u001b[39m\u001b[0m\u001b[2m:5:1)\u001b[22m\n","name":"/home/ben/Downloads/pets-fresh/apps/mobile/src/screens/__tests__/AIPhotoAnalyzerScreen.test.tsx","startTime":1761491245389,"status":"failed","summary":""},{"assertionResults":[{"ancestorTitles":["ActivePillTabBar"],"duration":70,"failureDetails":[{}],"failureMessages":["Error: Element type is invalid: expected a string (for built-in components) or a class/function (for composite components) but got: undefined. You likely forgot to export your component from the file it's defined in, or you might have mixed up default and named imports.\n\nCheck the render method of `ActivePillTabBar`.\n    at createFiberFromTypeAndProps (/home/ben/Downloads/pets-fresh/node_modules/.pnpm/react-test-renderer@18.2.0_react@18.2.0/node_modules/react-test-renderer/cjs/react-test-renderer.development.js:17518:17)\n    at createFiberFromElement (/home/ben/Downloads/pets-fresh/node_modules/.pnpm/react-test-renderer@18.2.0_react@18.2.0/node_modules/react-test-renderer/cjs/react-test-renderer.development.js:17544:15)\n    at createChild (/home/ben/Downloads/pets-fresh/node_modules/.pnpm/react-test-renderer@18.2.0_react@18.2.0/node_modules/react-test-renderer/cjs/react-test-renderer.development.js:5202:28)\n    at reconcileChildrenArray (/home/ben/Downloads/pets-fresh/node_modules/.pnpm/react-test-renderer@18.2.0_react@18.2.0/node_modules/react-test-renderer/cjs/react-test-renderer.development.js:5492:25)\n    at reconcileChildFibers (/home/ben/Downloads/pets-fresh/node_modules/.pnpm/react-test-renderer@18.2.0_react@18.2.0/node_modules/react-test-renderer/cjs/react-test-renderer.development.js:5884:16)\n    at reconcileChildren (/home/ben/Downloads/pets-fresh/node_modules/.pnpm/react-test-renderer@18.2.0_react@18.2.0/node_modules/react-test-renderer/cjs/react-test-renderer.development.js:9096:28)\n    at updateHostComponent (/home/ben/Downloads/pets-fresh/node_modules/.pnpm/react-test-renderer@18.2.0_react@18.2.0/node_modules/react-test-renderer/cjs/react-test-renderer.development.js:9713:3)\n    at beginWork (/home/ben/Downloads/pets-fresh/node_modules/.pnpm/react-test-renderer@18.2.0_react@18.2.0/node_modules/react-test-renderer/cjs/react-test-renderer.development.js:11343:14)\n    at performUnitOfWork (/home/ben/Downloads/pets-fresh/node_modules/.pnpm/react-test-renderer@18.2.0_react@18.2.0/node_modules/react-test-renderer/cjs/react-test-renderer.development.js:15811:12)\n    at workLoopSync (/home/ben/Downloads/pets-fresh/node_modules/.pnpm/react-test-renderer@18.2.0_react@18.2.0/node_modules/react-test-renderer/cjs/react-test-renderer.development.js:15745:5)\n    at renderRootSync (/home/ben/Downloads/pets-fresh/node_modules/.pnpm/react-test-renderer@18.2.0_react@18.2.0/node_modules/react-test-renderer/cjs/react-test-renderer.development.js:15717:7)\n    at recoverFromConcurrentError (/home/ben/Downloads/pets-fresh/node_modules/.pnpm/react-test-renderer@18.2.0_react@18.2.0/node_modules/react-test-renderer/cjs/react-test-renderer.development.js:15187:20)\n    at performConcurrentWorkOnRoot (/home/ben/Downloads/pets-fresh/node_modules/.pnpm/react-test-renderer@18.2.0_react@18.2.0/node_modules/react-test-renderer/cjs/react-test-renderer.development.js:15087:22)\n    at flushActQueue (/home/ben/Downloads/pets-fresh/node_modules/.pnpm/react@18.2.0/node_modules/react/cjs/react.development.js:2667:24)\n    at act (/home/ben/Downloads/pets-fresh/node_modules/.pnpm/react@18.2.0/node_modules/react/cjs/react.development.js:2582:11)\n    at actImplementation (/home/ben/Downloads/pets-fresh/node_modules/.pnpm/@testing-library+react-native@13.3.3_jest@29.7.0_@types+node@20.19.23_ts-node@10.9.2_@types+n_bqislzjev3aq7qu2rvhfa4g2em/node_modules/@testing-library/react-native/src/act.ts:30:25)\n    at renderWithAct (/home/ben/Downloads/pets-fresh/node_modules/.pnpm/@testing-library+react-native@13.3.3_jest@29.7.0_@types+node@20.19.23_ts-node@10.9.2_@types+n_bqislzjev3aq7qu2rvhfa4g2em/node_modules/@testing-library/react-native/src/render-act.ts:13:11)\n    at renderInternal (/home/ben/Downloads/pets-fresh/node_modules/.pnpm/@testing-library+react-native@13.3.3_jest@29.7.0_@types+node@20.19.23_ts-node@10.9.2_@types+n_bqislzjev3aq7qu2rvhfa4g2em/node_modules/@testing-library/react-native/src/render.tsx:69:33)\n    at renderInternal (/home/ben/Downloads/pets-fresh/node_modules/.pnpm/@testing-library+react-native@13.3.3_jest@29.7.0_@types+node@20.19.23_ts-node@10.9.2_@types+n_bqislzjev3aq7qu2rvhfa4g2em/node_modules/@testing-library/react-native/src/render.tsx:44:10)\n    at Object.<anonymous> (/home/ben/Downloads/pets-fresh/apps/mobile/src/navigation/__tests__/ActivePillTabBar.test.tsx:95:35)\n    at Promise.then.completed (/home/ben/Downloads/pets-fresh/node_modules/.pnpm/jest-circus@29.7.0/node_modules/jest-circus/build/utils.js:298:28)\n    at new Promise (<anonymous>)\n    at callAsyncCircusFn (/home/ben/Downloads/pets-fresh/node_modules/.pnpm/jest-circus@29.7.0/node_modules/jest-circus/build/utils.js:231:10)\n    at _callCircusTest (/home/ben/Downloads/pets-fresh/node_modules/.pnpm/jest-circus@29.7.0/node_modules/jest-circus/build/run.js:316:40)\n    at _runTest (/home/ben/Downloads/pets-fresh/node_modules/.pnpm/jest-circus@29.7.0/node_modules/jest-circus/build/run.js:252:3)\n    at _runTestsForDescribeBlock (/home/ben/Downloads/pets-fresh/node_modules/.pnpm/jest-circus@29.7.0/node_modules/jest-circus/build/run.js:126:9)\n    at _runTestsForDescribeBlock (/home/ben/Downloads/pets-fresh/node_modules/.pnpm/jest-circus@29.7.0/node_modules/jest-circus/build/run.js:121:9)\n    at run (/home/ben/Downloads/pets-fresh/node_modules/.pnpm/jest-circus@29.7.0/node_modules/jest-circus/build/run.js:71:3)\n    at runAndTransformResultsToJestFormat (/home/ben/Downloads/pets-fresh/node_modules/.pnpm/jest-circus@29.7.0/node_modules/jest-circus/build/legacy-code-todo-rewrite/jestAdapterInit.js:122:21)\n    at jestAdapter (/home/ben/Downloads/pets-fresh/node_modules/.pnpm/jest-circus@29.7.0/node_modules/jest-circus/build/legacy-code-todo-rewrite/jestAdapter.js:79:19)\n    at runTestInternal (/home/ben/Downloads/pets-fresh/node_modules/.pnpm/jest-runner@29.7.0/node_modules/jest-runner/build/runTest.js:367:16)\n    at runTest (/home/ben/Downloads/pets-fresh/node_modules/.pnpm/jest-runner@29.7.0/node_modules/jest-runner/build/runTest.js:444:34)"],"fullName":"ActivePillTabBar should render all tabs correctly","invocations":1,"location":null,"numPassingAsserts":0,"retryReasons":[],"status":"failed","title":"should render all tabs correctly"},{"ancestorTitles":["ActivePillTabBar"],"duration":30,"failureDetails":[{}],"failureMessages":["Error: Element type is invalid: expected a string (for built-in components) or a class/function (for composite components) but got: undefined. You likely forgot to export your component from the file it's defined in, or you might have mixed up default and named imports.\n\nCheck the render method of `ActivePillTabBar`.\n    at createFiberFromTypeAndProps (/home/ben/Downloads/pets-fresh/node_modules/.pnpm/react-test-renderer@18.2.0_react@18.2.0/node_modules/react-test-renderer/cjs/react-test-renderer.development.js:17518:17)\n    at createFiberFromElement (/home/ben/Downloads/pets-fresh/node_modules/.pnpm/react-test-renderer@18.2.0_react@18.2.0/node_modules/react-test-renderer/cjs/react-test-renderer.development.js:17544:15)\n    at createChild (/home/ben/Downloads/pets-fresh/node_modules/.pnpm/react-test-renderer@18.2.0_react@18.2.0/node_modules/react-test-renderer/cjs/react-test-renderer.development.js:5202:28)\n    at reconcileChildrenArray (/home/ben/Downloads/pets-fresh/node_modules/.pnpm/react-test-renderer@18.2.0_react@18.2.0/node_modules/react-test-renderer/cjs/react-test-renderer.development.js:5492:25)\n    at reconcileChildFibers (/home/ben/Downloads/pets-fresh/node_modules/.pnpm/react-test-renderer@18.2.0_react@18.2.0/node_modules/react-test-renderer/cjs/react-test-renderer.development.js:5884:16)\n    at reconcileChildren (/home/ben/Downloads/pets-fresh/node_modules/.pnpm/react-test-renderer@18.2.0_react@18.2.0/node_modules/react-test-renderer/cjs/react-test-renderer.development.js:9096:28)\n    at updateHostComponent (/home/ben/Downloads/pets-fresh/node_modules/.pnpm/react-test-renderer@18.2.0_react@18.2.0/node_modules/react-test-renderer/cjs/react-test-renderer.development.js:9713:3)\n    at beginWork (/home/ben/Downloads/pets-fresh/node_modules/.pnpm/react-test-renderer@18.2.0_react@18.2.0/node_modules/react-test-renderer/cjs/react-test-renderer.development.js:11343:14)\n    at performUnitOfWork (/home/ben/Downloads/pets-fresh/node_modules/.pnpm/react-test-renderer@18.2.0_react@18.2.0/node_modules/react-test-renderer/cjs/react-test-renderer.development.js:15811:12)\n    at workLoopSync (/home/ben/Downloads/pets-fresh/node_modules/.pnpm/react-test-renderer@18.2.0_react@18.2.0/node_modules/react-test-renderer/cjs/react-test-renderer.development.js:15745:5)\n    at renderRootSync (/home/ben/Downloads/pets-fresh/node_modules/.pnpm/react-test-renderer@18.2.0_react@18.2.0/node_modules/react-test-renderer/cjs/react-test-renderer.development.js:15717:7)\n    at recoverFromConcurrentError (/home/ben/Downloads/pets-fresh/node_modules/.pnpm/react-test-renderer@18.2.0_react@18.2.0/node_modules/react-test-renderer/cjs/react-test-renderer.development.js:15187:20)\n    at performConcurrentWorkOnRoot (/home/ben/Downloads/pets-fresh/node_modules/.pnpm/react-test-renderer@18.2.0_react@18.2.0/node_modules/react-test-renderer/cjs/react-test-renderer.development.js:15087:22)\n    at flushActQueue (/home/ben/Downloads/pets-fresh/node_modules/.pnpm/react@18.2.0/node_modules/react/cjs/react.development.js:2667:24)\n    at act (/home/ben/Downloads/pets-fresh/node_modules/.pnpm/react@18.2.0/node_modules/react/cjs/react.development.js:2582:11)\n    at actImplementation (/home/ben/Downloads/pets-fresh/node_modules/.pnpm/@testing-library+react-native@13.3.3_jest@29.7.0_@types+node@20.19.23_ts-node@10.9.2_@types+n_bqislzjev3aq7qu2rvhfa4g2em/node_modules/@testing-library/react-native/src/act.ts:30:25)\n    at renderWithAct (/home/ben/Downloads/pets-fresh/node_modules/.pnpm/@testing-library+react-native@13.3.3_jest@29.7.0_@types+node@20.19.23_ts-node@10.9.2_@types+n_bqislzjev3aq7qu2rvhfa4g2em/node_modules/@testing-library/react-native/src/render-act.ts:13:11)\n    at renderInternal (/home/ben/Downloads/pets-fresh/node_modules/.pnpm/@testing-library+react-native@13.3.3_jest@29.7.0_@types+node@20.19.23_ts-node@10.9.2_@types+n_bqislzjev3aq7qu2rvhfa4g2em/node_modules/@testing-library/react-native/src/render.tsx:69:33)\n    at renderInternal (/home/ben/Downloads/pets-fresh/node_modules/.pnpm/@testing-library+react-native@13.3.3_jest@29.7.0_@types+node@20.19.23_ts-node@10.9.2_@types+n_bqislzjev3aq7qu2rvhfa4g2em/node_modules/@testing-library/react-native/src/render.tsx:44:10)\n    at Object.<anonymous> (/home/ben/Downloads/pets-fresh/apps/mobile/src/navigation/__tests__/ActivePillTabBar.test.tsx:111:35)\n    at Promise.then.completed (/home/ben/Downloads/pets-fresh/node_modules/.pnpm/jest-circus@29.7.0/node_modules/jest-circus/build/utils.js:298:28)\n    at new Promise (<anonymous>)\n    at callAsyncCircusFn (/home/ben/Downloads/pets-fresh/node_modules/.pnpm/jest-circus@29.7.0/node_modules/jest-circus/build/utils.js:231:10)\n    at _callCircusTest (/home/ben/Downloads/pets-fresh/node_modules/.pnpm/jest-circus@29.7.0/node_modules/jest-circus/build/run.js:316:40)\n    at _runTest (/home/ben/Downloads/pets-fresh/node_modules/.pnpm/jest-circus@29.7.0/node_modules/jest-circus/build/run.js:252:3)\n    at _runTestsForDescribeBlock (/home/ben/Downloads/pets-fresh/node_modules/.pnpm/jest-circus@29.7.0/node_modules/jest-circus/build/run.js:126:9)\n    at _runTestsForDescribeBlock (/home/ben/Downloads/pets-fresh/node_modules/.pnpm/jest-circus@29.7.0/node_modules/jest-circus/build/run.js:121:9)\n    at run (/home/ben/Downloads/pets-fresh/node_modules/.pnpm/jest-circus@29.7.0/node_modules/jest-circus/build/run.js:71:3)\n    at runAndTransformResultsToJestFormat (/home/ben/Downloads/pets-fresh/node_modules/.pnpm/jest-circus@29.7.0/node_modules/jest-circus/build/legacy-code-todo-rewrite/jestAdapterInit.js:122:21)\n    at jestAdapter (/home/ben/Downloads/pets-fresh/node_modules/.pnpm/jest-circus@29.7.0/node_modules/jest-circus/build/legacy-code-todo-rewrite/jestAdapter.js:79:19)\n    at runTestInternal (/home/ben/Downloads/pets-fresh/node_modules/.pnpm/jest-runner@29.7.0/node_modules/jest-runner/build/runTest.js:367:16)\n    at runTest (/home/ben/Downloads/pets-fresh/node_modules/.pnpm/jest-runner@29.7.0/node_modules/jest-runner/build/runTest.js:444:34)"],"fullName":"ActivePillTabBar should display correct icons for each route","invocations":1,"location":null,"numPassingAsserts":0,"retryReasons":[],"status":"failed","title":"should display correct icons for each route"},{"ancestorTitles":["ActivePillTabBar"],"duration":33,"failureDetails":[{}],"failureMessages":["Error: Element type is invalid: expected a string (for built-in components) or a class/function (for composite components) but got: undefined. You likely forgot to export your component from the file it's defined in, or you might have mixed up default and named imports.\n\nCheck the render method of `ActivePillTabBar`.\n    at createFiberFromTypeAndProps (/home/ben/Downloads/pets-fresh/node_modules/.pnpm/react-test-renderer@18.2.0_react@18.2.0/node_modules/react-test-renderer/cjs/react-test-renderer.development.js:17518:17)\n    at createFiberFromElement (/home/ben/Downloads/pets-fresh/node_modules/.pnpm/react-test-renderer@18.2.0_react@18.2.0/node_modules/react-test-renderer/cjs/react-test-renderer.development.js:17544:15)\n    at createChild (/home/ben/Downloads/pets-fresh/node_modules/.pnpm/react-test-renderer@18.2.0_react@18.2.0/node_modules/react-test-renderer/cjs/react-test-renderer.development.js:5202:28)\n    at reconcileChildrenArray (/home/ben/Downloads/pets-fresh/node_modules/.pnpm/react-test-renderer@18.2.0_react@18.2.0/node_modules/react-test-renderer/cjs/react-test-renderer.development.js:5492:25)\n    at reconcileChildFibers (/home/ben/Downloads/pets-fresh/node_modules/.pnpm/react-test-renderer@18.2.0_react@18.2.0/node_modules/react-test-renderer/cjs/react-test-renderer.development.js:5884:16)\n    at reconcileChildren (/home/ben/Downloads/pets-fresh/node_modules/.pnpm/react-test-renderer@18.2.0_react@18.2.0/node_modules/react-test-renderer/cjs/react-test-renderer.development.js:9096:28)\n    at updateHostComponent (/home/ben/Downloads/pets-fresh/node_modules/.pnpm/react-test-renderer@18.2.0_react@18.2.0/node_modules/react-test-renderer/cjs/react-test-renderer.development.js:9713:3)\n    at beginWork (/home/ben/Downloads/pets-fresh/node_modules/.pnpm/react-test-renderer@18.2.0_react@18.2.0/node_modules/react-test-renderer/cjs/react-test-renderer.development.js:11343:14)\n    at performUnitOfWork (/home/ben/Downloads/pets-fresh/node_modules/.pnpm/react-test-renderer@18.2.0_react@18.2.0/node_modules/react-test-renderer/cjs/react-test-renderer.development.js:15811:12)\n    at workLoopSync (/home/ben/Downloads/pets-fresh/node_modules/.pnpm/react-test-renderer@18.2.0_react@18.2.0/node_modules/react-test-renderer/cjs/react-test-renderer.development.js:15745:5)\n    at renderRootSync (/home/ben/Downloads/pets-fresh/node_modules/.pnpm/react-test-renderer@18.2.0_react@18.2.0/node_modules/react-test-renderer/cjs/react-test-renderer.development.js:15717:7)\n    at recoverFromConcurrentError (/home/ben/Downloads/pets-fresh/node_modules/.pnpm/react-test-renderer@18.2.0_react@18.2.0/node_modules/react-test-renderer/cjs/react-test-renderer.development.js:15187:20)\n    at performConcurrentWorkOnRoot (/home/ben/Downloads/pets-fresh/node_modules/.pnpm/react-test-renderer@18.2.0_react@18.2.0/node_modules/react-test-renderer/cjs/react-test-renderer.development.js:15087:22)\n    at flushActQueue (/home/ben/Downloads/pets-fresh/node_modules/.pnpm/react@18.2.0/node_modules/react/cjs/react.development.js:2667:24)\n    at act (/home/ben/Downloads/pets-fresh/node_modules/.pnpm/react@18.2.0/node_modules/react/cjs/react.development.js:2582:11)\n    at actImplementation (/home/ben/Downloads/pets-fresh/node_modules/.pnpm/@testing-library+react-native@13.3.3_jest@29.7.0_@types+node@20.19.23_ts-node@10.9.2_@types+n_bqislzjev3aq7qu2rvhfa4g2em/node_modules/@testing-library/react-native/src/act.ts:30:25)\n    at renderWithAct (/home/ben/Downloads/pets-fresh/node_modules/.pnpm/@testing-library+react-native@13.3.3_jest@29.7.0_@types+node@20.19.23_ts-node@10.9.2_@types+n_bqislzjev3aq7qu2rvhfa4g2em/node_modules/@testing-library/react-native/src/render-act.ts:13:11)\n    at renderInternal (/home/ben/Downloads/pets-fresh/node_modules/.pnpm/@testing-library+react-native@13.3.3_jest@29.7.0_@types+node@20.19.23_ts-node@10.9.2_@types+n_bqislzjev3aq7qu2rvhfa4g2em/node_modules/@testing-library/react-native/src/render.tsx:69:33)\n    at renderInternal (/home/ben/Downloads/pets-fresh/node_modules/.pnpm/@testing-library+react-native@13.3.3_jest@29.7.0_@types+node@20.19.23_ts-node@10.9.2_@types+n_bqislzjev3aq7qu2rvhfa4g2em/node_modules/@testing-library/react-native/src/render.tsx:44:10)\n    at Object.<anonymous> (/home/ben/Downloads/pets-fresh/apps/mobile/src/navigation/__tests__/ActivePillTabBar.test.tsx:127:35)\n    at Promise.then.completed (/home/ben/Downloads/pets-fresh/node_modules/.pnpm/jest-circus@29.7.0/node_modules/jest-circus/build/utils.js:298:28)\n    at new Promise (<anonymous>)\n    at callAsyncCircusFn (/home/ben/Downloads/pets-fresh/node_modules/.pnpm/jest-circus@29.7.0/node_modules/jest-circus/build/utils.js:231:10)\n    at _callCircusTest (/home/ben/Downloads/pets-fresh/node_modules/.pnpm/jest-circus@29.7.0/node_modules/jest-circus/build/run.js:316:40)\n    at _runTest (/home/ben/Downloads/pets-fresh/node_modules/.pnpm/jest-circus@29.7.0/node_modules/jest-circus/build/run.js:252:3)\n    at _runTestsForDescribeBlock (/home/ben/Downloads/pets-fresh/node_modules/.pnpm/jest-circus@29.7.0/node_modules/jest-circus/build/run.js:126:9)\n    at _runTestsForDescribeBlock (/home/ben/Downloads/pets-fresh/node_modules/.pnpm/jest-circus@29.7.0/node_modules/jest-circus/build/run.js:121:9)\n    at run (/home/ben/Downloads/pets-fresh/node_modules/.pnpm/jest-circus@29.7.0/node_modules/jest-circus/build/run.js:71:3)\n    at runAndTransformResultsToJestFormat (/home/ben/Downloads/pets-fresh/node_modules/.pnpm/jest-circus@29.7.0/node_modules/jest-circus/build/legacy-code-todo-rewrite/jestAdapterInit.js:122:21)\n    at jestAdapter (/home/ben/Downloads/pets-fresh/node_modules/.pnpm/jest-circus@29.7.0/node_modules/jest-circus/build/legacy-code-todo-rewrite/jestAdapter.js:79:19)\n    at runTestInternal (/home/ben/Downloads/pets-fresh/node_modules/.pnpm/jest-runner@29.7.0/node_modules/jest-runner/build/runTest.js:367:16)\n    at runTest (/home/ben/Downloads/pets-fresh/node_modules/.pnpm/jest-runner@29.7.0/node_modules/jest-runner/build/runTest.js:444:34)"],"fullName":"ActivePillTabBar should display focused icon for active tab","invocations":1,"location":null,"numPassingAsserts":0,"retryReasons":[],"status":"failed","title":"should display focused icon for active tab"},{"ancestorTitles":["ActivePillTabBar"],"duration":26,"failureDetails":[{}],"failureMessages":["Error: Element type is invalid: expected a string (for built-in components) or a class/function (for composite components) but got: undefined. You likely forgot to export your component from the file it's defined in, or you might have mixed up default and named imports.\n\nCheck the render method of `ActivePillTabBar`.\n    at createFiberFromTypeAndProps (/home/ben/Downloads/pets-fresh/node_modules/.pnpm/react-test-renderer@18.2.0_react@18.2.0/node_modules/react-test-renderer/cjs/react-test-renderer.development.js:17518:17)\n    at createFiberFromElement (/home/ben/Downloads/pets-fresh/node_modules/.pnpm/react-test-renderer@18.2.0_react@18.2.0/node_modules/react-test-renderer/cjs/react-test-renderer.development.js:17544:15)\n    at createChild (/home/ben/Downloads/pets-fresh/node_modules/.pnpm/react-test-renderer@18.2.0_react@18.2.0/node_modules/react-test-renderer/cjs/react-test-renderer.development.js:5202:28)\n    at reconcileChildrenArray (/home/ben/Downloads/pets-fresh/node_modules/.pnpm/react-test-renderer@18.2.0_react@18.2.0/node_modules/react-test-renderer/cjs/react-test-renderer.development.js:5492:25)\n    at reconcileChildFibers (/home/ben/Downloads/pets-fresh/node_modules/.pnpm/react-test-renderer@18.2.0_react@18.2.0/node_modules/react-test-renderer/cjs/react-test-renderer.development.js:5884:16)\n    at reconcileChildren (/home/ben/Downloads/pets-fresh/node_modules/.pnpm/react-test-renderer@18.2.0_react@18.2.0/node_modules/react-test-renderer/cjs/react-test-renderer.development.js:9096:28)\n    at updateHostComponent (/home/ben/Downloads/pets-fresh/node_modules/.pnpm/react-test-renderer@18.2.0_react@18.2.0/node_modules/react-test-renderer/cjs/react-test-renderer.development.js:9713:3)\n    at beginWork (/home/ben/Downloads/pets-fresh/node_modules/.pnpm/react-test-renderer@18.2.0_react@18.2.0/node_modules/react-test-renderer/cjs/react-test-renderer.development.js:11343:14)\n    at performUnitOfWork (/home/ben/Downloads/pets-fresh/node_modules/.pnpm/react-test-renderer@18.2.0_react@18.2.0/node_modules/react-test-renderer/cjs/react-test-renderer.development.js:15811:12)\n    at workLoopSync (/home/ben/Downloads/pets-fresh/node_modules/.pnpm/react-test-renderer@18.2.0_react@18.2.0/node_modules/react-test-renderer/cjs/react-test-renderer.development.js:15745:5)\n    at renderRootSync (/home/ben/Downloads/pets-fresh/node_modules/.pnpm/react-test-renderer@18.2.0_react@18.2.0/node_modules/react-test-renderer/cjs/react-test-renderer.development.js:15717:7)\n    at recoverFromConcurrentError (/home/ben/Downloads/pets-fresh/node_modules/.pnpm/react-test-renderer@18.2.0_react@18.2.0/node_modules/react-test-renderer/cjs/react-test-renderer.development.js:15187:20)\n    at performConcurrentWorkOnRoot (/home/ben/Downloads/pets-fresh/node_modules/.pnpm/react-test-renderer@18.2.0_react@18.2.0/node_modules/react-test-renderer/cjs/react-test-renderer.development.js:15087:22)\n    at flushActQueue (/home/ben/Downloads/pets-fresh/node_modules/.pnpm/react@18.2.0/node_modules/react/cjs/react.development.js:2667:24)\n    at act (/home/ben/Downloads/pets-fresh/node_modules/.pnpm/react@18.2.0/node_modules/react/cjs/react.development.js:2582:11)\n    at actImplementation (/home/ben/Downloads/pets-fresh/node_modules/.pnpm/@testing-library+react-native@13.3.3_jest@29.7.0_@types+node@20.19.23_ts-node@10.9.2_@types+n_bqislzjev3aq7qu2rvhfa4g2em/node_modules/@testing-library/react-native/src/act.ts:30:25)\n    at renderWithAct (/home/ben/Downloads/pets-fresh/node_modules/.pnpm/@testing-library+react-native@13.3.3_jest@29.7.0_@types+node@20.19.23_ts-node@10.9.2_@types+n_bqislzjev3aq7qu2rvhfa4g2em/node_modules/@testing-library/react-native/src/render-act.ts:13:11)\n    at renderInternal (/home/ben/Downloads/pets-fresh/node_modules/.pnpm/@testing-library+react-native@13.3.3_jest@29.7.0_@types+node@20.19.23_ts-node@10.9.2_@types+n_bqislzjev3aq7qu2rvhfa4g2em/node_modules/@testing-library/react-native/src/render.tsx:69:33)\n    at renderInternal (/home/ben/Downloads/pets-fresh/node_modules/.pnpm/@testing-library+react-native@13.3.3_jest@29.7.0_@types+node@20.19.23_ts-node@10.9.2_@types+n_bqislzjev3aq7qu2rvhfa4g2em/node_modules/@testing-library/react-native/src/render.tsx:44:10)\n    at Object.<anonymous> (/home/ben/Downloads/pets-fresh/apps/mobile/src/navigation/__tests__/ActivePillTabBar.test.tsx:142:35)\n    at Promise.then.completed (/home/ben/Downloads/pets-fresh/node_modules/.pnpm/jest-circus@29.7.0/node_modules/jest-circus/build/utils.js:298:28)\n    at new Promise (<anonymous>)\n    at callAsyncCircusFn (/home/ben/Downloads/pets-fresh/node_modules/.pnpm/jest-circus@29.7.0/node_modules/jest-circus/build/utils.js:231:10)\n    at _callCircusTest (/home/ben/Downloads/pets-fresh/node_modules/.pnpm/jest-circus@29.7.0/node_modules/jest-circus/build/run.js:316:40)\n    at _runTest (/home/ben/Downloads/pets-fresh/node_modules/.pnpm/jest-circus@29.7.0/node_modules/jest-circus/build/run.js:252:3)\n    at _runTestsForDescribeBlock (/home/ben/Downloads/pets-fresh/node_modules/.pnpm/jest-circus@29.7.0/node_modules/jest-circus/build/run.js:126:9)\n    at _runTestsForDescribeBlock (/home/ben/Downloads/pets-fresh/node_modules/.pnpm/jest-circus@29.7.0/node_modules/jest-circus/build/run.js:121:9)\n    at run (/home/ben/Downloads/pets-fresh/node_modules/.pnpm/jest-circus@29.7.0/node_modules/jest-circus/build/run.js:71:3)\n    at runAndTransformResultsToJestFormat (/home/ben/Downloads/pets-fresh/node_modules/.pnpm/jest-circus@29.7.0/node_modules/jest-circus/build/legacy-code-todo-rewrite/jestAdapterInit.js:122:21)\n    at jestAdapter (/home/ben/Downloads/pets-fresh/node_modules/.pnpm/jest-circus@29.7.0/node_modules/jest-circus/build/legacy-code-todo-rewrite/jestAdapter.js:79:19)\n    at runTestInternal (/home/ben/Downloads/pets-fresh/node_modules/.pnpm/jest-runner@29.7.0/node_modules/jest-runner/build/runTest.js:367:16)\n    at runTest (/home/ben/Downloads/pets-fresh/node_modules/.pnpm/jest-runner@29.7.0/node_modules/jest-runner/build/runTest.js:444:34)"],"fullName":"ActivePillTabBar should navigate to tab on press","invocations":1,"location":null,"numPassingAsserts":0,"retryReasons":[],"status":"failed","title":"should navigate to tab on press"},{"ancestorTitles":["ActivePillTabBar"],"duration":25,"failureDetails":[{}],"failureMessages":["Error: Element type is invalid: expected a string (for built-in components) or a class/function (for composite components) but got: undefined. You likely forgot to export your component from the file it's defined in, or you might have mixed up default and named imports.\n\nCheck the render method of `ActivePillTabBar`.\n    at createFiberFromTypeAndProps (/home/ben/Downloads/pets-fresh/node_modules/.pnpm/react-test-renderer@18.2.0_react@18.2.0/node_modules/react-test-renderer/cjs/react-test-renderer.development.js:17518:17)\n    at createFiberFromElement (/home/ben/Downloads/pets-fresh/node_modules/.pnpm/react-test-renderer@18.2.0_react@18.2.0/node_modules/react-test-renderer/cjs/react-test-renderer.development.js:17544:15)\n    at createChild (/home/ben/Downloads/pets-fresh/node_modules/.pnpm/react-test-renderer@18.2.0_react@18.2.0/node_modules/react-test-renderer/cjs/react-test-renderer.development.js:5202:28)\n    at reconcileChildrenArray (/home/ben/Downloads/pets-fresh/node_modules/.pnpm/react-test-renderer@18.2.0_react@18.2.0/node_modules/react-test-renderer/cjs/react-test-renderer.development.js:5492:25)\n    at reconcileChildFibers (/home/ben/Downloads/pets-fresh/node_modules/.pnpm/react-test-renderer@18.2.0_react@18.2.0/node_modules/react-test-renderer/cjs/react-test-renderer.development.js:5884:16)\n    at reconcileChildren (/home/ben/Downloads/pets-fresh/node_modules/.pnpm/react-test-renderer@18.2.0_react@18.2.0/node_modules/react-test-renderer/cjs/react-test-renderer.development.js:9096:28)\n    at updateHostComponent (/home/ben/Downloads/pets-fresh/node_modules/.pnpm/react-test-renderer@18.2.0_react@18.2.0/node_modules/react-test-renderer/cjs/react-test-renderer.development.js:9713:3)\n    at beginWork (/home/ben/Downloads/pets-fresh/node_modules/.pnpm/react-test-renderer@18.2.0_react@18.2.0/node_modules/react-test-renderer/cjs/react-test-renderer.development.js:11343:14)\n    at performUnitOfWork (/home/ben/Downloads/pets-fresh/node_modules/.pnpm/react-test-renderer@18.2.0_react@18.2.0/node_modules/react-test-renderer/cjs/react-test-renderer.development.js:15811:12)\n    at workLoopSync (/home/ben/Downloads/pets-fresh/node_modules/.pnpm/react-test-renderer@18.2.0_react@18.2.0/node_modules/react-test-renderer/cjs/react-test-renderer.development.js:15745:5)\n    at renderRootSync (/home/ben/Downloads/pets-fresh/node_modules/.pnpm/react-test-renderer@18.2.0_react@18.2.0/node_modules/react-test-renderer/cjs/react-test-renderer.development.js:15717:7)\n    at recoverFromConcurrentError (/home/ben/Downloads/pets-fresh/node_modules/.pnpm/react-test-renderer@18.2.0_react@18.2.0/node_modules/react-test-renderer/cjs/react-test-renderer.development.js:15187:20)\n    at performConcurrentWorkOnRoot (/home/ben/Downloads/pets-fresh/node_modules/.pnpm/react-test-renderer@18.2.0_react@18.2.0/node_modules/react-test-renderer/cjs/react-test-renderer.development.js:15087:22)\n    at flushActQueue (/home/ben/Downloads/pets-fresh/node_modules/.pnpm/react@18.2.0/node_modules/react/cjs/react.development.js:2667:24)\n    at act (/home/ben/Downloads/pets-fresh/node_modules/.pnpm/react@18.2.0/node_modules/react/cjs/react.development.js:2582:11)\n    at actImplementation (/home/ben/Downloads/pets-fresh/node_modules/.pnpm/@testing-library+react-native@13.3.3_jest@29.7.0_@types+node@20.19.23_ts-node@10.9.2_@types+n_bqislzjev3aq7qu2rvhfa4g2em/node_modules/@testing-library/react-native/src/act.ts:30:25)\n    at renderWithAct (/home/ben/Downloads/pets-fresh/node_modules/.pnpm/@testing-library+react-native@13.3.3_jest@29.7.0_@types+node@20.19.23_ts-node@10.9.2_@types+n_bqislzjev3aq7qu2rvhfa4g2em/node_modules/@testing-library/react-native/src/render-act.ts:13:11)\n    at renderInternal (/home/ben/Downloads/pets-fresh/node_modules/.pnpm/@testing-library+react-native@13.3.3_jest@29.7.0_@types+node@20.19.23_ts-node@10.9.2_@types+n_bqislzjev3aq7qu2rvhfa4g2em/node_modules/@testing-library/react-native/src/render.tsx:69:33)\n    at renderInternal (/home/ben/Downloads/pets-fresh/node_modules/.pnpm/@testing-library+react-native@13.3.3_jest@29.7.0_@types+node@20.19.23_ts-node@10.9.2_@types+n_bqislzjev3aq7qu2rvhfa4g2em/node_modules/@testing-library/react-native/src/render.tsx:44:10)\n    at Object.<anonymous> (/home/ben/Downloads/pets-fresh/apps/mobile/src/navigation/__tests__/ActivePillTabBar.test.tsx:162:35)\n    at Promise.then.completed (/home/ben/Downloads/pets-fresh/node_modules/.pnpm/jest-circus@29.7.0/node_modules/jest-circus/build/utils.js:298:28)\n    at new Promise (<anonymous>)\n    at callAsyncCircusFn (/home/ben/Downloads/pets-fresh/node_modules/.pnpm/jest-circus@29.7.0/node_modules/jest-circus/build/utils.js:231:10)\n    at _callCircusTest (/home/ben/Downloads/pets-fresh/node_modules/.pnpm/jest-circus@29.7.0/node_modules/jest-circus/build/run.js:316:40)\n    at _runTest (/home/ben/Downloads/pets-fresh/node_modules/.pnpm/jest-circus@29.7.0/node_modules/jest-circus/build/run.js:252:3)\n    at _runTestsForDescribeBlock (/home/ben/Downloads/pets-fresh/node_modules/.pnpm/jest-circus@29.7.0/node_modules/jest-circus/build/run.js:126:9)\n    at _runTestsForDescribeBlock (/home/ben/Downloads/pets-fresh/node_modules/.pnpm/jest-circus@29.7.0/node_modules/jest-circus/build/run.js:121:9)\n    at run (/home/ben/Downloads/pets-fresh/node_modules/.pnpm/jest-circus@29.7.0/node_modules/jest-circus/build/run.js:71:3)\n    at runAndTransformResultsToJestFormat (/home/ben/Downloads/pets-fresh/node_modules/.pnpm/jest-circus@29.7.0/node_modules/jest-circus/build/legacy-code-todo-rewrite/jestAdapterInit.js:122:21)\n    at jestAdapter (/home/ben/Downloads/pets-fresh/node_modules/.pnpm/jest-circus@29.7.0/node_modules/jest-circus/build/legacy-code-todo-rewrite/jestAdapter.js:79:19)\n    at runTestInternal (/home/ben/Downloads/pets-fresh/node_modules/.pnpm/jest-runner@29.7.0/node_modules/jest-runner/build/runTest.js:367:16)\n    at runTest (/home/ben/Downloads/pets-fresh/node_modules/.pnpm/jest-runner@29.7.0/node_modules/jest-runner/build/runTest.js:444:34)"],"fullName":"ActivePillTabBar should not navigate when already on the tab","invocations":1,"location":null,"numPassingAsserts":0,"retryReasons":[],"status":"failed","title":"should not navigate when already on the tab"},{"ancestorTitles":["ActivePillTabBar"],"duration":10025,"failureDetails":[{},{"message":"thrown: \"Exceeded timeout of 10000 ms for a hook.\nAdd a timeout value to this test to increase the timeout, if this is a long-running test. See https://jestjs.io/docs/api#testname-fn-timeout.\""}],"failureMessages":["Error: Element type is invalid: expected a string (for built-in components) or a class/function (for composite components) but got: undefined. You likely forgot to export your component from the file it's defined in, or you might have mixed up default and named imports.\n\nCheck the render method of `ActivePillTabBar`.\n    at createFiberFromTypeAndProps (/home/ben/Downloads/pets-fresh/node_modules/.pnpm/react-test-renderer@18.2.0_react@18.2.0/node_modules/react-test-renderer/cjs/react-test-renderer.development.js:17518:17)\n    at createFiberFromElement (/home/ben/Downloads/pets-fresh/node_modules/.pnpm/react-test-renderer@18.2.0_react@18.2.0/node_modules/react-test-renderer/cjs/react-test-renderer.development.js:17544:15)\n    at createChild (/home/ben/Downloads/pets-fresh/node_modules/.pnpm/react-test-renderer@18.2.0_react@18.2.0/node_modules/react-test-renderer/cjs/react-test-renderer.development.js:5202:28)\n    at reconcileChildrenArray (/home/ben/Downloads/pets-fresh/node_modules/.pnpm/react-test-renderer@18.2.0_react@18.2.0/node_modules/react-test-renderer/cjs/react-test-renderer.development.js:5492:25)\n    at reconcileChildFibers (/home/ben/Downloads/pets-fresh/node_modules/.pnpm/react-test-renderer@18.2.0_react@18.2.0/node_modules/react-test-renderer/cjs/react-test-renderer.development.js:5884:16)\n    at reconcileChildren (/home/ben/Downloads/pets-fresh/node_modules/.pnpm/react-test-renderer@18.2.0_react@18.2.0/node_modules/react-test-renderer/cjs/react-test-renderer.development.js:9096:28)\n    at updateHostComponent (/home/ben/Downloads/pets-fresh/node_modules/.pnpm/react-test-renderer@18.2.0_react@18.2.0/node_modules/react-test-renderer/cjs/react-test-renderer.development.js:9713:3)\n    at beginWork (/home/ben/Downloads/pets-fresh/node_modules/.pnpm/react-test-renderer@18.2.0_react@18.2.0/node_modules/react-test-renderer/cjs/react-test-renderer.development.js:11343:14)\n    at performUnitOfWork (/home/ben/Downloads/pets-fresh/node_modules/.pnpm/react-test-renderer@18.2.0_react@18.2.0/node_modules/react-test-renderer/cjs/react-test-renderer.development.js:15811:12)\n    at workLoopSync (/home/ben/Downloads/pets-fresh/node_modules/.pnpm/react-test-renderer@18.2.0_react@18.2.0/node_modules/react-test-renderer/cjs/react-test-renderer.development.js:15745:5)\n    at renderRootSync (/home/ben/Downloads/pets-fresh/node_modules/.pnpm/react-test-renderer@18.2.0_react@18.2.0/node_modules/react-test-renderer/cjs/react-test-renderer.development.js:15717:7)\n    at recoverFromConcurrentError (/home/ben/Downloads/pets-fresh/node_modules/.pnpm/react-test-renderer@18.2.0_react@18.2.0/node_modules/react-test-renderer/cjs/react-test-renderer.development.js:15187:20)\n    at performConcurrentWorkOnRoot (/home/ben/Downloads/pets-fresh/node_modules/.pnpm/react-test-renderer@18.2.0_react@18.2.0/node_modules/react-test-renderer/cjs/react-test-renderer.development.js:15087:22)\n    at flushActQueue (/home/ben/Downloads/pets-fresh/node_modules/.pnpm/react@18.2.0/node_modules/react/cjs/react.development.js:2667:24)\n    at act (/home/ben/Downloads/pets-fresh/node_modules/.pnpm/react@18.2.0/node_modules/react/cjs/react.development.js:2582:11)\n    at actImplementation (/home/ben/Downloads/pets-fresh/node_modules/.pnpm/@testing-library+react-native@13.3.3_jest@29.7.0_@types+node@20.19.23_ts-node@10.9.2_@types+n_bqislzjev3aq7qu2rvhfa4g2em/node_modules/@testing-library/react-native/src/act.ts:30:25)\n    at renderWithAct (/home/ben/Downloads/pets-fresh/node_modules/.pnpm/@testing-library+react-native@13.3.3_jest@29.7.0_@types+node@20.19.23_ts-node@10.9.2_@types+n_bqislzjev3aq7qu2rvhfa4g2em/node_modules/@testing-library/react-native/src/render-act.ts:13:11)\n    at renderInternal (/home/ben/Downloads/pets-fresh/node_modules/.pnpm/@testing-library+react-native@13.3.3_jest@29.7.0_@types+node@20.19.23_ts-node@10.9.2_@types+n_bqislzjev3aq7qu2rvhfa4g2em/node_modules/@testing-library/react-native/src/render.tsx:69:33)\n    at renderInternal (/home/ben/Downloads/pets-fresh/node_modules/.pnpm/@testing-library+react-native@13.3.3_jest@29.7.0_@types+node@20.19.23_ts-node@10.9.2_@types+n_bqislzjev3aq7qu2rvhfa4g2em/node_modules/@testing-library/react-native/src/render.tsx:44:10)\n    at Object.<anonymous> (/home/ben/Downloads/pets-fresh/apps/mobile/src/navigation/__tests__/ActivePillTabBar.test.tsx:184:35)\n    at Generator.next (<anonymous>)\n    at asyncGeneratorStep (/home/ben/Downloads/pets-fresh/node_modules/.pnpm/@babel+runtime@7.28.4/node_modules/@babel/runtime/helpers/asyncToGenerator.js:3:17)\n    at _next (/home/ben/Downloads/pets-fresh/node_modules/.pnpm/@babel+runtime@7.28.4/node_modules/@babel/runtime/helpers/asyncToGenerator.js:17:9)\n    at /home/ben/Downloads/pets-fresh/node_modules/.pnpm/@babel+runtime@7.28.4/node_modules/@babel/runtime/helpers/asyncToGenerator.js:22:7\n    at new Promise (<anonymous>)\n    at Object.<anonymous> (/home/ben/Downloads/pets-fresh/node_modules/.pnpm/@babel+runtime@7.28.4/node_modules/@babel/runtime/helpers/asyncToGenerator.js:14:12)\n    at Promise.then.completed (/home/ben/Downloads/pets-fresh/node_modules/.pnpm/jest-circus@29.7.0/node_modules/jest-circus/build/utils.js:298:28)\n    at new Promise (<anonymous>)\n    at callAsyncCircusFn (/home/ben/Downloads/pets-fresh/node_modules/.pnpm/jest-circus@29.7.0/node_modules/jest-circus/build/utils.js:231:10)\n    at _callCircusTest (/home/ben/Downloads/pets-fresh/node_modules/.pnpm/jest-circus@29.7.0/node_modules/jest-circus/build/run.js:316:40)\n    at _runTest (/home/ben/Downloads/pets-fresh/node_modules/.pnpm/jest-circus@29.7.0/node_modules/jest-circus/build/run.js:252:3)\n    at _runTestsForDescribeBlock (/home/ben/Downloads/pets-fresh/node_modules/.pnpm/jest-circus@29.7.0/node_modules/jest-circus/build/run.js:126:9)\n    at _runTestsForDescribeBlock (/home/ben/Downloads/pets-fresh/node_modules/.pnpm/jest-circus@29.7.0/node_modules/jest-circus/build/run.js:121:9)\n    at run (/home/ben/Downloads/pets-fresh/node_modules/.pnpm/jest-circus@29.7.0/node_modules/jest-circus/build/run.js:71:3)\n    at runAndTransformResultsToJestFormat (/home/ben/Downloads/pets-fresh/node_modules/.pnpm/jest-circus@29.7.0/node_modules/jest-circus/build/legacy-code-todo-rewrite/jestAdapterInit.js:122:21)\n    at jestAdapter (/home/ben/Downloads/pets-fresh/node_modules/.pnpm/jest-circus@29.7.0/node_modules/jest-circus/build/legacy-code-todo-rewrite/jestAdapter.js:79:19)\n    at runTestInternal (/home/ben/Downloads/pets-fresh/node_modules/.pnpm/jest-runner@29.7.0/node_modules/jest-runner/build/runTest.js:367:16)\n    at runTest (/home/ben/Downloads/pets-fresh/node_modules/.pnpm/jest-runner@29.7.0/node_modules/jest-runner/build/runTest.js:444:34)","Error: thrown: \"Exceeded timeout of 10000 ms for a hook.\nAdd a timeout value to this test to increase the timeout, if this is a long-running test. See https://jestjs.io/docs/api#testname-fn-timeout.\"\n    at Object.afterEach (/home/ben/Downloads/pets-fresh/node_modules/.pnpm/@testing-library+react-native@13.3.3_jest@29.7.0_@types+node@20.19.23_ts-node@10.9.2_@types+n_bqislzjev3aq7qu2rvhfa4g2em/node_modules/@testing-library/react-native/src/index.ts:15:5)\n    at Runtime._execModule (/home/ben/Downloads/pets-fresh/node_modules/.pnpm/jest-runtime@29.7.0/node_modules/jest-runtime/build/index.js:1439:24)\n    at Runtime._loadModule (/home/ben/Downloads/pets-fresh/node_modules/.pnpm/jest-runtime@29.7.0/node_modules/jest-runtime/build/index.js:1022:12)\n    at Runtime.requireModule (/home/ben/Downloads/pets-fresh/node_modules/.pnpm/jest-runtime@29.7.0/node_modules/jest-runtime/build/index.js:882:12)\n    at Runtime.requireModuleOrMock (/home/ben/Downloads/pets-fresh/node_modules/.pnpm/jest-runtime@29.7.0/node_modules/jest-runtime/build/index.js:1048:21)\n    at Object.require (/home/ben/Downloads/pets-fresh/apps/mobile/src/navigation/__tests__/ActivePillTabBar.test.tsx:5:1)\n    at Runtime._execModule (/home/ben/Downloads/pets-fresh/node_modules/.pnpm/jest-runtime@29.7.0/node_modules/jest-runtime/build/index.js:1439:24)\n    at Runtime._loadModule (/home/ben/Downloads/pets-fresh/node_modules/.pnpm/jest-runtime@29.7.0/node_modules/jest-runtime/build/index.js:1022:12)\n    at Runtime.requireModule (/home/ben/Downloads/pets-fresh/node_modules/.pnpm/jest-runtime@29.7.0/node_modules/jest-runtime/build/index.js:882:12)\n    at jestAdapter (/home/ben/Downloads/pets-fresh/node_modules/.pnpm/jest-circus@29.7.0/node_modules/jest-circus/build/legacy-code-todo-rewrite/jestAdapter.js:77:13)\n    at runTestInternal (/home/ben/Downloads/pets-fresh/node_modules/.pnpm/jest-runner@29.7.0/node_modules/jest-runner/build/runTest.js:367:16)\n    at runTest (/home/ben/Downloads/pets-fresh/node_modules/.pnpm/jest-runner@29.7.0/node_modules/jest-runner/build/runTest.js:444:34)"],"fullName":"ActivePillTabBar should detect double-tap and emit tabDoublePress event","invocations":1,"location":null,"numPassingAsserts":0,"retryReasons":[],"status":"failed","title":"should detect double-tap and emit tabDoublePress event"},{"ancestorTitles":["ActivePillTabBar"],"duration":10025,"failureDetails":[{},{"message":"thrown: \"Exceeded timeout of 10000 ms for a hook.\nAdd a timeout value to this test to increase the timeout, if this is a long-running test. See https://jestjs.io/docs/api#testname-fn-timeout.\""}],"failureMessages":["Error: Element type is invalid: expected a string (for built-in components) or a class/function (for composite components) but got: undefined. You likely forgot to export your component from the file it's defined in, or you might have mixed up default and named imports.\n\nCheck the render method of `ActivePillTabBar`.\n    at createFiberFromTypeAndProps (/home/ben/Downloads/pets-fresh/node_modules/.pnpm/react-test-renderer@18.2.0_react@18.2.0/node_modules/react-test-renderer/cjs/react-test-renderer.development.js:17518:17)\n    at createFiberFromElement (/home/ben/Downloads/pets-fresh/node_modules/.pnpm/react-test-renderer@18.2.0_react@18.2.0/node_modules/react-test-renderer/cjs/react-test-renderer.development.js:17544:15)\n    at createChild (/home/ben/Downloads/pets-fresh/node_modules/.pnpm/react-test-renderer@18.2.0_react@18.2.0/node_modules/react-test-renderer/cjs/react-test-renderer.development.js:5202:28)\n    at reconcileChildrenArray (/home/ben/Downloads/pets-fresh/node_modules/.pnpm/react-test-renderer@18.2.0_react@18.2.0/node_modules/react-test-renderer/cjs/react-test-renderer.development.js:5492:25)\n    at reconcileChildFibers (/home/ben/Downloads/pets-fresh/node_modules/.pnpm/react-test-renderer@18.2.0_react@18.2.0/node_modules/react-test-renderer/cjs/react-test-renderer.development.js:5884:16)\n    at reconcileChildren (/home/ben/Downloads/pets-fresh/node_modules/.pnpm/react-test-renderer@18.2.0_react@18.2.0/node_modules/react-test-renderer/cjs/react-test-renderer.development.js:9096:28)\n    at updateHostComponent (/home/ben/Downloads/pets-fresh/node_modules/.pnpm/react-test-renderer@18.2.0_react@18.2.0/node_modules/react-test-renderer/cjs/react-test-renderer.development.js:9713:3)\n    at beginWork (/home/ben/Downloads/pets-fresh/node_modules/.pnpm/react-test-renderer@18.2.0_react@18.2.0/node_modules/react-test-renderer/cjs/react-test-renderer.development.js:11343:14)\n    at performUnitOfWork (/home/ben/Downloads/pets-fresh/node_modules/.pnpm/react-test-renderer@18.2.0_react@18.2.0/node_modules/react-test-renderer/cjs/react-test-renderer.development.js:15811:12)\n    at workLoopSync (/home/ben/Downloads/pets-fresh/node_modules/.pnpm/react-test-renderer@18.2.0_react@18.2.0/node_modules/react-test-renderer/cjs/react-test-renderer.development.js:15745:5)\n    at renderRootSync (/home/ben/Downloads/pets-fresh/node_modules/.pnpm/react-test-renderer@18.2.0_react@18.2.0/node_modules/react-test-renderer/cjs/react-test-renderer.development.js:15717:7)\n    at recoverFromConcurrentError (/home/ben/Downloads/pets-fresh/node_modules/.pnpm/react-test-renderer@18.2.0_react@18.2.0/node_modules/react-test-renderer/cjs/react-test-renderer.development.js:15187:20)\n    at performConcurrentWorkOnRoot (/home/ben/Downloads/pets-fresh/node_modules/.pnpm/react-test-renderer@18.2.0_react@18.2.0/node_modules/react-test-renderer/cjs/react-test-renderer.development.js:15087:22)\n    at flushActQueue (/home/ben/Downloads/pets-fresh/node_modules/.pnpm/react@18.2.0/node_modules/react/cjs/react.development.js:2667:24)\n    at act (/home/ben/Downloads/pets-fresh/node_modules/.pnpm/react@18.2.0/node_modules/react/cjs/react.development.js:2582:11)\n    at actImplementation (/home/ben/Downloads/pets-fresh/node_modules/.pnpm/@testing-library+react-native@13.3.3_jest@29.7.0_@types+node@20.19.23_ts-node@10.9.2_@types+n_bqislzjev3aq7qu2rvhfa4g2em/node_modules/@testing-library/react-native/src/act.ts:30:25)\n    at renderWithAct (/home/ben/Downloads/pets-fresh/node_modules/.pnpm/@testing-library+react-native@13.3.3_jest@29.7.0_@types+node@20.19.23_ts-node@10.9.2_@types+n_bqislzjev3aq7qu2rvhfa4g2em/node_modules/@testing-library/react-native/src/render-act.ts:13:11)\n    at renderInternal (/home/ben/Downloads/pets-fresh/node_modules/.pnpm/@testing-library+react-native@13.3.3_jest@29.7.0_@types+node@20.19.23_ts-node@10.9.2_@types+n_bqislzjev3aq7qu2rvhfa4g2em/node_modules/@testing-library/react-native/src/render.tsx:69:33)\n    at renderInternal (/home/ben/Downloads/pets-fresh/node_modules/.pnpm/@testing-library+react-native@13.3.3_jest@29.7.0_@types+node@20.19.23_ts-node@10.9.2_@types+n_bqislzjev3aq7qu2rvhfa4g2em/node_modules/@testing-library/react-native/src/render.tsx:44:10)\n    at Object.<anonymous> (/home/ben/Downloads/pets-fresh/apps/mobile/src/navigation/__tests__/ActivePillTabBar.test.tsx:215:35)\n    at Generator.next (<anonymous>)\n    at asyncGeneratorStep (/home/ben/Downloads/pets-fresh/node_modules/.pnpm/@babel+runtime@7.28.4/node_modules/@babel/runtime/helpers/asyncToGenerator.js:3:17)\n    at _next (/home/ben/Downloads/pets-fresh/node_modules/.pnpm/@babel+runtime@7.28.4/node_modules/@babel/runtime/helpers/asyncToGenerator.js:17:9)\n    at /home/ben/Downloads/pets-fresh/node_modules/.pnpm/@babel+runtime@7.28.4/node_modules/@babel/runtime/helpers/asyncToGenerator.js:22:7\n    at new Promise (<anonymous>)\n    at Object.<anonymous> (/home/ben/Downloads/pets-fresh/node_modules/.pnpm/@babel+runtime@7.28.4/node_modules/@babel/runtime/helpers/asyncToGenerator.js:14:12)\n    at Promise.then.completed (/home/ben/Downloads/pets-fresh/node_modules/.pnpm/jest-circus@29.7.0/node_modules/jest-circus/build/utils.js:298:28)\n    at new Promise (<anonymous>)\n    at callAsyncCircusFn (/home/ben/Downloads/pets-fresh/node_modules/.pnpm/jest-circus@29.7.0/node_modules/jest-circus/build/utils.js:231:10)\n    at _callCircusTest (/home/ben/Downloads/pets-fresh/node_modules/.pnpm/jest-circus@29.7.0/node_modules/jest-circus/build/run.js:316:40)\n    at _runTest (/home/ben/Downloads/pets-fresh/node_modules/.pnpm/jest-circus@29.7.0/node_modules/jest-circus/build/run.js:252:3)\n    at _runTestsForDescribeBlock (/home/ben/Downloads/pets-fresh/node_modules/.pnpm/jest-circus@29.7.0/node_modules/jest-circus/build/run.js:126:9)\n    at _runTestsForDescribeBlock (/home/ben/Downloads/pets-fresh/node_modules/.pnpm/jest-circus@29.7.0/node_modules/jest-circus/build/run.js:121:9)\n    at run (/home/ben/Downloads/pets-fresh/node_modules/.pnpm/jest-circus@29.7.0/node_modules/jest-circus/build/run.js:71:3)\n    at runAndTransformResultsToJestFormat (/home/ben/Downloads/pets-fresh/node_modules/.pnpm/jest-circus@29.7.0/node_modules/jest-circus/build/legacy-code-todo-rewrite/jestAdapterInit.js:122:21)\n    at jestAdapter (/home/ben/Downloads/pets-fresh/node_modules/.pnpm/jest-circus@29.7.0/node_modules/jest-circus/build/legacy-code-todo-rewrite/jestAdapter.js:79:19)\n    at runTestInternal (/home/ben/Downloads/pets-fresh/node_modules/.pnpm/jest-runner@29.7.0/node_modules/jest-runner/build/runTest.js:367:16)\n    at runTest (/home/ben/Downloads/pets-fresh/node_modules/.pnpm/jest-runner@29.7.0/node_modules/jest-runner/build/runTest.js:444:34)","Error: thrown: \"Exceeded timeout of 10000 ms for a hook.\nAdd a timeout value to this test to increase the timeout, if this is a long-running test. See https://jestjs.io/docs/api#testname-fn-timeout.\"\n    at Object.afterEach (/home/ben/Downloads/pets-fresh/node_modules/.pnpm/@testing-library+react-native@13.3.3_jest@29.7.0_@types+node@20.19.23_ts-node@10.9.2_@types+n_bqislzjev3aq7qu2rvhfa4g2em/node_modules/@testing-library/react-native/src/index.ts:15:5)\n    at Runtime._execModule (/home/ben/Downloads/pets-fresh/node_modules/.pnpm/jest-runtime@29.7.0/node_modules/jest-runtime/build/index.js:1439:24)\n    at Runtime._loadModule (/home/ben/Downloads/pets-fresh/node_modules/.pnpm/jest-runtime@29.7.0/node_modules/jest-runtime/build/index.js:1022:12)\n    at Runtime.requireModule (/home/ben/Downloads/pets-fresh/node_modules/.pnpm/jest-runtime@29.7.0/node_modules/jest-runtime/build/index.js:882:12)\n    at Runtime.requireModuleOrMock (/home/ben/Downloads/pets-fresh/node_modules/.pnpm/jest-runtime@29.7.0/node_modules/jest-runtime/build/index.js:1048:21)\n    at Object.require (/home/ben/Downloads/pets-fresh/apps/mobile/src/navigation/__tests__/ActivePillTabBar.test.tsx:5:1)\n    at Runtime._execModule (/home/ben/Downloads/pets-fresh/node_modules/.pnpm/jest-runtime@29.7.0/node_modules/jest-runtime/build/index.js:1439:24)\n    at Runtime._loadModule (/home/ben/Downloads/pets-fresh/node_modules/.pnpm/jest-runtime@29.7.0/node_modules/jest-runtime/build/index.js:1022:12)\n    at Runtime.requireModule (/home/ben/Downloads/pets-fresh/node_modules/.pnpm/jest-runtime@29.7.0/node_modules/jest-runtime/build/index.js:882:12)\n    at jestAdapter (/home/ben/Downloads/pets-fresh/node_modules/.pnpm/jest-circus@29.7.0/node_modules/jest-circus/build/legacy-code-todo-rewrite/jestAdapter.js:77:13)\n    at runTestInternal (/home/ben/Downloads/pets-fresh/node_modules/.pnpm/jest-runner@29.7.0/node_modules/jest-runner/build/runTest.js:367:16)\n    at runTest (/home/ben/Downloads/pets-fresh/node_modules/.pnpm/jest-runner@29.7.0/node_modules/jest-runner/build/runTest.js:444:34)"],"fullName":"ActivePillTabBar should not emit tabDoublePress if second tap is after 300ms","invocations":1,"location":null,"numPassingAsserts":0,"retryReasons":[],"status":"failed","title":"should not emit tabDoublePress if second tap is after 300ms"},{"ancestorTitles":["ActivePillTabBar"],"duration":10029,"failureDetails":[{},{"message":"thrown: \"Exceeded timeout of 10000 ms for a hook.\nAdd a timeout value to this test to increase the timeout, if this is a long-running test. See https://jestjs.io/docs/api#testname-fn-timeout.\""}],"failureMessages":["Error: Element type is invalid: expected a string (for built-in components) or a class/function (for composite components) but got: undefined. You likely forgot to export your component from the file it's defined in, or you might have mixed up default and named imports.\n\nCheck the render method of `ActivePillTabBar`.\n    at createFiberFromTypeAndProps (/home/ben/Downloads/pets-fresh/node_modules/.pnpm/react-test-renderer@18.2.0_react@18.2.0/node_modules/react-test-renderer/cjs/react-test-renderer.development.js:17518:17)\n    at createFiberFromElement (/home/ben/Downloads/pets-fresh/node_modules/.pnpm/react-test-renderer@18.2.0_react@18.2.0/node_modules/react-test-renderer/cjs/react-test-renderer.development.js:17544:15)\n    at createChild (/home/ben/Downloads/pets-fresh/node_modules/.pnpm/react-test-renderer@18.2.0_react@18.2.0/node_modules/react-test-renderer/cjs/react-test-renderer.development.js:5202:28)\n    at reconcileChildrenArray (/home/ben/Downloads/pets-fresh/node_modules/.pnpm/react-test-renderer@18.2.0_react@18.2.0/node_modules/react-test-renderer/cjs/react-test-renderer.development.js:5492:25)\n    at reconcileChildFibers (/home/ben/Downloads/pets-fresh/node_modules/.pnpm/react-test-renderer@18.2.0_react@18.2.0/node_modules/react-test-renderer/cjs/react-test-renderer.development.js:5884:16)\n    at reconcileChildren (/home/ben/Downloads/pets-fresh/node_modules/.pnpm/react-test-renderer@18.2.0_react@18.2.0/node_modules/react-test-renderer/cjs/react-test-renderer.development.js:9096:28)\n    at updateHostComponent (/home/ben/Downloads/pets-fresh/node_modules/.pnpm/react-test-renderer@18.2.0_react@18.2.0/node_modules/react-test-renderer/cjs/react-test-renderer.development.js:9713:3)\n    at beginWork (/home/ben/Downloads/pets-fresh/node_modules/.pnpm/react-test-renderer@18.2.0_react@18.2.0/node_modules/react-test-renderer/cjs/react-test-renderer.development.js:11343:14)\n    at performUnitOfWork (/home/ben/Downloads/pets-fresh/node_modules/.pnpm/react-test-renderer@18.2.0_react@18.2.0/node_modules/react-test-renderer/cjs/react-test-renderer.development.js:15811:12)\n    at workLoopSync (/home/ben/Downloads/pets-fresh/node_modules/.pnpm/react-test-renderer@18.2.0_react@18.2.0/node_modules/react-test-renderer/cjs/react-test-renderer.development.js:15745:5)\n    at renderRootSync (/home/ben/Downloads/pets-fresh/node_modules/.pnpm/react-test-renderer@18.2.0_react@18.2.0/node_modules/react-test-renderer/cjs/react-test-renderer.development.js:15717:7)\n    at recoverFromConcurrentError (/home/ben/Downloads/pets-fresh/node_modules/.pnpm/react-test-renderer@18.2.0_react@18.2.0/node_modules/react-test-renderer/cjs/react-test-renderer.development.js:15187:20)\n    at performConcurrentWorkOnRoot (/home/ben/Downloads/pets-fresh/node_modules/.pnpm/react-test-renderer@18.2.0_react@18.2.0/node_modules/react-test-renderer/cjs/react-test-renderer.development.js:15087:22)\n    at flushActQueue (/home/ben/Downloads/pets-fresh/node_modules/.pnpm/react@18.2.0/node_modules/react/cjs/react.development.js:2667:24)\n    at act (/home/ben/Downloads/pets-fresh/node_modules/.pnpm/react@18.2.0/node_modules/react/cjs/react.development.js:2582:11)\n    at actImplementation (/home/ben/Downloads/pets-fresh/node_modules/.pnpm/@testing-library+react-native@13.3.3_jest@29.7.0_@types+node@20.19.23_ts-node@10.9.2_@types+n_bqislzjev3aq7qu2rvhfa4g2em/node_modules/@testing-library/react-native/src/act.ts:30:25)\n    at renderWithAct (/home/ben/Downloads/pets-fresh/node_modules/.pnpm/@testing-library+react-native@13.3.3_jest@29.7.0_@types+node@20.19.23_ts-node@10.9.2_@types+n_bqislzjev3aq7qu2rvhfa4g2em/node_modules/@testing-library/react-native/src/render-act.ts:13:11)\n    at renderInternal (/home/ben/Downloads/pets-fresh/node_modules/.pnpm/@testing-library+react-native@13.3.3_jest@29.7.0_@types+node@20.19.23_ts-node@10.9.2_@types+n_bqislzjev3aq7qu2rvhfa4g2em/node_modules/@testing-library/react-native/src/render.tsx:69:33)\n    at renderInternal (/home/ben/Downloads/pets-fresh/node_modules/.pnpm/@testing-library+react-native@13.3.3_jest@29.7.0_@types+node@20.19.23_ts-node@10.9.2_@types+n_bqislzjev3aq7qu2rvhfa4g2em/node_modules/@testing-library/react-native/src/render.tsx:44:10)\n    at Object.<anonymous> (/home/ben/Downloads/pets-fresh/apps/mobile/src/navigation/__tests__/ActivePillTabBar.test.tsx:246:33)\n    at Promise.then.completed (/home/ben/Downloads/pets-fresh/node_modules/.pnpm/jest-circus@29.7.0/node_modules/jest-circus/build/utils.js:298:28)\n    at new Promise (<anonymous>)\n    at callAsyncCircusFn (/home/ben/Downloads/pets-fresh/node_modules/.pnpm/jest-circus@29.7.0/node_modules/jest-circus/build/utils.js:231:10)\n    at _callCircusTest (/home/ben/Downloads/pets-fresh/node_modules/.pnpm/jest-circus@29.7.0/node_modules/jest-circus/build/run.js:316:40)\n    at _runTest (/home/ben/Downloads/pets-fresh/node_modules/.pnpm/jest-circus@29.7.0/node_modules/jest-circus/build/run.js:252:3)\n    at _runTestsForDescribeBlock (/home/ben/Downloads/pets-fresh/node_modules/.pnpm/jest-circus@29.7.0/node_modules/jest-circus/build/run.js:126:9)\n    at _runTestsForDescribeBlock (/home/ben/Downloads/pets-fresh/node_modules/.pnpm/jest-circus@29.7.0/node_modules/jest-circus/build/run.js:121:9)\n    at run (/home/ben/Downloads/pets-fresh/node_modules/.pnpm/jest-circus@29.7.0/node_modules/jest-circus/build/run.js:71:3)\n    at runAndTransformResultsToJestFormat (/home/ben/Downloads/pets-fresh/node_modules/.pnpm/jest-circus@29.7.0/node_modules/jest-circus/build/legacy-code-todo-rewrite/jestAdapterInit.js:122:21)\n    at jestAdapter (/home/ben/Downloads/pets-fresh/node_modules/.pnpm/jest-circus@29.7.0/node_modules/jest-circus/build/legacy-code-todo-rewrite/jestAdapter.js:79:19)\n    at runTestInternal (/home/ben/Downloads/pets-fresh/node_modules/.pnpm/jest-runner@29.7.0/node_modules/jest-runner/build/runTest.js:367:16)\n    at runTest (/home/ben/Downloads/pets-fresh/node_modules/.pnpm/jest-runner@29.7.0/node_modules/jest-runner/build/runTest.js:444:34)","Error: thrown: \"Exceeded timeout of 10000 ms for a hook.\nAdd a timeout value to this test to increase the timeout, if this is a long-running test. See https://jestjs.io/docs/api#testname-fn-timeout.\"\n    at Object.afterEach (/home/ben/Downloads/pets-fresh/node_modules/.pnpm/@testing-library+react-native@13.3.3_jest@29.7.0_@types+node@20.19.23_ts-node@10.9.2_@types+n_bqislzjev3aq7qu2rvhfa4g2em/node_modules/@testing-library/react-native/src/index.ts:15:5)\n    at Runtime._execModule (/home/ben/Downloads/pets-fresh/node_modules/.pnpm/jest-runtime@29.7.0/node_modules/jest-runtime/build/index.js:1439:24)\n    at Runtime._loadModule (/home/ben/Downloads/pets-fresh/node_modules/.pnpm/jest-runtime@29.7.0/node_modules/jest-runtime/build/index.js:1022:12)\n    at Runtime.requireModule (/home/ben/Downloads/pets-fresh/node_modules/.pnpm/jest-runtime@29.7.0/node_modules/jest-runtime/build/index.js:882:12)\n    at Runtime.requireModuleOrMock (/home/ben/Downloads/pets-fresh/node_modules/.pnpm/jest-runtime@29.7.0/node_modules/jest-runtime/build/index.js:1048:21)\n    at Object.require (/home/ben/Downloads/pets-fresh/apps/mobile/src/navigation/__tests__/ActivePillTabBar.test.tsx:5:1)\n    at Runtime._execModule (/home/ben/Downloads/pets-fresh/node_modules/.pnpm/jest-runtime@29.7.0/node_modules/jest-runtime/build/index.js:1439:24)\n    at Runtime._loadModule (/home/ben/Downloads/pets-fresh/node_modules/.pnpm/jest-runtime@29.7.0/node_modules/jest-runtime/build/index.js:1022:12)\n    at Runtime.requireModule (/home/ben/Downloads/pets-fresh/node_modules/.pnpm/jest-runtime@29.7.0/node_modules/jest-runtime/build/index.js:882:12)\n    at jestAdapter (/home/ben/Downloads/pets-fresh/node_modules/.pnpm/jest-circus@29.7.0/node_modules/jest-circus/build/legacy-code-todo-rewrite/jestAdapter.js:77:13)\n    at runTestInternal (/home/ben/Downloads/pets-fresh/node_modules/.pnpm/jest-runner@29.7.0/node_modules/jest-runner/build/runTest.js:367:16)\n    at runTest (/home/ben/Downloads/pets-fresh/node_modules/.pnpm/jest-runner@29.7.0/node_modules/jest-runner/build/runTest.js:444:34)"],"fullName":"ActivePillTabBar should show badge for routes with counts","invocations":1,"location":null,"numPassingAsserts":0,"retryReasons":[],"status":"failed","title":"should show badge for routes with counts"},{"ancestorTitles":["ActivePillTabBar"],"duration":10025,"failureDetails":[{},{"message":"thrown: \"Exceeded timeout of 10000 ms for a hook.\nAdd a timeout value to this test to increase the timeout, if this is a long-running test. See https://jestjs.io/docs/api#testname-fn-timeout.\""}],"failureMessages":["Error: Element type is invalid: expected a string (for built-in components) or a class/function (for composite components) but got: undefined. You likely forgot to export your component from the file it's defined in, or you might have mixed up default and named imports.\n\nCheck the render method of `ActivePillTabBar`.\n    at createFiberFromTypeAndProps (/home/ben/Downloads/pets-fresh/node_modules/.pnpm/react-test-renderer@18.2.0_react@18.2.0/node_modules/react-test-renderer/cjs/react-test-renderer.development.js:17518:17)\n    at createFiberFromElement (/home/ben/Downloads/pets-fresh/node_modules/.pnpm/react-test-renderer@18.2.0_react@18.2.0/node_modules/react-test-renderer/cjs/react-test-renderer.development.js:17544:15)\n    at createChild (/home/ben/Downloads/pets-fresh/node_modules/.pnpm/react-test-renderer@18.2.0_react@18.2.0/node_modules/react-test-renderer/cjs/react-test-renderer.development.js:5202:28)\n    at reconcileChildrenArray (/home/ben/Downloads/pets-fresh/node_modules/.pnpm/react-test-renderer@18.2.0_react@18.2.0/node_modules/react-test-renderer/cjs/react-test-renderer.development.js:5492:25)\n    at reconcileChildFibers (/home/ben/Downloads/pets-fresh/node_modules/.pnpm/react-test-renderer@18.2.0_react@18.2.0/node_modules/react-test-renderer/cjs/react-test-renderer.development.js:5884:16)\n    at reconcileChildren (/home/ben/Downloads/pets-fresh/node_modules/.pnpm/react-test-renderer@18.2.0_react@18.2.0/node_modules/react-test-renderer/cjs/react-test-renderer.development.js:9096:28)\n    at updateHostComponent (/home/ben/Downloads/pets-fresh/node_modules/.pnpm/react-test-renderer@18.2.0_react@18.2.0/node_modules/react-test-renderer/cjs/react-test-renderer.development.js:9713:3)\n    at beginWork (/home/ben/Downloads/pets-fresh/node_modules/.pnpm/react-test-renderer@18.2.0_react@18.2.0/node_modules/react-test-renderer/cjs/react-test-renderer.development.js:11343:14)\n    at performUnitOfWork (/home/ben/Downloads/pets-fresh/node_modules/.pnpm/react-test-renderer@18.2.0_react@18.2.0/node_modules/react-test-renderer/cjs/react-test-renderer.development.js:15811:12)\n    at workLoopSync (/home/ben/Downloads/pets-fresh/node_modules/.pnpm/react-test-renderer@18.2.0_react@18.2.0/node_modules/react-test-renderer/cjs/react-test-renderer.development.js:15745:5)\n    at renderRootSync (/home/ben/Downloads/pets-fresh/node_modules/.pnpm/react-test-renderer@18.2.0_react@18.2.0/node_modules/react-test-renderer/cjs/react-test-renderer.development.js:15717:7)\n    at recoverFromConcurrentError (/home/ben/Downloads/pets-fresh/node_modules/.pnpm/react-test-renderer@18.2.0_react@18.2.0/node_modules/react-test-renderer/cjs/react-test-renderer.development.js:15187:20)\n    at performConcurrentWorkOnRoot (/home/ben/Downloads/pets-fresh/node_modules/.pnpm/react-test-renderer@18.2.0_react@18.2.0/node_modules/react-test-renderer/cjs/react-test-renderer.development.js:15087:22)\n    at flushActQueue (/home/ben/Downloads/pets-fresh/node_modules/.pnpm/react@18.2.0/node_modules/react/cjs/react.development.js:2667:24)\n    at act (/home/ben/Downloads/pets-fresh/node_modules/.pnpm/react@18.2.0/node_modules/react/cjs/react.development.js:2582:11)\n    at actImplementation (/home/ben/Downloads/pets-fresh/node_modules/.pnpm/@testing-library+react-native@13.3.3_jest@29.7.0_@types+node@20.19.23_ts-node@10.9.2_@types+n_bqislzjev3aq7qu2rvhfa4g2em/node_modules/@testing-library/react-native/src/act.ts:30:25)\n    at renderWithAct (/home/ben/Downloads/pets-fresh/node_modules/.pnpm/@testing-library+react-native@13.3.3_jest@29.7.0_@types+node@20.19.23_ts-node@10.9.2_@types+n_bqislzjev3aq7qu2rvhfa4g2em/node_modules/@testing-library/react-native/src/render-act.ts:13:11)\n    at renderInternal (/home/ben/Downloads/pets-fresh/node_modules/.pnpm/@testing-library+react-native@13.3.3_jest@29.7.0_@types+node@20.19.23_ts-node@10.9.2_@types+n_bqislzjev3aq7qu2rvhfa4g2em/node_modules/@testing-library/react-native/src/render.tsx:69:33)\n    at renderInternal (/home/ben/Downloads/pets-fresh/node_modules/.pnpm/@testing-library+react-native@13.3.3_jest@29.7.0_@types+node@20.19.23_ts-node@10.9.2_@types+n_bqislzjev3aq7qu2rvhfa4g2em/node_modules/@testing-library/react-native/src/render.tsx:44:10)\n    at Object.<anonymous> (/home/ben/Downloads/pets-fresh/apps/mobile/src/navigation/__tests__/ActivePillTabBar.test.tsx:259:33)\n    at Promise.then.completed (/home/ben/Downloads/pets-fresh/node_modules/.pnpm/jest-circus@29.7.0/node_modules/jest-circus/build/utils.js:298:28)\n    at new Promise (<anonymous>)\n    at callAsyncCircusFn (/home/ben/Downloads/pets-fresh/node_modules/.pnpm/jest-circus@29.7.0/node_modules/jest-circus/build/utils.js:231:10)\n    at _callCircusTest (/home/ben/Downloads/pets-fresh/node_modules/.pnpm/jest-circus@29.7.0/node_modules/jest-circus/build/run.js:316:40)\n    at _runTest (/home/ben/Downloads/pets-fresh/node_modules/.pnpm/jest-circus@29.7.0/node_modules/jest-circus/build/run.js:252:3)\n    at _runTestsForDescribeBlock (/home/ben/Downloads/pets-fresh/node_modules/.pnpm/jest-circus@29.7.0/node_modules/jest-circus/build/run.js:126:9)\n    at _runTestsForDescribeBlock (/home/ben/Downloads/pets-fresh/node_modules/.pnpm/jest-circus@29.7.0/node_modules/jest-circus/build/run.js:121:9)\n    at run (/home/ben/Downloads/pets-fresh/node_modules/.pnpm/jest-circus@29.7.0/node_modules/jest-circus/build/run.js:71:3)\n    at runAndTransformResultsToJestFormat (/home/ben/Downloads/pets-fresh/node_modules/.pnpm/jest-circus@29.7.0/node_modules/jest-circus/build/legacy-code-todo-rewrite/jestAdapterInit.js:122:21)\n    at jestAdapter (/home/ben/Downloads/pets-fresh/node_modules/.pnpm/jest-circus@29.7.0/node_modules/jest-circus/build/legacy-code-todo-rewrite/jestAdapter.js:79:19)\n    at runTestInternal (/home/ben/Downloads/pets-fresh/node_modules/.pnpm/jest-runner@29.7.0/node_modules/jest-runner/build/runTest.js:367:16)\n    at runTest (/home/ben/Downloads/pets-fresh/node_modules/.pnpm/jest-runner@29.7.0/node_modules/jest-runner/build/runTest.js:444:34)","Error: thrown: \"Exceeded timeout of 10000 ms for a hook.\nAdd a timeout value to this test to increase the timeout, if this is a long-running test. See https://jestjs.io/docs/api#testname-fn-timeout.\"\n    at Object.afterEach (/home/ben/Downloads/pets-fresh/node_modules/.pnpm/@testing-library+react-native@13.3.3_jest@29.7.0_@types+node@20.19.23_ts-node@10.9.2_@types+n_bqislzjev3aq7qu2rvhfa4g2em/node_modules/@testing-library/react-native/src/index.ts:15:5)\n    at Runtime._execModule (/home/ben/Downloads/pets-fresh/node_modules/.pnpm/jest-runtime@29.7.0/node_modules/jest-runtime/build/index.js:1439:24)\n    at Runtime._loadModule (/home/ben/Downloads/pets-fresh/node_modules/.pnpm/jest-runtime@29.7.0/node_modules/jest-runtime/build/index.js:1022:12)\n    at Runtime.requireModule (/home/ben/Downloads/pets-fresh/node_modules/.pnpm/jest-runtime@29.7.0/node_modules/jest-runtime/build/index.js:882:12)\n    at Runtime.requireModuleOrMock (/home/ben/Downloads/pets-fresh/node_modules/.pnpm/jest-runtime@29.7.0/node_modules/jest-runtime/build/index.js:1048:21)\n    at Object.require (/home/ben/Downloads/pets-fresh/apps/mobile/src/navigation/__tests__/ActivePillTabBar.test.tsx:5:1)\n    at Runtime._execModule (/home/ben/Downloads/pets-fresh/node_modules/.pnpm/jest-runtime@29.7.0/node_modules/jest-runtime/build/index.js:1439:24)\n    at Runtime._loadModule (/home/ben/Downloads/pets-fresh/node_modules/.pnpm/jest-runtime@29.7.0/node_modules/jest-runtime/build/index.js:1022:12)\n    at Runtime.requireModule (/home/ben/Downloads/pets-fresh/node_modules/.pnpm/jest-runtime@29.7.0/node_modules/jest-runtime/build/index.js:882:12)\n    at jestAdapter (/home/ben/Downloads/pets-fresh/node_modules/.pnpm/jest-circus@29.7.0/node_modules/jest-circus/build/legacy-code-todo-rewrite/jestAdapter.js:77:13)\n    at runTestInternal (/home/ben/Downloads/pets-fresh/node_modules/.pnpm/jest-runner@29.7.0/node_modules/jest-runner/build/runTest.js:367:16)\n    at runTest (/home/ben/Downloads/pets-fresh/node_modules/.pnpm/jest-runner@29.7.0/node_modules/jest-runner/build/runTest.js:444:34)"],"fullName":"ActivePillTabBar should display badges for Home and Map tabs","invocations":1,"location":null,"numPassingAsserts":0,"retryReasons":[],"status":"failed","title":"should display badges for Home and Map tabs"},{"ancestorTitles":["ActivePillTabBar"],"duration":10036,"failureDetails":[{},{"message":"thrown: \"Exceeded timeout of 10000 ms for a hook.\nAdd a timeout value to this test to increase the timeout, if this is a long-running test. See https://jestjs.io/docs/api#testname-fn-timeout.\""}],"failureMessages":["Error: Element type is invalid: expected a string (for built-in components) or a class/function (for composite components) but got: undefined. You likely forgot to export your component from the file it's defined in, or you might have mixed up default and named imports.\n\nCheck the render method of `ActivePillTabBar`.\n    at createFiberFromTypeAndProps (/home/ben/Downloads/pets-fresh/node_modules/.pnpm/react-test-renderer@18.2.0_react@18.2.0/node_modules/react-test-renderer/cjs/react-test-renderer.development.js:17518:17)\n    at createFiberFromElement (/home/ben/Downloads/pets-fresh/node_modules/.pnpm/react-test-renderer@18.2.0_react@18.2.0/node_modules/react-test-renderer/cjs/react-test-renderer.development.js:17544:15)\n    at createChild (/home/ben/Downloads/pets-fresh/node_modules/.pnpm/react-test-renderer@18.2.0_react@18.2.0/node_modules/react-test-renderer/cjs/react-test-renderer.development.js:5202:28)\n    at reconcileChildrenArray (/home/ben/Downloads/pets-fresh/node_modules/.pnpm/react-test-renderer@18.2.0_react@18.2.0/node_modules/react-test-renderer/cjs/react-test-renderer.development.js:5492:25)\n    at reconcileChildFibers (/home/ben/Downloads/pets-fresh/node_modules/.pnpm/react-test-renderer@18.2.0_react@18.2.0/node_modules/react-test-renderer/cjs/react-test-renderer.development.js:5884:16)\n    at reconcileChildren (/home/ben/Downloads/pets-fresh/node_modules/.pnpm/react-test-renderer@18.2.0_react@18.2.0/node_modules/react-test-renderer/cjs/react-test-renderer.development.js:9096:28)\n    at updateHostComponent (/home/ben/Downloads/pets-fresh/node_modules/.pnpm/react-test-renderer@18.2.0_react@18.2.0/node_modules/react-test-renderer/cjs/react-test-renderer.development.js:9713:3)\n    at beginWork (/home/ben/Downloads/pets-fresh/node_modules/.pnpm/react-test-renderer@18.2.0_react@18.2.0/node_modules/react-test-renderer/cjs/react-test-renderer.development.js:11343:14)\n    at performUnitOfWork (/home/ben/Downloads/pets-fresh/node_modules/.pnpm/react-test-renderer@18.2.0_react@18.2.0/node_modules/react-test-renderer/cjs/react-test-renderer.development.js:15811:12)\n    at workLoopSync (/home/ben/Downloads/pets-fresh/node_modules/.pnpm/react-test-renderer@18.2.0_react@18.2.0/node_modules/react-test-renderer/cjs/react-test-renderer.development.js:15745:5)\n    at renderRootSync (/home/ben/Downloads/pets-fresh/node_modules/.pnpm/react-test-renderer@18.2.0_react@18.2.0/node_modules/react-test-renderer/cjs/react-test-renderer.development.js:15717:7)\n    at recoverFromConcurrentError (/home/ben/Downloads/pets-fresh/node_modules/.pnpm/react-test-renderer@18.2.0_react@18.2.0/node_modules/react-test-renderer/cjs/react-test-renderer.development.js:15187:20)\n    at performConcurrentWorkOnRoot (/home/ben/Downloads/pets-fresh/node_modules/.pnpm/react-test-renderer@18.2.0_react@18.2.0/node_modules/react-test-renderer/cjs/react-test-renderer.development.js:15087:22)\n    at flushActQueue (/home/ben/Downloads/pets-fresh/node_modules/.pnpm/react@18.2.0/node_modules/react/cjs/react.development.js:2667:24)\n    at act (/home/ben/Downloads/pets-fresh/node_modules/.pnpm/react@18.2.0/node_modules/react/cjs/react.development.js:2582:11)\n    at actImplementation (/home/ben/Downloads/pets-fresh/node_modules/.pnpm/@testing-library+react-native@13.3.3_jest@29.7.0_@types+node@20.19.23_ts-node@10.9.2_@types+n_bqislzjev3aq7qu2rvhfa4g2em/node_modules/@testing-library/react-native/src/act.ts:30:25)\n    at renderWithAct (/home/ben/Downloads/pets-fresh/node_modules/.pnpm/@testing-library+react-native@13.3.3_jest@29.7.0_@types+node@20.19.23_ts-node@10.9.2_@types+n_bqislzjev3aq7qu2rvhfa4g2em/node_modules/@testing-library/react-native/src/render-act.ts:13:11)\n    at renderInternal (/home/ben/Downloads/pets-fresh/node_modules/.pnpm/@testing-library+react-native@13.3.3_jest@29.7.0_@types+node@20.19.23_ts-node@10.9.2_@types+n_bqislzjev3aq7qu2rvhfa4g2em/node_modules/@testing-library/react-native/src/render.tsx:69:33)\n    at renderInternal (/home/ben/Downloads/pets-fresh/node_modules/.pnpm/@testing-library+react-native@13.3.3_jest@29.7.0_@types+node@20.19.23_ts-node@10.9.2_@types+n_bqislzjev3aq7qu2rvhfa4g2em/node_modules/@testing-library/react-native/src/render.tsx:44:10)\n    at Object.<anonymous> (/home/ben/Downloads/pets-fresh/apps/mobile/src/navigation/__tests__/ActivePillTabBar.test.tsx:275:33)\n    at Promise.then.completed (/home/ben/Downloads/pets-fresh/node_modules/.pnpm/jest-circus@29.7.0/node_modules/jest-circus/build/utils.js:298:28)\n    at new Promise (<anonymous>)\n    at callAsyncCircusFn (/home/ben/Downloads/pets-fresh/node_modules/.pnpm/jest-circus@29.7.0/node_modules/jest-circus/build/utils.js:231:10)\n    at _callCircusTest (/home/ben/Downloads/pets-fresh/node_modules/.pnpm/jest-circus@29.7.0/node_modules/jest-circus/build/run.js:316:40)\n    at _runTest (/home/ben/Downloads/pets-fresh/node_modules/.pnpm/jest-circus@29.7.0/node_modules/jest-circus/build/run.js:252:3)\n    at _runTestsForDescribeBlock (/home/ben/Downloads/pets-fresh/node_modules/.pnpm/jest-circus@29.7.0/node_modules/jest-circus/build/run.js:126:9)\n    at _runTestsForDescribeBlock (/home/ben/Downloads/pets-fresh/node_modules/.pnpm/jest-circus@29.7.0/node_modules/jest-circus/build/run.js:121:9)\n    at run (/home/ben/Downloads/pets-fresh/node_modules/.pnpm/jest-circus@29.7.0/node_modules/jest-circus/build/run.js:71:3)\n    at runAndTransformResultsToJestFormat (/home/ben/Downloads/pets-fresh/node_modules/.pnpm/jest-circus@29.7.0/node_modules/jest-circus/build/legacy-code-todo-rewrite/jestAdapterInit.js:122:21)\n    at jestAdapter (/home/ben/Downloads/pets-fresh/node_modules/.pnpm/jest-circus@29.7.0/node_modules/jest-circus/build/legacy-code-todo-rewrite/jestAdapter.js:79:19)\n    at runTestInternal (/home/ben/Downloads/pets-fresh/node_modules/.pnpm/jest-runner@29.7.0/node_modules/jest-runner/build/runTest.js:367:16)\n    at runTest (/home/ben/Downloads/pets-fresh/node_modules/.pnpm/jest-runner@29.7.0/node_modules/jest-runner/build/runTest.js:444:34)","Error: thrown: \"Exceeded timeout of 10000 ms for a hook.\nAdd a timeout value to this test to increase the timeout, if this is a long-running test. See https://jestjs.io/docs/api#testname-fn-timeout.\"\n    at Object.afterEach (/home/ben/Downloads/pets-fresh/node_modules/.pnpm/@testing-library+react-native@13.3.3_jest@29.7.0_@types+node@20.19.23_ts-node@10.9.2_@types+n_bqislzjev3aq7qu2rvhfa4g2em/node_modules/@testing-library/react-native/src/index.ts:15:5)\n    at Runtime._execModule (/home/ben/Downloads/pets-fresh/node_modules/.pnpm/jest-runtime@29.7.0/node_modules/jest-runtime/build/index.js:1439:24)\n    at Runtime._loadModule (/home/ben/Downloads/pets-fresh/node_modules/.pnpm/jest-runtime@29.7.0/node_modules/jest-runtime/build/index.js:1022:12)\n    at Runtime.requireModule (/home/ben/Downloads/pets-fresh/node_modules/.pnpm/jest-runtime@29.7.0/node_modules/jest-runtime/build/index.js:882:12)\n    at Runtime.requireModuleOrMock (/home/ben/Downloads/pets-fresh/node_modules/.pnpm/jest-runtime@29.7.0/node_modules/jest-runtime/build/index.js:1048:21)\n    at Object.require (/home/ben/Downloads/pets-fresh/apps/mobile/src/navigation/__tests__/ActivePillTabBar.test.tsx:5:1)\n    at Runtime._execModule (/home/ben/Downloads/pets-fresh/node_modules/.pnpm/jest-runtime@29.7.0/node_modules/jest-runtime/build/index.js:1439:24)\n    at Runtime._loadModule (/home/ben/Downloads/pets-fresh/node_modules/.pnpm/jest-runtime@29.7.0/node_modules/jest-runtime/build/index.js:1022:12)\n    at Runtime.requireModule (/home/ben/Downloads/pets-fresh/node_modules/.pnpm/jest-runtime@29.7.0/node_modules/jest-runtime/build/index.js:882:12)\n    at jestAdapter (/home/ben/Downloads/pets-fresh/node_modules/.pnpm/jest-circus@29.7.0/node_modules/jest-circus/build/legacy-code-todo-rewrite/jestAdapter.js:77:13)\n    at runTestInternal (/home/ben/Downloads/pets-fresh/node_modules/.pnpm/jest-runner@29.7.0/node_modules/jest-runner/build/runTest.js:367:16)\n    at runTest (/home/ben/Downloads/pets-fresh/node_modules/.pnpm/jest-run
[...]
1b[22m\u001b[2m\u001b[22m\n\u001b[2m      \u001b[2mat Object.<anonymous> (\u001b[22m\u001b[2m\u001b[0m\u001b[36msrc/navigation/__tests__/ActivePillTabBar.test.tsx\u001b[39m\u001b[0m\u001b[2m:409:35)\u001b[22m\u001b[2m\u001b[22m\n\n\u001b[1m\u001b[31m  \u001b[1m● \u001b[22m\u001b[1mActivePillTabBar › should apply correct accessibility props\u001b[39m\u001b[22m\n\n    thrown: \"Exceeded timeout of 10000 ms for a hook.\n    Add a timeout value to this test to increase the timeout, if this is a long-running test. See https://jestjs.io/docs/api#testname-fn-timeout.\"\n\u001b[2m\u001b[22m\n\u001b[2m    \u001b[0m \u001b[90m 3 |\u001b[39m \u001b[90m */\u001b[39m\u001b[22m\n\u001b[2m     \u001b[90m 4 |\u001b[39m \u001b[36mimport\u001b[39m \u001b[33mReact\u001b[39m \u001b[36mfrom\u001b[39m \u001b[32m\"react\"\u001b[39m\u001b[33m;\u001b[39m\u001b[22m\n\u001b[2m    \u001b[31m\u001b[1m>\u001b[22m\u001b[2m\u001b[39m\u001b[90m 5 |\u001b[39m \u001b[36mimport\u001b[39m { render\u001b[33m,\u001b[39m fireEvent\u001b[33m,\u001b[39m waitFor\u001b[33m,\u001b[39m act } \u001b[36mfrom\u001b[39m \u001b[32m\"@testing-library/react-native\"\u001b[39m\u001b[33m;\u001b[39m\u001b[22m\n\u001b[2m     \u001b[90m   |\u001b[39m \u001b[31m\u001b[1m^\u001b[22m\u001b[2m\u001b[39m\u001b[22m\n\u001b[2m     \u001b[90m 6 |\u001b[39m \u001b[36mimport\u001b[39m { \u001b[33mPlatform\u001b[39m } \u001b[36mfrom\u001b[39m \u001b[32m\"react-native\"\u001b[39m\u001b[33m;\u001b[39m\u001b[22m\n\u001b[2m     \u001b[90m 7 |\u001b[39m \u001b[36mimport\u001b[39m \u001b[33mActivePillTabBar\u001b[39m \u001b[36mfrom\u001b[39m \u001b[32m\"../ActivePillTabBar\"\u001b[39m\u001b[33m;\u001b[39m\u001b[22m\n\u001b[2m     \u001b[90m 8 |\u001b[39m \u001b[36mimport\u001b[39m \u001b[33m*\u001b[39m \u001b[36mas\u001b[39m \u001b[33mHaptics\u001b[39m \u001b[36mfrom\u001b[39m \u001b[32m\"expo-haptics\"\u001b[39m\u001b[33m;\u001b[39m\u001b[0m\u001b[22m\n\u001b[2m\u001b[22m\n\u001b[2m      \u001b[2mat Object.afterEach (\u001b[22m\u001b[2m../../node_modules/.pnpm/@testing-library+react-native@13.3.3_jest@29.7.0_@types+node@20.19.23_ts-node@10.9.2_@types+n_bqislzjev3aq7qu2rvhfa4g2em/node_modules/@testing-library/react-native/src/index.ts\u001b[2m:15:5)\u001b[22m\u001b[2m\u001b[22m\n\u001b[2m      \u001b[2mat Object.require (\u001b[22m\u001b[2m\u001b[0m\u001b[36msrc/navigation/__tests__/ActivePillTabBar.test.tsx\u001b[39m\u001b[0m\u001b[2m:5:1)\u001b[22m\u001b[2m\u001b[22m\n\n\u001b[1m\u001b[31m  \u001b[1m● \u001b[22m\u001b[1mActivePillTabBar › should handle platform differences (iOS vs Android)\u001b[39m\u001b[22m\n\n    Element type is invalid: expected a string (for built-in components) or a class/function (for composite components) but got: undefined. You likely forgot to export your component from the file it's defined in, or you might have mixed up default and named imports.\n\n    Check the render method of `ActivePillTabBar`.\n\u001b[2m\u001b[22m\n\u001b[2m    \u001b[0m \u001b[90m 425 |\u001b[39m     \u001b[90m// Test iOS\u001b[39m\u001b[22m\n\u001b[2m     \u001b[90m 426 |\u001b[39m     \u001b[33mPlatform\u001b[39m\u001b[33m.\u001b[39m\u001b[33mOS\u001b[39m \u001b[33m=\u001b[39m \u001b[32m\"ios\"\u001b[39m\u001b[33m;\u001b[39m\u001b[22m\n\u001b[2m    \u001b[31m\u001b[1m>\u001b[22m\u001b[2m\u001b[39m\u001b[90m 427 |\u001b[39m     \u001b[36mconst\u001b[39m { rerender } \u001b[33m=\u001b[39m render(\u001b[22m\n\u001b[2m     \u001b[90m     |\u001b[39m                                \u001b[31m\u001b[1m^\u001b[22m\u001b[2m\u001b[39m\u001b[22m\n\u001b[2m     \u001b[90m 428 |\u001b[39m       \u001b[33m<\u001b[39m\u001b[33mActivePillTabBar\u001b[39m\u001b[22m\n\u001b[2m     \u001b[90m 429 |\u001b[39m         state\u001b[33m=\u001b[39m{mockState}\u001b[22m\n\u001b[2m     \u001b[90m 430 |\u001b[39m         descriptors\u001b[33m=\u001b[39m{mockDescriptors}\u001b[0m\u001b[22m\n\u001b[2m\u001b[22m\n\u001b[2m      \u001b[2mat createFiberFromTypeAndProps (\u001b[22m\u001b[2m../../node_modules/.pnpm/react-test-renderer@18.2.0_react@18.2.0/node_modules/react-test-renderer/cjs/react-test-renderer.development.js\u001b[2m:17518:17)\u001b[22m\u001b[2m\u001b[22m\n\u001b[2m      \u001b[2mat createFiberFromElement (\u001b[22m\u001b[2m../../node_modules/.pnpm/react-test-renderer@18.2.0_react@18.2.0/node_modules/react-test-renderer/cjs/react-test-renderer.development.js\u001b[2m:17544:15)\u001b[22m\u001b[2m\u001b[22m\n\u001b[2m      \u001b[2mat createChild (\u001b[22m\u001b[2m../../node_modules/.pnpm/react-test-renderer@18.2.0_react@18.2.0/node_modules/react-test-renderer/cjs/react-test-renderer.development.js\u001b[2m:5202:28)\u001b[22m\u001b[2m\u001b[22m\n\u001b[2m      \u001b[2mat reconcileChildrenArray (\u001b[22m\u001b[2m../../node_modules/.pnpm/react-test-renderer@18.2.0_react@18.2.0/node_modules/react-test-renderer/cjs/react-test-renderer.development.js\u001b[2m:5492:25)\u001b[22m\u001b[2m\u001b[22m\n\u001b[2m      \u001b[2mat reconcileChildFibers (\u001b[22m\u001b[2m../../node_modules/.pnpm/react-test-renderer@18.2.0_react@18.2.0/node_modules/react-test-renderer/cjs/react-test-renderer.development.js\u001b[2m:5884:16)\u001b[22m\u001b[2m\u001b[22m\n\u001b[2m      \u001b[2mat reconcileChildren (\u001b[22m\u001b[2m../../node_modules/.pnpm/react-test-renderer@18.2.0_react@18.2.0/node_modules/react-test-renderer/cjs/react-test-renderer.development.js\u001b[2m:9096:28)\u001b[22m\u001b[2m\u001b[22m\n\u001b[2m      \u001b[2mat updateHostComponent (\u001b[22m\u001b[2m../../node_modules/.pnpm/react-test-renderer@18.2.0_react@18.2.0/node_modules/react-test-renderer/cjs/react-test-renderer.development.js\u001b[2m:9713:3)\u001b[22m\u001b[2m\u001b[22m\n\u001b[2m      \u001b[2mat beginWork (\u001b[22m\u001b[2m../../node_modules/.pnpm/react-test-renderer@18.2.0_react@18.2.0/node_modules/react-test-renderer/cjs/react-test-renderer.development.js\u001b[2m:11343:14)\u001b[22m\u001b[2m\u001b[22m\n\u001b[2m      \u001b[2mat performUnitOfWork (\u001b[22m\u001b[2m../../node_modules/.pnpm/react-test-renderer@18.2.0_react@18.2.0/node_modules/react-test-renderer/cjs/react-test-renderer.development.js\u001b[2m:15811:12)\u001b[22m\u001b[2m\u001b[22m\n\u001b[2m      \u001b[2mat workLoopSync (\u001b[22m\u001b[2m../../node_modules/.pnpm/react-test-renderer@18.2.0_react@18.2.0/node_modules/react-test-renderer/cjs/react-test-renderer.development.js\u001b[2m:15745:5)\u001b[22m\u001b[2m\u001b[22m\n\u001b[2m      \u001b[2mat renderRootSync (\u001b[22m\u001b[2m../../node_modules/.pnpm/react-test-renderer@18.2.0_react@18.2.0/node_modules/react-test-renderer/cjs/react-test-renderer.development.js\u001b[2m:15717:7)\u001b[22m\u001b[2m\u001b[22m\n\u001b[2m      \u001b[2mat recoverFromConcurrentError (\u001b[22m\u001b[2m../../node_modules/.pnpm/react-test-renderer@18.2.0_react@18.2.0/node_modules/react-test-renderer/cjs/react-test-renderer.development.js\u001b[2m:15187:20)\u001b[22m\u001b[2m\u001b[22m\n\u001b[2m      \u001b[2mat performConcurrentWorkOnRoot (\u001b[22m\u001b[2m../../node_modules/.pnpm/react-test-renderer@18.2.0_react@18.2.0/node_modules/react-test-renderer/cjs/react-test-renderer.development.js\u001b[2m:15087:22)\u001b[22m\u001b[2m\u001b[22m\n\u001b[2m      \u001b[2mat flushActQueue (\u001b[22m\u001b[2m../../node_modules/.pnpm/react@18.2.0/node_modules/react/cjs/react.development.js\u001b[2m:2667:24)\u001b[22m\u001b[2m\u001b[22m\n\u001b[2m      \u001b[2mat act (\u001b[22m\u001b[2m../../node_modules/.pnpm/react@18.2.0/node_modules/react/cjs/react.development.js\u001b[2m:2582:11)\u001b[22m\u001b[2m\u001b[22m\n\u001b[2m      \u001b[2mat actImplementation (\u001b[22m\u001b[2m../../node_modules/.pnpm/@testing-library+react-native@13.3.3_jest@29.7.0_@types+node@20.19.23_ts-node@10.9.2_@types+n_bqislzjev3aq7qu2rvhfa4g2em/node_modules/@testing-library/react-native/src/act.ts\u001b[2m:30:25)\u001b[22m\u001b[2m\u001b[22m\n\u001b[2m      \u001b[2mat renderWithAct (\u001b[22m\u001b[2m../../node_modules/.pnpm/@testing-library+react-native@13.3.3_jest@29.7.0_@types+node@20.19.23_ts-node@10.9.2_@types+n_bqislzjev3aq7qu2rvhfa4g2em/node_modules/@testing-library/react-native/src/render-act.ts\u001b[2m:13:11)\u001b[22m\u001b[2m\u001b[22m\n\u001b[2m      \u001b[2mat renderInternal (\u001b[22m\u001b[2m../../node_modules/.pnpm/@testing-library+react-native@13.3.3_jest@29.7.0_@types+node@20.19.23_ts-node@10.9.2_@types+n_bqislzjev3aq7qu2rvhfa4g2em/node_modules/@testing-library/react-native/src/render.tsx\u001b[2m:69:33)\u001b[22m\u001b[2m\u001b[22m\n\u001b[2m      \u001b[2mat renderInternal (\u001b[22m\u001b[2m../../node_modules/.pnpm/@testing-library+react-native@13.3.3_jest@29.7.0_@types+node@20.19.23_ts-node@10.9.2_@types+n_bqislzjev3aq7qu2rvhfa4g2em/node_modules/@testing-library/react-native/src/render.tsx\u001b[2m:44:10)\u001b[22m\u001b[2m\u001b[22m\n\u001b[2m      \u001b[2mat Object.<anonymous> (\u001b[22m\u001b[2m\u001b[0m\u001b[36msrc/navigation/__tests__/ActivePillTabBar.test.tsx\u001b[39m\u001b[0m\u001b[2m:427:32)\u001b[22m\u001b[2m\u001b[22m\n\n\u001b[1m\u001b[31m  \u001b[1m● \u001b[22m\u001b[1mActivePillTabBar › should handle platform differences (iOS vs Android)\u001b[39m\u001b[22m\n\n    thrown: \"Exceeded timeout of 10000 ms for a hook.\n    Add a timeout value to this test to increase the timeout, if this is a long-running test. See https://jestjs.io/docs/api#testname-fn-timeout.\"\n\u001b[2m\u001b[22m\n\u001b[2m    \u001b[0m \u001b[90m 3 |\u001b[39m \u001b[90m */\u001b[39m\u001b[22m\n\u001b[2m     \u001b[90m 4 |\u001b[39m \u001b[36mimport\u001b[39m \u001b[33mReact\u001b[39m \u001b[36mfrom\u001b[39m \u001b[32m\"react\"\u001b[39m\u001b[33m;\u001b[39m\u001b[22m\n\u001b[2m    \u001b[31m\u001b[1m>\u001b[22m\u001b[2m\u001b[39m\u001b[90m 5 |\u001b[39m \u001b[36mimport\u001b[39m { render\u001b[33m,\u001b[39m fireEvent\u001b[33m,\u001b[39m waitFor\u001b[33m,\u001b[39m act } \u001b[36mfrom\u001b[39m \u001b[32m\"@testing-library/react-native\"\u001b[39m\u001b[33m;\u001b[39m\u001b[22m\n\u001b[2m     \u001b[90m   |\u001b[39m \u001b[31m\u001b[1m^\u001b[22m\u001b[2m\u001b[39m\u001b[22m\n\u001b[2m     \u001b[90m 6 |\u001b[39m \u001b[36mimport\u001b[39m { \u001b[33mPlatform\u001b[39m } \u001b[36mfrom\u001b[39m \u001b[32m\"react-native\"\u001b[39m\u001b[33m;\u001b[39m\u001b[22m\n\u001b[2m     \u001b[90m 7 |\u001b[39m \u001b[36mimport\u001b[39m \u001b[33mActivePillTabBar\u001b[39m \u001b[36mfrom\u001b[39m \u001b[32m\"../ActivePillTabBar\"\u001b[39m\u001b[33m;\u001b[39m\u001b[22m\n\u001b[2m     \u001b[90m 8 |\u001b[39m \u001b[36mimport\u001b[39m \u001b[33m*\u001b[39m \u001b[36mas\u001b[39m \u001b[33mHaptics\u001b[39m \u001b[36mfrom\u001b[39m \u001b[32m\"expo-haptics\"\u001b[39m\u001b[33m;\u001b[39m\u001b[0m\u001b[22m\n\u001b[2m\u001b[22m\n\u001b[2m      \u001b[2mat Object.afterEach (\u001b[22m\u001b[2m../../node_modules/.pnpm/@testing-library+react-native@13.3.3_jest@29.7.0_@types+node@20.19.23_ts-node@10.9.2_@types+n_bqislzjev3aq7qu2rvhfa4g2em/node_modules/@testing-library/react-native/src/index.ts\u001b[2m:15:5)\u001b[22m\u001b[2m\u001b[22m\n\u001b[2m      \u001b[2mat Object.require (\u001b[22m\u001b[2m\u001b[0m\u001b[36msrc/navigation/__tests__/ActivePillTabBar.test.tsx\u001b[39m\u001b[0m\u001b[2m:5:1)\u001b[22m\u001b[2m\u001b[22m\n\n\u001b[1m\u001b[31m  \u001b[1m● \u001b[22m\u001b[1mActivePillTabBar › should get correct icon for unknown route\u001b[39m\u001b[22m\n\n    Element type is invalid: expected a string (for built-in components) or a class/function (for composite components) but got: undefined. You likely forgot to export your component from the file it's defined in, or you might have mixed up default and named imports.\n\n    Check the render method of `ActivePillTabBar`.\n\u001b[2m\u001b[22m\n\u001b[2m    \u001b[0m \u001b[90m 457 |\u001b[39m     }\u001b[33m;\u001b[39m\u001b[22m\n\u001b[2m     \u001b[90m 458 |\u001b[39m\u001b[22m\n\u001b[2m    \u001b[31m\u001b[1m>\u001b[22m\u001b[2m\u001b[39m\u001b[90m 459 |\u001b[39m     \u001b[36mconst\u001b[39m { getByTestId } \u001b[33m=\u001b[39m render(\u001b[22m\n\u001b[2m     \u001b[90m     |\u001b[39m                                   \u001b[31m\u001b[1m^\u001b[22m\u001b[2m\u001b[39m\u001b[22m\n\u001b[2m     \u001b[90m 460 |\u001b[39m       \u001b[33m<\u001b[39m\u001b[33mActivePillTabBar\u001b[39m\u001b[22m\n\u001b[2m     \u001b[90m 461 |\u001b[39m         state\u001b[33m=\u001b[39m{customState}\u001b[22m\n\u001b[2m     \u001b[90m 462 |\u001b[39m         descriptors\u001b[33m=\u001b[39m{customDescriptors}\u001b[0m\u001b[22m\n\u001b[2m\u001b[22m\n\u001b[2m      \u001b[2mat createFiberFromTypeAndProps (\u001b[22m\u001b[2m../../node_modules/.pnpm/react-test-renderer@18.2.0_react@18.2.0/node_modules/react-test-renderer/cjs/react-test-renderer.development.js\u001b[2m:17518:17)\u001b[22m\u001b[2m\u001b[22m\n\u001b[2m      \u001b[2mat createFiberFromElement (\u001b[22m\u001b[2m../../node_modules/.pnpm/react-test-renderer@18.2.0_react@18.2.0/node_modules/react-test-renderer/cjs/react-test-renderer.development.js\u001b[2m:17544:15)\u001b[22m\u001b[2m\u001b[22m\n\u001b[2m      \u001b[2mat createChild (\u001b[22m\u001b[2m../../node_modules/.pnpm/react-test-renderer@18.2.0_react@18.2.0/node_modules/react-test-renderer/cjs/react-test-renderer.development.js\u001b[2m:5202:28)\u001b[22m\u001b[2m\u001b[22m\n\u001b[2m      \u001b[2mat reconcileChildrenArray (\u001b[22m\u001b[2m../../node_modules/.pnpm/react-test-renderer@18.2.0_react@18.2.0/node_modules/react-test-renderer/cjs/react-test-renderer.development.js\u001b[2m:5492:25)\u001b[22m\u001b[2m\u001b[22m\n\u001b[2m      \u001b[2mat reconcileChildFibers (\u001b[22m\u001b[2m../../node_modules/.pnpm/react-test-renderer@18.2.0_react@18.2.0/node_modules/react-test-renderer/cjs/react-test-renderer.development.js\u001b[2m:5884:16)\u001b[22m\u001b[2m\u001b[22m\n\u001b[2m      \u001b[2mat reconcileChildren (\u001b[22m\u001b[2m../../node_modules/.pnpm/react-test-renderer@18.2.0_react@18.2.0/node_modules/react-test-renderer/cjs/react-test-renderer.development.js\u001b[2m:9096:28)\u001b[22m\u001b[2m\u001b[22m\n\u001b[2m      \u001b[2mat updateHostComponent (\u001b[22m\u001b[2m../../node_modules/.pnpm/react-test-renderer@18.2.0_react@18.2.0/node_modules/react-test-renderer/cjs/react-test-renderer.development.js\u001b[2m:9713:3)\u001b[22m\u001b[2m\u001b[22m\n\u001b[2m      \u001b[2mat beginWork (\u001b[22m\u001b[2m../../node_modules/.pnpm/react-test-renderer@18.2.0_react@18.2.0/node_modules/react-test-renderer/cjs/react-test-renderer.development.js\u001b[2m:11343:14)\u001b[22m\u001b[2m\u001b[22m\n\u001b[2m      \u001b[2mat performUnitOfWork (\u001b[22m\u001b[2m../../node_modules/.pnpm/react-test-renderer@18.2.0_react@18.2.0/node_modules/react-test-renderer/cjs/react-test-renderer.development.js\u001b[2m:15811:12)\u001b[22m\u001b[2m\u001b[22m\n\u001b[2m      \u001b[2mat workLoopSync (\u001b[22m\u001b[2m../../node_modules/.pnpm/react-test-renderer@18.2.0_react@18.2.0/node_modules/react-test-renderer/cjs/react-test-renderer.development.js\u001b[2m:15745:5)\u001b[22m\u001b[2m\u001b[22m\n\u001b[2m      \u001b[2mat renderRootSync (\u001b[22m\u001b[2m../../node_modules/.pnpm/react-test-renderer@18.2.0_react@18.2.0/node_modules/react-test-renderer/cjs/react-test-renderer.development.js\u001b[2m:15717:7)\u001b[22m\u001b[2m\u001b[22m\n\u001b[2m      \u001b[2mat recoverFromConcurrentError (\u001b[22m\u001b[2m../../node_modules/.pnpm/react-test-renderer@18.2.0_react@18.2.0/node_modules/react-test-renderer/cjs/react-test-renderer.development.js\u001b[2m:15187:20)\u001b[22m\u001b[2m\u001b[22m\n\u001b[2m      \u001b[2mat performConcurrentWorkOnRoot (\u001b[22m\u001b[2m../../node_modules/.pnpm/react-test-renderer@18.2.0_react@18.2.0/node_modules/react-test-renderer/cjs/react-test-renderer.development.js\u001b[2m:15087:22)\u001b[22m\u001b[2m\u001b[22m\n\u001b[2m      \u001b[2mat flushActQueue (\u001b[22m\u001b[2m../../node_modules/.pnpm/react@18.2.0/node_modules/react/cjs/react.development.js\u001b[2m:2667:24)\u001b[22m\u001b[2m\u001b[22m\n\u001b[2m      \u001b[2mat act (\u001b[22m\u001b[2m../../node_modules/.pnpm/react@18.2.0/node_modules/react/cjs/react.development.js\u001b[2m:2582:11)\u001b[22m\u001b[2m\u001b[22m\n\u001b[2m      \u001b[2mat actImplementation (\u001b[22m\u001b[2m../../node_modules/.pnpm/@testing-library+react-native@13.3.3_jest@29.7.0_@types+node@20.19.23_ts-node@10.9.2_@types+n_bqislzjev3aq7qu2rvhfa4g2em/node_modules/@testing-library/react-native/src/act.ts\u001b[2m:30:25)\u001b[22m\u001b[2m\u001b[22m\n\u001b[2m      \u001b[2mat renderWithAct (\u001b[22m\u001b[2m../../node_modules/.pnpm/@testing-library+react-native@13.3.3_jest@29.7.0_@types+node@20.19.23_ts-node@10.9.2_@types+n_bqislzjev3aq7qu2rvhfa4g2em/node_modules/@testing-library/react-native/src/render-act.ts\u001b[2m:13:11)\u001b[22m\u001b[2m\u001b[22m\n\u001b[2m      \u001b[2mat renderInternal (\u001b[22m\u001b[2m../../node_modules/.pnpm/@testing-library+react-native@13.3.3_jest@29.7.0_@types+node@20.19.23_ts-node@10.9.2_@types+n_bqislzjev3aq7qu2rvhfa4g2em/node_modules/@testing-library/react-native/src/render.tsx\u001b[2m:69:33)\u001b[22m\u001b[2m\u001b[22m\n\u001b[2m      \u001b[2mat renderInternal (\u001b[22m\u001b[2m../../node_modules/.pnpm/@testing-library+react-native@13.3.3_jest@29.7.0_@types+node@20.19.23_ts-node@10.9.2_@types+n_bqislzjev3aq7qu2rvhfa4g2em/node_modules/@testing-library/react-native/src/render.tsx\u001b[2m:44:10)\u001b[22m\u001b[2m\u001b[22m\n\u001b[2m      \u001b[2mat Object.<anonymous> (\u001b[22m\u001b[2m\u001b[0m\u001b[36msrc/navigation/__tests__/ActivePillTabBar.test.tsx\u001b[39m\u001b[0m\u001b[2m:459:35)\u001b[22m\u001b[2m\u001b[22m\n\n\u001b[1m\u001b[31m  \u001b[1m● \u001b[22m\u001b[1mActivePillTabBar › should get correct icon for unknown route\u001b[39m\u001b[22m\n\n    thrown: \"Exceeded timeout of 10000 ms for a hook.\n    Add a timeout value to this test to increase the timeout, if this is a long-running test. See https://jestjs.io/docs/api#testname-fn-timeout.\"\n\u001b[2m\u001b[22m\n\u001b[2m    \u001b[0m \u001b[90m 3 |\u001b[39m \u001b[90m */\u001b[39m\u001b[22m\n\u001b[2m     \u001b[90m 4 |\u001b[39m \u001b[36mimport\u001b[39m \u001b[33mReact\u001b[39m \u001b[36mfrom\u001b[39m \u001b[32m\"react\"\u001b[39m\u001b[33m;\u001b[39m\u001b[22m\n\u001b[2m    \u001b[31m\u001b[1m>\u001b[22m\u001b[2m\u001b[39m\u001b[90m 5 |\u001b[39m \u001b[36mimport\u001b[39m { render\u001b[33m,\u001b[39m fireEvent\u001b[33m,\u001b[39m waitFor\u001b[33m,\u001b[39m act } \u001b[36mfrom\u001b[39m \u001b[32m\"@testing-library/react-native\"\u001b[39m\u001b[33m;\u001b[39m\u001b[22m\n\u001b[2m     \u001b[90m   |\u001b[39m \u001b[31m\u001b[1m^\u001b[22m\u001b[2m\u001b[39m\u001b[22m\n\u001b[2m     \u001b[90m 6 |\u001b[39m \u001b[36mimport\u001b[39m { \u001b[33mPlatform\u001b[39m } \u001b[36mfrom\u001b[39m \u001b[32m\"react-native\"\u001b[39m\u001b[33m;\u001b[39m\u001b[22m\n\u001b[2m     \u001b[90m 7 |\u001b[39m \u001b[36mimport\u001b[39m \u001b[33mActivePillTabBar\u001b[39m \u001b[36mfrom\u001b[39m \u001b[32m\"../ActivePillTabBar\"\u001b[39m\u001b[33m;\u001b[39m\u001b[22m\n\u001b[2m     \u001b[90m 8 |\u001b[39m \u001b[36mimport\u001b[39m \u001b[33m*\u001b[39m \u001b[36mas\u001b[39m \u001b[33mHaptics\u001b[39m \u001b[36mfrom\u001b[39m \u001b[32m\"expo-haptics\"\u001b[39m\u001b[33m;\u001b[39m\u001b[0m\u001b[22m\n\u001b[2m\u001b[22m\n\u001b[2m      \u001b[2mat Object.afterEach (\u001b[22m\u001b[2m../../node_modules/.pnpm/@testing-library+react-native@13.3.3_jest@29.7.0_@types+node@20.19.23_ts-node@10.9.2_@types+n_bqislzjev3aq7qu2rvhfa4g2em/node_modules/@testing-library/react-native/src/index.ts\u001b[2m:15:5)\u001b[22m\u001b[2m\u001b[22m\n\u001b[2m      \u001b[2mat Object.require (\u001b[22m\u001b[2m\u001b[0m\u001b[36msrc/navigation/__tests__/ActivePillTabBar.test.tsx\u001b[39m\u001b[0m\u001b[2m:5:1)\u001b[22m\u001b[2m\u001b[22m\n","name":"/home/ben/Downloads/pets-fresh/apps/mobile/src/navigation/__tests__/ActivePillTabBar.test.tsx","startTime":1761491114635,"status":"failed","summary":""}],"wasInterrupted":false}
